[2023-10-14T07:53:03.087+0000] {taskinstance.py:1083} INFO - Dependencies all met for <TaskInstance: core_concepts.python_function manual__2023-10-14T07:53:00.864006+00:00 [queued]>
[2023-10-14T07:53:03.092+0000] {taskinstance.py:1083} INFO - Dependencies all met for <TaskInstance: core_concepts.python_function manual__2023-10-14T07:53:00.864006+00:00 [queued]>
[2023-10-14T07:53:03.092+0000] {taskinstance.py:1279} INFO - 
--------------------------------------------------------------------------------
[2023-10-14T07:53:03.093+0000] {taskinstance.py:1280} INFO - Starting attempt 1 of 1
[2023-10-14T07:53:03.093+0000] {taskinstance.py:1281} INFO - 
--------------------------------------------------------------------------------
[2023-10-14T07:53:03.100+0000] {taskinstance.py:1300} INFO - Executing <Task(PythonOperator): python_function> on 2023-10-14 07:53:00.864006+00:00
[2023-10-14T07:53:03.104+0000] {standard_task_runner.py:55} INFO - Started process 292 to run task
[2023-10-14T07:53:03.106+0000] {standard_task_runner.py:82} INFO - Running: ['***', 'tasks', 'run', 'core_concepts', 'python_function', 'manual__2023-10-14T07:53:00.864006+00:00', '--job-id', '8', '--raw', '--subdir', 'DAGS_FOLDER/core_concepts.py', '--cfg-path', '/tmp/tmphrbwpvnt']
[2023-10-14T07:53:03.107+0000] {standard_task_runner.py:83} INFO - Job 8: Subtask python_function
[2023-10-14T07:53:03.140+0000] {task_command.py:388} INFO - Running <TaskInstance: core_concepts.python_function manual__2023-10-14T07:53:00.864006+00:00 [running]> on host 9c3cf5b7a5af
[2023-10-14T07:53:03.177+0000] {taskinstance.py:1509} INFO - Exporting the following env vars:
AIRFLOW_CTX_DAG_OWNER=Niko
AIRFLOW_CTX_DAG_ID=core_concepts
AIRFLOW_CTX_TASK_ID=python_function
AIRFLOW_CTX_EXECUTION_DATE=2023-10-14T07:53:00.864006+00:00
AIRFLOW_CTX_TRY_NUMBER=1
AIRFLOW_CTX_DAG_RUN_ID=manual__2023-10-14T07:53:00.864006+00:00
[2023-10-14T07:53:03.178+0000] {logging_mixin.py:137} INFO - 0.13436424411240122
[2023-10-14T07:53:03.178+0000] {python.py:177} INFO - Done. Returned value was: None
[2023-10-14T07:53:03.183+0000] {taskinstance.py:1323} INFO - Marking task as SUCCESS. dag_id=core_concepts, task_id=python_function, execution_date=20231014T075300, start_date=20231014T075303, end_date=20231014T075303
[2023-10-14T07:53:03.197+0000] {local_task_job.py:208} INFO - Task exited with return code 0
[2023-10-14T07:53:03.209+0000] {taskinstance.py:2578} INFO - 0 downstream tasks scheduled from follow-on schedule check
