[2023-10-14T07:53:01.979+0000] {taskinstance.py:1083} INFO - Dependencies all met for <TaskInstance: core_concepts.bash_command manual__2023-10-14T07:53:00.864006+00:00 [queued]>
[2023-10-14T07:53:01.984+0000] {taskinstance.py:1083} INFO - Dependencies all met for <TaskInstance: core_concepts.bash_command manual__2023-10-14T07:53:00.864006+00:00 [queued]>
[2023-10-14T07:53:01.985+0000] {taskinstance.py:1279} INFO - 
--------------------------------------------------------------------------------
[2023-10-14T07:53:01.985+0000] {taskinstance.py:1280} INFO - Starting attempt 1 of 1
[2023-10-14T07:53:01.985+0000] {taskinstance.py:1281} INFO - 
--------------------------------------------------------------------------------
[2023-10-14T07:53:01.992+0000] {taskinstance.py:1300} INFO - Executing <Task(BashOperator): bash_command> on 2023-10-14 07:53:00.864006+00:00
[2023-10-14T07:53:01.996+0000] {standard_task_runner.py:55} INFO - Started process 286 to run task
[2023-10-14T07:53:01.998+0000] {standard_task_runner.py:82} INFO - Running: ['***', 'tasks', 'run', 'core_concepts', 'bash_command', 'manual__2023-10-14T07:53:00.864006+00:00', '--job-id', '7', '--raw', '--subdir', 'DAGS_FOLDER/core_concepts.py', '--cfg-path', '/tmp/tmp7p__av1b']
[2023-10-14T07:53:02.000+0000] {standard_task_runner.py:83} INFO - Job 7: Subtask bash_command
[2023-10-14T07:53:02.035+0000] {task_command.py:388} INFO - Running <TaskInstance: core_concepts.bash_command manual__2023-10-14T07:53:00.864006+00:00 [running]> on host 9c3cf5b7a5af
[2023-10-14T07:53:02.075+0000] {taskinstance.py:1509} INFO - Exporting the following env vars:
AIRFLOW_CTX_DAG_OWNER=Niko
AIRFLOW_CTX_DAG_ID=core_concepts
AIRFLOW_CTX_TASK_ID=bash_command
AIRFLOW_CTX_EXECUTION_DATE=2023-10-14T07:53:00.864006+00:00
AIRFLOW_CTX_TRY_NUMBER=1
AIRFLOW_CTX_DAG_RUN_ID=manual__2023-10-14T07:53:00.864006+00:00
[2023-10-14T07:53:02.076+0000] {subprocess.py:63} INFO - Tmp dir root location: 
 /tmp
[2023-10-14T07:53:02.077+0000] {subprocess.py:75} INFO - Running command: ['/bin/bash', '-c', 'echo $TODAY']
[2023-10-14T07:53:02.084+0000] {subprocess.py:86} INFO - Output:
[2023-10-14T07:53:02.084+0000] {subprocess.py:93} INFO - 2023-10-01
[2023-10-14T07:53:02.084+0000] {subprocess.py:97} INFO - Command exited with return code 0
[2023-10-14T07:53:02.100+0000] {taskinstance.py:1323} INFO - Marking task as SUCCESS. dag_id=core_concepts, task_id=bash_command, execution_date=20231014T075300, start_date=20231014T075301, end_date=20231014T075302
[2023-10-14T07:53:02.131+0000] {local_task_job.py:208} INFO - Task exited with return code 0
[2023-10-14T07:53:02.144+0000] {taskinstance.py:2578} INFO - 1 downstream tasks scheduled from follow-on schedule check
