[2023-10-14T11:43:19.607+0000] {taskinstance.py:1083} INFO - Dependencies all met for <TaskInstance: bigquery_data_load.create_table manual__2023-10-14T11:43:11.994752+00:00 [queued]>
[2023-10-14T11:43:19.613+0000] {taskinstance.py:1083} INFO - Dependencies all met for <TaskInstance: bigquery_data_load.create_table manual__2023-10-14T11:43:11.994752+00:00 [queued]>
[2023-10-14T11:43:19.613+0000] {taskinstance.py:1279} INFO - 
--------------------------------------------------------------------------------
[2023-10-14T11:43:19.613+0000] {taskinstance.py:1280} INFO - Starting attempt 1 of 1
[2023-10-14T11:43:19.613+0000] {taskinstance.py:1281} INFO - 
--------------------------------------------------------------------------------
[2023-10-14T11:43:19.620+0000] {taskinstance.py:1300} INFO - Executing <Task(BigQueryExecuteQueryOperator): create_table> on 2023-10-14 11:43:11.994752+00:00
[2023-10-14T11:43:19.624+0000] {standard_task_runner.py:55} INFO - Started process 1587 to run task
[2023-10-14T11:43:19.626+0000] {standard_task_runner.py:82} INFO - Running: ['***', 'tasks', 'run', 'bigquery_data_load', 'create_table', 'manual__2023-10-14T11:43:11.994752+00:00', '--job-id', '32', '--raw', '--subdir', 'DAGS_FOLDER/bigquery_data_load.py', '--cfg-path', '/tmp/tmpyxm4idh7']
[2023-10-14T11:43:19.628+0000] {standard_task_runner.py:83} INFO - Job 32: Subtask create_table
[2023-10-14T11:43:19.662+0000] {task_command.py:388} INFO - Running <TaskInstance: bigquery_data_load.create_table manual__2023-10-14T11:43:11.994752+00:00 [running]> on host 4c2fe63b7c62
[2023-10-14T11:43:19.699+0000] {taskinstance.py:1509} INFO - Exporting the following env vars:
AIRFLOW_CTX_DAG_OWNER=Niko
AIRFLOW_CTX_DAG_ID=bigquery_data_load
AIRFLOW_CTX_TASK_ID=create_table
AIRFLOW_CTX_EXECUTION_DATE=2023-10-14T11:43:11.994752+00:00
AIRFLOW_CTX_TRY_NUMBER=1
AIRFLOW_CTX_DAG_RUN_ID=manual__2023-10-14T11:43:11.994752+00:00
[2023-10-14T11:43:19.700+0000] {bigquery.py:1077} INFO - Executing: 
        SELECT * except (rank)
        FROM (
            SELECT
                *,
                ROW_NUMBER() OVER (
                    PARTITION BY vehicle_id ORDER BY DATETIME(date, TIME(hour, minute, 0)) DESC
                ) as rank
            FROM `***-400718.vehicle_analytics.history`) as latest
        WHERE rank = 1;
        
[2023-10-14T11:43:19.701+0000] {base.py:73} INFO - Using connection ID 'google_cloud_default' for task execution.
[2023-10-14T11:43:19.702+0000] {logging_mixin.py:137} WARNING - /home/***/.local/lib/python3.7/site-packages/***/providers/google/cloud/hooks/bigquery.py:2051 DeprecationWarning: This method is deprecated. Please use `BigQueryHook.insert_job` method.
[2023-10-14T11:43:19.702+0000] {credentials_provider.py:323} INFO - Getting connection using `google.auth.default()` since no key file is defined for hook.
[2023-10-14T11:43:19.705+0000] {bigquery.py:1542} INFO - Inserting job ***_1697283799704780_c592c81d8eb3cfd19bccb4250a0ff4af
[2023-10-14T11:43:22.188+0000] {taskinstance.py:1323} INFO - Marking task as SUCCESS. dag_id=bigquery_data_load, task_id=create_table, execution_date=20231014T114311, start_date=20231014T114319, end_date=20231014T114322
[2023-10-14T11:43:22.240+0000] {local_task_job.py:208} INFO - Task exited with return code 0
[2023-10-14T11:43:22.258+0000] {taskinstance.py:2578} INFO - 0 downstream tasks scheduled from follow-on schedule check
