[2023-10-14T11:00:30.333+0000] {taskinstance.py:1083} INFO - Dependencies all met for <TaskInstance: bigquery_data_load.gcs_to_big_query manual__2023-10-14T11:00:26.695549+00:00 [queued]>
[2023-10-14T11:00:30.338+0000] {taskinstance.py:1083} INFO - Dependencies all met for <TaskInstance: bigquery_data_load.gcs_to_big_query manual__2023-10-14T11:00:26.695549+00:00 [queued]>
[2023-10-14T11:00:30.339+0000] {taskinstance.py:1279} INFO - 
--------------------------------------------------------------------------------
[2023-10-14T11:00:30.339+0000] {taskinstance.py:1280} INFO - Starting attempt 1 of 1
[2023-10-14T11:00:30.339+0000] {taskinstance.py:1281} INFO - 
--------------------------------------------------------------------------------
[2023-10-14T11:00:30.346+0000] {taskinstance.py:1300} INFO - Executing <Task(GCSToBigQueryOperator): gcs_to_big_query> on 2023-10-14 11:00:26.695549+00:00
[2023-10-14T11:00:30.350+0000] {standard_task_runner.py:55} INFO - Started process 4618 to run task
[2023-10-14T11:00:30.352+0000] {standard_task_runner.py:82} INFO - Running: ['***', 'tasks', 'run', 'bigquery_data_load', 'gcs_to_big_query', 'manual__2023-10-14T11:00:26.695549+00:00', '--job-id', '11', '--raw', '--subdir', 'DAGS_FOLDER/bigquery_data_load.py', '--cfg-path', '/tmp/tmpd0tb0dn7']
[2023-10-14T11:00:30.354+0000] {standard_task_runner.py:83} INFO - Job 11: Subtask gcs_to_big_query
[2023-10-14T11:00:30.388+0000] {task_command.py:388} INFO - Running <TaskInstance: bigquery_data_load.gcs_to_big_query manual__2023-10-14T11:00:26.695549+00:00 [running]> on host 74a08ee5719b
[2023-10-14T11:00:30.423+0000] {taskinstance.py:1509} INFO - Exporting the following env vars:
AIRFLOW_CTX_DAG_OWNER=Niko
AIRFLOW_CTX_DAG_ID=bigquery_data_load
AIRFLOW_CTX_TASK_ID=gcs_to_big_query
AIRFLOW_CTX_EXECUTION_DATE=2023-10-14T11:00:26.695549+00:00
AIRFLOW_CTX_TRY_NUMBER=1
AIRFLOW_CTX_DAG_RUN_ID=manual__2023-10-14T11:00:26.695549+00:00
[2023-10-14T11:00:30.425+0000] {base.py:73} INFO - Using connection ID 'google_cloud_default' for task execution.
[2023-10-14T11:00:30.425+0000] {gcs_to_bigquery.py:377} INFO - Using existing BigQuery table for storing data...
[2023-10-14T11:00:30.425+0000] {credentials_provider.py:323} INFO - Getting connection using `google.auth.default()` since no key file is defined for hook.
[2023-10-14T11:00:30.427+0000] {gcs_to_bigquery.py:381} INFO - Executing: {'load': {'autodetect': True, 'createDisposition': 'CREATE_IF_NEEDED', 'destinationTable': {'projectId': '***-400718', 'datasetId': 'vehicle_analytics', 'tableId': 'history'}, 'sourceFormat': 'CSV', 'sourceUris': ['gs://n1-logistics-landing-bucket/*'], 'writeDisposition': 'WRITE_TRUNCATE', 'ignoreUnknownValues': False, 'skipLeadingRows': 1, 'fieldDelimiter': ',', 'quote': None, 'allowQuotedNewlines': False, 'encoding': 'UTF-8'}}
[2023-10-14T11:00:30.428+0000] {bigquery.py:1542} INFO - Inserting job ***_bigquery_data_load_gcs_to_big_query_2023_10_14T11_00_26_695549_00_00_448ec4f34f273454614d46230d9cff5a
[2023-10-14T11:00:32.685+0000] {taskinstance.py:1323} INFO - Marking task as SUCCESS. dag_id=bigquery_data_load, task_id=gcs_to_big_query, execution_date=20231014T110026, start_date=20231014T110030, end_date=20231014T110032
[2023-10-14T11:00:32.732+0000] {local_task_job.py:208} INFO - Task exited with return code 0
[2023-10-14T11:00:32.743+0000] {taskinstance.py:2578} INFO - 0 downstream tasks scheduled from follow-on schedule check
