[2023-10-14T13:38:30.756+0000] {taskinstance.py:1083} INFO - Dependencies all met for <TaskInstance: bigquery_data_load.move_files manual__2023-10-14T13:38:17.713286+00:00 [queued]>
[2023-10-14T13:38:30.761+0000] {taskinstance.py:1083} INFO - Dependencies all met for <TaskInstance: bigquery_data_load.move_files manual__2023-10-14T13:38:17.713286+00:00 [queued]>
[2023-10-14T13:38:30.762+0000] {taskinstance.py:1279} INFO - 
--------------------------------------------------------------------------------
[2023-10-14T13:38:30.762+0000] {taskinstance.py:1280} INFO - Starting attempt 1 of 1
[2023-10-14T13:38:30.762+0000] {taskinstance.py:1281} INFO - 
--------------------------------------------------------------------------------
[2023-10-14T13:38:30.769+0000] {taskinstance.py:1300} INFO - Executing <Task(PythonOperator): move_files> on 2023-10-14 13:38:17.713286+00:00
[2023-10-14T13:38:30.773+0000] {standard_task_runner.py:55} INFO - Started process 5476 to run task
[2023-10-14T13:38:30.776+0000] {standard_task_runner.py:82} INFO - Running: ['***', 'tasks', 'run', 'bigquery_data_load', 'move_files', 'manual__2023-10-14T13:38:17.713286+00:00', '--job-id', '63', '--raw', '--subdir', 'DAGS_FOLDER/bigquery_data_load.py', '--cfg-path', '/tmp/tmph7heo4ag']
[2023-10-14T13:38:30.777+0000] {standard_task_runner.py:83} INFO - Job 63: Subtask move_files
[2023-10-14T13:38:30.812+0000] {task_command.py:388} INFO - Running <TaskInstance: bigquery_data_load.move_files manual__2023-10-14T13:38:17.713286+00:00 [running]> on host 4c2fe63b7c62
[2023-10-14T13:38:30.854+0000] {taskinstance.py:1509} INFO - Exporting the following env vars:
AIRFLOW_CTX_DAG_OWNER=Niko
AIRFLOW_CTX_DAG_ID=bigquery_data_load
AIRFLOW_CTX_TASK_ID=move_files
AIRFLOW_CTX_EXECUTION_DATE=2023-10-14T13:38:17.713286+00:00
AIRFLOW_CTX_TRY_NUMBER=1
AIRFLOW_CTX_DAG_RUN_ID=manual__2023-10-14T13:38:17.713286+00:00
[2023-10-14T13:38:30.862+0000] {base.py:73} INFO - Using connection ID 'google_cloud_default' for task execution.
[2023-10-14T13:38:30.862+0000] {credentials_provider.py:323} INFO - Getting connection using `google.auth.default()` since no key file is defined for hook.
[2023-10-14T13:38:31.173+0000] {gcs.py:207} INFO - Object 4649493c.csv in bucket n1-logistics-landing-bucket copied to object 20231014T133817/4649493c.csv in bucket n1-logistics-backup-bucket
[2023-10-14T13:38:31.289+0000] {gcs.py:664} INFO - Blob 4649493c.csv deleted.
[2023-10-14T13:38:31.403+0000] {gcs.py:207} INFO - Object c876bd01.csv in bucket n1-logistics-landing-bucket copied to object 20231014T133817/c876bd01.csv in bucket n1-logistics-backup-bucket
[2023-10-14T13:38:31.479+0000] {gcs.py:664} INFO - Blob c876bd01.csv deleted.
[2023-10-14T13:38:31.480+0000] {python.py:177} INFO - Done. Returned value was: None
[2023-10-14T13:38:31.496+0000] {taskinstance.py:1323} INFO - Marking task as SUCCESS. dag_id=bigquery_data_load, task_id=move_files, execution_date=20231014T133817, start_date=20231014T133830, end_date=20231014T133831
[2023-10-14T13:38:31.522+0000] {local_task_job.py:208} INFO - Task exited with return code 0
[2023-10-14T13:38:31.537+0000] {taskinstance.py:2578} INFO - 0 downstream tasks scheduled from follow-on schedule check
