[2023-10-14T08:38:26.296+0000] {processor.py:157} INFO - Started process (PID=58) to work on /home/airflow/.local/lib/python3.8/site-packages/airflow/example_dags/example_latest_only.py
[2023-10-14T08:38:26.297+0000] {processor.py:829} INFO - Processing file /home/airflow/.local/lib/python3.8/site-packages/airflow/example_dags/example_latest_only.py for tasks to queue
[2023-10-14T08:38:26.300+0000] {logging_mixin.py:151} INFO - [2023-10-14T08:38:26.299+0000] {dagbag.py:536} INFO - Filling up the DagBag from /home/airflow/.local/lib/python3.8/site-packages/airflow/example_dags/example_latest_only.py
[2023-10-14T08:38:26.305+0000] {processor.py:839} INFO - DAG(s) dict_keys(['latest_only']) retrieved from /home/airflow/.local/lib/python3.8/site-packages/airflow/example_dags/example_latest_only.py
[2023-10-14T08:38:26.397+0000] {logging_mixin.py:151} INFO - [2023-10-14T08:38:26.397+0000] {manager.py:499} INFO - Created Permission View: %s
[2023-10-14T08:38:26.405+0000] {logging_mixin.py:151} INFO - [2023-10-14T08:38:26.405+0000] {manager.py:499} INFO - Created Permission View: %s
[2023-10-14T08:38:26.409+0000] {logging_mixin.py:151} INFO - [2023-10-14T08:38:26.409+0000] {manager.py:499} INFO - Created Permission View: %s
[2023-10-14T08:38:26.410+0000] {logging_mixin.py:151} INFO - [2023-10-14T08:38:26.409+0000] {dag.py:2941} INFO - Sync 1 DAGs
[2023-10-14T08:38:26.417+0000] {logging_mixin.py:151} INFO - [2023-10-14T08:38:26.417+0000] {dag.py:2963} INFO - Creating ORM DAG for latest_only
[2023-10-14T08:38:26.424+0000] {logging_mixin.py:151} INFO - [2023-10-14T08:38:26.424+0000] {dag.py:3722} INFO - Setting next_dagrun for latest_only to 2023-10-14T04:38:26.424207+00:00, run_after=2023-10-14T08:38:26.424207+00:00
[2023-10-14T08:38:26.439+0000] {processor.py:179} INFO - Processing /home/airflow/.local/lib/python3.8/site-packages/airflow/example_dags/example_latest_only.py took 0.148 seconds
[2023-10-14T08:38:57.401+0000] {processor.py:157} INFO - Started process (PID=116) to work on /home/airflow/.local/lib/python3.8/site-packages/airflow/example_dags/example_latest_only.py
[2023-10-14T08:38:57.402+0000] {processor.py:829} INFO - Processing file /home/airflow/.local/lib/python3.8/site-packages/airflow/example_dags/example_latest_only.py for tasks to queue
[2023-10-14T08:38:57.406+0000] {logging_mixin.py:151} INFO - [2023-10-14T08:38:57.406+0000] {dagbag.py:536} INFO - Filling up the DagBag from /home/airflow/.local/lib/python3.8/site-packages/airflow/example_dags/example_latest_only.py
[2023-10-14T08:38:57.412+0000] {processor.py:839} INFO - DAG(s) dict_keys(['latest_only']) retrieved from /home/airflow/.local/lib/python3.8/site-packages/airflow/example_dags/example_latest_only.py
[2023-10-14T08:38:57.430+0000] {logging_mixin.py:151} INFO - [2023-10-14T08:38:57.428+0000] {dag.py:2941} INFO - Sync 1 DAGs
[2023-10-14T08:38:57.442+0000] {logging_mixin.py:151} INFO - [2023-10-14T08:38:57.442+0000] {dag.py:3722} INFO - Setting next_dagrun for latest_only to 2023-10-14T04:38:57.442238+00:00, run_after=2023-10-14T08:38:57.442238+00:00
[2023-10-14T08:38:57.452+0000] {processor.py:179} INFO - Processing /home/airflow/.local/lib/python3.8/site-packages/airflow/example_dags/example_latest_only.py took 0.055 seconds
[2023-10-14T08:39:27.810+0000] {processor.py:157} INFO - Started process (PID=172) to work on /home/airflow/.local/lib/python3.8/site-packages/airflow/example_dags/example_latest_only.py
[2023-10-14T08:39:27.812+0000] {processor.py:829} INFO - Processing file /home/airflow/.local/lib/python3.8/site-packages/airflow/example_dags/example_latest_only.py for tasks to queue
[2023-10-14T08:39:27.815+0000] {logging_mixin.py:151} INFO - [2023-10-14T08:39:27.814+0000] {dagbag.py:536} INFO - Filling up the DagBag from /home/airflow/.local/lib/python3.8/site-packages/airflow/example_dags/example_latest_only.py
[2023-10-14T08:39:27.820+0000] {processor.py:839} INFO - DAG(s) dict_keys(['latest_only']) retrieved from /home/airflow/.local/lib/python3.8/site-packages/airflow/example_dags/example_latest_only.py
[2023-10-14T08:39:27.848+0000] {logging_mixin.py:151} INFO - [2023-10-14T08:39:27.848+0000] {dag.py:2941} INFO - Sync 1 DAGs
[2023-10-14T08:39:27.863+0000] {logging_mixin.py:151} INFO - [2023-10-14T08:39:27.863+0000] {dag.py:3722} INFO - Setting next_dagrun for latest_only to 2023-10-14T04:39:27.863490+00:00, run_after=2023-10-14T08:39:27.863490+00:00
[2023-10-14T08:39:27.875+0000] {processor.py:179} INFO - Processing /home/airflow/.local/lib/python3.8/site-packages/airflow/example_dags/example_latest_only.py took 0.068 seconds
[2023-10-14T08:39:57.914+0000] {processor.py:157} INFO - Started process (PID=228) to work on /home/airflow/.local/lib/python3.8/site-packages/airflow/example_dags/example_latest_only.py
[2023-10-14T08:39:57.914+0000] {processor.py:829} INFO - Processing file /home/airflow/.local/lib/python3.8/site-packages/airflow/example_dags/example_latest_only.py for tasks to queue
[2023-10-14T08:39:57.916+0000] {logging_mixin.py:151} INFO - [2023-10-14T08:39:57.916+0000] {dagbag.py:536} INFO - Filling up the DagBag from /home/airflow/.local/lib/python3.8/site-packages/airflow/example_dags/example_latest_only.py
[2023-10-14T08:39:57.921+0000] {processor.py:839} INFO - DAG(s) dict_keys(['latest_only']) retrieved from /home/airflow/.local/lib/python3.8/site-packages/airflow/example_dags/example_latest_only.py
[2023-10-14T08:39:57.937+0000] {logging_mixin.py:151} INFO - [2023-10-14T08:39:57.936+0000] {dag.py:2941} INFO - Sync 1 DAGs
[2023-10-14T08:39:57.949+0000] {logging_mixin.py:151} INFO - [2023-10-14T08:39:57.949+0000] {dag.py:3722} INFO - Setting next_dagrun for latest_only to 2023-10-14T04:39:57.949151+00:00, run_after=2023-10-14T08:39:57.949151+00:00
[2023-10-14T08:39:57.958+0000] {processor.py:179} INFO - Processing /home/airflow/.local/lib/python3.8/site-packages/airflow/example_dags/example_latest_only.py took 0.048 seconds
[2023-10-14T08:40:28.070+0000] {processor.py:157} INFO - Started process (PID=292) to work on /home/airflow/.local/lib/python3.8/site-packages/airflow/example_dags/example_latest_only.py
[2023-10-14T08:40:28.071+0000] {processor.py:829} INFO - Processing file /home/airflow/.local/lib/python3.8/site-packages/airflow/example_dags/example_latest_only.py for tasks to queue
[2023-10-14T08:40:28.074+0000] {logging_mixin.py:151} INFO - [2023-10-14T08:40:28.074+0000] {dagbag.py:536} INFO - Filling up the DagBag from /home/airflow/.local/lib/python3.8/site-packages/airflow/example_dags/example_latest_only.py
[2023-10-14T08:40:28.079+0000] {processor.py:839} INFO - DAG(s) dict_keys(['latest_only']) retrieved from /home/airflow/.local/lib/python3.8/site-packages/airflow/example_dags/example_latest_only.py
[2023-10-14T08:40:28.096+0000] {logging_mixin.py:151} INFO - [2023-10-14T08:40:28.096+0000] {dag.py:2941} INFO - Sync 1 DAGs
[2023-10-14T08:40:28.109+0000] {logging_mixin.py:151} INFO - [2023-10-14T08:40:28.109+0000] {dag.py:3722} INFO - Setting next_dagrun for latest_only to 2023-10-14T04:40:28.109346+00:00, run_after=2023-10-14T08:40:28.109346+00:00
[2023-10-14T08:40:28.119+0000] {processor.py:179} INFO - Processing /home/airflow/.local/lib/python3.8/site-packages/airflow/example_dags/example_latest_only.py took 0.053 seconds
[2023-10-14T08:40:58.339+0000] {processor.py:157} INFO - Started process (PID=348) to work on /home/airflow/.local/lib/python3.8/site-packages/airflow/example_dags/example_latest_only.py
[2023-10-14T08:40:58.341+0000] {processor.py:829} INFO - Processing file /home/airflow/.local/lib/python3.8/site-packages/airflow/example_dags/example_latest_only.py for tasks to queue
[2023-10-14T08:40:58.344+0000] {logging_mixin.py:151} INFO - [2023-10-14T08:40:58.343+0000] {dagbag.py:536} INFO - Filling up the DagBag from /home/airflow/.local/lib/python3.8/site-packages/airflow/example_dags/example_latest_only.py
[2023-10-14T08:40:58.349+0000] {processor.py:839} INFO - DAG(s) dict_keys(['latest_only']) retrieved from /home/airflow/.local/lib/python3.8/site-packages/airflow/example_dags/example_latest_only.py
[2023-10-14T08:40:58.367+0000] {logging_mixin.py:151} INFO - [2023-10-14T08:40:58.366+0000] {dag.py:2941} INFO - Sync 1 DAGs
[2023-10-14T08:40:58.380+0000] {logging_mixin.py:151} INFO - [2023-10-14T08:40:58.380+0000] {dag.py:3722} INFO - Setting next_dagrun for latest_only to 2023-10-14T04:40:58.380051+00:00, run_after=2023-10-14T08:40:58.380051+00:00
[2023-10-14T08:40:58.390+0000] {processor.py:179} INFO - Processing /home/airflow/.local/lib/python3.8/site-packages/airflow/example_dags/example_latest_only.py took 0.054 seconds
[2023-10-14T08:41:28.513+0000] {processor.py:157} INFO - Started process (PID=404) to work on /home/airflow/.local/lib/python3.8/site-packages/airflow/example_dags/example_latest_only.py
[2023-10-14T08:41:28.514+0000] {processor.py:829} INFO - Processing file /home/airflow/.local/lib/python3.8/site-packages/airflow/example_dags/example_latest_only.py for tasks to queue
[2023-10-14T08:41:28.516+0000] {logging_mixin.py:151} INFO - [2023-10-14T08:41:28.516+0000] {dagbag.py:536} INFO - Filling up the DagBag from /home/airflow/.local/lib/python3.8/site-packages/airflow/example_dags/example_latest_only.py
[2023-10-14T08:41:28.521+0000] {processor.py:839} INFO - DAG(s) dict_keys(['latest_only']) retrieved from /home/airflow/.local/lib/python3.8/site-packages/airflow/example_dags/example_latest_only.py
[2023-10-14T08:41:28.537+0000] {logging_mixin.py:151} INFO - [2023-10-14T08:41:28.537+0000] {dag.py:2941} INFO - Sync 1 DAGs
[2023-10-14T08:41:28.550+0000] {logging_mixin.py:151} INFO - [2023-10-14T08:41:28.550+0000] {dag.py:3722} INFO - Setting next_dagrun for latest_only to 2023-10-14T04:41:28.550575+00:00, run_after=2023-10-14T08:41:28.550575+00:00
[2023-10-14T08:41:28.561+0000] {processor.py:179} INFO - Processing /home/airflow/.local/lib/python3.8/site-packages/airflow/example_dags/example_latest_only.py took 0.051 seconds
[2023-10-14T08:41:58.714+0000] {processor.py:157} INFO - Started process (PID=460) to work on /home/airflow/.local/lib/python3.8/site-packages/airflow/example_dags/example_latest_only.py
[2023-10-14T08:41:58.716+0000] {processor.py:829} INFO - Processing file /home/airflow/.local/lib/python3.8/site-packages/airflow/example_dags/example_latest_only.py for tasks to queue
[2023-10-14T08:41:58.718+0000] {logging_mixin.py:151} INFO - [2023-10-14T08:41:58.718+0000] {dagbag.py:536} INFO - Filling up the DagBag from /home/airflow/.local/lib/python3.8/site-packages/airflow/example_dags/example_latest_only.py
[2023-10-14T08:41:58.723+0000] {processor.py:839} INFO - DAG(s) dict_keys(['latest_only']) retrieved from /home/airflow/.local/lib/python3.8/site-packages/airflow/example_dags/example_latest_only.py
[2023-10-14T08:41:58.740+0000] {logging_mixin.py:151} INFO - [2023-10-14T08:41:58.740+0000] {dag.py:2941} INFO - Sync 1 DAGs
[2023-10-14T08:41:58.753+0000] {logging_mixin.py:151} INFO - [2023-10-14T08:41:58.752+0000] {dag.py:3722} INFO - Setting next_dagrun for latest_only to 2023-10-14T04:41:58.752743+00:00, run_after=2023-10-14T08:41:58.752743+00:00
[2023-10-14T08:41:58.763+0000] {processor.py:179} INFO - Processing /home/airflow/.local/lib/python3.8/site-packages/airflow/example_dags/example_latest_only.py took 0.053 seconds
[2023-10-14T08:42:28.989+0000] {processor.py:157} INFO - Started process (PID=516) to work on /home/airflow/.local/lib/python3.8/site-packages/airflow/example_dags/example_latest_only.py
[2023-10-14T08:42:28.990+0000] {processor.py:829} INFO - Processing file /home/airflow/.local/lib/python3.8/site-packages/airflow/example_dags/example_latest_only.py for tasks to queue
[2023-10-14T08:42:28.993+0000] {logging_mixin.py:151} INFO - [2023-10-14T08:42:28.993+0000] {dagbag.py:536} INFO - Filling up the DagBag from /home/airflow/.local/lib/python3.8/site-packages/airflow/example_dags/example_latest_only.py
[2023-10-14T08:42:28.998+0000] {processor.py:839} INFO - DAG(s) dict_keys(['latest_only']) retrieved from /home/airflow/.local/lib/python3.8/site-packages/airflow/example_dags/example_latest_only.py
[2023-10-14T08:42:29.015+0000] {logging_mixin.py:151} INFO - [2023-10-14T08:42:29.014+0000] {dag.py:2941} INFO - Sync 1 DAGs
[2023-10-14T08:42:29.027+0000] {logging_mixin.py:151} INFO - [2023-10-14T08:42:29.027+0000] {dag.py:3722} INFO - Setting next_dagrun for latest_only to 2023-10-14T04:42:29.027536+00:00, run_after=2023-10-14T08:42:29.027536+00:00
[2023-10-14T08:42:29.037+0000] {processor.py:179} INFO - Processing /home/airflow/.local/lib/python3.8/site-packages/airflow/example_dags/example_latest_only.py took 0.052 seconds
[2023-10-14T08:42:59.363+0000] {processor.py:157} INFO - Started process (PID=572) to work on /home/airflow/.local/lib/python3.8/site-packages/airflow/example_dags/example_latest_only.py
[2023-10-14T08:42:59.364+0000] {processor.py:829} INFO - Processing file /home/airflow/.local/lib/python3.8/site-packages/airflow/example_dags/example_latest_only.py for tasks to queue
[2023-10-14T08:42:59.366+0000] {logging_mixin.py:151} INFO - [2023-10-14T08:42:59.366+0000] {dagbag.py:536} INFO - Filling up the DagBag from /home/airflow/.local/lib/python3.8/site-packages/airflow/example_dags/example_latest_only.py
[2023-10-14T08:42:59.371+0000] {processor.py:839} INFO - DAG(s) dict_keys(['latest_only']) retrieved from /home/airflow/.local/lib/python3.8/site-packages/airflow/example_dags/example_latest_only.py
[2023-10-14T08:42:59.387+0000] {logging_mixin.py:151} INFO - [2023-10-14T08:42:59.387+0000] {dag.py:2941} INFO - Sync 1 DAGs
[2023-10-14T08:42:59.400+0000] {logging_mixin.py:151} INFO - [2023-10-14T08:42:59.400+0000] {dag.py:3722} INFO - Setting next_dagrun for latest_only to 2023-10-14T04:42:59.400722+00:00, run_after=2023-10-14T08:42:59.400722+00:00
[2023-10-14T08:42:59.410+0000] {processor.py:179} INFO - Processing /home/airflow/.local/lib/python3.8/site-packages/airflow/example_dags/example_latest_only.py took 0.051 seconds
