[2023-10-14T08:38:25.935+0000] {processor.py:157} INFO - Started process (PID=55) to work on /home/airflow/.local/lib/python3.8/site-packages/airflow/example_dags/example_branch_labels.py
[2023-10-14T08:38:25.936+0000] {processor.py:829} INFO - Processing file /home/airflow/.local/lib/python3.8/site-packages/airflow/example_dags/example_branch_labels.py for tasks to queue
[2023-10-14T08:38:25.940+0000] {logging_mixin.py:151} INFO - [2023-10-14T08:38:25.939+0000] {dagbag.py:536} INFO - Filling up the DagBag from /home/airflow/.local/lib/python3.8/site-packages/airflow/example_dags/example_branch_labels.py
[2023-10-14T08:38:25.959+0000] {processor.py:839} INFO - DAG(s) dict_keys(['example_branch_labels']) retrieved from /home/airflow/.local/lib/python3.8/site-packages/airflow/example_dags/example_branch_labels.py
[2023-10-14T08:38:26.041+0000] {logging_mixin.py:151} INFO - [2023-10-14T08:38:26.041+0000] {manager.py:499} INFO - Created Permission View: %s
[2023-10-14T08:38:26.046+0000] {logging_mixin.py:151} INFO - [2023-10-14T08:38:26.046+0000] {manager.py:499} INFO - Created Permission View: %s
[2023-10-14T08:38:26.050+0000] {logging_mixin.py:151} INFO - [2023-10-14T08:38:26.050+0000] {manager.py:499} INFO - Created Permission View: %s
[2023-10-14T08:38:26.050+0000] {logging_mixin.py:151} INFO - [2023-10-14T08:38:26.050+0000] {dag.py:2941} INFO - Sync 1 DAGs
[2023-10-14T08:38:26.058+0000] {logging_mixin.py:151} INFO - [2023-10-14T08:38:26.058+0000] {dag.py:2963} INFO - Creating ORM DAG for example_branch_labels
[2023-10-14T08:38:26.071+0000] {logging_mixin.py:151} INFO - [2023-10-14T08:38:26.070+0000] {dag.py:3722} INFO - Setting next_dagrun for example_branch_labels to 2023-10-13T00:00:00+00:00, run_after=2023-10-14T00:00:00+00:00
[2023-10-14T08:38:26.083+0000] {processor.py:179} INFO - Processing /home/airflow/.local/lib/python3.8/site-packages/airflow/example_dags/example_branch_labels.py took 0.151 seconds
[2023-10-14T08:38:56.290+0000] {processor.py:157} INFO - Started process (PID=113) to work on /home/airflow/.local/lib/python3.8/site-packages/airflow/example_dags/example_branch_labels.py
[2023-10-14T08:38:56.291+0000] {processor.py:829} INFO - Processing file /home/airflow/.local/lib/python3.8/site-packages/airflow/example_dags/example_branch_labels.py for tasks to queue
[2023-10-14T08:38:56.293+0000] {logging_mixin.py:151} INFO - [2023-10-14T08:38:56.293+0000] {dagbag.py:536} INFO - Filling up the DagBag from /home/airflow/.local/lib/python3.8/site-packages/airflow/example_dags/example_branch_labels.py
[2023-10-14T08:38:56.298+0000] {processor.py:839} INFO - DAG(s) dict_keys(['example_branch_labels']) retrieved from /home/airflow/.local/lib/python3.8/site-packages/airflow/example_dags/example_branch_labels.py
[2023-10-14T08:38:56.312+0000] {logging_mixin.py:151} INFO - [2023-10-14T08:38:56.312+0000] {dag.py:2941} INFO - Sync 1 DAGs
[2023-10-14T08:38:56.325+0000] {logging_mixin.py:151} INFO - [2023-10-14T08:38:56.325+0000] {dag.py:3722} INFO - Setting next_dagrun for example_branch_labels to 2023-10-13T00:00:00+00:00, run_after=2023-10-14T00:00:00+00:00
[2023-10-14T08:38:56.333+0000] {processor.py:179} INFO - Processing /home/airflow/.local/lib/python3.8/site-packages/airflow/example_dags/example_branch_labels.py took 0.045 seconds
[2023-10-14T08:39:26.715+0000] {processor.py:157} INFO - Started process (PID=169) to work on /home/airflow/.local/lib/python3.8/site-packages/airflow/example_dags/example_branch_labels.py
[2023-10-14T08:39:26.716+0000] {processor.py:829} INFO - Processing file /home/airflow/.local/lib/python3.8/site-packages/airflow/example_dags/example_branch_labels.py for tasks to queue
[2023-10-14T08:39:26.718+0000] {logging_mixin.py:151} INFO - [2023-10-14T08:39:26.718+0000] {dagbag.py:536} INFO - Filling up the DagBag from /home/airflow/.local/lib/python3.8/site-packages/airflow/example_dags/example_branch_labels.py
[2023-10-14T08:39:26.723+0000] {processor.py:839} INFO - DAG(s) dict_keys(['example_branch_labels']) retrieved from /home/airflow/.local/lib/python3.8/site-packages/airflow/example_dags/example_branch_labels.py
[2023-10-14T08:39:26.740+0000] {logging_mixin.py:151} INFO - [2023-10-14T08:39:26.740+0000] {dag.py:2941} INFO - Sync 1 DAGs
[2023-10-14T08:39:26.752+0000] {logging_mixin.py:151} INFO - [2023-10-14T08:39:26.752+0000] {dag.py:3722} INFO - Setting next_dagrun for example_branch_labels to 2023-10-13T00:00:00+00:00, run_after=2023-10-14T00:00:00+00:00
[2023-10-14T08:39:26.763+0000] {processor.py:179} INFO - Processing /home/airflow/.local/lib/python3.8/site-packages/airflow/example_dags/example_branch_labels.py took 0.050 seconds
[2023-10-14T08:39:56.824+0000] {processor.py:157} INFO - Started process (PID=225) to work on /home/airflow/.local/lib/python3.8/site-packages/airflow/example_dags/example_branch_labels.py
[2023-10-14T08:39:56.825+0000] {processor.py:829} INFO - Processing file /home/airflow/.local/lib/python3.8/site-packages/airflow/example_dags/example_branch_labels.py for tasks to queue
[2023-10-14T08:39:56.827+0000] {logging_mixin.py:151} INFO - [2023-10-14T08:39:56.827+0000] {dagbag.py:536} INFO - Filling up the DagBag from /home/airflow/.local/lib/python3.8/site-packages/airflow/example_dags/example_branch_labels.py
[2023-10-14T08:39:56.832+0000] {processor.py:839} INFO - DAG(s) dict_keys(['example_branch_labels']) retrieved from /home/airflow/.local/lib/python3.8/site-packages/airflow/example_dags/example_branch_labels.py
[2023-10-14T08:39:56.846+0000] {logging_mixin.py:151} INFO - [2023-10-14T08:39:56.845+0000] {dag.py:2941} INFO - Sync 1 DAGs
[2023-10-14T08:39:56.857+0000] {logging_mixin.py:151} INFO - [2023-10-14T08:39:56.857+0000] {dag.py:3722} INFO - Setting next_dagrun for example_branch_labels to 2023-10-13T00:00:00+00:00, run_after=2023-10-14T00:00:00+00:00
[2023-10-14T08:39:56.866+0000] {processor.py:179} INFO - Processing /home/airflow/.local/lib/python3.8/site-packages/airflow/example_dags/example_branch_labels.py took 0.044 seconds
[2023-10-14T08:40:26.968+0000] {processor.py:157} INFO - Started process (PID=289) to work on /home/airflow/.local/lib/python3.8/site-packages/airflow/example_dags/example_branch_labels.py
[2023-10-14T08:40:26.969+0000] {processor.py:829} INFO - Processing file /home/airflow/.local/lib/python3.8/site-packages/airflow/example_dags/example_branch_labels.py for tasks to queue
[2023-10-14T08:40:26.971+0000] {logging_mixin.py:151} INFO - [2023-10-14T08:40:26.970+0000] {dagbag.py:536} INFO - Filling up the DagBag from /home/airflow/.local/lib/python3.8/site-packages/airflow/example_dags/example_branch_labels.py
[2023-10-14T08:40:26.975+0000] {processor.py:839} INFO - DAG(s) dict_keys(['example_branch_labels']) retrieved from /home/airflow/.local/lib/python3.8/site-packages/airflow/example_dags/example_branch_labels.py
[2023-10-14T08:40:26.990+0000] {logging_mixin.py:151} INFO - [2023-10-14T08:40:26.989+0000] {dag.py:2941} INFO - Sync 1 DAGs
[2023-10-14T08:40:27.003+0000] {logging_mixin.py:151} INFO - [2023-10-14T08:40:27.002+0000] {dag.py:3722} INFO - Setting next_dagrun for example_branch_labels to 2023-10-13T00:00:00+00:00, run_after=2023-10-14T00:00:00+00:00
[2023-10-14T08:40:27.011+0000] {processor.py:179} INFO - Processing /home/airflow/.local/lib/python3.8/site-packages/airflow/example_dags/example_branch_labels.py took 0.045 seconds
[2023-10-14T08:40:57.236+0000] {processor.py:157} INFO - Started process (PID=345) to work on /home/airflow/.local/lib/python3.8/site-packages/airflow/example_dags/example_branch_labels.py
[2023-10-14T08:40:57.237+0000] {processor.py:829} INFO - Processing file /home/airflow/.local/lib/python3.8/site-packages/airflow/example_dags/example_branch_labels.py for tasks to queue
[2023-10-14T08:40:57.239+0000] {logging_mixin.py:151} INFO - [2023-10-14T08:40:57.238+0000] {dagbag.py:536} INFO - Filling up the DagBag from /home/airflow/.local/lib/python3.8/site-packages/airflow/example_dags/example_branch_labels.py
[2023-10-14T08:40:57.243+0000] {processor.py:839} INFO - DAG(s) dict_keys(['example_branch_labels']) retrieved from /home/airflow/.local/lib/python3.8/site-packages/airflow/example_dags/example_branch_labels.py
[2023-10-14T08:40:57.257+0000] {logging_mixin.py:151} INFO - [2023-10-14T08:40:57.257+0000] {dag.py:2941} INFO - Sync 1 DAGs
[2023-10-14T08:40:57.269+0000] {logging_mixin.py:151} INFO - [2023-10-14T08:40:57.269+0000] {dag.py:3722} INFO - Setting next_dagrun for example_branch_labels to 2023-10-13T00:00:00+00:00, run_after=2023-10-14T00:00:00+00:00
[2023-10-14T08:40:57.279+0000] {processor.py:179} INFO - Processing /home/airflow/.local/lib/python3.8/site-packages/airflow/example_dags/example_branch_labels.py took 0.045 seconds
[2023-10-14T08:41:27.409+0000] {processor.py:157} INFO - Started process (PID=401) to work on /home/airflow/.local/lib/python3.8/site-packages/airflow/example_dags/example_branch_labels.py
[2023-10-14T08:41:27.409+0000] {processor.py:829} INFO - Processing file /home/airflow/.local/lib/python3.8/site-packages/airflow/example_dags/example_branch_labels.py for tasks to queue
[2023-10-14T08:41:27.411+0000] {logging_mixin.py:151} INFO - [2023-10-14T08:41:27.411+0000] {dagbag.py:536} INFO - Filling up the DagBag from /home/airflow/.local/lib/python3.8/site-packages/airflow/example_dags/example_branch_labels.py
[2023-10-14T08:41:27.416+0000] {processor.py:839} INFO - DAG(s) dict_keys(['example_branch_labels']) retrieved from /home/airflow/.local/lib/python3.8/site-packages/airflow/example_dags/example_branch_labels.py
[2023-10-14T08:41:27.430+0000] {logging_mixin.py:151} INFO - [2023-10-14T08:41:27.430+0000] {dag.py:2941} INFO - Sync 1 DAGs
[2023-10-14T08:41:27.442+0000] {logging_mixin.py:151} INFO - [2023-10-14T08:41:27.442+0000] {dag.py:3722} INFO - Setting next_dagrun for example_branch_labels to 2023-10-13T00:00:00+00:00, run_after=2023-10-14T00:00:00+00:00
[2023-10-14T08:41:27.450+0000] {processor.py:179} INFO - Processing /home/airflow/.local/lib/python3.8/site-packages/airflow/example_dags/example_branch_labels.py took 0.044 seconds
[2023-10-14T08:41:57.622+0000] {processor.py:157} INFO - Started process (PID=457) to work on /home/airflow/.local/lib/python3.8/site-packages/airflow/example_dags/example_branch_labels.py
[2023-10-14T08:41:57.622+0000] {processor.py:829} INFO - Processing file /home/airflow/.local/lib/python3.8/site-packages/airflow/example_dags/example_branch_labels.py for tasks to queue
[2023-10-14T08:41:57.624+0000] {logging_mixin.py:151} INFO - [2023-10-14T08:41:57.624+0000] {dagbag.py:536} INFO - Filling up the DagBag from /home/airflow/.local/lib/python3.8/site-packages/airflow/example_dags/example_branch_labels.py
[2023-10-14T08:41:57.629+0000] {processor.py:839} INFO - DAG(s) dict_keys(['example_branch_labels']) retrieved from /home/airflow/.local/lib/python3.8/site-packages/airflow/example_dags/example_branch_labels.py
[2023-10-14T08:41:57.643+0000] {logging_mixin.py:151} INFO - [2023-10-14T08:41:57.642+0000] {dag.py:2941} INFO - Sync 1 DAGs
[2023-10-14T08:41:57.653+0000] {logging_mixin.py:151} INFO - [2023-10-14T08:41:57.653+0000] {dag.py:3722} INFO - Setting next_dagrun for example_branch_labels to 2023-10-13T00:00:00+00:00, run_after=2023-10-14T00:00:00+00:00
[2023-10-14T08:41:57.662+0000] {processor.py:179} INFO - Processing /home/airflow/.local/lib/python3.8/site-packages/airflow/example_dags/example_branch_labels.py took 0.042 seconds
[2023-10-14T08:42:27.887+0000] {processor.py:157} INFO - Started process (PID=513) to work on /home/airflow/.local/lib/python3.8/site-packages/airflow/example_dags/example_branch_labels.py
[2023-10-14T08:42:27.888+0000] {processor.py:829} INFO - Processing file /home/airflow/.local/lib/python3.8/site-packages/airflow/example_dags/example_branch_labels.py for tasks to queue
[2023-10-14T08:42:27.890+0000] {logging_mixin.py:151} INFO - [2023-10-14T08:42:27.890+0000] {dagbag.py:536} INFO - Filling up the DagBag from /home/airflow/.local/lib/python3.8/site-packages/airflow/example_dags/example_branch_labels.py
[2023-10-14T08:42:27.894+0000] {processor.py:839} INFO - DAG(s) dict_keys(['example_branch_labels']) retrieved from /home/airflow/.local/lib/python3.8/site-packages/airflow/example_dags/example_branch_labels.py
[2023-10-14T08:42:27.909+0000] {logging_mixin.py:151} INFO - [2023-10-14T08:42:27.909+0000] {dag.py:2941} INFO - Sync 1 DAGs
[2023-10-14T08:42:27.920+0000] {logging_mixin.py:151} INFO - [2023-10-14T08:42:27.920+0000] {dag.py:3722} INFO - Setting next_dagrun for example_branch_labels to 2023-10-13T00:00:00+00:00, run_after=2023-10-14T00:00:00+00:00
[2023-10-14T08:42:27.930+0000] {processor.py:179} INFO - Processing /home/airflow/.local/lib/python3.8/site-packages/airflow/example_dags/example_branch_labels.py took 0.045 seconds
[2023-10-14T08:42:58.263+0000] {processor.py:157} INFO - Started process (PID=569) to work on /home/airflow/.local/lib/python3.8/site-packages/airflow/example_dags/example_branch_labels.py
[2023-10-14T08:42:58.264+0000] {processor.py:829} INFO - Processing file /home/airflow/.local/lib/python3.8/site-packages/airflow/example_dags/example_branch_labels.py for tasks to queue
[2023-10-14T08:42:58.266+0000] {logging_mixin.py:151} INFO - [2023-10-14T08:42:58.265+0000] {dagbag.py:536} INFO - Filling up the DagBag from /home/airflow/.local/lib/python3.8/site-packages/airflow/example_dags/example_branch_labels.py
[2023-10-14T08:42:58.271+0000] {processor.py:839} INFO - DAG(s) dict_keys(['example_branch_labels']) retrieved from /home/airflow/.local/lib/python3.8/site-packages/airflow/example_dags/example_branch_labels.py
[2023-10-14T08:42:58.286+0000] {logging_mixin.py:151} INFO - [2023-10-14T08:42:58.286+0000] {dag.py:2941} INFO - Sync 1 DAGs
[2023-10-14T08:42:58.299+0000] {logging_mixin.py:151} INFO - [2023-10-14T08:42:58.299+0000] {dag.py:3722} INFO - Setting next_dagrun for example_branch_labels to 2023-10-13T00:00:00+00:00, run_after=2023-10-14T00:00:00+00:00
[2023-10-14T08:42:58.309+0000] {processor.py:179} INFO - Processing /home/airflow/.local/lib/python3.8/site-packages/airflow/example_dags/example_branch_labels.py took 0.049 seconds
