[2023-10-14T08:38:26.288+0000] {processor.py:157} INFO - Started process (PID=57) to work on /home/airflow/.local/lib/python3.8/site-packages/airflow/example_dags/example_skip_dag.py
[2023-10-14T08:38:26.289+0000] {processor.py:829} INFO - Processing file /home/airflow/.local/lib/python3.8/site-packages/airflow/example_dags/example_skip_dag.py for tasks to queue
[2023-10-14T08:38:26.293+0000] {logging_mixin.py:151} INFO - [2023-10-14T08:38:26.292+0000] {dagbag.py:536} INFO - Filling up the DagBag from /home/airflow/.local/lib/python3.8/site-packages/airflow/example_dags/example_skip_dag.py
[2023-10-14T08:38:26.302+0000] {processor.py:839} INFO - DAG(s) dict_keys(['example_skip_dag']) retrieved from /home/airflow/.local/lib/python3.8/site-packages/airflow/example_dags/example_skip_dag.py
[2023-10-14T08:38:26.397+0000] {logging_mixin.py:151} INFO - [2023-10-14T08:38:26.397+0000] {manager.py:499} INFO - Created Permission View: %s
[2023-10-14T08:38:26.404+0000] {logging_mixin.py:151} INFO - [2023-10-14T08:38:26.404+0000] {manager.py:499} INFO - Created Permission View: %s
[2023-10-14T08:38:26.409+0000] {logging_mixin.py:151} INFO - [2023-10-14T08:38:26.409+0000] {manager.py:499} INFO - Created Permission View: %s
[2023-10-14T08:38:26.409+0000] {logging_mixin.py:151} INFO - [2023-10-14T08:38:26.409+0000] {dag.py:2941} INFO - Sync 1 DAGs
[2023-10-14T08:38:26.417+0000] {logging_mixin.py:151} INFO - [2023-10-14T08:38:26.417+0000] {dag.py:2963} INFO - Creating ORM DAG for example_skip_dag
[2023-10-14T08:38:26.424+0000] {logging_mixin.py:151} INFO - [2023-10-14T08:38:26.424+0000] {dag.py:3722} INFO - Setting next_dagrun for example_skip_dag to 2023-10-13T08:38:26.424357+00:00, run_after=2023-10-14T08:38:26.424357+00:00
[2023-10-14T08:38:26.439+0000] {processor.py:179} INFO - Processing /home/airflow/.local/lib/python3.8/site-packages/airflow/example_dags/example_skip_dag.py took 0.156 seconds
[2023-10-14T08:38:57.392+0000] {processor.py:157} INFO - Started process (PID=115) to work on /home/airflow/.local/lib/python3.8/site-packages/airflow/example_dags/example_skip_dag.py
[2023-10-14T08:38:57.394+0000] {processor.py:829} INFO - Processing file /home/airflow/.local/lib/python3.8/site-packages/airflow/example_dags/example_skip_dag.py for tasks to queue
[2023-10-14T08:38:57.398+0000] {logging_mixin.py:151} INFO - [2023-10-14T08:38:57.397+0000] {dagbag.py:536} INFO - Filling up the DagBag from /home/airflow/.local/lib/python3.8/site-packages/airflow/example_dags/example_skip_dag.py
[2023-10-14T08:38:57.407+0000] {processor.py:839} INFO - DAG(s) dict_keys(['example_skip_dag']) retrieved from /home/airflow/.local/lib/python3.8/site-packages/airflow/example_dags/example_skip_dag.py
[2023-10-14T08:38:57.429+0000] {logging_mixin.py:151} INFO - [2023-10-14T08:38:57.427+0000] {dag.py:2941} INFO - Sync 1 DAGs
[2023-10-14T08:38:57.442+0000] {logging_mixin.py:151} INFO - [2023-10-14T08:38:57.442+0000] {dag.py:3722} INFO - Setting next_dagrun for example_skip_dag to 2023-10-13T08:38:57.442241+00:00, run_after=2023-10-14T08:38:57.442241+00:00
[2023-10-14T08:38:57.451+0000] {processor.py:179} INFO - Processing /home/airflow/.local/lib/python3.8/site-packages/airflow/example_dags/example_skip_dag.py took 0.065 seconds
[2023-10-14T08:39:27.806+0000] {processor.py:157} INFO - Started process (PID=171) to work on /home/airflow/.local/lib/python3.8/site-packages/airflow/example_dags/example_skip_dag.py
[2023-10-14T08:39:27.807+0000] {processor.py:829} INFO - Processing file /home/airflow/.local/lib/python3.8/site-packages/airflow/example_dags/example_skip_dag.py for tasks to queue
[2023-10-14T08:39:27.810+0000] {logging_mixin.py:151} INFO - [2023-10-14T08:39:27.809+0000] {dagbag.py:536} INFO - Filling up the DagBag from /home/airflow/.local/lib/python3.8/site-packages/airflow/example_dags/example_skip_dag.py
[2023-10-14T08:39:27.819+0000] {processor.py:839} INFO - DAG(s) dict_keys(['example_skip_dag']) retrieved from /home/airflow/.local/lib/python3.8/site-packages/airflow/example_dags/example_skip_dag.py
[2023-10-14T08:39:27.849+0000] {logging_mixin.py:151} INFO - [2023-10-14T08:39:27.848+0000] {dag.py:2941} INFO - Sync 1 DAGs
[2023-10-14T08:39:27.863+0000] {logging_mixin.py:151} INFO - [2023-10-14T08:39:27.863+0000] {dag.py:3722} INFO - Setting next_dagrun for example_skip_dag to 2023-10-13T08:39:27.863545+00:00, run_after=2023-10-14T08:39:27.863545+00:00
[2023-10-14T08:39:27.875+0000] {processor.py:179} INFO - Processing /home/airflow/.local/lib/python3.8/site-packages/airflow/example_dags/example_skip_dag.py took 0.075 seconds
[2023-10-14T08:39:57.903+0000] {processor.py:157} INFO - Started process (PID=227) to work on /home/airflow/.local/lib/python3.8/site-packages/airflow/example_dags/example_skip_dag.py
[2023-10-14T08:39:57.904+0000] {processor.py:829} INFO - Processing file /home/airflow/.local/lib/python3.8/site-packages/airflow/example_dags/example_skip_dag.py for tasks to queue
[2023-10-14T08:39:57.906+0000] {logging_mixin.py:151} INFO - [2023-10-14T08:39:57.906+0000] {dagbag.py:536} INFO - Filling up the DagBag from /home/airflow/.local/lib/python3.8/site-packages/airflow/example_dags/example_skip_dag.py
[2023-10-14T08:39:57.911+0000] {processor.py:839} INFO - DAG(s) dict_keys(['example_skip_dag']) retrieved from /home/airflow/.local/lib/python3.8/site-packages/airflow/example_dags/example_skip_dag.py
[2023-10-14T08:39:57.929+0000] {logging_mixin.py:151} INFO - [2023-10-14T08:39:57.929+0000] {dag.py:2941} INFO - Sync 1 DAGs
[2023-10-14T08:39:57.942+0000] {logging_mixin.py:151} INFO - [2023-10-14T08:39:57.942+0000] {dag.py:3722} INFO - Setting next_dagrun for example_skip_dag to 2023-10-13T08:39:57.942101+00:00, run_after=2023-10-14T08:39:57.942101+00:00
[2023-10-14T08:39:57.952+0000] {processor.py:179} INFO - Processing /home/airflow/.local/lib/python3.8/site-packages/airflow/example_dags/example_skip_dag.py took 0.053 seconds
[2023-10-14T08:40:28.063+0000] {processor.py:157} INFO - Started process (PID=291) to work on /home/airflow/.local/lib/python3.8/site-packages/airflow/example_dags/example_skip_dag.py
[2023-10-14T08:40:28.065+0000] {processor.py:829} INFO - Processing file /home/airflow/.local/lib/python3.8/site-packages/airflow/example_dags/example_skip_dag.py for tasks to queue
[2023-10-14T08:40:28.069+0000] {logging_mixin.py:151} INFO - [2023-10-14T08:40:28.068+0000] {dagbag.py:536} INFO - Filling up the DagBag from /home/airflow/.local/lib/python3.8/site-packages/airflow/example_dags/example_skip_dag.py
[2023-10-14T08:40:28.077+0000] {processor.py:839} INFO - DAG(s) dict_keys(['example_skip_dag']) retrieved from /home/airflow/.local/lib/python3.8/site-packages/airflow/example_dags/example_skip_dag.py
[2023-10-14T08:40:28.096+0000] {logging_mixin.py:151} INFO - [2023-10-14T08:40:28.096+0000] {dag.py:2941} INFO - Sync 1 DAGs
[2023-10-14T08:40:28.109+0000] {logging_mixin.py:151} INFO - [2023-10-14T08:40:28.109+0000] {dag.py:3722} INFO - Setting next_dagrun for example_skip_dag to 2023-10-13T08:40:28.109359+00:00, run_after=2023-10-14T08:40:28.109359+00:00
[2023-10-14T08:40:28.119+0000] {processor.py:179} INFO - Processing /home/airflow/.local/lib/python3.8/site-packages/airflow/example_dags/example_skip_dag.py took 0.062 seconds
[2023-10-14T08:40:58.332+0000] {processor.py:157} INFO - Started process (PID=347) to work on /home/airflow/.local/lib/python3.8/site-packages/airflow/example_dags/example_skip_dag.py
[2023-10-14T08:40:58.334+0000] {processor.py:829} INFO - Processing file /home/airflow/.local/lib/python3.8/site-packages/airflow/example_dags/example_skip_dag.py for tasks to queue
[2023-10-14T08:40:58.337+0000] {logging_mixin.py:151} INFO - [2023-10-14T08:40:58.337+0000] {dagbag.py:536} INFO - Filling up the DagBag from /home/airflow/.local/lib/python3.8/site-packages/airflow/example_dags/example_skip_dag.py
[2023-10-14T08:40:58.347+0000] {processor.py:839} INFO - DAG(s) dict_keys(['example_skip_dag']) retrieved from /home/airflow/.local/lib/python3.8/site-packages/airflow/example_dags/example_skip_dag.py
[2023-10-14T08:40:58.367+0000] {logging_mixin.py:151} INFO - [2023-10-14T08:40:58.366+0000] {dag.py:2941} INFO - Sync 1 DAGs
[2023-10-14T08:40:58.380+0000] {logging_mixin.py:151} INFO - [2023-10-14T08:40:58.380+0000] {dag.py:3722} INFO - Setting next_dagrun for example_skip_dag to 2023-10-13T08:40:58.380364+00:00, run_after=2023-10-14T08:40:58.380364+00:00
[2023-10-14T08:40:58.390+0000] {processor.py:179} INFO - Processing /home/airflow/.local/lib/python3.8/site-packages/airflow/example_dags/example_skip_dag.py took 0.064 seconds
[2023-10-14T08:41:28.506+0000] {processor.py:157} INFO - Started process (PID=403) to work on /home/airflow/.local/lib/python3.8/site-packages/airflow/example_dags/example_skip_dag.py
[2023-10-14T08:41:28.508+0000] {processor.py:829} INFO - Processing file /home/airflow/.local/lib/python3.8/site-packages/airflow/example_dags/example_skip_dag.py for tasks to queue
[2023-10-14T08:41:28.511+0000] {logging_mixin.py:151} INFO - [2023-10-14T08:41:28.510+0000] {dagbag.py:536} INFO - Filling up the DagBag from /home/airflow/.local/lib/python3.8/site-packages/airflow/example_dags/example_skip_dag.py
[2023-10-14T08:41:28.517+0000] {processor.py:839} INFO - DAG(s) dict_keys(['example_skip_dag']) retrieved from /home/airflow/.local/lib/python3.8/site-packages/airflow/example_dags/example_skip_dag.py
[2023-10-14T08:41:28.537+0000] {logging_mixin.py:151} INFO - [2023-10-14T08:41:28.537+0000] {dag.py:2941} INFO - Sync 1 DAGs
[2023-10-14T08:41:28.550+0000] {logging_mixin.py:151} INFO - [2023-10-14T08:41:28.550+0000] {dag.py:3722} INFO - Setting next_dagrun for example_skip_dag to 2023-10-13T08:41:28.550584+00:00, run_after=2023-10-14T08:41:28.550584+00:00
[2023-10-14T08:41:28.560+0000] {processor.py:179} INFO - Processing /home/airflow/.local/lib/python3.8/site-packages/airflow/example_dags/example_skip_dag.py took 0.060 seconds
[2023-10-14T08:41:58.705+0000] {processor.py:157} INFO - Started process (PID=459) to work on /home/airflow/.local/lib/python3.8/site-packages/airflow/example_dags/example_skip_dag.py
[2023-10-14T08:41:58.707+0000] {processor.py:829} INFO - Processing file /home/airflow/.local/lib/python3.8/site-packages/airflow/example_dags/example_skip_dag.py for tasks to queue
[2023-10-14T08:41:58.711+0000] {logging_mixin.py:151} INFO - [2023-10-14T08:41:58.710+0000] {dagbag.py:536} INFO - Filling up the DagBag from /home/airflow/.local/lib/python3.8/site-packages/airflow/example_dags/example_skip_dag.py
[2023-10-14T08:41:58.718+0000] {processor.py:839} INFO - DAG(s) dict_keys(['example_skip_dag']) retrieved from /home/airflow/.local/lib/python3.8/site-packages/airflow/example_dags/example_skip_dag.py
[2023-10-14T08:41:58.739+0000] {logging_mixin.py:151} INFO - [2023-10-14T08:41:58.738+0000] {dag.py:2941} INFO - Sync 1 DAGs
[2023-10-14T08:41:58.752+0000] {logging_mixin.py:151} INFO - [2023-10-14T08:41:58.752+0000] {dag.py:3722} INFO - Setting next_dagrun for example_skip_dag to 2023-10-13T08:41:58.752427+00:00, run_after=2023-10-14T08:41:58.752427+00:00
[2023-10-14T08:41:58.762+0000] {processor.py:179} INFO - Processing /home/airflow/.local/lib/python3.8/site-packages/airflow/example_dags/example_skip_dag.py took 0.063 seconds
[2023-10-14T08:42:28.982+0000] {processor.py:157} INFO - Started process (PID=515) to work on /home/airflow/.local/lib/python3.8/site-packages/airflow/example_dags/example_skip_dag.py
[2023-10-14T08:42:28.984+0000] {processor.py:829} INFO - Processing file /home/airflow/.local/lib/python3.8/site-packages/airflow/example_dags/example_skip_dag.py for tasks to queue
[2023-10-14T08:42:28.987+0000] {logging_mixin.py:151} INFO - [2023-10-14T08:42:28.986+0000] {dagbag.py:536} INFO - Filling up the DagBag from /home/airflow/.local/lib/python3.8/site-packages/airflow/example_dags/example_skip_dag.py
[2023-10-14T08:42:28.994+0000] {processor.py:839} INFO - DAG(s) dict_keys(['example_skip_dag']) retrieved from /home/airflow/.local/lib/python3.8/site-packages/airflow/example_dags/example_skip_dag.py
[2023-10-14T08:42:29.014+0000] {logging_mixin.py:151} INFO - [2023-10-14T08:42:29.013+0000] {dag.py:2941} INFO - Sync 1 DAGs
[2023-10-14T08:42:29.028+0000] {logging_mixin.py:151} INFO - [2023-10-14T08:42:29.027+0000] {dag.py:3722} INFO - Setting next_dagrun for example_skip_dag to 2023-10-13T08:42:29.027805+00:00, run_after=2023-10-14T08:42:29.027805+00:00
[2023-10-14T08:42:29.037+0000] {processor.py:179} INFO - Processing /home/airflow/.local/lib/python3.8/site-packages/airflow/example_dags/example_skip_dag.py took 0.061 seconds
[2023-10-14T08:42:59.358+0000] {processor.py:157} INFO - Started process (PID=571) to work on /home/airflow/.local/lib/python3.8/site-packages/airflow/example_dags/example_skip_dag.py
[2023-10-14T08:42:59.359+0000] {processor.py:829} INFO - Processing file /home/airflow/.local/lib/python3.8/site-packages/airflow/example_dags/example_skip_dag.py for tasks to queue
[2023-10-14T08:42:59.361+0000] {logging_mixin.py:151} INFO - [2023-10-14T08:42:59.361+0000] {dagbag.py:536} INFO - Filling up the DagBag from /home/airflow/.local/lib/python3.8/site-packages/airflow/example_dags/example_skip_dag.py
[2023-10-14T08:42:59.368+0000] {processor.py:839} INFO - DAG(s) dict_keys(['example_skip_dag']) retrieved from /home/airflow/.local/lib/python3.8/site-packages/airflow/example_dags/example_skip_dag.py
[2023-10-14T08:42:59.387+0000] {logging_mixin.py:151} INFO - [2023-10-14T08:42:59.387+0000] {dag.py:2941} INFO - Sync 1 DAGs
[2023-10-14T08:42:59.401+0000] {logging_mixin.py:151} INFO - [2023-10-14T08:42:59.400+0000] {dag.py:3722} INFO - Setting next_dagrun for example_skip_dag to 2023-10-13T08:42:59.400797+00:00, run_after=2023-10-14T08:42:59.400797+00:00
[2023-10-14T08:42:59.411+0000] {processor.py:179} INFO - Processing /home/airflow/.local/lib/python3.8/site-packages/airflow/example_dags/example_skip_dag.py took 0.058 seconds
