[2023-10-14T08:38:27.805+0000] {processor.py:157} INFO - Started process (PID=78) to work on /home/airflow/.local/lib/python3.8/site-packages/airflow/example_dags/example_local_kubernetes_executor.py
[2023-10-14T08:38:27.806+0000] {processor.py:829} INFO - Processing file /home/airflow/.local/lib/python3.8/site-packages/airflow/example_dags/example_local_kubernetes_executor.py for tasks to queue
[2023-10-14T08:38:27.808+0000] {logging_mixin.py:151} INFO - [2023-10-14T08:38:27.807+0000] {dagbag.py:536} INFO - Filling up the DagBag from /home/airflow/.local/lib/python3.8/site-packages/airflow/example_dags/example_local_kubernetes_executor.py
[2023-10-14T08:38:27.813+0000] {processor.py:839} INFO - DAG(s) dict_keys(['example_local_kubernetes_executor']) retrieved from /home/airflow/.local/lib/python3.8/site-packages/airflow/example_dags/example_local_kubernetes_executor.py
[2023-10-14T08:38:27.877+0000] {logging_mixin.py:151} INFO - [2023-10-14T08:38:27.876+0000] {manager.py:499} INFO - Created Permission View: %s
[2023-10-14T08:38:27.881+0000] {logging_mixin.py:151} INFO - [2023-10-14T08:38:27.881+0000] {manager.py:499} INFO - Created Permission View: %s
[2023-10-14T08:38:27.884+0000] {logging_mixin.py:151} INFO - [2023-10-14T08:38:27.884+0000] {manager.py:499} INFO - Created Permission View: %s
[2023-10-14T08:38:27.884+0000] {logging_mixin.py:151} INFO - [2023-10-14T08:38:27.884+0000] {dag.py:2941} INFO - Sync 1 DAGs
[2023-10-14T08:38:27.890+0000] {logging_mixin.py:151} INFO - [2023-10-14T08:38:27.890+0000] {dag.py:2963} INFO - Creating ORM DAG for example_local_kubernetes_executor
[2023-10-14T08:38:27.890+0000] {logging_mixin.py:151} INFO - [2023-10-14T08:38:27.890+0000] {dag.py:3722} INFO - Setting next_dagrun for example_local_kubernetes_executor to None, run_after=None
[2023-10-14T08:38:27.900+0000] {processor.py:179} INFO - Processing /home/airflow/.local/lib/python3.8/site-packages/airflow/example_dags/example_local_kubernetes_executor.py took 0.097 seconds
[2023-10-14T08:38:58.366+0000] {processor.py:157} INFO - Started process (PID=136) to work on /home/airflow/.local/lib/python3.8/site-packages/airflow/example_dags/example_local_kubernetes_executor.py
[2023-10-14T08:38:58.367+0000] {processor.py:829} INFO - Processing file /home/airflow/.local/lib/python3.8/site-packages/airflow/example_dags/example_local_kubernetes_executor.py for tasks to queue
[2023-10-14T08:38:58.369+0000] {logging_mixin.py:151} INFO - [2023-10-14T08:38:58.369+0000] {dagbag.py:536} INFO - Filling up the DagBag from /home/airflow/.local/lib/python3.8/site-packages/airflow/example_dags/example_local_kubernetes_executor.py
[2023-10-14T08:38:58.377+0000] {processor.py:839} INFO - DAG(s) dict_keys(['example_local_kubernetes_executor']) retrieved from /home/airflow/.local/lib/python3.8/site-packages/airflow/example_dags/example_local_kubernetes_executor.py
[2023-10-14T08:38:58.400+0000] {logging_mixin.py:151} INFO - [2023-10-14T08:38:58.400+0000] {dag.py:2941} INFO - Sync 1 DAGs
[2023-10-14T08:38:58.408+0000] {logging_mixin.py:151} INFO - [2023-10-14T08:38:58.408+0000] {dag.py:3722} INFO - Setting next_dagrun for example_local_kubernetes_executor to None, run_after=None
[2023-10-14T08:38:58.418+0000] {processor.py:179} INFO - Processing /home/airflow/.local/lib/python3.8/site-packages/airflow/example_dags/example_local_kubernetes_executor.py took 0.054 seconds
[2023-10-14T08:39:28.721+0000] {processor.py:157} INFO - Started process (PID=192) to work on /home/airflow/.local/lib/python3.8/site-packages/airflow/example_dags/example_local_kubernetes_executor.py
[2023-10-14T08:39:28.722+0000] {processor.py:829} INFO - Processing file /home/airflow/.local/lib/python3.8/site-packages/airflow/example_dags/example_local_kubernetes_executor.py for tasks to queue
[2023-10-14T08:39:28.724+0000] {logging_mixin.py:151} INFO - [2023-10-14T08:39:28.723+0000] {dagbag.py:536} INFO - Filling up the DagBag from /home/airflow/.local/lib/python3.8/site-packages/airflow/example_dags/example_local_kubernetes_executor.py
[2023-10-14T08:39:28.729+0000] {processor.py:839} INFO - DAG(s) dict_keys(['example_local_kubernetes_executor']) retrieved from /home/airflow/.local/lib/python3.8/site-packages/airflow/example_dags/example_local_kubernetes_executor.py
[2023-10-14T08:39:28.752+0000] {logging_mixin.py:151} INFO - [2023-10-14T08:39:28.752+0000] {dag.py:2941} INFO - Sync 1 DAGs
[2023-10-14T08:39:28.759+0000] {logging_mixin.py:151} INFO - [2023-10-14T08:39:28.759+0000] {dag.py:3722} INFO - Setting next_dagrun for example_local_kubernetes_executor to None, run_after=None
[2023-10-14T08:39:28.769+0000] {processor.py:179} INFO - Processing /home/airflow/.local/lib/python3.8/site-packages/airflow/example_dags/example_local_kubernetes_executor.py took 0.050 seconds
[2023-10-14T08:39:59.725+0000] {processor.py:157} INFO - Started process (PID=248) to work on /home/airflow/.local/lib/python3.8/site-packages/airflow/example_dags/example_local_kubernetes_executor.py
[2023-10-14T08:39:59.726+0000] {processor.py:829} INFO - Processing file /home/airflow/.local/lib/python3.8/site-packages/airflow/example_dags/example_local_kubernetes_executor.py for tasks to queue
[2023-10-14T08:39:59.728+0000] {logging_mixin.py:151} INFO - [2023-10-14T08:39:59.727+0000] {dagbag.py:536} INFO - Filling up the DagBag from /home/airflow/.local/lib/python3.8/site-packages/airflow/example_dags/example_local_kubernetes_executor.py
[2023-10-14T08:39:59.735+0000] {processor.py:839} INFO - DAG(s) dict_keys(['example_local_kubernetes_executor']) retrieved from /home/airflow/.local/lib/python3.8/site-packages/airflow/example_dags/example_local_kubernetes_executor.py
[2023-10-14T08:39:59.759+0000] {logging_mixin.py:151} INFO - [2023-10-14T08:39:59.758+0000] {dag.py:2941} INFO - Sync 1 DAGs
[2023-10-14T08:39:59.767+0000] {logging_mixin.py:151} INFO - [2023-10-14T08:39:59.767+0000] {dag.py:3722} INFO - Setting next_dagrun for example_local_kubernetes_executor to None, run_after=None
[2023-10-14T08:39:59.778+0000] {processor.py:179} INFO - Processing /home/airflow/.local/lib/python3.8/site-packages/airflow/example_dags/example_local_kubernetes_executor.py took 0.055 seconds
[2023-10-14T08:40:29.935+0000] {processor.py:157} INFO - Started process (PID=312) to work on /home/airflow/.local/lib/python3.8/site-packages/airflow/example_dags/example_local_kubernetes_executor.py
[2023-10-14T08:40:29.936+0000] {processor.py:829} INFO - Processing file /home/airflow/.local/lib/python3.8/site-packages/airflow/example_dags/example_local_kubernetes_executor.py for tasks to queue
[2023-10-14T08:40:29.938+0000] {logging_mixin.py:151} INFO - [2023-10-14T08:40:29.938+0000] {dagbag.py:536} INFO - Filling up the DagBag from /home/airflow/.local/lib/python3.8/site-packages/airflow/example_dags/example_local_kubernetes_executor.py
[2023-10-14T08:40:29.943+0000] {processor.py:839} INFO - DAG(s) dict_keys(['example_local_kubernetes_executor']) retrieved from /home/airflow/.local/lib/python3.8/site-packages/airflow/example_dags/example_local_kubernetes_executor.py
[2023-10-14T08:40:29.965+0000] {logging_mixin.py:151} INFO - [2023-10-14T08:40:29.964+0000] {dag.py:2941} INFO - Sync 1 DAGs
[2023-10-14T08:40:29.971+0000] {logging_mixin.py:151} INFO - [2023-10-14T08:40:29.971+0000] {dag.py:3722} INFO - Setting next_dagrun for example_local_kubernetes_executor to None, run_after=None
[2023-10-14T08:40:29.980+0000] {processor.py:179} INFO - Processing /home/airflow/.local/lib/python3.8/site-packages/airflow/example_dags/example_local_kubernetes_executor.py took 0.046 seconds
[2023-10-14T08:41:00.092+0000] {processor.py:157} INFO - Started process (PID=368) to work on /home/airflow/.local/lib/python3.8/site-packages/airflow/example_dags/example_local_kubernetes_executor.py
[2023-10-14T08:41:00.093+0000] {processor.py:829} INFO - Processing file /home/airflow/.local/lib/python3.8/site-packages/airflow/example_dags/example_local_kubernetes_executor.py for tasks to queue
[2023-10-14T08:41:00.094+0000] {logging_mixin.py:151} INFO - [2023-10-14T08:41:00.094+0000] {dagbag.py:536} INFO - Filling up the DagBag from /home/airflow/.local/lib/python3.8/site-packages/airflow/example_dags/example_local_kubernetes_executor.py
[2023-10-14T08:41:00.099+0000] {processor.py:839} INFO - DAG(s) dict_keys(['example_local_kubernetes_executor']) retrieved from /home/airflow/.local/lib/python3.8/site-packages/airflow/example_dags/example_local_kubernetes_executor.py
[2023-10-14T08:41:00.119+0000] {logging_mixin.py:151} INFO - [2023-10-14T08:41:00.119+0000] {dag.py:2941} INFO - Sync 1 DAGs
[2023-10-14T08:41:00.125+0000] {logging_mixin.py:151} INFO - [2023-10-14T08:41:00.125+0000] {dag.py:3722} INFO - Setting next_dagrun for example_local_kubernetes_executor to None, run_after=None
[2023-10-14T08:41:00.134+0000] {processor.py:179} INFO - Processing /home/airflow/.local/lib/python3.8/site-packages/airflow/example_dags/example_local_kubernetes_executor.py took 0.044 seconds
[2023-10-14T08:41:30.338+0000] {processor.py:157} INFO - Started process (PID=424) to work on /home/airflow/.local/lib/python3.8/site-packages/airflow/example_dags/example_local_kubernetes_executor.py
[2023-10-14T08:41:30.339+0000] {processor.py:829} INFO - Processing file /home/airflow/.local/lib/python3.8/site-packages/airflow/example_dags/example_local_kubernetes_executor.py for tasks to queue
[2023-10-14T08:41:30.340+0000] {logging_mixin.py:151} INFO - [2023-10-14T08:41:30.340+0000] {dagbag.py:536} INFO - Filling up the DagBag from /home/airflow/.local/lib/python3.8/site-packages/airflow/example_dags/example_local_kubernetes_executor.py
[2023-10-14T08:41:30.346+0000] {processor.py:839} INFO - DAG(s) dict_keys(['example_local_kubernetes_executor']) retrieved from /home/airflow/.local/lib/python3.8/site-packages/airflow/example_dags/example_local_kubernetes_executor.py
[2023-10-14T08:41:30.367+0000] {logging_mixin.py:151} INFO - [2023-10-14T08:41:30.367+0000] {dag.py:2941} INFO - Sync 1 DAGs
[2023-10-14T08:41:30.373+0000] {logging_mixin.py:151} INFO - [2023-10-14T08:41:30.373+0000] {dag.py:3722} INFO - Setting next_dagrun for example_local_kubernetes_executor to None, run_after=None
[2023-10-14T08:41:30.382+0000] {processor.py:179} INFO - Processing /home/airflow/.local/lib/python3.8/site-packages/airflow/example_dags/example_local_kubernetes_executor.py took 0.046 seconds
[2023-10-14T08:42:00.576+0000] {processor.py:157} INFO - Started process (PID=480) to work on /home/airflow/.local/lib/python3.8/site-packages/airflow/example_dags/example_local_kubernetes_executor.py
[2023-10-14T08:42:00.577+0000] {processor.py:829} INFO - Processing file /home/airflow/.local/lib/python3.8/site-packages/airflow/example_dags/example_local_kubernetes_executor.py for tasks to queue
[2023-10-14T08:42:00.578+0000] {logging_mixin.py:151} INFO - [2023-10-14T08:42:00.578+0000] {dagbag.py:536} INFO - Filling up the DagBag from /home/airflow/.local/lib/python3.8/site-packages/airflow/example_dags/example_local_kubernetes_executor.py
[2023-10-14T08:42:00.584+0000] {processor.py:839} INFO - DAG(s) dict_keys(['example_local_kubernetes_executor']) retrieved from /home/airflow/.local/lib/python3.8/site-packages/airflow/example_dags/example_local_kubernetes_executor.py
[2023-10-14T08:42:00.606+0000] {logging_mixin.py:151} INFO - [2023-10-14T08:42:00.605+0000] {dag.py:2941} INFO - Sync 1 DAGs
[2023-10-14T08:42:00.612+0000] {logging_mixin.py:151} INFO - [2023-10-14T08:42:00.612+0000] {dag.py:3722} INFO - Setting next_dagrun for example_local_kubernetes_executor to None, run_after=None
[2023-10-14T08:42:00.622+0000] {processor.py:179} INFO - Processing /home/airflow/.local/lib/python3.8/site-packages/airflow/example_dags/example_local_kubernetes_executor.py took 0.048 seconds
[2023-10-14T08:42:30.861+0000] {processor.py:157} INFO - Started process (PID=536) to work on /home/airflow/.local/lib/python3.8/site-packages/airflow/example_dags/example_local_kubernetes_executor.py
[2023-10-14T08:42:30.862+0000] {processor.py:829} INFO - Processing file /home/airflow/.local/lib/python3.8/site-packages/airflow/example_dags/example_local_kubernetes_executor.py for tasks to queue
[2023-10-14T08:42:30.864+0000] {logging_mixin.py:151} INFO - [2023-10-14T08:42:30.863+0000] {dagbag.py:536} INFO - Filling up the DagBag from /home/airflow/.local/lib/python3.8/site-packages/airflow/example_dags/example_local_kubernetes_executor.py
[2023-10-14T08:42:30.869+0000] {processor.py:839} INFO - DAG(s) dict_keys(['example_local_kubernetes_executor']) retrieved from /home/airflow/.local/lib/python3.8/site-packages/airflow/example_dags/example_local_kubernetes_executor.py
[2023-10-14T08:42:30.890+0000] {logging_mixin.py:151} INFO - [2023-10-14T08:42:30.890+0000] {dag.py:2941} INFO - Sync 1 DAGs
[2023-10-14T08:42:30.897+0000] {logging_mixin.py:151} INFO - [2023-10-14T08:42:30.897+0000] {dag.py:3722} INFO - Setting next_dagrun for example_local_kubernetes_executor to None, run_after=None
[2023-10-14T08:42:30.907+0000] {processor.py:179} INFO - Processing /home/airflow/.local/lib/python3.8/site-packages/airflow/example_dags/example_local_kubernetes_executor.py took 0.050 seconds
[2023-10-14T08:43:01.123+0000] {processor.py:157} INFO - Started process (PID=592) to work on /home/airflow/.local/lib/python3.8/site-packages/airflow/example_dags/example_local_kubernetes_executor.py
[2023-10-14T08:43:01.124+0000] {processor.py:829} INFO - Processing file /home/airflow/.local/lib/python3.8/site-packages/airflow/example_dags/example_local_kubernetes_executor.py for tasks to queue
[2023-10-14T08:43:01.126+0000] {logging_mixin.py:151} INFO - [2023-10-14T08:43:01.126+0000] {dagbag.py:536} INFO - Filling up the DagBag from /home/airflow/.local/lib/python3.8/site-packages/airflow/example_dags/example_local_kubernetes_executor.py
[2023-10-14T08:43:01.132+0000] {processor.py:839} INFO - DAG(s) dict_keys(['example_local_kubernetes_executor']) retrieved from /home/airflow/.local/lib/python3.8/site-packages/airflow/example_dags/example_local_kubernetes_executor.py
[2023-10-14T08:43:01.156+0000] {logging_mixin.py:151} INFO - [2023-10-14T08:43:01.156+0000] {dag.py:2941} INFO - Sync 1 DAGs
[2023-10-14T08:43:01.164+0000] {logging_mixin.py:151} INFO - [2023-10-14T08:43:01.164+0000] {dag.py:3722} INFO - Setting next_dagrun for example_local_kubernetes_executor to None, run_after=None
[2023-10-14T08:43:01.177+0000] {processor.py:179} INFO - Processing /home/airflow/.local/lib/python3.8/site-packages/airflow/example_dags/example_local_kubernetes_executor.py took 0.056 seconds
