[2023-10-14T08:38:25.764+0000] {processor.py:157} INFO - Started process (PID=52) to work on /home/airflow/.local/lib/python3.8/site-packages/airflow/example_dags/example_branch_operator_decorator.py
[2023-10-14T08:38:25.764+0000] {processor.py:829} INFO - Processing file /home/airflow/.local/lib/python3.8/site-packages/airflow/example_dags/example_branch_operator_decorator.py for tasks to queue
[2023-10-14T08:38:25.766+0000] {logging_mixin.py:151} INFO - [2023-10-14T08:38:25.766+0000] {dagbag.py:536} INFO - Filling up the DagBag from /home/airflow/.local/lib/python3.8/site-packages/airflow/example_dags/example_branch_operator_decorator.py
[2023-10-14T08:38:25.777+0000] {processor.py:839} INFO - DAG(s) dict_keys(['example_branch_python_operator_decorator']) retrieved from /home/airflow/.local/lib/python3.8/site-packages/airflow/example_dags/example_branch_operator_decorator.py
[2023-10-14T08:38:25.866+0000] {logging_mixin.py:151} INFO - [2023-10-14T08:38:25.866+0000] {manager.py:499} INFO - Created Permission View: %s
[2023-10-14T08:38:25.872+0000] {logging_mixin.py:151} INFO - [2023-10-14T08:38:25.872+0000] {manager.py:499} INFO - Created Permission View: %s
[2023-10-14T08:38:25.877+0000] {logging_mixin.py:151} INFO - [2023-10-14T08:38:25.877+0000] {manager.py:499} INFO - Created Permission View: %s
[2023-10-14T08:38:25.878+0000] {logging_mixin.py:151} INFO - [2023-10-14T08:38:25.878+0000] {dag.py:2941} INFO - Sync 1 DAGs
[2023-10-14T08:38:25.885+0000] {logging_mixin.py:151} INFO - [2023-10-14T08:38:25.885+0000] {dag.py:2963} INFO - Creating ORM DAG for example_branch_python_operator_decorator
[2023-10-14T08:38:25.892+0000] {logging_mixin.py:151} INFO - [2023-10-14T08:38:25.892+0000] {dag.py:3722} INFO - Setting next_dagrun for example_branch_python_operator_decorator to 2023-10-13T00:00:00+00:00, run_after=2023-10-14T00:00:00+00:00
[2023-10-14T08:38:25.903+0000] {processor.py:179} INFO - Processing /home/airflow/.local/lib/python3.8/site-packages/airflow/example_dags/example_branch_operator_decorator.py took 0.142 seconds
[2023-10-14T08:38:56.176+0000] {processor.py:157} INFO - Started process (PID=110) to work on /home/airflow/.local/lib/python3.8/site-packages/airflow/example_dags/example_branch_operator_decorator.py
[2023-10-14T08:38:56.177+0000] {processor.py:829} INFO - Processing file /home/airflow/.local/lib/python3.8/site-packages/airflow/example_dags/example_branch_operator_decorator.py for tasks to queue
[2023-10-14T08:38:56.178+0000] {logging_mixin.py:151} INFO - [2023-10-14T08:38:56.178+0000] {dagbag.py:536} INFO - Filling up the DagBag from /home/airflow/.local/lib/python3.8/site-packages/airflow/example_dags/example_branch_operator_decorator.py
[2023-10-14T08:38:56.185+0000] {processor.py:839} INFO - DAG(s) dict_keys(['example_branch_python_operator_decorator']) retrieved from /home/airflow/.local/lib/python3.8/site-packages/airflow/example_dags/example_branch_operator_decorator.py
[2023-10-14T08:38:56.200+0000] {logging_mixin.py:151} INFO - [2023-10-14T08:38:56.199+0000] {dag.py:2941} INFO - Sync 1 DAGs
[2023-10-14T08:38:56.213+0000] {logging_mixin.py:151} INFO - [2023-10-14T08:38:56.213+0000] {dag.py:3722} INFO - Setting next_dagrun for example_branch_python_operator_decorator to 2023-10-13T00:00:00+00:00, run_after=2023-10-14T00:00:00+00:00
[2023-10-14T08:38:56.221+0000] {processor.py:179} INFO - Processing /home/airflow/.local/lib/python3.8/site-packages/airflow/example_dags/example_branch_operator_decorator.py took 0.047 seconds
[2023-10-14T08:39:26.583+0000] {processor.py:157} INFO - Started process (PID=166) to work on /home/airflow/.local/lib/python3.8/site-packages/airflow/example_dags/example_branch_operator_decorator.py
[2023-10-14T08:39:26.584+0000] {processor.py:829} INFO - Processing file /home/airflow/.local/lib/python3.8/site-packages/airflow/example_dags/example_branch_operator_decorator.py for tasks to queue
[2023-10-14T08:39:26.585+0000] {logging_mixin.py:151} INFO - [2023-10-14T08:39:26.585+0000] {dagbag.py:536} INFO - Filling up the DagBag from /home/airflow/.local/lib/python3.8/site-packages/airflow/example_dags/example_branch_operator_decorator.py
[2023-10-14T08:39:26.592+0000] {processor.py:839} INFO - DAG(s) dict_keys(['example_branch_python_operator_decorator']) retrieved from /home/airflow/.local/lib/python3.8/site-packages/airflow/example_dags/example_branch_operator_decorator.py
[2023-10-14T08:39:26.606+0000] {logging_mixin.py:151} INFO - [2023-10-14T08:39:26.605+0000] {dag.py:2941} INFO - Sync 1 DAGs
[2023-10-14T08:39:26.618+0000] {logging_mixin.py:151} INFO - [2023-10-14T08:39:26.618+0000] {dag.py:3722} INFO - Setting next_dagrun for example_branch_python_operator_decorator to 2023-10-13T00:00:00+00:00, run_after=2023-10-14T00:00:00+00:00
[2023-10-14T08:39:26.627+0000] {processor.py:179} INFO - Processing /home/airflow/.local/lib/python3.8/site-packages/airflow/example_dags/example_branch_operator_decorator.py took 0.046 seconds
[2023-10-14T08:39:56.713+0000] {processor.py:157} INFO - Started process (PID=222) to work on /home/airflow/.local/lib/python3.8/site-packages/airflow/example_dags/example_branch_operator_decorator.py
[2023-10-14T08:39:56.714+0000] {processor.py:829} INFO - Processing file /home/airflow/.local/lib/python3.8/site-packages/airflow/example_dags/example_branch_operator_decorator.py for tasks to queue
[2023-10-14T08:39:56.716+0000] {logging_mixin.py:151} INFO - [2023-10-14T08:39:56.716+0000] {dagbag.py:536} INFO - Filling up the DagBag from /home/airflow/.local/lib/python3.8/site-packages/airflow/example_dags/example_branch_operator_decorator.py
[2023-10-14T08:39:56.722+0000] {processor.py:839} INFO - DAG(s) dict_keys(['example_branch_python_operator_decorator']) retrieved from /home/airflow/.local/lib/python3.8/site-packages/airflow/example_dags/example_branch_operator_decorator.py
[2023-10-14T08:39:56.737+0000] {logging_mixin.py:151} INFO - [2023-10-14T08:39:56.736+0000] {dag.py:2941} INFO - Sync 1 DAGs
[2023-10-14T08:39:56.748+0000] {logging_mixin.py:151} INFO - [2023-10-14T08:39:56.748+0000] {dag.py:3722} INFO - Setting next_dagrun for example_branch_python_operator_decorator to 2023-10-13T00:00:00+00:00, run_after=2023-10-14T00:00:00+00:00
[2023-10-14T08:39:56.757+0000] {processor.py:179} INFO - Processing /home/airflow/.local/lib/python3.8/site-packages/airflow/example_dags/example_branch_operator_decorator.py took 0.045 seconds
[2023-10-14T08:40:26.868+0000] {processor.py:157} INFO - Started process (PID=286) to work on /home/airflow/.local/lib/python3.8/site-packages/airflow/example_dags/example_branch_operator_decorator.py
[2023-10-14T08:40:26.869+0000] {processor.py:829} INFO - Processing file /home/airflow/.local/lib/python3.8/site-packages/airflow/example_dags/example_branch_operator_decorator.py for tasks to queue
[2023-10-14T08:40:26.871+0000] {logging_mixin.py:151} INFO - [2023-10-14T08:40:26.871+0000] {dagbag.py:536} INFO - Filling up the DagBag from /home/airflow/.local/lib/python3.8/site-packages/airflow/example_dags/example_branch_operator_decorator.py
[2023-10-14T08:40:26.877+0000] {processor.py:839} INFO - DAG(s) dict_keys(['example_branch_python_operator_decorator']) retrieved from /home/airflow/.local/lib/python3.8/site-packages/airflow/example_dags/example_branch_operator_decorator.py
[2023-10-14T08:40:26.892+0000] {logging_mixin.py:151} INFO - [2023-10-14T08:40:26.891+0000] {dag.py:2941} INFO - Sync 1 DAGs
[2023-10-14T08:40:26.903+0000] {logging_mixin.py:151} INFO - [2023-10-14T08:40:26.903+0000] {dag.py:3722} INFO - Setting next_dagrun for example_branch_python_operator_decorator to 2023-10-13T00:00:00+00:00, run_after=2023-10-14T00:00:00+00:00
[2023-10-14T08:40:26.913+0000] {processor.py:179} INFO - Processing /home/airflow/.local/lib/python3.8/site-packages/airflow/example_dags/example_branch_operator_decorator.py took 0.047 seconds
[2023-10-14T08:40:57.118+0000] {processor.py:157} INFO - Started process (PID=342) to work on /home/airflow/.local/lib/python3.8/site-packages/airflow/example_dags/example_branch_operator_decorator.py
[2023-10-14T08:40:57.119+0000] {processor.py:829} INFO - Processing file /home/airflow/.local/lib/python3.8/site-packages/airflow/example_dags/example_branch_operator_decorator.py for tasks to queue
[2023-10-14T08:40:57.121+0000] {logging_mixin.py:151} INFO - [2023-10-14T08:40:57.121+0000] {dagbag.py:536} INFO - Filling up the DagBag from /home/airflow/.local/lib/python3.8/site-packages/airflow/example_dags/example_branch_operator_decorator.py
[2023-10-14T08:40:57.127+0000] {processor.py:839} INFO - DAG(s) dict_keys(['example_branch_python_operator_decorator']) retrieved from /home/airflow/.local/lib/python3.8/site-packages/airflow/example_dags/example_branch_operator_decorator.py
[2023-10-14T08:40:57.142+0000] {logging_mixin.py:151} INFO - [2023-10-14T08:40:57.141+0000] {dag.py:2941} INFO - Sync 1 DAGs
[2023-10-14T08:40:57.154+0000] {logging_mixin.py:151} INFO - [2023-10-14T08:40:57.154+0000] {dag.py:3722} INFO - Setting next_dagrun for example_branch_python_operator_decorator to 2023-10-13T00:00:00+00:00, run_after=2023-10-14T00:00:00+00:00
[2023-10-14T08:40:57.162+0000] {processor.py:179} INFO - Processing /home/airflow/.local/lib/python3.8/site-packages/airflow/example_dags/example_branch_operator_decorator.py took 0.046 seconds
[2023-10-14T08:41:27.295+0000] {processor.py:157} INFO - Started process (PID=398) to work on /home/airflow/.local/lib/python3.8/site-packages/airflow/example_dags/example_branch_operator_decorator.py
[2023-10-14T08:41:27.296+0000] {processor.py:829} INFO - Processing file /home/airflow/.local/lib/python3.8/site-packages/airflow/example_dags/example_branch_operator_decorator.py for tasks to queue
[2023-10-14T08:41:27.298+0000] {logging_mixin.py:151} INFO - [2023-10-14T08:41:27.298+0000] {dagbag.py:536} INFO - Filling up the DagBag from /home/airflow/.local/lib/python3.8/site-packages/airflow/example_dags/example_branch_operator_decorator.py
[2023-10-14T08:41:27.304+0000] {processor.py:839} INFO - DAG(s) dict_keys(['example_branch_python_operator_decorator']) retrieved from /home/airflow/.local/lib/python3.8/site-packages/airflow/example_dags/example_branch_operator_decorator.py
[2023-10-14T08:41:27.318+0000] {logging_mixin.py:151} INFO - [2023-10-14T08:41:27.318+0000] {dag.py:2941} INFO - Sync 1 DAGs
[2023-10-14T08:41:27.329+0000] {logging_mixin.py:151} INFO - [2023-10-14T08:41:27.329+0000] {dag.py:3722} INFO - Setting next_dagrun for example_branch_python_operator_decorator to 2023-10-13T00:00:00+00:00, run_after=2023-10-14T00:00:00+00:00
[2023-10-14T08:41:27.337+0000] {processor.py:179} INFO - Processing /home/airflow/.local/lib/python3.8/site-packages/airflow/example_dags/example_branch_operator_decorator.py took 0.044 seconds
[2023-10-14T08:41:57.506+0000] {processor.py:157} INFO - Started process (PID=454) to work on /home/airflow/.local/lib/python3.8/site-packages/airflow/example_dags/example_branch_operator_decorator.py
[2023-10-14T08:41:57.507+0000] {processor.py:829} INFO - Processing file /home/airflow/.local/lib/python3.8/site-packages/airflow/example_dags/example_branch_operator_decorator.py for tasks to queue
[2023-10-14T08:41:57.509+0000] {logging_mixin.py:151} INFO - [2023-10-14T08:41:57.509+0000] {dagbag.py:536} INFO - Filling up the DagBag from /home/airflow/.local/lib/python3.8/site-packages/airflow/example_dags/example_branch_operator_decorator.py
[2023-10-14T08:41:57.515+0000] {processor.py:839} INFO - DAG(s) dict_keys(['example_branch_python_operator_decorator']) retrieved from /home/airflow/.local/lib/python3.8/site-packages/airflow/example_dags/example_branch_operator_decorator.py
[2023-10-14T08:41:57.529+0000] {logging_mixin.py:151} INFO - [2023-10-14T08:41:57.529+0000] {dag.py:2941} INFO - Sync 1 DAGs
[2023-10-14T08:41:57.541+0000] {logging_mixin.py:151} INFO - [2023-10-14T08:41:57.541+0000] {dag.py:3722} INFO - Setting next_dagrun for example_branch_python_operator_decorator to 2023-10-13T00:00:00+00:00, run_after=2023-10-14T00:00:00+00:00
[2023-10-14T08:41:57.550+0000] {processor.py:179} INFO - Processing /home/airflow/.local/lib/python3.8/site-packages/airflow/example_dags/example_branch_operator_decorator.py took 0.046 seconds
[2023-10-14T08:42:27.771+0000] {processor.py:157} INFO - Started process (PID=510) to work on /home/airflow/.local/lib/python3.8/site-packages/airflow/example_dags/example_branch_operator_decorator.py
[2023-10-14T08:42:27.771+0000] {processor.py:829} INFO - Processing file /home/airflow/.local/lib/python3.8/site-packages/airflow/example_dags/example_branch_operator_decorator.py for tasks to queue
[2023-10-14T08:42:27.773+0000] {logging_mixin.py:151} INFO - [2023-10-14T08:42:27.773+0000] {dagbag.py:536} INFO - Filling up the DagBag from /home/airflow/.local/lib/python3.8/site-packages/airflow/example_dags/example_branch_operator_decorator.py
[2023-10-14T08:42:27.779+0000] {processor.py:839} INFO - DAG(s) dict_keys(['example_branch_python_operator_decorator']) retrieved from /home/airflow/.local/lib/python3.8/site-packages/airflow/example_dags/example_branch_operator_decorator.py
[2023-10-14T08:42:27.794+0000] {logging_mixin.py:151} INFO - [2023-10-14T08:42:27.793+0000] {dag.py:2941} INFO - Sync 1 DAGs
[2023-10-14T08:42:27.805+0000] {logging_mixin.py:151} INFO - [2023-10-14T08:42:27.805+0000] {dag.py:3722} INFO - Setting next_dagrun for example_branch_python_operator_decorator to 2023-10-13T00:00:00+00:00, run_after=2023-10-14T00:00:00+00:00
[2023-10-14T08:42:27.815+0000] {processor.py:179} INFO - Processing /home/airflow/.local/lib/python3.8/site-packages/airflow/example_dags/example_branch_operator_decorator.py took 0.046 seconds
[2023-10-14T08:42:58.106+0000] {processor.py:157} INFO - Started process (PID=566) to work on /home/airflow/.local/lib/python3.8/site-packages/airflow/example_dags/example_branch_operator_decorator.py
[2023-10-14T08:42:58.109+0000] {processor.py:829} INFO - Processing file /home/airflow/.local/lib/python3.8/site-packages/airflow/example_dags/example_branch_operator_decorator.py for tasks to queue
[2023-10-14T08:42:58.112+0000] {logging_mixin.py:151} INFO - [2023-10-14T08:42:58.112+0000] {dagbag.py:536} INFO - Filling up the DagBag from /home/airflow/.local/lib/python3.8/site-packages/airflow/example_dags/example_branch_operator_decorator.py
[2023-10-14T08:42:58.120+0000] {processor.py:839} INFO - DAG(s) dict_keys(['example_branch_python_operator_decorator']) retrieved from /home/airflow/.local/lib/python3.8/site-packages/airflow/example_dags/example_branch_operator_decorator.py
[2023-10-14T08:42:58.161+0000] {logging_mixin.py:151} INFO - [2023-10-14T08:42:58.160+0000] {dag.py:2941} INFO - Sync 1 DAGs
[2023-10-14T08:42:58.173+0000] {logging_mixin.py:151} INFO - [2023-10-14T08:42:58.173+0000] {dag.py:3722} INFO - Setting next_dagrun for example_branch_python_operator_decorator to 2023-10-13T00:00:00+00:00, run_after=2023-10-14T00:00:00+00:00
[2023-10-14T08:42:58.183+0000] {processor.py:179} INFO - Processing /home/airflow/.local/lib/python3.8/site-packages/airflow/example_dags/example_branch_operator_decorator.py took 0.081 seconds
