[2023-10-14T08:38:26.098+0000] {processor.py:157} INFO - Started process (PID=56) to work on /home/airflow/.local/lib/python3.8/site-packages/airflow/example_dags/example_branch_datetime_operator.py
[2023-10-14T08:38:26.099+0000] {processor.py:829} INFO - Processing file /home/airflow/.local/lib/python3.8/site-packages/airflow/example_dags/example_branch_datetime_operator.py for tasks to queue
[2023-10-14T08:38:26.101+0000] {logging_mixin.py:151} INFO - [2023-10-14T08:38:26.100+0000] {dagbag.py:536} INFO - Filling up the DagBag from /home/airflow/.local/lib/python3.8/site-packages/airflow/example_dags/example_branch_datetime_operator.py
[2023-10-14T08:38:26.111+0000] {processor.py:839} INFO - DAG(s) dict_keys(['example_branch_datetime_operator', 'example_branch_datetime_operator_2', 'example_branch_datetime_operator_3']) retrieved from /home/airflow/.local/lib/python3.8/site-packages/airflow/example_dags/example_branch_datetime_operator.py
[2023-10-14T08:38:26.190+0000] {logging_mixin.py:151} INFO - [2023-10-14T08:38:26.190+0000] {manager.py:499} INFO - Created Permission View: %s
[2023-10-14T08:38:26.196+0000] {logging_mixin.py:151} INFO - [2023-10-14T08:38:26.196+0000] {manager.py:499} INFO - Created Permission View: %s
[2023-10-14T08:38:26.201+0000] {logging_mixin.py:151} INFO - [2023-10-14T08:38:26.201+0000] {manager.py:499} INFO - Created Permission View: %s
[2023-10-14T08:38:26.209+0000] {logging_mixin.py:151} INFO - [2023-10-14T08:38:26.209+0000] {manager.py:499} INFO - Created Permission View: %s
[2023-10-14T08:38:26.214+0000] {logging_mixin.py:151} INFO - [2023-10-14T08:38:26.213+0000] {manager.py:499} INFO - Created Permission View: %s
[2023-10-14T08:38:26.218+0000] {logging_mixin.py:151} INFO - [2023-10-14T08:38:26.218+0000] {manager.py:499} INFO - Created Permission View: %s
[2023-10-14T08:38:26.225+0000] {logging_mixin.py:151} INFO - [2023-10-14T08:38:26.225+0000] {manager.py:499} INFO - Created Permission View: %s
[2023-10-14T08:38:26.229+0000] {logging_mixin.py:151} INFO - [2023-10-14T08:38:26.229+0000] {manager.py:499} INFO - Created Permission View: %s
[2023-10-14T08:38:26.233+0000] {logging_mixin.py:151} INFO - [2023-10-14T08:38:26.233+0000] {manager.py:499} INFO - Created Permission View: %s
[2023-10-14T08:38:26.233+0000] {logging_mixin.py:151} INFO - [2023-10-14T08:38:26.233+0000] {dag.py:2941} INFO - Sync 3 DAGs
[2023-10-14T08:38:26.245+0000] {logging_mixin.py:151} INFO - [2023-10-14T08:38:26.245+0000] {dag.py:2963} INFO - Creating ORM DAG for example_branch_datetime_operator_2
[2023-10-14T08:38:26.246+0000] {logging_mixin.py:151} INFO - [2023-10-14T08:38:26.246+0000] {dag.py:2963} INFO - Creating ORM DAG for example_branch_datetime_operator_3
[2023-10-14T08:38:26.246+0000] {logging_mixin.py:151} INFO - [2023-10-14T08:38:26.246+0000] {dag.py:2963} INFO - Creating ORM DAG for example_branch_datetime_operator
[2023-10-14T08:38:26.255+0000] {logging_mixin.py:151} INFO - [2023-10-14T08:38:26.255+0000] {dag.py:3722} INFO - Setting next_dagrun for example_branch_datetime_operator to 2023-10-13T00:00:00+00:00, run_after=2023-10-14T00:00:00+00:00
[2023-10-14T08:38:26.256+0000] {logging_mixin.py:151} INFO - [2023-10-14T08:38:26.256+0000] {dag.py:3722} INFO - Setting next_dagrun for example_branch_datetime_operator_2 to 2023-10-13T00:00:00+00:00, run_after=2023-10-14T00:00:00+00:00
[2023-10-14T08:38:26.257+0000] {logging_mixin.py:151} INFO - [2023-10-14T08:38:26.257+0000] {dag.py:3722} INFO - Setting next_dagrun for example_branch_datetime_operator_3 to 2023-10-13T00:00:00+00:00, run_after=2023-10-14T00:00:00+00:00
[2023-10-14T08:38:26.268+0000] {processor.py:179} INFO - Processing /home/airflow/.local/lib/python3.8/site-packages/airflow/example_dags/example_branch_datetime_operator.py took 0.173 seconds
[2023-10-14T08:38:56.349+0000] {processor.py:157} INFO - Started process (PID=114) to work on /home/airflow/.local/lib/python3.8/site-packages/airflow/example_dags/example_branch_datetime_operator.py
[2023-10-14T08:38:56.350+0000] {processor.py:829} INFO - Processing file /home/airflow/.local/lib/python3.8/site-packages/airflow/example_dags/example_branch_datetime_operator.py for tasks to queue
[2023-10-14T08:38:56.351+0000] {logging_mixin.py:151} INFO - [2023-10-14T08:38:56.351+0000] {dagbag.py:536} INFO - Filling up the DagBag from /home/airflow/.local/lib/python3.8/site-packages/airflow/example_dags/example_branch_datetime_operator.py
[2023-10-14T08:38:56.357+0000] {processor.py:839} INFO - DAG(s) dict_keys(['example_branch_datetime_operator', 'example_branch_datetime_operator_2', 'example_branch_datetime_operator_3']) retrieved from /home/airflow/.local/lib/python3.8/site-packages/airflow/example_dags/example_branch_datetime_operator.py
[2023-10-14T08:38:56.373+0000] {logging_mixin.py:151} INFO - [2023-10-14T08:38:56.373+0000] {dag.py:2941} INFO - Sync 3 DAGs
[2023-10-14T08:38:56.386+0000] {logging_mixin.py:151} INFO - [2023-10-14T08:38:56.386+0000] {dag.py:3722} INFO - Setting next_dagrun for example_branch_datetime_operator to 2023-10-13T00:00:00+00:00, run_after=2023-10-14T00:00:00+00:00
[2023-10-14T08:38:56.388+0000] {logging_mixin.py:151} INFO - [2023-10-14T08:38:56.388+0000] {dag.py:3722} INFO - Setting next_dagrun for example_branch_datetime_operator_2 to 2023-10-13T00:00:00+00:00, run_after=2023-10-14T00:00:00+00:00
[2023-10-14T08:38:56.389+0000] {logging_mixin.py:151} INFO - [2023-10-14T08:38:56.389+0000] {dag.py:3722} INFO - Setting next_dagrun for example_branch_datetime_operator_3 to 2023-10-13T00:00:00+00:00, run_after=2023-10-14T00:00:00+00:00
[2023-10-14T08:38:56.397+0000] {processor.py:179} INFO - Processing /home/airflow/.local/lib/python3.8/site-packages/airflow/example_dags/example_branch_datetime_operator.py took 0.050 seconds
[2023-10-14T08:39:26.720+0000] {processor.py:157} INFO - Started process (PID=170) to work on /home/airflow/.local/lib/python3.8/site-packages/airflow/example_dags/example_branch_datetime_operator.py
[2023-10-14T08:39:26.721+0000] {processor.py:829} INFO - Processing file /home/airflow/.local/lib/python3.8/site-packages/airflow/example_dags/example_branch_datetime_operator.py for tasks to queue
[2023-10-14T08:39:26.722+0000] {logging_mixin.py:151} INFO - [2023-10-14T08:39:26.722+0000] {dagbag.py:536} INFO - Filling up the DagBag from /home/airflow/.local/lib/python3.8/site-packages/airflow/example_dags/example_branch_datetime_operator.py
[2023-10-14T08:39:26.729+0000] {processor.py:839} INFO - DAG(s) dict_keys(['example_branch_datetime_operator', 'example_branch_datetime_operator_3', 'example_branch_datetime_operator_2']) retrieved from /home/airflow/.local/lib/python3.8/site-packages/airflow/example_dags/example_branch_datetime_operator.py
[2023-10-14T08:39:26.747+0000] {logging_mixin.py:151} INFO - [2023-10-14T08:39:26.746+0000] {dag.py:2941} INFO - Sync 3 DAGs
[2023-10-14T08:39:26.758+0000] {logging_mixin.py:151} INFO - [2023-10-14T08:39:26.758+0000] {dag.py:3722} INFO - Setting next_dagrun for example_branch_datetime_operator to 2023-10-13T00:00:00+00:00, run_after=2023-10-14T00:00:00+00:00
[2023-10-14T08:39:26.761+0000] {logging_mixin.py:151} INFO - [2023-10-14T08:39:26.761+0000] {dag.py:3722} INFO - Setting next_dagrun for example_branch_datetime_operator_2 to 2023-10-13T00:00:00+00:00, run_after=2023-10-14T00:00:00+00:00
[2023-10-14T08:39:26.762+0000] {logging_mixin.py:151} INFO - [2023-10-14T08:39:26.762+0000] {dag.py:3722} INFO - Setting next_dagrun for example_branch_datetime_operator_3 to 2023-10-13T00:00:00+00:00, run_after=2023-10-14T00:00:00+00:00
[2023-10-14T08:39:26.771+0000] {processor.py:179} INFO - Processing /home/airflow/.local/lib/python3.8/site-packages/airflow/example_dags/example_branch_datetime_operator.py took 0.054 seconds
[2023-10-14T08:39:56.829+0000] {processor.py:157} INFO - Started process (PID=226) to work on /home/airflow/.local/lib/python3.8/site-packages/airflow/example_dags/example_branch_datetime_operator.py
[2023-10-14T08:39:56.830+0000] {processor.py:829} INFO - Processing file /home/airflow/.local/lib/python3.8/site-packages/airflow/example_dags/example_branch_datetime_operator.py for tasks to queue
[2023-10-14T08:39:56.831+0000] {logging_mixin.py:151} INFO - [2023-10-14T08:39:56.831+0000] {dagbag.py:536} INFO - Filling up the DagBag from /home/airflow/.local/lib/python3.8/site-packages/airflow/example_dags/example_branch_datetime_operator.py
[2023-10-14T08:39:56.837+0000] {processor.py:839} INFO - DAG(s) dict_keys(['example_branch_datetime_operator', 'example_branch_datetime_operator_2', 'example_branch_datetime_operator_3']) retrieved from /home/airflow/.local/lib/python3.8/site-packages/airflow/example_dags/example_branch_datetime_operator.py
[2023-10-14T08:39:56.852+0000] {logging_mixin.py:151} INFO - [2023-10-14T08:39:56.851+0000] {dag.py:2941} INFO - Sync 3 DAGs
[2023-10-14T08:39:56.864+0000] {logging_mixin.py:151} INFO - [2023-10-14T08:39:56.864+0000] {dag.py:3722} INFO - Setting next_dagrun for example_branch_datetime_operator to 2023-10-13T00:00:00+00:00, run_after=2023-10-14T00:00:00+00:00
[2023-10-14T08:39:56.866+0000] {logging_mixin.py:151} INFO - [2023-10-14T08:39:56.866+0000] {dag.py:3722} INFO - Setting next_dagrun for example_branch_datetime_operator_2 to 2023-10-13T00:00:00+00:00, run_after=2023-10-14T00:00:00+00:00
[2023-10-14T08:39:56.867+0000] {logging_mixin.py:151} INFO - [2023-10-14T08:39:56.867+0000] {dag.py:3722} INFO - Setting next_dagrun for example_branch_datetime_operator_3 to 2023-10-13T00:00:00+00:00, run_after=2023-10-14T00:00:00+00:00
[2023-10-14T08:39:56.875+0000] {processor.py:179} INFO - Processing /home/airflow/.local/lib/python3.8/site-packages/airflow/example_dags/example_branch_datetime_operator.py took 0.048 seconds
[2023-10-14T08:40:26.990+0000] {processor.py:157} INFO - Started process (PID=290) to work on /home/airflow/.local/lib/python3.8/site-packages/airflow/example_dags/example_branch_datetime_operator.py
[2023-10-14T08:40:26.991+0000] {processor.py:829} INFO - Processing file /home/airflow/.local/lib/python3.8/site-packages/airflow/example_dags/example_branch_datetime_operator.py for tasks to queue
[2023-10-14T08:40:26.992+0000] {logging_mixin.py:151} INFO - [2023-10-14T08:40:26.992+0000] {dagbag.py:536} INFO - Filling up the DagBag from /home/airflow/.local/lib/python3.8/site-packages/airflow/example_dags/example_branch_datetime_operator.py
[2023-10-14T08:40:26.998+0000] {processor.py:839} INFO - DAG(s) dict_keys(['example_branch_datetime_operator_2', 'example_branch_datetime_operator', 'example_branch_datetime_operator_3']) retrieved from /home/airflow/.local/lib/python3.8/site-packages/airflow/example_dags/example_branch_datetime_operator.py
[2023-10-14T08:40:27.016+0000] {logging_mixin.py:151} INFO - [2023-10-14T08:40:27.015+0000] {dag.py:2941} INFO - Sync 3 DAGs
[2023-10-14T08:40:27.027+0000] {logging_mixin.py:151} INFO - [2023-10-14T08:40:27.027+0000] {dag.py:3722} INFO - Setting next_dagrun for example_branch_datetime_operator to 2023-10-13T00:00:00+00:00, run_after=2023-10-14T00:00:00+00:00
[2023-10-14T08:40:27.030+0000] {logging_mixin.py:151} INFO - [2023-10-14T08:40:27.030+0000] {dag.py:3722} INFO - Setting next_dagrun for example_branch_datetime_operator_2 to 2023-10-13T00:00:00+00:00, run_after=2023-10-14T00:00:00+00:00
[2023-10-14T08:40:27.031+0000] {logging_mixin.py:151} INFO - [2023-10-14T08:40:27.031+0000] {dag.py:3722} INFO - Setting next_dagrun for example_branch_datetime_operator_3 to 2023-10-13T00:00:00+00:00, run_after=2023-10-14T00:00:00+00:00
[2023-10-14T08:40:27.038+0000] {processor.py:179} INFO - Processing /home/airflow/.local/lib/python3.8/site-packages/airflow/example_dags/example_branch_datetime_operator.py took 0.051 seconds
[2023-10-14T08:40:57.240+0000] {processor.py:157} INFO - Started process (PID=346) to work on /home/airflow/.local/lib/python3.8/site-packages/airflow/example_dags/example_branch_datetime_operator.py
[2023-10-14T08:40:57.241+0000] {processor.py:829} INFO - Processing file /home/airflow/.local/lib/python3.8/site-packages/airflow/example_dags/example_branch_datetime_operator.py for tasks to queue
[2023-10-14T08:40:57.243+0000] {logging_mixin.py:151} INFO - [2023-10-14T08:40:57.243+0000] {dagbag.py:536} INFO - Filling up the DagBag from /home/airflow/.local/lib/python3.8/site-packages/airflow/example_dags/example_branch_datetime_operator.py
[2023-10-14T08:40:57.248+0000] {processor.py:839} INFO - DAG(s) dict_keys(['example_branch_datetime_operator_3', 'example_branch_datetime_operator', 'example_branch_datetime_operator_2']) retrieved from /home/airflow/.local/lib/python3.8/site-packages/airflow/example_dags/example_branch_datetime_operator.py
[2023-10-14T08:40:57.265+0000] {logging_mixin.py:151} INFO - [2023-10-14T08:40:57.264+0000] {dag.py:2941} INFO - Sync 3 DAGs
[2023-10-14T08:40:57.276+0000] {logging_mixin.py:151} INFO - [2023-10-14T08:40:57.276+0000] {dag.py:3722} INFO - Setting next_dagrun for example_branch_datetime_operator to 2023-10-13T00:00:00+00:00, run_after=2023-10-14T00:00:00+00:00
[2023-10-14T08:40:57.279+0000] {logging_mixin.py:151} INFO - [2023-10-14T08:40:57.279+0000] {dag.py:3722} INFO - Setting next_dagrun for example_branch_datetime_operator_2 to 2023-10-13T00:00:00+00:00, run_after=2023-10-14T00:00:00+00:00
[2023-10-14T08:40:57.280+0000] {logging_mixin.py:151} INFO - [2023-10-14T08:40:57.280+0000] {dag.py:3722} INFO - Setting next_dagrun for example_branch_datetime_operator_3 to 2023-10-13T00:00:00+00:00, run_after=2023-10-14T00:00:00+00:00
[2023-10-14T08:40:57.288+0000] {processor.py:179} INFO - Processing /home/airflow/.local/lib/python3.8/site-packages/airflow/example_dags/example_branch_datetime_operator.py took 0.049 seconds
[2023-10-14T08:41:27.413+0000] {processor.py:157} INFO - Started process (PID=402) to work on /home/airflow/.local/lib/python3.8/site-packages/airflow/example_dags/example_branch_datetime_operator.py
[2023-10-14T08:41:27.414+0000] {processor.py:829} INFO - Processing file /home/airflow/.local/lib/python3.8/site-packages/airflow/example_dags/example_branch_datetime_operator.py for tasks to queue
[2023-10-14T08:41:27.415+0000] {logging_mixin.py:151} INFO - [2023-10-14T08:41:27.415+0000] {dagbag.py:536} INFO - Filling up the DagBag from /home/airflow/.local/lib/python3.8/site-packages/airflow/example_dags/example_branch_datetime_operator.py
[2023-10-14T08:41:27.421+0000] {processor.py:839} INFO - DAG(s) dict_keys(['example_branch_datetime_operator_2', 'example_branch_datetime_operator', 'example_branch_datetime_operator_3']) retrieved from /home/airflow/.local/lib/python3.8/site-packages/airflow/example_dags/example_branch_datetime_operator.py
[2023-10-14T08:41:27.437+0000] {logging_mixin.py:151} INFO - [2023-10-14T08:41:27.437+0000] {dag.py:2941} INFO - Sync 3 DAGs
[2023-10-14T08:41:27.449+0000] {logging_mixin.py:151} INFO - [2023-10-14T08:41:27.449+0000] {dag.py:3722} INFO - Setting next_dagrun for example_branch_datetime_operator to 2023-10-13T00:00:00+00:00, run_after=2023-10-14T00:00:00+00:00
[2023-10-14T08:41:27.451+0000] {logging_mixin.py:151} INFO - [2023-10-14T08:41:27.451+0000] {dag.py:3722} INFO - Setting next_dagrun for example_branch_datetime_operator_2 to 2023-10-13T00:00:00+00:00, run_after=2023-10-14T00:00:00+00:00
[2023-10-14T08:41:27.453+0000] {logging_mixin.py:151} INFO - [2023-10-14T08:41:27.453+0000] {dag.py:3722} INFO - Setting next_dagrun for example_branch_datetime_operator_3 to 2023-10-13T00:00:00+00:00, run_after=2023-10-14T00:00:00+00:00
[2023-10-14T08:41:27.460+0000] {processor.py:179} INFO - Processing /home/airflow/.local/lib/python3.8/site-packages/airflow/example_dags/example_branch_datetime_operator.py took 0.049 seconds
[2023-10-14T08:41:57.626+0000] {processor.py:157} INFO - Started process (PID=458) to work on /home/airflow/.local/lib/python3.8/site-packages/airflow/example_dags/example_branch_datetime_operator.py
[2023-10-14T08:41:57.626+0000] {processor.py:829} INFO - Processing file /home/airflow/.local/lib/python3.8/site-packages/airflow/example_dags/example_branch_datetime_operator.py for tasks to queue
[2023-10-14T08:41:57.628+0000] {logging_mixin.py:151} INFO - [2023-10-14T08:41:57.627+0000] {dagbag.py:536} INFO - Filling up the DagBag from /home/airflow/.local/lib/python3.8/site-packages/airflow/example_dags/example_branch_datetime_operator.py
[2023-10-14T08:41:57.633+0000] {processor.py:839} INFO - DAG(s) dict_keys(['example_branch_datetime_operator_3', 'example_branch_datetime_operator_2', 'example_branch_datetime_operator']) retrieved from /home/airflow/.local/lib/python3.8/site-packages/airflow/example_dags/example_branch_datetime_operator.py
[2023-10-14T08:41:57.648+0000] {logging_mixin.py:151} INFO - [2023-10-14T08:41:57.648+0000] {dag.py:2941} INFO - Sync 3 DAGs
[2023-10-14T08:41:57.660+0000] {logging_mixin.py:151} INFO - [2023-10-14T08:41:57.660+0000] {dag.py:3722} INFO - Setting next_dagrun for example_branch_datetime_operator to 2023-10-13T00:00:00+00:00, run_after=2023-10-14T00:00:00+00:00
[2023-10-14T08:41:57.662+0000] {logging_mixin.py:151} INFO - [2023-10-14T08:41:57.662+0000] {dag.py:3722} INFO - Setting next_dagrun for example_branch_datetime_operator_2 to 2023-10-13T00:00:00+00:00, run_after=2023-10-14T00:00:00+00:00
[2023-10-14T08:41:57.663+0000] {logging_mixin.py:151} INFO - [2023-10-14T08:41:57.663+0000] {dag.py:3722} INFO - Setting next_dagrun for example_branch_datetime_operator_3 to 2023-10-13T00:00:00+00:00, run_after=2023-10-14T00:00:00+00:00
[2023-10-14T08:41:57.671+0000] {processor.py:179} INFO - Processing /home/airflow/.local/lib/python3.8/site-packages/airflow/example_dags/example_branch_datetime_operator.py took 0.048 seconds
[2023-10-14T08:42:27.892+0000] {processor.py:157} INFO - Started process (PID=514) to work on /home/airflow/.local/lib/python3.8/site-packages/airflow/example_dags/example_branch_datetime_operator.py
[2023-10-14T08:42:27.893+0000] {processor.py:829} INFO - Processing file /home/airflow/.local/lib/python3.8/site-packages/airflow/example_dags/example_branch_datetime_operator.py for tasks to queue
[2023-10-14T08:42:27.894+0000] {logging_mixin.py:151} INFO - [2023-10-14T08:42:27.894+0000] {dagbag.py:536} INFO - Filling up the DagBag from /home/airflow/.local/lib/python3.8/site-packages/airflow/example_dags/example_branch_datetime_operator.py
[2023-10-14T08:42:27.900+0000] {processor.py:839} INFO - DAG(s) dict_keys(['example_branch_datetime_operator_2', 'example_branch_datetime_operator', 'example_branch_datetime_operator_3']) retrieved from /home/airflow/.local/lib/python3.8/site-packages/airflow/example_dags/example_branch_datetime_operator.py
[2023-10-14T08:42:27.916+0000] {logging_mixin.py:151} INFO - [2023-10-14T08:42:27.915+0000] {dag.py:2941} INFO - Sync 3 DAGs
[2023-10-14T08:42:27.927+0000] {logging_mixin.py:151} INFO - [2023-10-14T08:42:27.927+0000] {dag.py:3722} INFO - Setting next_dagrun for example_branch_datetime_operator to 2023-10-13T00:00:00+00:00, run_after=2023-10-14T00:00:00+00:00
[2023-10-14T08:42:27.930+0000] {logging_mixin.py:151} INFO - [2023-10-14T08:42:27.930+0000] {dag.py:3722} INFO - Setting next_dagrun for example_branch_datetime_operator_2 to 2023-10-13T00:00:00+00:00, run_after=2023-10-14T00:00:00+00:00
[2023-10-14T08:42:27.931+0000] {logging_mixin.py:151} INFO - [2023-10-14T08:42:27.931+0000] {dag.py:3722} INFO - Setting next_dagrun for example_branch_datetime_operator_3 to 2023-10-13T00:00:00+00:00, run_after=2023-10-14T00:00:00+00:00
[2023-10-14T08:42:27.939+0000] {processor.py:179} INFO - Processing /home/airflow/.local/lib/python3.8/site-packages/airflow/example_dags/example_branch_datetime_operator.py took 0.049 seconds
[2023-10-14T08:42:58.267+0000] {processor.py:157} INFO - Started process (PID=570) to work on /home/airflow/.local/lib/python3.8/site-packages/airflow/example_dags/example_branch_datetime_operator.py
[2023-10-14T08:42:58.268+0000] {processor.py:829} INFO - Processing file /home/airflow/.local/lib/python3.8/site-packages/airflow/example_dags/example_branch_datetime_operator.py for tasks to queue
[2023-10-14T08:42:58.270+0000] {logging_mixin.py:151} INFO - [2023-10-14T08:42:58.270+0000] {dagbag.py:536} INFO - Filling up the DagBag from /home/airflow/.local/lib/python3.8/site-packages/airflow/example_dags/example_branch_datetime_operator.py
[2023-10-14T08:42:58.275+0000] {processor.py:839} INFO - DAG(s) dict_keys(['example_branch_datetime_operator_3', 'example_branch_datetime_operator_2', 'example_branch_datetime_operator']) retrieved from /home/airflow/.local/lib/python3.8/site-packages/airflow/example_dags/example_branch_datetime_operator.py
[2023-10-14T08:42:58.293+0000] {logging_mixin.py:151} INFO - [2023-10-14T08:42:58.293+0000] {dag.py:2941} INFO - Sync 3 DAGs
[2023-10-14T08:42:58.306+0000] {logging_mixin.py:151} INFO - [2023-10-14T08:42:58.306+0000] {dag.py:3722} INFO - Setting next_dagrun for example_branch_datetime_operator to 2023-10-13T00:00:00+00:00, run_after=2023-10-14T00:00:00+00:00
[2023-10-14T08:42:58.309+0000] {logging_mixin.py:151} INFO - [2023-10-14T08:42:58.309+0000] {dag.py:3722} INFO - Setting next_dagrun for example_branch_datetime_operator_2 to 2023-10-13T00:00:00+00:00, run_after=2023-10-14T00:00:00+00:00
[2023-10-14T08:42:58.310+0000] {logging_mixin.py:151} INFO - [2023-10-14T08:42:58.310+0000] {dag.py:3722} INFO - Setting next_dagrun for example_branch_datetime_operator_3 to 2023-10-13T00:00:00+00:00, run_after=2023-10-14T00:00:00+00:00
[2023-10-14T08:42:58.319+0000] {processor.py:179} INFO - Processing /home/airflow/.local/lib/python3.8/site-packages/airflow/example_dags/example_branch_datetime_operator.py took 0.054 seconds
