[2023-10-14T08:38:27.920+0000] {processor.py:157} INFO - Started process (PID=80) to work on /home/airflow/.local/lib/python3.8/site-packages/airflow/example_dags/example_kubernetes_executor.py
[2023-10-14T08:38:27.921+0000] {processor.py:829} INFO - Processing file /home/airflow/.local/lib/python3.8/site-packages/airflow/example_dags/example_kubernetes_executor.py for tasks to queue
[2023-10-14T08:38:27.922+0000] {logging_mixin.py:151} INFO - [2023-10-14T08:38:27.922+0000] {dagbag.py:536} INFO - Filling up the DagBag from /home/airflow/.local/lib/python3.8/site-packages/airflow/example_dags/example_kubernetes_executor.py
[2023-10-14T08:38:27.931+0000] {processor.py:839} INFO - DAG(s) dict_keys(['example_kubernetes_executor']) retrieved from /home/airflow/.local/lib/python3.8/site-packages/airflow/example_dags/example_kubernetes_executor.py
[2023-10-14T08:38:28.017+0000] {logging_mixin.py:151} INFO - [2023-10-14T08:38:28.017+0000] {manager.py:499} INFO - Created Permission View: %s
[2023-10-14T08:38:28.022+0000] {logging_mixin.py:151} INFO - [2023-10-14T08:38:28.022+0000] {manager.py:499} INFO - Created Permission View: %s
[2023-10-14T08:38:28.026+0000] {logging_mixin.py:151} INFO - [2023-10-14T08:38:28.026+0000] {manager.py:499} INFO - Created Permission View: %s
[2023-10-14T08:38:28.026+0000] {logging_mixin.py:151} INFO - [2023-10-14T08:38:28.026+0000] {dag.py:2941} INFO - Sync 1 DAGs
[2023-10-14T08:38:28.032+0000] {logging_mixin.py:151} INFO - [2023-10-14T08:38:28.032+0000] {dag.py:2963} INFO - Creating ORM DAG for example_kubernetes_executor
[2023-10-14T08:38:28.032+0000] {logging_mixin.py:151} INFO - [2023-10-14T08:38:28.032+0000] {dag.py:3722} INFO - Setting next_dagrun for example_kubernetes_executor to None, run_after=None
[2023-10-14T08:38:28.041+0000] {processor.py:179} INFO - Processing /home/airflow/.local/lib/python3.8/site-packages/airflow/example_dags/example_kubernetes_executor.py took 0.124 seconds
[2023-10-14T08:38:58.438+0000] {processor.py:157} INFO - Started process (PID=138) to work on /home/airflow/.local/lib/python3.8/site-packages/airflow/example_dags/example_kubernetes_executor.py
[2023-10-14T08:38:58.439+0000] {processor.py:829} INFO - Processing file /home/airflow/.local/lib/python3.8/site-packages/airflow/example_dags/example_kubernetes_executor.py for tasks to queue
[2023-10-14T08:38:58.440+0000] {logging_mixin.py:151} INFO - [2023-10-14T08:38:58.440+0000] {dagbag.py:536} INFO - Filling up the DagBag from /home/airflow/.local/lib/python3.8/site-packages/airflow/example_dags/example_kubernetes_executor.py
[2023-10-14T08:38:58.449+0000] {processor.py:839} INFO - DAG(s) dict_keys(['example_kubernetes_executor']) retrieved from /home/airflow/.local/lib/python3.8/site-packages/airflow/example_dags/example_kubernetes_executor.py
[2023-10-14T08:38:58.472+0000] {logging_mixin.py:151} INFO - [2023-10-14T08:38:58.472+0000] {dag.py:2941} INFO - Sync 1 DAGs
[2023-10-14T08:38:58.478+0000] {logging_mixin.py:151} INFO - [2023-10-14T08:38:58.478+0000] {dag.py:3722} INFO - Setting next_dagrun for example_kubernetes_executor to None, run_after=None
[2023-10-14T08:38:58.487+0000] {processor.py:179} INFO - Processing /home/airflow/.local/lib/python3.8/site-packages/airflow/example_dags/example_kubernetes_executor.py took 0.051 seconds
[2023-10-14T08:39:28.788+0000] {processor.py:157} INFO - Started process (PID=194) to work on /home/airflow/.local/lib/python3.8/site-packages/airflow/example_dags/example_kubernetes_executor.py
[2023-10-14T08:39:28.788+0000] {processor.py:829} INFO - Processing file /home/airflow/.local/lib/python3.8/site-packages/airflow/example_dags/example_kubernetes_executor.py for tasks to queue
[2023-10-14T08:39:28.790+0000] {logging_mixin.py:151} INFO - [2023-10-14T08:39:28.790+0000] {dagbag.py:536} INFO - Filling up the DagBag from /home/airflow/.local/lib/python3.8/site-packages/airflow/example_dags/example_kubernetes_executor.py
[2023-10-14T08:39:28.799+0000] {processor.py:839} INFO - DAG(s) dict_keys(['example_kubernetes_executor']) retrieved from /home/airflow/.local/lib/python3.8/site-packages/airflow/example_dags/example_kubernetes_executor.py
[2023-10-14T08:39:28.823+0000] {logging_mixin.py:151} INFO - [2023-10-14T08:39:28.823+0000] {dag.py:2941} INFO - Sync 1 DAGs
[2023-10-14T08:39:28.830+0000] {logging_mixin.py:151} INFO - [2023-10-14T08:39:28.830+0000] {dag.py:3722} INFO - Setting next_dagrun for example_kubernetes_executor to None, run_after=None
[2023-10-14T08:39:28.840+0000] {processor.py:179} INFO - Processing /home/airflow/.local/lib/python3.8/site-packages/airflow/example_dags/example_kubernetes_executor.py took 0.055 seconds
[2023-10-14T08:39:59.796+0000] {processor.py:157} INFO - Started process (PID=250) to work on /home/airflow/.local/lib/python3.8/site-packages/airflow/example_dags/example_kubernetes_executor.py
[2023-10-14T08:39:59.797+0000] {processor.py:829} INFO - Processing file /home/airflow/.local/lib/python3.8/site-packages/airflow/example_dags/example_kubernetes_executor.py for tasks to queue
[2023-10-14T08:39:59.798+0000] {logging_mixin.py:151} INFO - [2023-10-14T08:39:59.798+0000] {dagbag.py:536} INFO - Filling up the DagBag from /home/airflow/.local/lib/python3.8/site-packages/airflow/example_dags/example_kubernetes_executor.py
[2023-10-14T08:39:59.807+0000] {processor.py:839} INFO - DAG(s) dict_keys(['example_kubernetes_executor']) retrieved from /home/airflow/.local/lib/python3.8/site-packages/airflow/example_dags/example_kubernetes_executor.py
[2023-10-14T08:39:59.832+0000] {logging_mixin.py:151} INFO - [2023-10-14T08:39:59.832+0000] {dag.py:2941} INFO - Sync 1 DAGs
[2023-10-14T08:39:59.839+0000] {logging_mixin.py:151} INFO - [2023-10-14T08:39:59.839+0000] {dag.py:3722} INFO - Setting next_dagrun for example_kubernetes_executor to None, run_after=None
[2023-10-14T08:39:59.849+0000] {processor.py:179} INFO - Processing /home/airflow/.local/lib/python3.8/site-packages/airflow/example_dags/example_kubernetes_executor.py took 0.056 seconds
[2023-10-14T08:40:29.995+0000] {processor.py:157} INFO - Started process (PID=314) to work on /home/airflow/.local/lib/python3.8/site-packages/airflow/example_dags/example_kubernetes_executor.py
[2023-10-14T08:40:29.996+0000] {processor.py:829} INFO - Processing file /home/airflow/.local/lib/python3.8/site-packages/airflow/example_dags/example_kubernetes_executor.py for tasks to queue
[2023-10-14T08:40:29.998+0000] {logging_mixin.py:151} INFO - [2023-10-14T08:40:29.997+0000] {dagbag.py:536} INFO - Filling up the DagBag from /home/airflow/.local/lib/python3.8/site-packages/airflow/example_dags/example_kubernetes_executor.py
[2023-10-14T08:40:30.006+0000] {processor.py:839} INFO - DAG(s) dict_keys(['example_kubernetes_executor']) retrieved from /home/airflow/.local/lib/python3.8/site-packages/airflow/example_dags/example_kubernetes_executor.py
[2023-10-14T08:40:30.028+0000] {logging_mixin.py:151} INFO - [2023-10-14T08:40:30.028+0000] {dag.py:2941} INFO - Sync 1 DAGs
[2023-10-14T08:40:30.035+0000] {logging_mixin.py:151} INFO - [2023-10-14T08:40:30.035+0000] {dag.py:3722} INFO - Setting next_dagrun for example_kubernetes_executor to None, run_after=None
[2023-10-14T08:40:30.044+0000] {processor.py:179} INFO - Processing /home/airflow/.local/lib/python3.8/site-packages/airflow/example_dags/example_kubernetes_executor.py took 0.051 seconds
[2023-10-14T08:41:00.195+0000] {processor.py:157} INFO - Started process (PID=370) to work on /home/airflow/.local/lib/python3.8/site-packages/airflow/example_dags/example_kubernetes_executor.py
[2023-10-14T08:41:00.196+0000] {processor.py:829} INFO - Processing file /home/airflow/.local/lib/python3.8/site-packages/airflow/example_dags/example_kubernetes_executor.py for tasks to queue
[2023-10-14T08:41:00.198+0000] {logging_mixin.py:151} INFO - [2023-10-14T08:41:00.197+0000] {dagbag.py:536} INFO - Filling up the DagBag from /home/airflow/.local/lib/python3.8/site-packages/airflow/example_dags/example_kubernetes_executor.py
[2023-10-14T08:41:00.206+0000] {processor.py:839} INFO - DAG(s) dict_keys(['example_kubernetes_executor']) retrieved from /home/airflow/.local/lib/python3.8/site-packages/airflow/example_dags/example_kubernetes_executor.py
[2023-10-14T08:41:00.229+0000] {logging_mixin.py:151} INFO - [2023-10-14T08:41:00.229+0000] {dag.py:2941} INFO - Sync 1 DAGs
[2023-10-14T08:41:00.236+0000] {logging_mixin.py:151} INFO - [2023-10-14T08:41:00.236+0000] {dag.py:3722} INFO - Setting next_dagrun for example_kubernetes_executor to None, run_after=None
[2023-10-14T08:41:00.245+0000] {processor.py:179} INFO - Processing /home/airflow/.local/lib/python3.8/site-packages/airflow/example_dags/example_kubernetes_executor.py took 0.052 seconds
[2023-10-14T08:41:30.397+0000] {processor.py:157} INFO - Started process (PID=426) to work on /home/airflow/.local/lib/python3.8/site-packages/airflow/example_dags/example_kubernetes_executor.py
[2023-10-14T08:41:30.398+0000] {processor.py:829} INFO - Processing file /home/airflow/.local/lib/python3.8/site-packages/airflow/example_dags/example_kubernetes_executor.py for tasks to queue
[2023-10-14T08:41:30.400+0000] {logging_mixin.py:151} INFO - [2023-10-14T08:41:30.400+0000] {dagbag.py:536} INFO - Filling up the DagBag from /home/airflow/.local/lib/python3.8/site-packages/airflow/example_dags/example_kubernetes_executor.py
[2023-10-14T08:41:30.408+0000] {processor.py:839} INFO - DAG(s) dict_keys(['example_kubernetes_executor']) retrieved from /home/airflow/.local/lib/python3.8/site-packages/airflow/example_dags/example_kubernetes_executor.py
[2023-10-14T08:41:30.431+0000] {logging_mixin.py:151} INFO - [2023-10-14T08:41:30.431+0000] {dag.py:2941} INFO - Sync 1 DAGs
[2023-10-14T08:41:30.438+0000] {logging_mixin.py:151} INFO - [2023-10-14T08:41:30.438+0000] {dag.py:3722} INFO - Setting next_dagrun for example_kubernetes_executor to None, run_after=None
[2023-10-14T08:41:30.446+0000] {processor.py:179} INFO - Processing /home/airflow/.local/lib/python3.8/site-packages/airflow/example_dags/example_kubernetes_executor.py took 0.051 seconds
[2023-10-14T08:42:00.640+0000] {processor.py:157} INFO - Started process (PID=482) to work on /home/airflow/.local/lib/python3.8/site-packages/airflow/example_dags/example_kubernetes_executor.py
[2023-10-14T08:42:00.640+0000] {processor.py:829} INFO - Processing file /home/airflow/.local/lib/python3.8/site-packages/airflow/example_dags/example_kubernetes_executor.py for tasks to queue
[2023-10-14T08:42:00.642+0000] {logging_mixin.py:151} INFO - [2023-10-14T08:42:00.642+0000] {dagbag.py:536} INFO - Filling up the DagBag from /home/airflow/.local/lib/python3.8/site-packages/airflow/example_dags/example_kubernetes_executor.py
[2023-10-14T08:42:00.651+0000] {processor.py:839} INFO - DAG(s) dict_keys(['example_kubernetes_executor']) retrieved from /home/airflow/.local/lib/python3.8/site-packages/airflow/example_dags/example_kubernetes_executor.py
[2023-10-14T08:42:00.673+0000] {logging_mixin.py:151} INFO - [2023-10-14T08:42:00.673+0000] {dag.py:2941} INFO - Sync 1 DAGs
[2023-10-14T08:42:00.681+0000] {logging_mixin.py:151} INFO - [2023-10-14T08:42:00.681+0000] {dag.py:3722} INFO - Setting next_dagrun for example_kubernetes_executor to None, run_after=None
[2023-10-14T08:42:00.693+0000] {processor.py:179} INFO - Processing /home/airflow/.local/lib/python3.8/site-packages/airflow/example_dags/example_kubernetes_executor.py took 0.056 seconds
[2023-10-14T08:42:30.925+0000] {processor.py:157} INFO - Started process (PID=538) to work on /home/airflow/.local/lib/python3.8/site-packages/airflow/example_dags/example_kubernetes_executor.py
[2023-10-14T08:42:30.926+0000] {processor.py:829} INFO - Processing file /home/airflow/.local/lib/python3.8/site-packages/airflow/example_dags/example_kubernetes_executor.py for tasks to queue
[2023-10-14T08:42:30.927+0000] {logging_mixin.py:151} INFO - [2023-10-14T08:42:30.927+0000] {dagbag.py:536} INFO - Filling up the DagBag from /home/airflow/.local/lib/python3.8/site-packages/airflow/example_dags/example_kubernetes_executor.py
[2023-10-14T08:42:30.936+0000] {processor.py:839} INFO - DAG(s) dict_keys(['example_kubernetes_executor']) retrieved from /home/airflow/.local/lib/python3.8/site-packages/airflow/example_dags/example_kubernetes_executor.py
[2023-10-14T08:42:30.959+0000] {logging_mixin.py:151} INFO - [2023-10-14T08:42:30.959+0000] {dag.py:2941} INFO - Sync 1 DAGs
[2023-10-14T08:42:30.966+0000] {logging_mixin.py:151} INFO - [2023-10-14T08:42:30.965+0000] {dag.py:3722} INFO - Setting next_dagrun for example_kubernetes_executor to None, run_after=None
[2023-10-14T08:42:30.975+0000] {processor.py:179} INFO - Processing /home/airflow/.local/lib/python3.8/site-packages/airflow/example_dags/example_kubernetes_executor.py took 0.052 seconds
[2023-10-14T08:43:01.258+0000] {processor.py:157} INFO - Started process (PID=594) to work on /home/airflow/.local/lib/python3.8/site-packages/airflow/example_dags/example_kubernetes_executor.py
[2023-10-14T08:43:01.259+0000] {processor.py:829} INFO - Processing file /home/airflow/.local/lib/python3.8/site-packages/airflow/example_dags/example_kubernetes_executor.py for tasks to queue
[2023-10-14T08:43:01.261+0000] {logging_mixin.py:151} INFO - [2023-10-14T08:43:01.261+0000] {dagbag.py:536} INFO - Filling up the DagBag from /home/airflow/.local/lib/python3.8/site-packages/airflow/example_dags/example_kubernetes_executor.py
[2023-10-14T08:43:01.270+0000] {processor.py:839} INFO - DAG(s) dict_keys(['example_kubernetes_executor']) retrieved from /home/airflow/.local/lib/python3.8/site-packages/airflow/example_dags/example_kubernetes_executor.py
[2023-10-14T08:43:01.293+0000] {logging_mixin.py:151} INFO - [2023-10-14T08:43:01.293+0000] {dag.py:2941} INFO - Sync 1 DAGs
[2023-10-14T08:43:01.300+0000] {logging_mixin.py:151} INFO - [2023-10-14T08:43:01.300+0000] {dag.py:3722} INFO - Setting next_dagrun for example_kubernetes_executor to None, run_after=None
[2023-10-14T08:43:01.310+0000] {processor.py:179} INFO - Processing /home/airflow/.local/lib/python3.8/site-packages/airflow/example_dags/example_kubernetes_executor.py took 0.055 seconds
