[2023-10-14T08:38:25.251+0000] {processor.py:157} INFO - Started process (PID=48) to work on /home/airflow/.local/lib/python3.8/site-packages/airflow/example_dags/example_branch_python_dop_operator_3.py
[2023-10-14T08:38:25.253+0000] {processor.py:829} INFO - Processing file /home/airflow/.local/lib/python3.8/site-packages/airflow/example_dags/example_branch_python_dop_operator_3.py for tasks to queue
[2023-10-14T08:38:25.256+0000] {logging_mixin.py:151} INFO - [2023-10-14T08:38:25.255+0000] {dagbag.py:536} INFO - Filling up the DagBag from /home/airflow/.local/lib/python3.8/site-packages/airflow/example_dags/example_branch_python_dop_operator_3.py
[2023-10-14T08:38:25.268+0000] {processor.py:839} INFO - DAG(s) dict_keys(['example_branch_dop_operator_v3']) retrieved from /home/airflow/.local/lib/python3.8/site-packages/airflow/example_dags/example_branch_python_dop_operator_3.py
[2023-10-14T08:38:25.367+0000] {logging_mixin.py:151} INFO - [2023-10-14T08:38:25.367+0000] {manager.py:499} INFO - Created Permission View: %s
[2023-10-14T08:38:25.374+0000] {logging_mixin.py:151} INFO - [2023-10-14T08:38:25.373+0000] {manager.py:499} INFO - Created Permission View: %s
[2023-10-14T08:38:25.379+0000] {logging_mixin.py:151} INFO - [2023-10-14T08:38:25.379+0000] {manager.py:499} INFO - Created Permission View: %s
[2023-10-14T08:38:25.379+0000] {logging_mixin.py:151} INFO - [2023-10-14T08:38:25.379+0000] {dag.py:2941} INFO - Sync 1 DAGs
[2023-10-14T08:38:25.388+0000] {logging_mixin.py:151} INFO - [2023-10-14T08:38:25.387+0000] {dag.py:2963} INFO - Creating ORM DAG for example_branch_dop_operator_v3
[2023-10-14T08:38:25.399+0000] {logging_mixin.py:151} INFO - [2023-10-14T08:38:25.398+0000] {dag.py:3722} INFO - Setting next_dagrun for example_branch_dop_operator_v3 to 2023-10-14T08:37:00+00:00, run_after=2023-10-14T08:38:00+00:00
[2023-10-14T08:38:25.447+0000] {processor.py:179} INFO - Processing /home/airflow/.local/lib/python3.8/site-packages/airflow/example_dags/example_branch_python_dop_operator_3.py took 0.199 seconds
[2023-10-14T08:38:56.007+0000] {processor.py:157} INFO - Started process (PID=106) to work on /home/airflow/.local/lib/python3.8/site-packages/airflow/example_dags/example_branch_python_dop_operator_3.py
[2023-10-14T08:38:56.008+0000] {processor.py:829} INFO - Processing file /home/airflow/.local/lib/python3.8/site-packages/airflow/example_dags/example_branch_python_dop_operator_3.py for tasks to queue
[2023-10-14T08:38:56.009+0000] {logging_mixin.py:151} INFO - [2023-10-14T08:38:56.009+0000] {dagbag.py:536} INFO - Filling up the DagBag from /home/airflow/.local/lib/python3.8/site-packages/airflow/example_dags/example_branch_python_dop_operator_3.py
[2023-10-14T08:38:56.015+0000] {processor.py:839} INFO - DAG(s) dict_keys(['example_branch_dop_operator_v3']) retrieved from /home/airflow/.local/lib/python3.8/site-packages/airflow/example_dags/example_branch_python_dop_operator_3.py
[2023-10-14T08:38:56.028+0000] {logging_mixin.py:151} INFO - [2023-10-14T08:38:56.027+0000] {dag.py:2941} INFO - Sync 1 DAGs
[2023-10-14T08:38:56.041+0000] {logging_mixin.py:151} INFO - [2023-10-14T08:38:56.041+0000] {dag.py:3722} INFO - Setting next_dagrun for example_branch_dop_operator_v3 to 2023-10-14T08:37:00+00:00, run_after=2023-10-14T08:38:00+00:00
[2023-10-14T08:38:56.050+0000] {processor.py:179} INFO - Processing /home/airflow/.local/lib/python3.8/site-packages/airflow/example_dags/example_branch_python_dop_operator_3.py took 0.045 seconds
[2023-10-14T08:39:26.414+0000] {processor.py:157} INFO - Started process (PID=162) to work on /home/airflow/.local/lib/python3.8/site-packages/airflow/example_dags/example_branch_python_dop_operator_3.py
[2023-10-14T08:39:26.415+0000] {processor.py:829} INFO - Processing file /home/airflow/.local/lib/python3.8/site-packages/airflow/example_dags/example_branch_python_dop_operator_3.py for tasks to queue
[2023-10-14T08:39:26.417+0000] {logging_mixin.py:151} INFO - [2023-10-14T08:39:26.417+0000] {dagbag.py:536} INFO - Filling up the DagBag from /home/airflow/.local/lib/python3.8/site-packages/airflow/example_dags/example_branch_python_dop_operator_3.py
[2023-10-14T08:39:26.422+0000] {processor.py:839} INFO - DAG(s) dict_keys(['example_branch_dop_operator_v3']) retrieved from /home/airflow/.local/lib/python3.8/site-packages/airflow/example_dags/example_branch_python_dop_operator_3.py
[2023-10-14T08:39:26.434+0000] {logging_mixin.py:151} INFO - [2023-10-14T08:39:26.433+0000] {dag.py:2941} INFO - Sync 1 DAGs
[2023-10-14T08:39:26.447+0000] {logging_mixin.py:151} INFO - [2023-10-14T08:39:26.446+0000] {dag.py:3722} INFO - Setting next_dagrun for example_branch_dop_operator_v3 to 2023-10-14T08:38:00+00:00, run_after=2023-10-14T08:39:00+00:00
[2023-10-14T08:39:26.456+0000] {processor.py:179} INFO - Processing /home/airflow/.local/lib/python3.8/site-packages/airflow/example_dags/example_branch_python_dop_operator_3.py took 0.044 seconds
[2023-10-14T08:39:56.546+0000] {processor.py:157} INFO - Started process (PID=218) to work on /home/airflow/.local/lib/python3.8/site-packages/airflow/example_dags/example_branch_python_dop_operator_3.py
[2023-10-14T08:39:56.547+0000] {processor.py:829} INFO - Processing file /home/airflow/.local/lib/python3.8/site-packages/airflow/example_dags/example_branch_python_dop_operator_3.py for tasks to queue
[2023-10-14T08:39:56.549+0000] {logging_mixin.py:151} INFO - [2023-10-14T08:39:56.548+0000] {dagbag.py:536} INFO - Filling up the DagBag from /home/airflow/.local/lib/python3.8/site-packages/airflow/example_dags/example_branch_python_dop_operator_3.py
[2023-10-14T08:39:56.554+0000] {processor.py:839} INFO - DAG(s) dict_keys(['example_branch_dop_operator_v3']) retrieved from /home/airflow/.local/lib/python3.8/site-packages/airflow/example_dags/example_branch_python_dop_operator_3.py
[2023-10-14T08:39:56.566+0000] {logging_mixin.py:151} INFO - [2023-10-14T08:39:56.566+0000] {dag.py:2941} INFO - Sync 1 DAGs
[2023-10-14T08:39:56.579+0000] {logging_mixin.py:151} INFO - [2023-10-14T08:39:56.579+0000] {dag.py:3722} INFO - Setting next_dagrun for example_branch_dop_operator_v3 to 2023-10-14T08:38:00+00:00, run_after=2023-10-14T08:39:00+00:00
[2023-10-14T08:39:56.587+0000] {processor.py:179} INFO - Processing /home/airflow/.local/lib/python3.8/site-packages/airflow/example_dags/example_branch_python_dop_operator_3.py took 0.043 seconds
[2023-10-14T08:40:26.744+0000] {processor.py:157} INFO - Started process (PID=282) to work on /home/airflow/.local/lib/python3.8/site-packages/airflow/example_dags/example_branch_python_dop_operator_3.py
[2023-10-14T08:40:26.744+0000] {processor.py:829} INFO - Processing file /home/airflow/.local/lib/python3.8/site-packages/airflow/example_dags/example_branch_python_dop_operator_3.py for tasks to queue
[2023-10-14T08:40:26.746+0000] {logging_mixin.py:151} INFO - [2023-10-14T08:40:26.746+0000] {dagbag.py:536} INFO - Filling up the DagBag from /home/airflow/.local/lib/python3.8/site-packages/airflow/example_dags/example_branch_python_dop_operator_3.py
[2023-10-14T08:40:26.752+0000] {processor.py:839} INFO - DAG(s) dict_keys(['example_branch_dop_operator_v3']) retrieved from /home/airflow/.local/lib/python3.8/site-packages/airflow/example_dags/example_branch_python_dop_operator_3.py
[2023-10-14T08:40:26.767+0000] {logging_mixin.py:151} INFO - [2023-10-14T08:40:26.766+0000] {dag.py:2941} INFO - Sync 1 DAGs
[2023-10-14T08:40:26.781+0000] {logging_mixin.py:151} INFO - [2023-10-14T08:40:26.781+0000] {dag.py:3722} INFO - Setting next_dagrun for example_branch_dop_operator_v3 to 2023-10-14T08:39:00+00:00, run_after=2023-10-14T08:40:00+00:00
[2023-10-14T08:40:26.790+0000] {processor.py:179} INFO - Processing /home/airflow/.local/lib/python3.8/site-packages/airflow/example_dags/example_branch_python_dop_operator_3.py took 0.049 seconds
[2023-10-14T08:40:56.951+0000] {processor.py:157} INFO - Started process (PID=338) to work on /home/airflow/.local/lib/python3.8/site-packages/airflow/example_dags/example_branch_python_dop_operator_3.py
[2023-10-14T08:40:56.952+0000] {processor.py:829} INFO - Processing file /home/airflow/.local/lib/python3.8/site-packages/airflow/example_dags/example_branch_python_dop_operator_3.py for tasks to queue
[2023-10-14T08:40:56.954+0000] {logging_mixin.py:151} INFO - [2023-10-14T08:40:56.954+0000] {dagbag.py:536} INFO - Filling up the DagBag from /home/airflow/.local/lib/python3.8/site-packages/airflow/example_dags/example_branch_python_dop_operator_3.py
[2023-10-14T08:40:56.959+0000] {processor.py:839} INFO - DAG(s) dict_keys(['example_branch_dop_operator_v3']) retrieved from /home/airflow/.local/lib/python3.8/site-packages/airflow/example_dags/example_branch_python_dop_operator_3.py
[2023-10-14T08:40:56.971+0000] {logging_mixin.py:151} INFO - [2023-10-14T08:40:56.971+0000] {dag.py:2941} INFO - Sync 1 DAGs
[2023-10-14T08:40:56.984+0000] {logging_mixin.py:151} INFO - [2023-10-14T08:40:56.984+0000] {dag.py:3722} INFO - Setting next_dagrun for example_branch_dop_operator_v3 to 2023-10-14T08:39:00+00:00, run_after=2023-10-14T08:40:00+00:00
[2023-10-14T08:40:56.993+0000] {processor.py:179} INFO - Processing /home/airflow/.local/lib/python3.8/site-packages/airflow/example_dags/example_branch_python_dop_operator_3.py took 0.044 seconds
[2023-10-14T08:41:27.132+0000] {processor.py:157} INFO - Started process (PID=394) to work on /home/airflow/.local/lib/python3.8/site-packages/airflow/example_dags/example_branch_python_dop_operator_3.py
[2023-10-14T08:41:27.133+0000] {processor.py:829} INFO - Processing file /home/airflow/.local/lib/python3.8/site-packages/airflow/example_dags/example_branch_python_dop_operator_3.py for tasks to queue
[2023-10-14T08:41:27.134+0000] {logging_mixin.py:151} INFO - [2023-10-14T08:41:27.134+0000] {dagbag.py:536} INFO - Filling up the DagBag from /home/airflow/.local/lib/python3.8/site-packages/airflow/example_dags/example_branch_python_dop_operator_3.py
[2023-10-14T08:41:27.140+0000] {processor.py:839} INFO - DAG(s) dict_keys(['example_branch_dop_operator_v3']) retrieved from /home/airflow/.local/lib/python3.8/site-packages/airflow/example_dags/example_branch_python_dop_operator_3.py
[2023-10-14T08:41:27.153+0000] {logging_mixin.py:151} INFO - [2023-10-14T08:41:27.153+0000] {dag.py:2941} INFO - Sync 1 DAGs
[2023-10-14T08:41:27.166+0000] {logging_mixin.py:151} INFO - [2023-10-14T08:41:27.166+0000] {dag.py:3722} INFO - Setting next_dagrun for example_branch_dop_operator_v3 to 2023-10-14T08:40:00+00:00, run_after=2023-10-14T08:41:00+00:00
[2023-10-14T08:41:27.174+0000] {processor.py:179} INFO - Processing /home/airflow/.local/lib/python3.8/site-packages/airflow/example_dags/example_branch_python_dop_operator_3.py took 0.044 seconds
[2023-10-14T08:41:57.338+0000] {processor.py:157} INFO - Started process (PID=450) to work on /home/airflow/.local/lib/python3.8/site-packages/airflow/example_dags/example_branch_python_dop_operator_3.py
[2023-10-14T08:41:57.338+0000] {processor.py:829} INFO - Processing file /home/airflow/.local/lib/python3.8/site-packages/airflow/example_dags/example_branch_python_dop_operator_3.py for tasks to queue
[2023-10-14T08:41:57.341+0000] {logging_mixin.py:151} INFO - [2023-10-14T08:41:57.340+0000] {dagbag.py:536} INFO - Filling up the DagBag from /home/airflow/.local/lib/python3.8/site-packages/airflow/example_dags/example_branch_python_dop_operator_3.py
[2023-10-14T08:41:57.346+0000] {processor.py:839} INFO - DAG(s) dict_keys(['example_branch_dop_operator_v3']) retrieved from /home/airflow/.local/lib/python3.8/site-packages/airflow/example_dags/example_branch_python_dop_operator_3.py
[2023-10-14T08:41:57.360+0000] {logging_mixin.py:151} INFO - [2023-10-14T08:41:57.360+0000] {dag.py:2941} INFO - Sync 1 DAGs
[2023-10-14T08:41:57.373+0000] {logging_mixin.py:151} INFO - [2023-10-14T08:41:57.373+0000] {dag.py:3722} INFO - Setting next_dagrun for example_branch_dop_operator_v3 to 2023-10-14T08:40:00+00:00, run_after=2023-10-14T08:41:00+00:00
[2023-10-14T08:41:57.381+0000] {processor.py:179} INFO - Processing /home/airflow/.local/lib/python3.8/site-packages/airflow/example_dags/example_branch_python_dop_operator_3.py took 0.045 seconds
[2023-10-14T08:42:27.607+0000] {processor.py:157} INFO - Started process (PID=506) to work on /home/airflow/.local/lib/python3.8/site-packages/airflow/example_dags/example_branch_python_dop_operator_3.py
[2023-10-14T08:42:27.608+0000] {processor.py:829} INFO - Processing file /home/airflow/.local/lib/python3.8/site-packages/airflow/example_dags/example_branch_python_dop_operator_3.py for tasks to queue
[2023-10-14T08:42:27.609+0000] {logging_mixin.py:151} INFO - [2023-10-14T08:42:27.609+0000] {dagbag.py:536} INFO - Filling up the DagBag from /home/airflow/.local/lib/python3.8/site-packages/airflow/example_dags/example_branch_python_dop_operator_3.py
[2023-10-14T08:42:27.615+0000] {processor.py:839} INFO - DAG(s) dict_keys(['example_branch_dop_operator_v3']) retrieved from /home/airflow/.local/lib/python3.8/site-packages/airflow/example_dags/example_branch_python_dop_operator_3.py
[2023-10-14T08:42:27.627+0000] {logging_mixin.py:151} INFO - [2023-10-14T08:42:27.627+0000] {dag.py:2941} INFO - Sync 1 DAGs
[2023-10-14T08:42:27.640+0000] {logging_mixin.py:151} INFO - [2023-10-14T08:42:27.640+0000] {dag.py:3722} INFO - Setting next_dagrun for example_branch_dop_operator_v3 to 2023-10-14T08:41:00+00:00, run_after=2023-10-14T08:42:00+00:00
[2023-10-14T08:42:27.648+0000] {processor.py:179} INFO - Processing /home/airflow/.local/lib/python3.8/site-packages/airflow/example_dags/example_branch_python_dop_operator_3.py took 0.044 seconds
[2023-10-14T08:42:57.888+0000] {processor.py:157} INFO - Started process (PID=562) to work on /home/airflow/.local/lib/python3.8/site-packages/airflow/example_dags/example_branch_python_dop_operator_3.py
[2023-10-14T08:42:57.888+0000] {processor.py:829} INFO - Processing file /home/airflow/.local/lib/python3.8/site-packages/airflow/example_dags/example_branch_python_dop_operator_3.py for tasks to queue
[2023-10-14T08:42:57.890+0000] {logging_mixin.py:151} INFO - [2023-10-14T08:42:57.890+0000] {dagbag.py:536} INFO - Filling up the DagBag from /home/airflow/.local/lib/python3.8/site-packages/airflow/example_dags/example_branch_python_dop_operator_3.py
[2023-10-14T08:42:57.896+0000] {processor.py:839} INFO - DAG(s) dict_keys(['example_branch_dop_operator_v3']) retrieved from /home/airflow/.local/lib/python3.8/site-packages/airflow/example_dags/example_branch_python_dop_operator_3.py
[2023-10-14T08:42:57.911+0000] {logging_mixin.py:151} INFO - [2023-10-14T08:42:57.910+0000] {dag.py:2941} INFO - Sync 1 DAGs
[2023-10-14T08:42:57.926+0000] {logging_mixin.py:151} INFO - [2023-10-14T08:42:57.926+0000] {dag.py:3722} INFO - Setting next_dagrun for example_branch_dop_operator_v3 to 2023-10-14T08:41:00+00:00, run_after=2023-10-14T08:42:00+00:00
[2023-10-14T08:42:57.939+0000] {processor.py:179} INFO - Processing /home/airflow/.local/lib/python3.8/site-packages/airflow/example_dags/example_branch_python_dop_operator_3.py took 0.054 seconds
