[2023-10-14T08:38:25.784+0000] {processor.py:157} INFO - Started process (PID=53) to work on /home/airflow/.local/lib/python3.8/site-packages/airflow/example_dags/example_trigger_target_dag.py
[2023-10-14T08:38:25.785+0000] {processor.py:829} INFO - Processing file /home/airflow/.local/lib/python3.8/site-packages/airflow/example_dags/example_trigger_target_dag.py for tasks to queue
[2023-10-14T08:38:25.787+0000] {logging_mixin.py:151} INFO - [2023-10-14T08:38:25.787+0000] {dagbag.py:536} INFO - Filling up the DagBag from /home/airflow/.local/lib/python3.8/site-packages/airflow/example_dags/example_trigger_target_dag.py
[2023-10-14T08:38:25.793+0000] {processor.py:839} INFO - DAG(s) dict_keys(['example_trigger_target_dag']) retrieved from /home/airflow/.local/lib/python3.8/site-packages/airflow/example_dags/example_trigger_target_dag.py
[2023-10-14T08:38:25.887+0000] {logging_mixin.py:151} INFO - [2023-10-14T08:38:25.887+0000] {manager.py:499} INFO - Created Permission View: %s
[2023-10-14T08:38:25.893+0000] {logging_mixin.py:151} INFO - [2023-10-14T08:38:25.893+0000] {manager.py:499} INFO - Created Permission View: %s
[2023-10-14T08:38:25.897+0000] {logging_mixin.py:151} INFO - [2023-10-14T08:38:25.897+0000] {manager.py:499} INFO - Created Permission View: %s
[2023-10-14T08:38:25.897+0000] {logging_mixin.py:151} INFO - [2023-10-14T08:38:25.897+0000] {dag.py:2941} INFO - Sync 1 DAGs
[2023-10-14T08:38:25.905+0000] {logging_mixin.py:151} INFO - [2023-10-14T08:38:25.905+0000] {dag.py:2963} INFO - Creating ORM DAG for example_trigger_target_dag
[2023-10-14T08:38:25.905+0000] {logging_mixin.py:151} INFO - [2023-10-14T08:38:25.905+0000] {dag.py:3722} INFO - Setting next_dagrun for example_trigger_target_dag to None, run_after=None
[2023-10-14T08:38:25.916+0000] {processor.py:179} INFO - Processing /home/airflow/.local/lib/python3.8/site-packages/airflow/example_dags/example_trigger_target_dag.py took 0.137 seconds
[2023-10-14T08:38:56.183+0000] {processor.py:157} INFO - Started process (PID=111) to work on /home/airflow/.local/lib/python3.8/site-packages/airflow/example_dags/example_trigger_target_dag.py
[2023-10-14T08:38:56.184+0000] {processor.py:829} INFO - Processing file /home/airflow/.local/lib/python3.8/site-packages/airflow/example_dags/example_trigger_target_dag.py for tasks to queue
[2023-10-14T08:38:56.185+0000] {logging_mixin.py:151} INFO - [2023-10-14T08:38:56.185+0000] {dagbag.py:536} INFO - Filling up the DagBag from /home/airflow/.local/lib/python3.8/site-packages/airflow/example_dags/example_trigger_target_dag.py
[2023-10-14T08:38:56.190+0000] {processor.py:839} INFO - DAG(s) dict_keys(['example_trigger_target_dag']) retrieved from /home/airflow/.local/lib/python3.8/site-packages/airflow/example_dags/example_trigger_target_dag.py
[2023-10-14T08:38:56.202+0000] {logging_mixin.py:151} INFO - [2023-10-14T08:38:56.201+0000] {dag.py:2941} INFO - Sync 1 DAGs
[2023-10-14T08:38:56.209+0000] {logging_mixin.py:151} INFO - [2023-10-14T08:38:56.209+0000] {dag.py:3722} INFO - Setting next_dagrun for example_trigger_target_dag to None, run_after=None
[2023-10-14T08:38:56.219+0000] {processor.py:179} INFO - Processing /home/airflow/.local/lib/python3.8/site-packages/airflow/example_dags/example_trigger_target_dag.py took 0.038 seconds
[2023-10-14T08:39:26.593+0000] {processor.py:157} INFO - Started process (PID=167) to work on /home/airflow/.local/lib/python3.8/site-packages/airflow/example_dags/example_trigger_target_dag.py
[2023-10-14T08:39:26.594+0000] {processor.py:829} INFO - Processing file /home/airflow/.local/lib/python3.8/site-packages/airflow/example_dags/example_trigger_target_dag.py for tasks to queue
[2023-10-14T08:39:26.595+0000] {logging_mixin.py:151} INFO - [2023-10-14T08:39:26.595+0000] {dagbag.py:536} INFO - Filling up the DagBag from /home/airflow/.local/lib/python3.8/site-packages/airflow/example_dags/example_trigger_target_dag.py
[2023-10-14T08:39:26.600+0000] {processor.py:839} INFO - DAG(s) dict_keys(['example_trigger_target_dag']) retrieved from /home/airflow/.local/lib/python3.8/site-packages/airflow/example_dags/example_trigger_target_dag.py
[2023-10-14T08:39:26.612+0000] {logging_mixin.py:151} INFO - [2023-10-14T08:39:26.612+0000] {dag.py:2941} INFO - Sync 1 DAGs
[2023-10-14T08:39:26.618+0000] {logging_mixin.py:151} INFO - [2023-10-14T08:39:26.618+0000] {dag.py:3722} INFO - Setting next_dagrun for example_trigger_target_dag to None, run_after=None
[2023-10-14T08:39:26.627+0000] {processor.py:179} INFO - Processing /home/airflow/.local/lib/python3.8/site-packages/airflow/example_dags/example_trigger_target_dag.py took 0.036 seconds
[2023-10-14T08:39:56.720+0000] {processor.py:157} INFO - Started process (PID=223) to work on /home/airflow/.local/lib/python3.8/site-packages/airflow/example_dags/example_trigger_target_dag.py
[2023-10-14T08:39:56.721+0000] {processor.py:829} INFO - Processing file /home/airflow/.local/lib/python3.8/site-packages/airflow/example_dags/example_trigger_target_dag.py for tasks to queue
[2023-10-14T08:39:56.723+0000] {logging_mixin.py:151} INFO - [2023-10-14T08:39:56.722+0000] {dagbag.py:536} INFO - Filling up the DagBag from /home/airflow/.local/lib/python3.8/site-packages/airflow/example_dags/example_trigger_target_dag.py
[2023-10-14T08:39:56.727+0000] {processor.py:839} INFO - DAG(s) dict_keys(['example_trigger_target_dag']) retrieved from /home/airflow/.local/lib/python3.8/site-packages/airflow/example_dags/example_trigger_target_dag.py
[2023-10-14T08:39:56.739+0000] {logging_mixin.py:151} INFO - [2023-10-14T08:39:56.738+0000] {dag.py:2941} INFO - Sync 1 DAGs
[2023-10-14T08:39:56.745+0000] {logging_mixin.py:151} INFO - [2023-10-14T08:39:56.744+0000] {dag.py:3722} INFO - Setting next_dagrun for example_trigger_target_dag to None, run_after=None
[2023-10-14T08:39:56.754+0000] {processor.py:179} INFO - Processing /home/airflow/.local/lib/python3.8/site-packages/airflow/example_dags/example_trigger_target_dag.py took 0.036 seconds
[2023-10-14T08:40:26.918+0000] {processor.py:157} INFO - Started process (PID=287) to work on /home/airflow/.local/lib/python3.8/site-packages/airflow/example_dags/example_trigger_target_dag.py
[2023-10-14T08:40:26.918+0000] {processor.py:829} INFO - Processing file /home/airflow/.local/lib/python3.8/site-packages/airflow/example_dags/example_trigger_target_dag.py for tasks to queue
[2023-10-14T08:40:26.920+0000] {logging_mixin.py:151} INFO - [2023-10-14T08:40:26.920+0000] {dagbag.py:536} INFO - Filling up the DagBag from /home/airflow/.local/lib/python3.8/site-packages/airflow/example_dags/example_trigger_target_dag.py
[2023-10-14T08:40:26.925+0000] {processor.py:839} INFO - DAG(s) dict_keys(['example_trigger_target_dag']) retrieved from /home/airflow/.local/lib/python3.8/site-packages/airflow/example_dags/example_trigger_target_dag.py
[2023-10-14T08:40:26.938+0000] {logging_mixin.py:151} INFO - [2023-10-14T08:40:26.937+0000] {dag.py:2941} INFO - Sync 1 DAGs
[2023-10-14T08:40:26.944+0000] {logging_mixin.py:151} INFO - [2023-10-14T08:40:26.944+0000] {dag.py:3722} INFO - Setting next_dagrun for example_trigger_target_dag to None, run_after=None
[2023-10-14T08:40:26.953+0000] {processor.py:179} INFO - Processing /home/airflow/.local/lib/python3.8/site-packages/airflow/example_dags/example_trigger_target_dag.py took 0.037 seconds
[2023-10-14T08:40:57.126+0000] {processor.py:157} INFO - Started process (PID=343) to work on /home/airflow/.local/lib/python3.8/site-packages/airflow/example_dags/example_trigger_target_dag.py
[2023-10-14T08:40:57.126+0000] {processor.py:829} INFO - Processing file /home/airflow/.local/lib/python3.8/site-packages/airflow/example_dags/example_trigger_target_dag.py for tasks to queue
[2023-10-14T08:40:57.129+0000] {logging_mixin.py:151} INFO - [2023-10-14T08:40:57.129+0000] {dagbag.py:536} INFO - Filling up the DagBag from /home/airflow/.local/lib/python3.8/site-packages/airflow/example_dags/example_trigger_target_dag.py
[2023-10-14T08:40:57.133+0000] {processor.py:839} INFO - DAG(s) dict_keys(['example_trigger_target_dag']) retrieved from /home/airflow/.local/lib/python3.8/site-packages/airflow/example_dags/example_trigger_target_dag.py
[2023-10-14T08:40:57.146+0000] {logging_mixin.py:151} INFO - [2023-10-14T08:40:57.146+0000] {dag.py:2941} INFO - Sync 1 DAGs
[2023-10-14T08:40:57.153+0000] {logging_mixin.py:151} INFO - [2023-10-14T08:40:57.153+0000] {dag.py:3722} INFO - Setting next_dagrun for example_trigger_target_dag to None, run_after=None
[2023-10-14T08:40:57.163+0000] {processor.py:179} INFO - Processing /home/airflow/.local/lib/python3.8/site-packages/airflow/example_dags/example_trigger_target_dag.py took 0.039 seconds
[2023-10-14T08:41:27.304+0000] {processor.py:157} INFO - Started process (PID=399) to work on /home/airflow/.local/lib/python3.8/site-packages/airflow/example_dags/example_trigger_target_dag.py
[2023-10-14T08:41:27.304+0000] {processor.py:829} INFO - Processing file /home/airflow/.local/lib/python3.8/site-packages/airflow/example_dags/example_trigger_target_dag.py for tasks to queue
[2023-10-14T08:41:27.306+0000] {logging_mixin.py:151} INFO - [2023-10-14T08:41:27.306+0000] {dagbag.py:536} INFO - Filling up the DagBag from /home/airflow/.local/lib/python3.8/site-packages/airflow/example_dags/example_trigger_target_dag.py
[2023-10-14T08:41:27.311+0000] {processor.py:839} INFO - DAG(s) dict_keys(['example_trigger_target_dag']) retrieved from /home/airflow/.local/lib/python3.8/site-packages/airflow/example_dags/example_trigger_target_dag.py
[2023-10-14T08:41:27.322+0000] {logging_mixin.py:151} INFO - [2023-10-14T08:41:27.322+0000] {dag.py:2941} INFO - Sync 1 DAGs
[2023-10-14T08:41:27.328+0000] {logging_mixin.py:151} INFO - [2023-10-14T08:41:27.328+0000] {dag.py:3722} INFO - Setting next_dagrun for example_trigger_target_dag to None, run_after=None
[2023-10-14T08:41:27.337+0000] {processor.py:179} INFO - Processing /home/airflow/.local/lib/python3.8/site-packages/airflow/example_dags/example_trigger_target_dag.py took 0.035 seconds
[2023-10-14T08:41:57.516+0000] {processor.py:157} INFO - Started process (PID=455) to work on /home/airflow/.local/lib/python3.8/site-packages/airflow/example_dags/example_trigger_target_dag.py
[2023-10-14T08:41:57.516+0000] {processor.py:829} INFO - Processing file /home/airflow/.local/lib/python3.8/site-packages/airflow/example_dags/example_trigger_target_dag.py for tasks to queue
[2023-10-14T08:41:57.518+0000] {logging_mixin.py:151} INFO - [2023-10-14T08:41:57.518+0000] {dagbag.py:536} INFO - Filling up the DagBag from /home/airflow/.local/lib/python3.8/site-packages/airflow/example_dags/example_trigger_target_dag.py
[2023-10-14T08:41:57.522+0000] {processor.py:839} INFO - DAG(s) dict_keys(['example_trigger_target_dag']) retrieved from /home/airflow/.local/lib/python3.8/site-packages/airflow/example_dags/example_trigger_target_dag.py
[2023-10-14T08:41:57.535+0000] {logging_mixin.py:151} INFO - [2023-10-14T08:41:57.535+0000] {dag.py:2941} INFO - Sync 1 DAGs
[2023-10-14T08:41:57.541+0000] {logging_mixin.py:151} INFO - [2023-10-14T08:41:57.541+0000] {dag.py:3722} INFO - Setting next_dagrun for example_trigger_target_dag to None, run_after=None
[2023-10-14T08:41:57.550+0000] {processor.py:179} INFO - Processing /home/airflow/.local/lib/python3.8/site-packages/airflow/example_dags/example_trigger_target_dag.py took 0.036 seconds
[2023-10-14T08:42:27.780+0000] {processor.py:157} INFO - Started process (PID=511) to work on /home/airflow/.local/lib/python3.8/site-packages/airflow/example_dags/example_trigger_target_dag.py
[2023-10-14T08:42:27.780+0000] {processor.py:829} INFO - Processing file /home/airflow/.local/lib/python3.8/site-packages/airflow/example_dags/example_trigger_target_dag.py for tasks to queue
[2023-10-14T08:42:27.782+0000] {logging_mixin.py:151} INFO - [2023-10-14T08:42:27.782+0000] {dagbag.py:536} INFO - Filling up the DagBag from /home/airflow/.local/lib/python3.8/site-packages/airflow/example_dags/example_trigger_target_dag.py
[2023-10-14T08:42:27.786+0000] {processor.py:839} INFO - DAG(s) dict_keys(['example_trigger_target_dag']) retrieved from /home/airflow/.local/lib/python3.8/site-packages/airflow/example_dags/example_trigger_target_dag.py
[2023-10-14T08:42:27.799+0000] {logging_mixin.py:151} INFO - [2023-10-14T08:42:27.799+0000] {dag.py:2941} INFO - Sync 1 DAGs
[2023-10-14T08:42:27.805+0000] {logging_mixin.py:151} INFO - [2023-10-14T08:42:27.805+0000] {dag.py:3722} INFO - Setting next_dagrun for example_trigger_target_dag to None, run_after=None
[2023-10-14T08:42:27.814+0000] {processor.py:179} INFO - Processing /home/airflow/.local/lib/python3.8/site-packages/airflow/example_dags/example_trigger_target_dag.py took 0.037 seconds
[2023-10-14T08:42:58.117+0000] {processor.py:157} INFO - Started process (PID=567) to work on /home/airflow/.local/lib/python3.8/site-packages/airflow/example_dags/example_trigger_target_dag.py
[2023-10-14T08:42:58.118+0000] {processor.py:829} INFO - Processing file /home/airflow/.local/lib/python3.8/site-packages/airflow/example_dags/example_trigger_target_dag.py for tasks to queue
[2023-10-14T08:42:58.123+0000] {logging_mixin.py:151} INFO - [2023-10-14T08:42:58.123+0000] {dagbag.py:536} INFO - Filling up the DagBag from /home/airflow/.local/lib/python3.8/site-packages/airflow/example_dags/example_trigger_target_dag.py
[2023-10-14T08:42:58.138+0000] {processor.py:839} INFO - DAG(s) dict_keys(['example_trigger_target_dag']) retrieved from /home/airflow/.local/lib/python3.8/site-packages/airflow/example_dags/example_trigger_target_dag.py
[2023-10-14T08:42:58.166+0000] {logging_mixin.py:151} INFO - [2023-10-14T08:42:58.165+0000] {dag.py:2941} INFO - Sync 1 DAGs
[2023-10-14T08:42:58.172+0000] {logging_mixin.py:151} INFO - [2023-10-14T08:42:58.172+0000] {dag.py:3722} INFO - Setting next_dagrun for example_trigger_target_dag to None, run_after=None
[2023-10-14T08:42:58.183+0000] {processor.py:179} INFO - Processing /home/airflow/.local/lib/python3.8/site-packages/airflow/example_dags/example_trigger_target_dag.py took 0.068 seconds
