[2023-10-14T08:38:24.692+0000] {processor.py:157} INFO - Started process (PID=41) to work on /home/airflow/.local/lib/python3.8/site-packages/airflow/example_dags/example_trigger_controller_dag.py
[2023-10-14T08:38:24.693+0000] {processor.py:829} INFO - Processing file /home/airflow/.local/lib/python3.8/site-packages/airflow/example_dags/example_trigger_controller_dag.py for tasks to queue
[2023-10-14T08:38:24.694+0000] {logging_mixin.py:151} INFO - [2023-10-14T08:38:24.694+0000] {dagbag.py:536} INFO - Filling up the DagBag from /home/airflow/.local/lib/python3.8/site-packages/airflow/example_dags/example_trigger_controller_dag.py
[2023-10-14T08:38:24.700+0000] {processor.py:839} INFO - DAG(s) dict_keys(['example_trigger_controller_dag']) retrieved from /home/airflow/.local/lib/python3.8/site-packages/airflow/example_dags/example_trigger_controller_dag.py
[2023-10-14T08:38:24.776+0000] {logging_mixin.py:151} INFO - [2023-10-14T08:38:24.776+0000] {manager.py:499} INFO - Created Permission View: %s
[2023-10-14T08:38:24.781+0000] {logging_mixin.py:151} INFO - [2023-10-14T08:38:24.781+0000] {manager.py:499} INFO - Created Permission View: %s
[2023-10-14T08:38:24.784+0000] {logging_mixin.py:151} INFO - [2023-10-14T08:38:24.784+0000] {manager.py:499} INFO - Created Permission View: %s
[2023-10-14T08:38:24.785+0000] {logging_mixin.py:151} INFO - [2023-10-14T08:38:24.785+0000] {dag.py:2941} INFO - Sync 1 DAGs
[2023-10-14T08:38:24.791+0000] {logging_mixin.py:151} INFO - [2023-10-14T08:38:24.791+0000] {dag.py:2963} INFO - Creating ORM DAG for example_trigger_controller_dag
[2023-10-14T08:38:24.796+0000] {logging_mixin.py:151} INFO - [2023-10-14T08:38:24.796+0000] {dag.py:3722} INFO - Setting next_dagrun for example_trigger_controller_dag to 2021-01-01T00:00:00+00:00, run_after=2021-01-01T00:00:00+00:00
[2023-10-14T08:38:24.806+0000] {processor.py:179} INFO - Processing /home/airflow/.local/lib/python3.8/site-packages/airflow/example_dags/example_trigger_controller_dag.py took 0.119 seconds
[2023-10-14T08:38:55.751+0000] {processor.py:157} INFO - Started process (PID=99) to work on /home/airflow/.local/lib/python3.8/site-packages/airflow/example_dags/example_trigger_controller_dag.py
[2023-10-14T08:38:55.753+0000] {processor.py:829} INFO - Processing file /home/airflow/.local/lib/python3.8/site-packages/airflow/example_dags/example_trigger_controller_dag.py for tasks to queue
[2023-10-14T08:38:55.757+0000] {logging_mixin.py:151} INFO - [2023-10-14T08:38:55.757+0000] {dagbag.py:536} INFO - Filling up the DagBag from /home/airflow/.local/lib/python3.8/site-packages/airflow/example_dags/example_trigger_controller_dag.py
[2023-10-14T08:38:55.765+0000] {processor.py:839} INFO - DAG(s) dict_keys(['example_trigger_controller_dag']) retrieved from /home/airflow/.local/lib/python3.8/site-packages/airflow/example_dags/example_trigger_controller_dag.py
[2023-10-14T08:38:55.785+0000] {logging_mixin.py:151} INFO - [2023-10-14T08:38:55.784+0000] {dag.py:2941} INFO - Sync 1 DAGs
[2023-10-14T08:38:55.800+0000] {logging_mixin.py:151} INFO - [2023-10-14T08:38:55.800+0000] {dag.py:3722} INFO - Setting next_dagrun for example_trigger_controller_dag to 2021-01-01T00:00:00+00:00, run_after=2021-01-01T00:00:00+00:00
[2023-10-14T08:38:55.811+0000] {processor.py:179} INFO - Processing /home/airflow/.local/lib/python3.8/site-packages/airflow/example_dags/example_trigger_controller_dag.py took 0.066 seconds
[2023-10-14T08:39:26.164+0000] {processor.py:157} INFO - Started process (PID=155) to work on /home/airflow/.local/lib/python3.8/site-packages/airflow/example_dags/example_trigger_controller_dag.py
[2023-10-14T08:39:26.166+0000] {processor.py:829} INFO - Processing file /home/airflow/.local/lib/python3.8/site-packages/airflow/example_dags/example_trigger_controller_dag.py for tasks to queue
[2023-10-14T08:39:26.169+0000] {logging_mixin.py:151} INFO - [2023-10-14T08:39:26.169+0000] {dagbag.py:536} INFO - Filling up the DagBag from /home/airflow/.local/lib/python3.8/site-packages/airflow/example_dags/example_trigger_controller_dag.py
[2023-10-14T08:39:26.177+0000] {processor.py:839} INFO - DAG(s) dict_keys(['example_trigger_controller_dag']) retrieved from /home/airflow/.local/lib/python3.8/site-packages/airflow/example_dags/example_trigger_controller_dag.py
[2023-10-14T08:39:26.198+0000] {logging_mixin.py:151} INFO - [2023-10-14T08:39:26.198+0000] {dag.py:2941} INFO - Sync 1 DAGs
[2023-10-14T08:39:26.211+0000] {logging_mixin.py:151} INFO - [2023-10-14T08:39:26.211+0000] {dag.py:3722} INFO - Setting next_dagrun for example_trigger_controller_dag to 2021-01-01T00:00:00+00:00, run_after=2021-01-01T00:00:00+00:00
[2023-10-14T08:39:26.223+0000] {processor.py:179} INFO - Processing /home/airflow/.local/lib/python3.8/site-packages/airflow/example_dags/example_trigger_controller_dag.py took 0.065 seconds
[2023-10-14T08:39:56.303+0000] {processor.py:157} INFO - Started process (PID=211) to work on /home/airflow/.local/lib/python3.8/site-packages/airflow/example_dags/example_trigger_controller_dag.py
[2023-10-14T08:39:56.304+0000] {processor.py:829} INFO - Processing file /home/airflow/.local/lib/python3.8/site-packages/airflow/example_dags/example_trigger_controller_dag.py for tasks to queue
[2023-10-14T08:39:56.306+0000] {logging_mixin.py:151} INFO - [2023-10-14T08:39:56.305+0000] {dagbag.py:536} INFO - Filling up the DagBag from /home/airflow/.local/lib/python3.8/site-packages/airflow/example_dags/example_trigger_controller_dag.py
[2023-10-14T08:39:56.310+0000] {processor.py:839} INFO - DAG(s) dict_keys(['example_trigger_controller_dag']) retrieved from /home/airflow/.local/lib/python3.8/site-packages/airflow/example_dags/example_trigger_controller_dag.py
[2023-10-14T08:39:56.327+0000] {logging_mixin.py:151} INFO - [2023-10-14T08:39:56.326+0000] {dag.py:2941} INFO - Sync 1 DAGs
[2023-10-14T08:39:56.340+0000] {logging_mixin.py:151} INFO - [2023-10-14T08:39:56.339+0000] {dag.py:3722} INFO - Setting next_dagrun for example_trigger_controller_dag to 2021-01-01T00:00:00+00:00, run_after=2021-01-01T00:00:00+00:00
[2023-10-14T08:39:56.349+0000] {processor.py:179} INFO - Processing /home/airflow/.local/lib/python3.8/site-packages/airflow/example_dags/example_trigger_controller_dag.py took 0.051 seconds
[2023-10-14T08:40:26.414+0000] {processor.py:157} INFO - Started process (PID=275) to work on /home/airflow/.local/lib/python3.8/site-packages/airflow/example_dags/example_trigger_controller_dag.py
[2023-10-14T08:40:26.415+0000] {processor.py:829} INFO - Processing file /home/airflow/.local/lib/python3.8/site-packages/airflow/example_dags/example_trigger_controller_dag.py for tasks to queue
[2023-10-14T08:40:26.417+0000] {logging_mixin.py:151} INFO - [2023-10-14T08:40:26.417+0000] {dagbag.py:536} INFO - Filling up the DagBag from /home/airflow/.local/lib/python3.8/site-packages/airflow/example_dags/example_trigger_controller_dag.py
[2023-10-14T08:40:26.422+0000] {processor.py:839} INFO - DAG(s) dict_keys(['example_trigger_controller_dag']) retrieved from /home/airflow/.local/lib/python3.8/site-packages/airflow/example_dags/example_trigger_controller_dag.py
[2023-10-14T08:40:26.442+0000] {logging_mixin.py:151} INFO - [2023-10-14T08:40:26.442+0000] {dag.py:2941} INFO - Sync 1 DAGs
[2023-10-14T08:40:26.457+0000] {logging_mixin.py:151} INFO - [2023-10-14T08:40:26.457+0000] {dag.py:3722} INFO - Setting next_dagrun for example_trigger_controller_dag to 2021-01-01T00:00:00+00:00, run_after=2021-01-01T00:00:00+00:00
[2023-10-14T08:40:26.469+0000] {processor.py:179} INFO - Processing /home/airflow/.local/lib/python3.8/site-packages/airflow/example_dags/example_trigger_controller_dag.py took 0.058 seconds
[2023-10-14T08:40:56.668+0000] {processor.py:157} INFO - Started process (PID=331) to work on /home/airflow/.local/lib/python3.8/site-packages/airflow/example_dags/example_trigger_controller_dag.py
[2023-10-14T08:40:56.668+0000] {processor.py:829} INFO - Processing file /home/airflow/.local/lib/python3.8/site-packages/airflow/example_dags/example_trigger_controller_dag.py for tasks to queue
[2023-10-14T08:40:56.670+0000] {logging_mixin.py:151} INFO - [2023-10-14T08:40:56.669+0000] {dagbag.py:536} INFO - Filling up the DagBag from /home/airflow/.local/lib/python3.8/site-packages/airflow/example_dags/example_trigger_controller_dag.py
[2023-10-14T08:40:56.673+0000] {processor.py:839} INFO - DAG(s) dict_keys(['example_trigger_controller_dag']) retrieved from /home/airflow/.local/lib/python3.8/site-packages/airflow/example_dags/example_trigger_controller_dag.py
[2023-10-14T08:40:56.686+0000] {logging_mixin.py:151} INFO - [2023-10-14T08:40:56.686+0000] {dag.py:2941} INFO - Sync 1 DAGs
[2023-10-14T08:40:56.698+0000] {logging_mixin.py:151} INFO - [2023-10-14T08:40:56.698+0000] {dag.py:3722} INFO - Setting next_dagrun for example_trigger_controller_dag to 2021-01-01T00:00:00+00:00, run_after=2021-01-01T00:00:00+00:00
[2023-10-14T08:40:56.707+0000] {processor.py:179} INFO - Processing /home/airflow/.local/lib/python3.8/site-packages/airflow/example_dags/example_trigger_controller_dag.py took 0.041 seconds
[2023-10-14T08:41:26.855+0000] {processor.py:157} INFO - Started process (PID=387) to work on /home/airflow/.local/lib/python3.8/site-packages/airflow/example_dags/example_trigger_controller_dag.py
[2023-10-14T08:41:26.856+0000] {processor.py:829} INFO - Processing file /home/airflow/.local/lib/python3.8/site-packages/airflow/example_dags/example_trigger_controller_dag.py for tasks to queue
[2023-10-14T08:41:26.857+0000] {logging_mixin.py:151} INFO - [2023-10-14T08:41:26.857+0000] {dagbag.py:536} INFO - Filling up the DagBag from /home/airflow/.local/lib/python3.8/site-packages/airflow/example_dags/example_trigger_controller_dag.py
[2023-10-14T08:41:26.861+0000] {processor.py:839} INFO - DAG(s) dict_keys(['example_trigger_controller_dag']) retrieved from /home/airflow/.local/lib/python3.8/site-packages/airflow/example_dags/example_trigger_controller_dag.py
[2023-10-14T08:41:26.874+0000] {logging_mixin.py:151} INFO - [2023-10-14T08:41:26.874+0000] {dag.py:2941} INFO - Sync 1 DAGs
[2023-10-14T08:41:26.885+0000] {logging_mixin.py:151} INFO - [2023-10-14T08:41:26.885+0000] {dag.py:3722} INFO - Setting next_dagrun for example_trigger_controller_dag to 2021-01-01T00:00:00+00:00, run_after=2021-01-01T00:00:00+00:00
[2023-10-14T08:41:26.893+0000] {processor.py:179} INFO - Processing /home/airflow/.local/lib/python3.8/site-packages/airflow/example_dags/example_trigger_controller_dag.py took 0.040 seconds
[2023-10-14T08:41:57.059+0000] {processor.py:157} INFO - Started process (PID=443) to work on /home/airflow/.local/lib/python3.8/site-packages/airflow/example_dags/example_trigger_controller_dag.py
[2023-10-14T08:41:57.059+0000] {processor.py:829} INFO - Processing file /home/airflow/.local/lib/python3.8/site-packages/airflow/example_dags/example_trigger_controller_dag.py for tasks to queue
[2023-10-14T08:41:57.061+0000] {logging_mixin.py:151} INFO - [2023-10-14T08:41:57.060+0000] {dagbag.py:536} INFO - Filling up the DagBag from /home/airflow/.local/lib/python3.8/site-packages/airflow/example_dags/example_trigger_controller_dag.py
[2023-10-14T08:41:57.064+0000] {processor.py:839} INFO - DAG(s) dict_keys(['example_trigger_controller_dag']) retrieved from /home/airflow/.local/lib/python3.8/site-packages/airflow/example_dags/example_trigger_controller_dag.py
[2023-10-14T08:41:57.077+0000] {logging_mixin.py:151} INFO - [2023-10-14T08:41:57.077+0000] {dag.py:2941} INFO - Sync 1 DAGs
[2023-10-14T08:41:57.088+0000] {logging_mixin.py:151} INFO - [2023-10-14T08:41:57.088+0000] {dag.py:3722} INFO - Setting next_dagrun for example_trigger_controller_dag to 2021-01-01T00:00:00+00:00, run_after=2021-01-01T00:00:00+00:00
[2023-10-14T08:41:57.097+0000] {processor.py:179} INFO - Processing /home/airflow/.local/lib/python3.8/site-packages/airflow/example_dags/example_trigger_controller_dag.py took 0.041 seconds
[2023-10-14T08:42:27.364+0000] {processor.py:157} INFO - Started process (PID=499) to work on /home/airflow/.local/lib/python3.8/site-packages/airflow/example_dags/example_trigger_controller_dag.py
[2023-10-14T08:42:27.365+0000] {processor.py:829} INFO - Processing file /home/airflow/.local/lib/python3.8/site-packages/airflow/example_dags/example_trigger_controller_dag.py for tasks to queue
[2023-10-14T08:42:27.367+0000] {logging_mixin.py:151} INFO - [2023-10-14T08:42:27.366+0000] {dagbag.py:536} INFO - Filling up the DagBag from /home/airflow/.local/lib/python3.8/site-packages/airflow/example_dags/example_trigger_controller_dag.py
[2023-10-14T08:42:27.370+0000] {processor.py:839} INFO - DAG(s) dict_keys(['example_trigger_controller_dag']) retrieved from /home/airflow/.local/lib/python3.8/site-packages/airflow/example_dags/example_trigger_controller_dag.py
[2023-10-14T08:42:27.384+0000] {logging_mixin.py:151} INFO - [2023-10-14T08:42:27.384+0000] {dag.py:2941} INFO - Sync 1 DAGs
[2023-10-14T08:42:27.395+0000] {logging_mixin.py:151} INFO - [2023-10-14T08:42:27.395+0000] {dag.py:3722} INFO - Setting next_dagrun for example_trigger_controller_dag to 2021-01-01T00:00:00+00:00, run_after=2021-01-01T00:00:00+00:00
[2023-10-14T08:42:27.405+0000] {processor.py:179} INFO - Processing /home/airflow/.local/lib/python3.8/site-packages/airflow/example_dags/example_trigger_controller_dag.py took 0.043 seconds
[2023-10-14T08:42:57.640+0000] {processor.py:157} INFO - Started process (PID=555) to work on /home/airflow/.local/lib/python3.8/site-packages/airflow/example_dags/example_trigger_controller_dag.py
[2023-10-14T08:42:57.640+0000] {processor.py:829} INFO - Processing file /home/airflow/.local/lib/python3.8/site-packages/airflow/example_dags/example_trigger_controller_dag.py for tasks to queue
[2023-10-14T08:42:57.642+0000] {logging_mixin.py:151} INFO - [2023-10-14T08:42:57.642+0000] {dagbag.py:536} INFO - Filling up the DagBag from /home/airflow/.local/lib/python3.8/site-packages/airflow/example_dags/example_trigger_controller_dag.py
[2023-10-14T08:42:57.646+0000] {processor.py:839} INFO - DAG(s) dict_keys(['example_trigger_controller_dag']) retrieved from /home/airflow/.local/lib/python3.8/site-packages/airflow/example_dags/example_trigger_controller_dag.py
[2023-10-14T08:42:57.660+0000] {logging_mixin.py:151} INFO - [2023-10-14T08:42:57.660+0000] {dag.py:2941} INFO - Sync 1 DAGs
[2023-10-14T08:42:57.671+0000] {logging_mixin.py:151} INFO - [2023-10-14T08:42:57.671+0000] {dag.py:3722} INFO - Setting next_dagrun for example_trigger_controller_dag to 2021-01-01T00:00:00+00:00, run_after=2021-01-01T00:00:00+00:00
[2023-10-14T08:42:57.681+0000] {processor.py:179} INFO - Processing /home/airflow/.local/lib/python3.8/site-packages/airflow/example_dags/example_trigger_controller_dag.py took 0.044 seconds
