[2023-10-14T08:38:27.458+0000] {processor.py:157} INFO - Started process (PID=73) to work on /home/airflow/.local/lib/python3.8/site-packages/airflow/example_dags/example_subdag_operator.py
[2023-10-14T08:38:27.459+0000] {processor.py:829} INFO - Processing file /home/airflow/.local/lib/python3.8/site-packages/airflow/example_dags/example_subdag_operator.py for tasks to queue
[2023-10-14T08:38:27.460+0000] {logging_mixin.py:151} INFO - [2023-10-14T08:38:27.460+0000] {dagbag.py:536} INFO - Filling up the DagBag from /home/airflow/.local/lib/python3.8/site-packages/airflow/example_dags/example_subdag_operator.py
[2023-10-14T08:38:27.475+0000] {processor.py:839} INFO - DAG(s) dict_keys(['example_subdag_operator.section-1', 'example_subdag_operator.section-2', 'example_subdag_operator']) retrieved from /home/airflow/.local/lib/python3.8/site-packages/airflow/example_dags/example_subdag_operator.py
[2023-10-14T08:38:27.527+0000] {logging_mixin.py:151} INFO - [2023-10-14T08:38:27.527+0000] {manager.py:499} INFO - Created Permission View: %s
[2023-10-14T08:38:27.533+0000] {logging_mixin.py:151} INFO - [2023-10-14T08:38:27.533+0000] {manager.py:499} INFO - Created Permission View: %s
[2023-10-14T08:38:27.536+0000] {logging_mixin.py:151} INFO - [2023-10-14T08:38:27.536+0000] {manager.py:499} INFO - Created Permission View: %s
[2023-10-14T08:38:27.536+0000] {logging_mixin.py:151} INFO - [2023-10-14T08:38:27.536+0000] {dag.py:2941} INFO - Sync 3 DAGs
[2023-10-14T08:38:27.542+0000] {logging_mixin.py:151} INFO - [2023-10-14T08:38:27.542+0000] {dag.py:2963} INFO - Creating ORM DAG for example_subdag_operator.section-2
[2023-10-14T08:38:27.543+0000] {logging_mixin.py:151} INFO - [2023-10-14T08:38:27.543+0000] {dag.py:2963} INFO - Creating ORM DAG for example_subdag_operator.section-1
[2023-10-14T08:38:27.543+0000] {logging_mixin.py:151} INFO - [2023-10-14T08:38:27.543+0000] {dag.py:2963} INFO - Creating ORM DAG for example_subdag_operator
[2023-10-14T08:38:27.548+0000] {logging_mixin.py:151} INFO - [2023-10-14T08:38:27.548+0000] {dag.py:3722} INFO - Setting next_dagrun for example_subdag_operator to 2022-01-01T00:00:00+00:00, run_after=2022-01-01T00:00:00+00:00
[2023-10-14T08:38:27.549+0000] {logging_mixin.py:151} INFO - [2023-10-14T08:38:27.549+0000] {dag.py:3722} INFO - Setting next_dagrun for example_subdag_operator.section-1 to None, run_after=None
[2023-10-14T08:38:27.549+0000] {logging_mixin.py:151} INFO - [2023-10-14T08:38:27.549+0000] {dag.py:3722} INFO - Setting next_dagrun for example_subdag_operator.section-2 to None, run_after=None
[2023-10-14T08:38:27.554+0000] {logging_mixin.py:151} INFO - [2023-10-14T08:38:27.554+0000] {dag.py:2941} INFO - Sync 2 DAGs
[2023-10-14T08:38:27.557+0000] {logging_mixin.py:151} INFO - [2023-10-14T08:38:27.557+0000] {dag.py:3722} INFO - Setting next_dagrun for example_subdag_operator.section-1 to None, run_after=None
[2023-10-14T08:38:27.559+0000] {logging_mixin.py:151} INFO - [2023-10-14T08:38:27.559+0000] {dag.py:3722} INFO - Setting next_dagrun for example_subdag_operator.section-2 to None, run_after=None
[2023-10-14T08:38:27.567+0000] {processor.py:179} INFO - Processing /home/airflow/.local/lib/python3.8/site-packages/airflow/example_dags/example_subdag_operator.py took 0.111 seconds
[2023-10-14T08:38:58.154+0000] {processor.py:157} INFO - Started process (PID=131) to work on /home/airflow/.local/lib/python3.8/site-packages/airflow/example_dags/example_subdag_operator.py
[2023-10-14T08:38:58.155+0000] {processor.py:829} INFO - Processing file /home/airflow/.local/lib/python3.8/site-packages/airflow/example_dags/example_subdag_operator.py for tasks to queue
[2023-10-14T08:38:58.156+0000] {logging_mixin.py:151} INFO - [2023-10-14T08:38:58.156+0000] {dagbag.py:536} INFO - Filling up the DagBag from /home/airflow/.local/lib/python3.8/site-packages/airflow/example_dags/example_subdag_operator.py
[2023-10-14T08:38:58.173+0000] {processor.py:839} INFO - DAG(s) dict_keys(['example_subdag_operator.section-1', 'example_subdag_operator.section-2', 'example_subdag_operator']) retrieved from /home/airflow/.local/lib/python3.8/site-packages/airflow/example_dags/example_subdag_operator.py
[2023-10-14T08:38:58.183+0000] {logging_mixin.py:151} INFO - [2023-10-14T08:38:58.183+0000] {dag.py:2941} INFO - Sync 3 DAGs
[2023-10-14T08:38:58.196+0000] {logging_mixin.py:151} INFO - [2023-10-14T08:38:58.196+0000] {dag.py:3722} INFO - Setting next_dagrun for example_subdag_operator to 2022-01-01T00:00:00+00:00, run_after=2022-01-01T00:00:00+00:00
[2023-10-14T08:38:58.198+0000] {logging_mixin.py:151} INFO - [2023-10-14T08:38:58.197+0000] {dag.py:3722} INFO - Setting next_dagrun for example_subdag_operator.section-1 to None, run_after=None
[2023-10-14T08:38:58.198+0000] {logging_mixin.py:151} INFO - [2023-10-14T08:38:58.198+0000] {dag.py:3722} INFO - Setting next_dagrun for example_subdag_operator.section-2 to None, run_after=None
[2023-10-14T08:38:58.203+0000] {logging_mixin.py:151} INFO - [2023-10-14T08:38:58.203+0000] {dag.py:2941} INFO - Sync 2 DAGs
[2023-10-14T08:38:58.206+0000] {logging_mixin.py:151} INFO - [2023-10-14T08:38:58.205+0000] {dag.py:3722} INFO - Setting next_dagrun for example_subdag_operator.section-1 to None, run_after=None
[2023-10-14T08:38:58.206+0000] {logging_mixin.py:151} INFO - [2023-10-14T08:38:58.206+0000] {dag.py:3722} INFO - Setting next_dagrun for example_subdag_operator.section-2 to None, run_after=None
[2023-10-14T08:38:58.213+0000] {processor.py:179} INFO - Processing /home/airflow/.local/lib/python3.8/site-packages/airflow/example_dags/example_subdag_operator.py took 0.062 seconds
[2023-10-14T08:39:28.548+0000] {processor.py:157} INFO - Started process (PID=187) to work on /home/airflow/.local/lib/python3.8/site-packages/airflow/example_dags/example_subdag_operator.py
[2023-10-14T08:39:28.549+0000] {processor.py:829} INFO - Processing file /home/airflow/.local/lib/python3.8/site-packages/airflow/example_dags/example_subdag_operator.py for tasks to queue
[2023-10-14T08:39:28.552+0000] {logging_mixin.py:151} INFO - [2023-10-14T08:39:28.552+0000] {dagbag.py:536} INFO - Filling up the DagBag from /home/airflow/.local/lib/python3.8/site-packages/airflow/example_dags/example_subdag_operator.py
[2023-10-14T08:39:28.568+0000] {processor.py:839} INFO - DAG(s) dict_keys(['example_subdag_operator.section-1', 'example_subdag_operator.section-2', 'example_subdag_operator']) retrieved from /home/airflow/.local/lib/python3.8/site-packages/airflow/example_dags/example_subdag_operator.py
[2023-10-14T08:39:28.577+0000] {logging_mixin.py:151} INFO - [2023-10-14T08:39:28.577+0000] {dag.py:2941} INFO - Sync 3 DAGs
[2023-10-14T08:39:28.589+0000] {logging_mixin.py:151} INFO - [2023-10-14T08:39:28.589+0000] {dag.py:3722} INFO - Setting next_dagrun for example_subdag_operator to 2022-01-01T00:00:00+00:00, run_after=2022-01-01T00:00:00+00:00
[2023-10-14T08:39:28.591+0000] {logging_mixin.py:151} INFO - [2023-10-14T08:39:28.591+0000] {dag.py:3722} INFO - Setting next_dagrun for example_subdag_operator.section-1 to None, run_after=None
[2023-10-14T08:39:28.592+0000] {logging_mixin.py:151} INFO - [2023-10-14T08:39:28.592+0000] {dag.py:3722} INFO - Setting next_dagrun for example_subdag_operator.section-2 to None, run_after=None
[2023-10-14T08:39:28.596+0000] {logging_mixin.py:151} INFO - [2023-10-14T08:39:28.595+0000] {dag.py:2941} INFO - Sync 2 DAGs
[2023-10-14T08:39:28.598+0000] {logging_mixin.py:151} INFO - [2023-10-14T08:39:28.598+0000] {dag.py:3722} INFO - Setting next_dagrun for example_subdag_operator.section-1 to None, run_after=None
[2023-10-14T08:39:28.599+0000] {logging_mixin.py:151} INFO - [2023-10-14T08:39:28.599+0000] {dag.py:3722} INFO - Setting next_dagrun for example_subdag_operator.section-2 to None, run_after=None
[2023-10-14T08:39:28.604+0000] {processor.py:179} INFO - Processing /home/airflow/.local/lib/python3.8/site-packages/airflow/example_dags/example_subdag_operator.py took 0.061 seconds
[2023-10-14T08:39:59.557+0000] {processor.py:157} INFO - Started process (PID=243) to work on /home/airflow/.local/lib/python3.8/site-packages/airflow/example_dags/example_subdag_operator.py
[2023-10-14T08:39:59.558+0000] {processor.py:829} INFO - Processing file /home/airflow/.local/lib/python3.8/site-packages/airflow/example_dags/example_subdag_operator.py for tasks to queue
[2023-10-14T08:39:59.560+0000] {logging_mixin.py:151} INFO - [2023-10-14T08:39:59.560+0000] {dagbag.py:536} INFO - Filling up the DagBag from /home/airflow/.local/lib/python3.8/site-packages/airflow/example_dags/example_subdag_operator.py
[2023-10-14T08:39:59.579+0000] {processor.py:839} INFO - DAG(s) dict_keys(['example_subdag_operator.section-1', 'example_subdag_operator.section-2', 'example_subdag_operator']) retrieved from /home/airflow/.local/lib/python3.8/site-packages/airflow/example_dags/example_subdag_operator.py
[2023-10-14T08:39:59.588+0000] {logging_mixin.py:151} INFO - [2023-10-14T08:39:59.588+0000] {dag.py:2941} INFO - Sync 3 DAGs
[2023-10-14T08:39:59.599+0000] {logging_mixin.py:151} INFO - [2023-10-14T08:39:59.599+0000] {dag.py:3722} INFO - Setting next_dagrun for example_subdag_operator to 2022-01-01T00:00:00+00:00, run_after=2022-01-01T00:00:00+00:00
[2023-10-14T08:39:59.602+0000] {logging_mixin.py:151} INFO - [2023-10-14T08:39:59.602+0000] {dag.py:3722} INFO - Setting next_dagrun for example_subdag_operator.section-1 to None, run_after=None
[2023-10-14T08:39:59.603+0000] {logging_mixin.py:151} INFO - [2023-10-14T08:39:59.603+0000] {dag.py:3722} INFO - Setting next_dagrun for example_subdag_operator.section-2 to None, run_after=None
[2023-10-14T08:39:59.606+0000] {logging_mixin.py:151} INFO - [2023-10-14T08:39:59.606+0000] {dag.py:2941} INFO - Sync 2 DAGs
[2023-10-14T08:39:59.610+0000] {logging_mixin.py:151} INFO - [2023-10-14T08:39:59.610+0000] {dag.py:3722} INFO - Setting next_dagrun for example_subdag_operator.section-1 to None, run_after=None
[2023-10-14T08:39:59.610+0000] {logging_mixin.py:151} INFO - [2023-10-14T08:39:59.610+0000] {dag.py:3722} INFO - Setting next_dagrun for example_subdag_operator.section-2 to None, run_after=None
[2023-10-14T08:39:59.618+0000] {processor.py:179} INFO - Processing /home/airflow/.local/lib/python3.8/site-packages/airflow/example_dags/example_subdag_operator.py took 0.063 seconds
[2023-10-14T08:40:29.705+0000] {processor.py:157} INFO - Started process (PID=307) to work on /home/airflow/.local/lib/python3.8/site-packages/airflow/example_dags/example_subdag_operator.py
[2023-10-14T08:40:29.706+0000] {processor.py:829} INFO - Processing file /home/airflow/.local/lib/python3.8/site-packages/airflow/example_dags/example_subdag_operator.py for tasks to queue
[2023-10-14T08:40:29.708+0000] {logging_mixin.py:151} INFO - [2023-10-14T08:40:29.708+0000] {dagbag.py:536} INFO - Filling up the DagBag from /home/airflow/.local/lib/python3.8/site-packages/airflow/example_dags/example_subdag_operator.py
[2023-10-14T08:40:29.728+0000] {processor.py:839} INFO - DAG(s) dict_keys(['example_subdag_operator.section-1', 'example_subdag_operator.section-2', 'example_subdag_operator']) retrieved from /home/airflow/.local/lib/python3.8/site-packages/airflow/example_dags/example_subdag_operator.py
[2023-10-14T08:40:29.741+0000] {logging_mixin.py:151} INFO - [2023-10-14T08:40:29.740+0000] {dag.py:2941} INFO - Sync 3 DAGs
[2023-10-14T08:40:29.755+0000] {logging_mixin.py:151} INFO - [2023-10-14T08:40:29.754+0000] {dag.py:3722} INFO - Setting next_dagrun for example_subdag_operator to 2022-01-01T00:00:00+00:00, run_after=2022-01-01T00:00:00+00:00
[2023-10-14T08:40:29.757+0000] {logging_mixin.py:151} INFO - [2023-10-14T08:40:29.757+0000] {dag.py:3722} INFO - Setting next_dagrun for example_subdag_operator.section-1 to None, run_after=None
[2023-10-14T08:40:29.758+0000] {logging_mixin.py:151} INFO - [2023-10-14T08:40:29.758+0000] {dag.py:3722} INFO - Setting next_dagrun for example_subdag_operator.section-2 to None, run_after=None
[2023-10-14T08:40:29.762+0000] {logging_mixin.py:151} INFO - [2023-10-14T08:40:29.762+0000] {dag.py:2941} INFO - Sync 2 DAGs
[2023-10-14T08:40:29.766+0000] {logging_mixin.py:151} INFO - [2023-10-14T08:40:29.766+0000] {dag.py:3722} INFO - Setting next_dagrun for example_subdag_operator.section-1 to None, run_after=None
[2023-10-14T08:40:29.767+0000] {logging_mixin.py:151} INFO - [2023-10-14T08:40:29.766+0000] {dag.py:3722} INFO - Setting next_dagrun for example_subdag_operator.section-2 to None, run_after=None
[2023-10-14T08:40:29.773+0000] {processor.py:179} INFO - Processing /home/airflow/.local/lib/python3.8/site-packages/airflow/example_dags/example_subdag_operator.py took 0.071 seconds
[2023-10-14T08:40:59.863+0000] {processor.py:157} INFO - Started process (PID=362) to work on /home/airflow/.local/lib/python3.8/site-packages/airflow/example_dags/example_subdag_operator.py
[2023-10-14T08:40:59.864+0000] {processor.py:829} INFO - Processing file /home/airflow/.local/lib/python3.8/site-packages/airflow/example_dags/example_subdag_operator.py for tasks to queue
[2023-10-14T08:40:59.865+0000] {logging_mixin.py:151} INFO - [2023-10-14T08:40:59.865+0000] {dagbag.py:536} INFO - Filling up the DagBag from /home/airflow/.local/lib/python3.8/site-packages/airflow/example_dags/example_subdag_operator.py
[2023-10-14T08:40:59.881+0000] {processor.py:839} INFO - DAG(s) dict_keys(['example_subdag_operator.section-1', 'example_subdag_operator.section-2', 'example_subdag_operator']) retrieved from /home/airflow/.local/lib/python3.8/site-packages/airflow/example_dags/example_subdag_operator.py
[2023-10-14T08:40:59.890+0000] {logging_mixin.py:151} INFO - [2023-10-14T08:40:59.890+0000] {dag.py:2941} INFO - Sync 3 DAGs
[2023-10-14T08:40:59.901+0000] {logging_mixin.py:151} INFO - [2023-10-14T08:40:59.901+0000] {dag.py:3722} INFO - Setting next_dagrun for example_subdag_operator to 2022-01-01T00:00:00+00:00, run_after=2022-01-01T00:00:00+00:00
[2023-10-14T08:40:59.903+0000] {logging_mixin.py:151} INFO - [2023-10-14T08:40:59.903+0000] {dag.py:3722} INFO - Setting next_dagrun for example_subdag_operator.section-1 to None, run_after=None
[2023-10-14T08:40:59.904+0000] {logging_mixin.py:151} INFO - [2023-10-14T08:40:59.904+0000] {dag.py:3722} INFO - Setting next_dagrun for example_subdag_operator.section-2 to None, run_after=None
[2023-10-14T08:40:59.908+0000] {logging_mixin.py:151} INFO - [2023-10-14T08:40:59.908+0000] {dag.py:2941} INFO - Sync 2 DAGs
[2023-10-14T08:40:59.911+0000] {logging_mixin.py:151} INFO - [2023-10-14T08:40:59.911+0000] {dag.py:3722} INFO - Setting next_dagrun for example_subdag_operator.section-1 to None, run_after=None
[2023-10-14T08:40:59.911+0000] {logging_mixin.py:151} INFO - [2023-10-14T08:40:59.911+0000] {dag.py:3722} INFO - Setting next_dagrun for example_subdag_operator.section-2 to None, run_after=None
[2023-10-14T08:40:59.917+0000] {processor.py:179} INFO - Processing /home/airflow/.local/lib/python3.8/site-packages/airflow/example_dags/example_subdag_operator.py took 0.056 seconds
[2023-10-14T08:41:30.121+0000] {processor.py:157} INFO - Started process (PID=419) to work on /home/airflow/.local/lib/python3.8/site-packages/airflow/example_dags/example_subdag_operator.py
[2023-10-14T08:41:30.122+0000] {processor.py:829} INFO - Processing file /home/airflow/.local/lib/python3.8/site-packages/airflow/example_dags/example_subdag_operator.py for tasks to queue
[2023-10-14T08:41:30.123+0000] {logging_mixin.py:151} INFO - [2023-10-14T08:41:30.123+0000] {dagbag.py:536} INFO - Filling up the DagBag from /home/airflow/.local/lib/python3.8/site-packages/airflow/example_dags/example_subdag_operator.py
[2023-10-14T08:41:30.140+0000] {processor.py:839} INFO - DAG(s) dict_keys(['example_subdag_operator.section-1', 'example_subdag_operator.section-2', 'example_subdag_operator']) retrieved from /home/airflow/.local/lib/python3.8/site-packages/airflow/example_dags/example_subdag_operator.py
[2023-10-14T08:41:30.150+0000] {logging_mixin.py:151} INFO - [2023-10-14T08:41:30.149+0000] {dag.py:2941} INFO - Sync 3 DAGs
[2023-10-14T08:41:30.165+0000] {logging_mixin.py:151} INFO - [2023-10-14T08:41:30.165+0000] {dag.py:3722} INFO - Setting next_dagrun for example_subdag_operator to 2022-01-01T00:00:00+00:00, run_after=2022-01-01T00:00:00+00:00
[2023-10-14T08:41:30.167+0000] {logging_mixin.py:151} INFO - [2023-10-14T08:41:30.167+0000] {dag.py:3722} INFO - Setting next_dagrun for example_subdag_operator.section-1 to None, run_after=None
[2023-10-14T08:41:30.168+0000] {logging_mixin.py:151} INFO - [2023-10-14T08:41:30.168+0000] {dag.py:3722} INFO - Setting next_dagrun for example_subdag_operator.section-2 to None, run_after=None
[2023-10-14T08:41:30.174+0000] {logging_mixin.py:151} INFO - [2023-10-14T08:41:30.174+0000] {dag.py:2941} INFO - Sync 2 DAGs
[2023-10-14T08:41:30.177+0000] {logging_mixin.py:151} INFO - [2023-10-14T08:41:30.176+0000] {dag.py:3722} INFO - Setting next_dagrun for example_subdag_operator.section-1 to None, run_after=None
[2023-10-14T08:41:30.177+0000] {logging_mixin.py:151} INFO - [2023-10-14T08:41:30.177+0000] {dag.py:3722} INFO - Setting next_dagrun for example_subdag_operator.section-2 to None, run_after=None
[2023-10-14T08:41:30.184+0000] {processor.py:179} INFO - Processing /home/airflow/.local/lib/python3.8/site-packages/airflow/example_dags/example_subdag_operator.py took 0.065 seconds
[2023-10-14T08:42:00.280+0000] {processor.py:157} INFO - Started process (PID=474) to work on /home/airflow/.local/lib/python3.8/site-packages/airflow/example_dags/example_subdag_operator.py
[2023-10-14T08:42:00.280+0000] {processor.py:829} INFO - Processing file /home/airflow/.local/lib/python3.8/site-packages/airflow/example_dags/example_subdag_operator.py for tasks to queue
[2023-10-14T08:42:00.282+0000] {logging_mixin.py:151} INFO - [2023-10-14T08:42:00.282+0000] {dagbag.py:536} INFO - Filling up the DagBag from /home/airflow/.local/lib/python3.8/site-packages/airflow/example_dags/example_subdag_operator.py
[2023-10-14T08:42:00.297+0000] {processor.py:839} INFO - DAG(s) dict_keys(['example_subdag_operator.section-1', 'example_subdag_operator.section-2', 'example_subdag_operator']) retrieved from /home/airflow/.local/lib/python3.8/site-packages/airflow/example_dags/example_subdag_operator.py
[2023-10-14T08:42:00.305+0000] {logging_mixin.py:151} INFO - [2023-10-14T08:42:00.305+0000] {dag.py:2941} INFO - Sync 3 DAGs
[2023-10-14T08:42:00.316+0000] {logging_mixin.py:151} INFO - [2023-10-14T08:42:00.316+0000] {dag.py:3722} INFO - Setting next_dagrun for example_subdag_operator to 2022-01-01T00:00:00+00:00, run_after=2022-01-01T00:00:00+00:00
[2023-10-14T08:42:00.317+0000] {logging_mixin.py:151} INFO - [2023-10-14T08:42:00.317+0000] {dag.py:3722} INFO - Setting next_dagrun for example_subdag_operator.section-1 to None, run_after=None
[2023-10-14T08:42:00.318+0000] {logging_mixin.py:151} INFO - [2023-10-14T08:42:00.318+0000] {dag.py:3722} INFO - Setting next_dagrun for example_subdag_operator.section-2 to None, run_after=None
[2023-10-14T08:42:00.322+0000] {logging_mixin.py:151} INFO - [2023-10-14T08:42:00.322+0000] {dag.py:2941} INFO - Sync 2 DAGs
[2023-10-14T08:42:00.324+0000] {logging_mixin.py:151} INFO - [2023-10-14T08:42:00.324+0000] {dag.py:3722} INFO - Setting next_dagrun for example_subdag_operator.section-1 to None, run_after=None
[2023-10-14T08:42:00.324+0000] {logging_mixin.py:151} INFO - [2023-10-14T08:42:00.324+0000] {dag.py:3722} INFO - Setting next_dagrun for example_subdag_operator.section-2 to None, run_after=None
[2023-10-14T08:42:00.329+0000] {processor.py:179} INFO - Processing /home/airflow/.local/lib/python3.8/site-packages/airflow/example_dags/example_subdag_operator.py took 0.052 seconds
[2023-10-14T08:42:30.570+0000] {processor.py:157} INFO - Started process (PID=530) to work on /home/airflow/.local/lib/python3.8/site-packages/airflow/example_dags/example_subdag_operator.py
[2023-10-14T08:42:30.570+0000] {processor.py:829} INFO - Processing file /home/airflow/.local/lib/python3.8/site-packages/airflow/example_dags/example_subdag_operator.py for tasks to queue
[2023-10-14T08:42:30.572+0000] {logging_mixin.py:151} INFO - [2023-10-14T08:42:30.572+0000] {dagbag.py:536} INFO - Filling up the DagBag from /home/airflow/.local/lib/python3.8/site-packages/airflow/example_dags/example_subdag_operator.py
[2023-10-14T08:42:30.588+0000] {processor.py:839} INFO - DAG(s) dict_keys(['example_subdag_operator.section-1', 'example_subdag_operator.section-2', 'example_subdag_operator']) retrieved from /home/airflow/.local/lib/python3.8/site-packages/airflow/example_dags/example_subdag_operator.py
[2023-10-14T08:42:30.597+0000] {logging_mixin.py:151} INFO - [2023-10-14T08:42:30.596+0000] {dag.py:2941} INFO - Sync 3 DAGs
[2023-10-14T08:42:30.607+0000] {logging_mixin.py:151} INFO - [2023-10-14T08:42:30.607+0000] {dag.py:3722} INFO - Setting next_dagrun for example_subdag_operator to 2022-01-01T00:00:00+00:00, run_after=2022-01-01T00:00:00+00:00
[2023-10-14T08:42:30.609+0000] {logging_mixin.py:151} INFO - [2023-10-14T08:42:30.609+0000] {dag.py:3722} INFO - Setting next_dagrun for example_subdag_operator.section-1 to None, run_after=None
[2023-10-14T08:42:30.610+0000] {logging_mixin.py:151} INFO - [2023-10-14T08:42:30.610+0000] {dag.py:3722} INFO - Setting next_dagrun for example_subdag_operator.section-2 to None, run_after=None
[2023-10-14T08:42:30.614+0000] {logging_mixin.py:151} INFO - [2023-10-14T08:42:30.613+0000] {dag.py:2941} INFO - Sync 2 DAGs
[2023-10-14T08:42:30.616+0000] {logging_mixin.py:151} INFO - [2023-10-14T08:42:30.616+0000] {dag.py:3722} INFO - Setting next_dagrun for example_subdag_operator.section-1 to None, run_after=None
[2023-10-14T08:42:30.617+0000] {logging_mixin.py:151} INFO - [2023-10-14T08:42:30.617+0000] {dag.py:3722} INFO - Setting next_dagrun for example_subdag_operator.section-2 to None, run_after=None
[2023-10-14T08:42:30.622+0000] {processor.py:179} INFO - Processing /home/airflow/.local/lib/python3.8/site-packages/airflow/example_dags/example_subdag_operator.py took 0.055 seconds
[2023-10-14T08:43:00.907+0000] {processor.py:157} INFO - Started process (PID=586) to work on /home/airflow/.local/lib/python3.8/site-packages/airflow/example_dags/example_subdag_operator.py
[2023-10-14T08:43:00.908+0000] {processor.py:829} INFO - Processing file /home/airflow/.local/lib/python3.8/site-packages/airflow/example_dags/example_subdag_operator.py for tasks to queue
[2023-10-14T08:43:00.909+0000] {logging_mixin.py:151} INFO - [2023-10-14T08:43:00.909+0000] {dagbag.py:536} INFO - Filling up the DagBag from /home/airflow/.local/lib/python3.8/site-packages/airflow/example_dags/example_subdag_operator.py
[2023-10-14T08:43:00.925+0000] {processor.py:839} INFO - DAG(s) dict_keys(['example_subdag_operator.section-1', 'example_subdag_operator.section-2', 'example_subdag_operator']) retrieved from /home/airflow/.local/lib/python3.8/site-packages/airflow/example_dags/example_subdag_operator.py
[2023-10-14T08:43:00.935+0000] {logging_mixin.py:151} INFO - [2023-10-14T08:43:00.934+0000] {dag.py:2941} INFO - Sync 3 DAGs
[2023-10-14T08:43:00.945+0000] {logging_mixin.py:151} INFO - [2023-10-14T08:43:00.945+0000] {dag.py:3722} INFO - Setting next_dagrun for example_subdag_operator to 2022-01-01T00:00:00+00:00, run_after=2022-01-01T00:00:00+00:00
[2023-10-14T08:43:00.947+0000] {logging_mixin.py:151} INFO - [2023-10-14T08:43:00.947+0000] {dag.py:3722} INFO - Setting next_dagrun for example_subdag_operator.section-1 to None, run_after=None
[2023-10-14T08:43:00.948+0000] {logging_mixin.py:151} INFO - [2023-10-14T08:43:00.948+0000] {dag.py:3722} INFO - Setting next_dagrun for example_subdag_operator.section-2 to None, run_after=None
[2023-10-14T08:43:00.951+0000] {logging_mixin.py:151} INFO - [2023-10-14T08:43:00.951+0000] {dag.py:2941} INFO - Sync 2 DAGs
[2023-10-14T08:43:00.954+0000] {logging_mixin.py:151} INFO - [2023-10-14T08:43:00.954+0000] {dag.py:3722} INFO - Setting next_dagrun for example_subdag_operator.section-1 to None, run_after=None
[2023-10-14T08:43:00.954+0000] {logging_mixin.py:151} INFO - [2023-10-14T08:43:00.954+0000] {dag.py:3722} INFO - Setting next_dagrun for example_subdag_operator.section-2 to None, run_after=None
[2023-10-14T08:43:00.962+0000] {processor.py:179} INFO - Processing /home/airflow/.local/lib/python3.8/site-packages/airflow/example_dags/example_subdag_operator.py took 0.057 seconds
