[2023-10-14T08:38:27.240+0000] {processor.py:157} INFO - Started process (PID=70) to work on /home/airflow/.local/lib/python3.8/site-packages/airflow/example_dags/example_sensors.py
[2023-10-14T08:38:27.240+0000] {processor.py:829} INFO - Processing file /home/airflow/.local/lib/python3.8/site-packages/airflow/example_dags/example_sensors.py for tasks to queue
[2023-10-14T08:38:27.242+0000] {logging_mixin.py:151} INFO - [2023-10-14T08:38:27.242+0000] {dagbag.py:536} INFO - Filling up the DagBag from /home/airflow/.local/lib/python3.8/site-packages/airflow/example_dags/example_sensors.py
[2023-10-14T08:38:27.249+0000] {processor.py:839} INFO - DAG(s) dict_keys(['example_sensors']) retrieved from /home/airflow/.local/lib/python3.8/site-packages/airflow/example_dags/example_sensors.py
[2023-10-14T08:38:27.306+0000] {logging_mixin.py:151} INFO - [2023-10-14T08:38:27.306+0000] {manager.py:499} INFO - Created Permission View: %s
[2023-10-14T08:38:27.310+0000] {logging_mixin.py:151} INFO - [2023-10-14T08:38:27.310+0000] {manager.py:499} INFO - Created Permission View: %s
[2023-10-14T08:38:27.314+0000] {logging_mixin.py:151} INFO - [2023-10-14T08:38:27.314+0000] {manager.py:499} INFO - Created Permission View: %s
[2023-10-14T08:38:27.314+0000] {logging_mixin.py:151} INFO - [2023-10-14T08:38:27.314+0000] {dag.py:2941} INFO - Sync 1 DAGs
[2023-10-14T08:38:27.320+0000] {logging_mixin.py:151} INFO - [2023-10-14T08:38:27.320+0000] {dag.py:2963} INFO - Creating ORM DAG for example_sensors
[2023-10-14T08:38:27.320+0000] {logging_mixin.py:151} INFO - [2023-10-14T08:38:27.320+0000] {dag.py:3722} INFO - Setting next_dagrun for example_sensors to None, run_after=None
[2023-10-14T08:38:27.329+0000] {processor.py:179} INFO - Processing /home/airflow/.local/lib/python3.8/site-packages/airflow/example_dags/example_sensors.py took 0.092 seconds
[2023-10-14T08:38:57.897+0000] {processor.py:157} INFO - Started process (PID=128) to work on /home/airflow/.local/lib/python3.8/site-packages/airflow/example_dags/example_sensors.py
[2023-10-14T08:38:57.898+0000] {processor.py:829} INFO - Processing file /home/airflow/.local/lib/python3.8/site-packages/airflow/example_dags/example_sensors.py for tasks to queue
[2023-10-14T08:38:57.900+0000] {logging_mixin.py:151} INFO - [2023-10-14T08:38:57.900+0000] {dagbag.py:536} INFO - Filling up the DagBag from /home/airflow/.local/lib/python3.8/site-packages/airflow/example_dags/example_sensors.py
[2023-10-14T08:38:57.907+0000] {processor.py:839} INFO - DAG(s) dict_keys(['example_sensors']) retrieved from /home/airflow/.local/lib/python3.8/site-packages/airflow/example_dags/example_sensors.py
[2023-10-14T08:38:57.923+0000] {logging_mixin.py:151} INFO - [2023-10-14T08:38:57.922+0000] {dag.py:2941} INFO - Sync 1 DAGs
[2023-10-14T08:38:57.930+0000] {logging_mixin.py:151} INFO - [2023-10-14T08:38:57.930+0000] {dag.py:3722} INFO - Setting next_dagrun for example_sensors to None, run_after=None
[2023-10-14T08:38:57.940+0000] {processor.py:179} INFO - Processing /home/airflow/.local/lib/python3.8/site-packages/airflow/example_dags/example_sensors.py took 0.045 seconds
[2023-10-14T08:39:28.331+0000] {processor.py:157} INFO - Started process (PID=184) to work on /home/airflow/.local/lib/python3.8/site-packages/airflow/example_dags/example_sensors.py
[2023-10-14T08:39:28.331+0000] {processor.py:829} INFO - Processing file /home/airflow/.local/lib/python3.8/site-packages/airflow/example_dags/example_sensors.py for tasks to queue
[2023-10-14T08:39:28.333+0000] {logging_mixin.py:151} INFO - [2023-10-14T08:39:28.333+0000] {dagbag.py:536} INFO - Filling up the DagBag from /home/airflow/.local/lib/python3.8/site-packages/airflow/example_dags/example_sensors.py
[2023-10-14T08:39:28.339+0000] {processor.py:839} INFO - DAG(s) dict_keys(['example_sensors']) retrieved from /home/airflow/.local/lib/python3.8/site-packages/airflow/example_dags/example_sensors.py
[2023-10-14T08:39:28.356+0000] {logging_mixin.py:151} INFO - [2023-10-14T08:39:28.356+0000] {dag.py:2941} INFO - Sync 1 DAGs
[2023-10-14T08:39:28.363+0000] {logging_mixin.py:151} INFO - [2023-10-14T08:39:28.363+0000] {dag.py:3722} INFO - Setting next_dagrun for example_sensors to None, run_after=None
[2023-10-14T08:39:28.373+0000] {processor.py:179} INFO - Processing /home/airflow/.local/lib/python3.8/site-packages/airflow/example_dags/example_sensors.py took 0.045 seconds
[2023-10-14T08:39:58.392+0000] {processor.py:157} INFO - Started process (PID=239) to work on /home/airflow/.local/lib/python3.8/site-packages/airflow/example_dags/example_sensors.py
[2023-10-14T08:39:58.393+0000] {processor.py:829} INFO - Processing file /home/airflow/.local/lib/python3.8/site-packages/airflow/example_dags/example_sensors.py for tasks to queue
[2023-10-14T08:39:58.395+0000] {logging_mixin.py:151} INFO - [2023-10-14T08:39:58.394+0000] {dagbag.py:536} INFO - Filling up the DagBag from /home/airflow/.local/lib/python3.8/site-packages/airflow/example_dags/example_sensors.py
[2023-10-14T08:39:58.401+0000] {processor.py:839} INFO - DAG(s) dict_keys(['example_sensors']) retrieved from /home/airflow/.local/lib/python3.8/site-packages/airflow/example_dags/example_sensors.py
[2023-10-14T08:39:58.415+0000] {logging_mixin.py:151} INFO - [2023-10-14T08:39:58.415+0000] {dag.py:2941} INFO - Sync 1 DAGs
[2023-10-14T08:39:58.422+0000] {logging_mixin.py:151} INFO - [2023-10-14T08:39:58.421+0000] {dag.py:3722} INFO - Setting next_dagrun for example_sensors to None, run_after=None
[2023-10-14T08:39:58.431+0000] {processor.py:179} INFO - Processing /home/airflow/.local/lib/python3.8/site-packages/airflow/example_dags/example_sensors.py took 0.040 seconds
[2023-10-14T08:40:28.478+0000] {processor.py:157} INFO - Started process (PID=303) to work on /home/airflow/.local/lib/python3.8/site-packages/airflow/example_dags/example_sensors.py
[2023-10-14T08:40:28.478+0000] {processor.py:829} INFO - Processing file /home/airflow/.local/lib/python3.8/site-packages/airflow/example_dags/example_sensors.py for tasks to queue
[2023-10-14T08:40:28.480+0000] {logging_mixin.py:151} INFO - [2023-10-14T08:40:28.480+0000] {dagbag.py:536} INFO - Filling up the DagBag from /home/airflow/.local/lib/python3.8/site-packages/airflow/example_dags/example_sensors.py
[2023-10-14T08:40:28.486+0000] {processor.py:839} INFO - DAG(s) dict_keys(['example_sensors']) retrieved from /home/airflow/.local/lib/python3.8/site-packages/airflow/example_dags/example_sensors.py
[2023-10-14T08:40:28.501+0000] {logging_mixin.py:151} INFO - [2023-10-14T08:40:28.501+0000] {dag.py:2941} INFO - Sync 1 DAGs
[2023-10-14T08:40:28.508+0000] {logging_mixin.py:151} INFO - [2023-10-14T08:40:28.507+0000] {dag.py:3722} INFO - Setting next_dagrun for example_sensors to None, run_after=None
[2023-10-14T08:40:28.516+0000] {processor.py:179} INFO - Processing /home/airflow/.local/lib/python3.8/site-packages/airflow/example_dags/example_sensors.py took 0.041 seconds
[2023-10-14T08:40:58.752+0000] {processor.py:157} INFO - Started process (PID=359) to work on /home/airflow/.local/lib/python3.8/site-packages/airflow/example_dags/example_sensors.py
[2023-10-14T08:40:58.752+0000] {processor.py:829} INFO - Processing file /home/airflow/.local/lib/python3.8/site-packages/airflow/example_dags/example_sensors.py for tasks to queue
[2023-10-14T08:40:58.754+0000] {logging_mixin.py:151} INFO - [2023-10-14T08:40:58.754+0000] {dagbag.py:536} INFO - Filling up the DagBag from /home/airflow/.local/lib/python3.8/site-packages/airflow/example_dags/example_sensors.py
[2023-10-14T08:40:58.760+0000] {processor.py:839} INFO - DAG(s) dict_keys(['example_sensors']) retrieved from /home/airflow/.local/lib/python3.8/site-packages/airflow/example_dags/example_sensors.py
[2023-10-14T08:40:58.775+0000] {logging_mixin.py:151} INFO - [2023-10-14T08:40:58.775+0000] {dag.py:2941} INFO - Sync 1 DAGs
[2023-10-14T08:40:58.782+0000] {logging_mixin.py:151} INFO - [2023-10-14T08:40:58.782+0000] {dag.py:3722} INFO - Setting next_dagrun for example_sensors to None, run_after=None
[2023-10-14T08:40:58.790+0000] {processor.py:179} INFO - Processing /home/airflow/.local/lib/python3.8/site-packages/airflow/example_dags/example_sensors.py took 0.041 seconds
[2023-10-14T08:41:28.929+0000] {processor.py:157} INFO - Started process (PID=415) to work on /home/airflow/.local/lib/python3.8/site-packages/airflow/example_dags/example_sensors.py
[2023-10-14T08:41:28.930+0000] {processor.py:829} INFO - Processing file /home/airflow/.local/lib/python3.8/site-packages/airflow/example_dags/example_sensors.py for tasks to queue
[2023-10-14T08:41:28.932+0000] {logging_mixin.py:151} INFO - [2023-10-14T08:41:28.931+0000] {dagbag.py:536} INFO - Filling up the DagBag from /home/airflow/.local/lib/python3.8/site-packages/airflow/example_dags/example_sensors.py
[2023-10-14T08:41:28.938+0000] {processor.py:839} INFO - DAG(s) dict_keys(['example_sensors']) retrieved from /home/airflow/.local/lib/python3.8/site-packages/airflow/example_dags/example_sensors.py
[2023-10-14T08:41:28.952+0000] {logging_mixin.py:151} INFO - [2023-10-14T08:41:28.952+0000] {dag.py:2941} INFO - Sync 1 DAGs
[2023-10-14T08:41:28.959+0000] {logging_mixin.py:151} INFO - [2023-10-14T08:41:28.959+0000] {dag.py:3722} INFO - Setting next_dagrun for example_sensors to None, run_after=None
[2023-10-14T08:41:28.968+0000] {processor.py:179} INFO - Processing /home/airflow/.local/lib/python3.8/site-packages/airflow/example_dags/example_sensors.py took 0.041 seconds
[2023-10-14T08:41:59.133+0000] {processor.py:157} INFO - Started process (PID=471) to work on /home/airflow/.local/lib/python3.8/site-packages/airflow/example_dags/example_sensors.py
[2023-10-14T08:41:59.134+0000] {processor.py:829} INFO - Processing file /home/airflow/.local/lib/python3.8/site-packages/airflow/example_dags/example_sensors.py for tasks to queue
[2023-10-14T08:41:59.135+0000] {logging_mixin.py:151} INFO - [2023-10-14T08:41:59.135+0000] {dagbag.py:536} INFO - Filling up the DagBag from /home/airflow/.local/lib/python3.8/site-packages/airflow/example_dags/example_sensors.py
[2023-10-14T08:41:59.142+0000] {processor.py:839} INFO - DAG(s) dict_keys(['example_sensors']) retrieved from /home/airflow/.local/lib/python3.8/site-packages/airflow/example_dags/example_sensors.py
[2023-10-14T08:41:59.157+0000] {logging_mixin.py:151} INFO - [2023-10-14T08:41:59.157+0000] {dag.py:2941} INFO - Sync 1 DAGs
[2023-10-14T08:41:59.164+0000] {logging_mixin.py:151} INFO - [2023-10-14T08:41:59.164+0000] {dag.py:3722} INFO - Setting next_dagrun for example_sensors to None, run_after=None
[2023-10-14T08:41:59.173+0000] {processor.py:179} INFO - Processing /home/airflow/.local/lib/python3.8/site-packages/airflow/example_dags/example_sensors.py took 0.042 seconds
[2023-10-14T08:42:29.446+0000] {processor.py:157} INFO - Started process (PID=527) to work on /home/airflow/.local/lib/python3.8/site-packages/airflow/example_dags/example_sensors.py
[2023-10-14T08:42:29.447+0000] {processor.py:829} INFO - Processing file /home/airflow/.local/lib/python3.8/site-packages/airflow/example_dags/example_sensors.py for tasks to queue
[2023-10-14T08:42:29.449+0000] {logging_mixin.py:151} INFO - [2023-10-14T08:42:29.449+0000] {dagbag.py:536} INFO - Filling up the DagBag from /home/airflow/.local/lib/python3.8/site-packages/airflow/example_dags/example_sensors.py
[2023-10-14T08:42:29.455+0000] {processor.py:839} INFO - DAG(s) dict_keys(['example_sensors']) retrieved from /home/airflow/.local/lib/python3.8/site-packages/airflow/example_dags/example_sensors.py
[2023-10-14T08:42:29.471+0000] {logging_mixin.py:151} INFO - [2023-10-14T08:42:29.471+0000] {dag.py:2941} INFO - Sync 1 DAGs
[2023-10-14T08:42:29.478+0000] {logging_mixin.py:151} INFO - [2023-10-14T08:42:29.478+0000] {dag.py:3722} INFO - Setting next_dagrun for example_sensors to None, run_after=None
[2023-10-14T08:42:29.487+0000] {processor.py:179} INFO - Processing /home/airflow/.local/lib/python3.8/site-packages/airflow/example_dags/example_sensors.py took 0.043 seconds
[2023-10-14T08:42:59.778+0000] {processor.py:157} INFO - Started process (PID=583) to work on /home/airflow/.local/lib/python3.8/site-packages/airflow/example_dags/example_sensors.py
[2023-10-14T08:42:59.779+0000] {processor.py:829} INFO - Processing file /home/airflow/.local/lib/python3.8/site-packages/airflow/example_dags/example_sensors.py for tasks to queue
[2023-10-14T08:42:59.781+0000] {logging_mixin.py:151} INFO - [2023-10-14T08:42:59.781+0000] {dagbag.py:536} INFO - Filling up the DagBag from /home/airflow/.local/lib/python3.8/site-packages/airflow/example_dags/example_sensors.py
[2023-10-14T08:42:59.787+0000] {processor.py:839} INFO - DAG(s) dict_keys(['example_sensors']) retrieved from /home/airflow/.local/lib/python3.8/site-packages/airflow/example_dags/example_sensors.py
[2023-10-14T08:42:59.803+0000] {logging_mixin.py:151} INFO - [2023-10-14T08:42:59.802+0000] {dag.py:2941} INFO - Sync 1 DAGs
[2023-10-14T08:42:59.810+0000] {logging_mixin.py:151} INFO - [2023-10-14T08:42:59.809+0000] {dag.py:3722} INFO - Setting next_dagrun for example_sensors to None, run_after=None
[2023-10-14T08:42:59.818+0000] {processor.py:179} INFO - Processing /home/airflow/.local/lib/python3.8/site-packages/airflow/example_dags/example_sensors.py took 0.042 seconds
