[2023-10-14T08:38:26.811+0000] {processor.py:157} INFO - Started process (PID=64) to work on /home/airflow/.local/lib/python3.8/site-packages/airflow/example_dags/example_short_circuit_decorator.py
[2023-10-14T08:38:26.813+0000] {processor.py:829} INFO - Processing file /home/airflow/.local/lib/python3.8/site-packages/airflow/example_dags/example_short_circuit_decorator.py for tasks to queue
[2023-10-14T08:38:26.814+0000] {logging_mixin.py:151} INFO - [2023-10-14T08:38:26.814+0000] {dagbag.py:536} INFO - Filling up the DagBag from /home/airflow/.local/lib/python3.8/site-packages/airflow/example_dags/example_short_circuit_decorator.py
[2023-10-14T08:38:26.822+0000] {processor.py:839} INFO - DAG(s) dict_keys(['example_short_circuit_decorator']) retrieved from /home/airflow/.local/lib/python3.8/site-packages/airflow/example_dags/example_short_circuit_decorator.py
[2023-10-14T08:38:26.877+0000] {logging_mixin.py:151} INFO - [2023-10-14T08:38:26.877+0000] {manager.py:499} INFO - Created Permission View: %s
[2023-10-14T08:38:26.882+0000] {logging_mixin.py:151} INFO - [2023-10-14T08:38:26.882+0000] {manager.py:499} INFO - Created Permission View: %s
[2023-10-14T08:38:26.885+0000] {logging_mixin.py:151} INFO - [2023-10-14T08:38:26.885+0000] {manager.py:499} INFO - Created Permission View: %s
[2023-10-14T08:38:26.886+0000] {logging_mixin.py:151} INFO - [2023-10-14T08:38:26.886+0000] {dag.py:2941} INFO - Sync 1 DAGs
[2023-10-14T08:38:26.891+0000] {logging_mixin.py:151} INFO - [2023-10-14T08:38:26.891+0000] {dag.py:2963} INFO - Creating ORM DAG for example_short_circuit_decorator
[2023-10-14T08:38:26.897+0000] {logging_mixin.py:151} INFO - [2023-10-14T08:38:26.897+0000] {dag.py:3722} INFO - Setting next_dagrun for example_short_circuit_decorator to 2023-10-13T08:38:26.897556+00:00, run_after=2023-10-14T08:38:26.897556+00:00
[2023-10-14T08:38:26.906+0000] {processor.py:179} INFO - Processing /home/airflow/.local/lib/python3.8/site-packages/airflow/example_dags/example_short_circuit_decorator.py took 0.097 seconds
[2023-10-14T08:38:57.638+0000] {processor.py:157} INFO - Started process (PID=122) to work on /home/airflow/.local/lib/python3.8/site-packages/airflow/example_dags/example_short_circuit_decorator.py
[2023-10-14T08:38:57.639+0000] {processor.py:829} INFO - Processing file /home/airflow/.local/lib/python3.8/site-packages/airflow/example_dags/example_short_circuit_decorator.py for tasks to queue
[2023-10-14T08:38:57.640+0000] {logging_mixin.py:151} INFO - [2023-10-14T08:38:57.640+0000] {dagbag.py:536} INFO - Filling up the DagBag from /home/airflow/.local/lib/python3.8/site-packages/airflow/example_dags/example_short_circuit_decorator.py
[2023-10-14T08:38:57.647+0000] {processor.py:839} INFO - DAG(s) dict_keys(['example_short_circuit_decorator']) retrieved from /home/airflow/.local/lib/python3.8/site-packages/airflow/example_dags/example_short_circuit_decorator.py
[2023-10-14T08:38:57.661+0000] {logging_mixin.py:151} INFO - [2023-10-14T08:38:57.661+0000] {dag.py:2941} INFO - Sync 1 DAGs
[2023-10-14T08:38:57.673+0000] {logging_mixin.py:151} INFO - [2023-10-14T08:38:57.673+0000] {dag.py:3722} INFO - Setting next_dagrun for example_short_circuit_decorator to 2023-10-13T08:38:57.673429+00:00, run_after=2023-10-14T08:38:57.673429+00:00
[2023-10-14T08:38:57.683+0000] {processor.py:179} INFO - Processing /home/airflow/.local/lib/python3.8/site-packages/airflow/example_dags/example_short_circuit_decorator.py took 0.047 seconds
[2023-10-14T08:39:28.083+0000] {processor.py:157} INFO - Started process (PID=178) to work on /home/airflow/.local/lib/python3.8/site-packages/airflow/example_dags/example_short_circuit_decorator.py
[2023-10-14T08:39:28.084+0000] {processor.py:829} INFO - Processing file /home/airflow/.local/lib/python3.8/site-packages/airflow/example_dags/example_short_circuit_decorator.py for tasks to queue
[2023-10-14T08:39:28.085+0000] {logging_mixin.py:151} INFO - [2023-10-14T08:39:28.085+0000] {dagbag.py:536} INFO - Filling up the DagBag from /home/airflow/.local/lib/python3.8/site-packages/airflow/example_dags/example_short_circuit_decorator.py
[2023-10-14T08:39:28.091+0000] {processor.py:839} INFO - DAG(s) dict_keys(['example_short_circuit_decorator']) retrieved from /home/airflow/.local/lib/python3.8/site-packages/airflow/example_dags/example_short_circuit_decorator.py
[2023-10-14T08:39:28.105+0000] {logging_mixin.py:151} INFO - [2023-10-14T08:39:28.105+0000] {dag.py:2941} INFO - Sync 1 DAGs
[2023-10-14T08:39:28.117+0000] {logging_mixin.py:151} INFO - [2023-10-14T08:39:28.117+0000] {dag.py:3722} INFO - Setting next_dagrun for example_short_circuit_decorator to 2023-10-13T08:39:28.116911+00:00, run_after=2023-10-14T08:39:28.116911+00:00
[2023-10-14T08:39:28.126+0000] {processor.py:179} INFO - Processing /home/airflow/.local/lib/python3.8/site-packages/airflow/example_dags/example_short_circuit_decorator.py took 0.045 seconds
[2023-10-14T08:39:58.201+0000] {processor.py:157} INFO - Started process (PID=234) to work on /home/airflow/.local/lib/python3.8/site-packages/airflow/example_dags/example_short_circuit_decorator.py
[2023-10-14T08:39:58.201+0000] {processor.py:829} INFO - Processing file /home/airflow/.local/lib/python3.8/site-packages/airflow/example_dags/example_short_circuit_decorator.py for tasks to queue
[2023-10-14T08:39:58.203+0000] {logging_mixin.py:151} INFO - [2023-10-14T08:39:58.203+0000] {dagbag.py:536} INFO - Filling up the DagBag from /home/airflow/.local/lib/python3.8/site-packages/airflow/example_dags/example_short_circuit_decorator.py
[2023-10-14T08:39:58.209+0000] {processor.py:839} INFO - DAG(s) dict_keys(['example_short_circuit_decorator']) retrieved from /home/airflow/.local/lib/python3.8/site-packages/airflow/example_dags/example_short_circuit_decorator.py
[2023-10-14T08:39:58.224+0000] {logging_mixin.py:151} INFO - [2023-10-14T08:39:58.223+0000] {dag.py:2941} INFO - Sync 1 DAGs
[2023-10-14T08:39:58.234+0000] {logging_mixin.py:151} INFO - [2023-10-14T08:39:58.234+0000] {dag.py:3722} INFO - Setting next_dagrun for example_short_circuit_decorator to 2023-10-13T08:39:58.234565+00:00, run_after=2023-10-14T08:39:58.234565+00:00
[2023-10-14T08:39:58.244+0000] {processor.py:179} INFO - Processing /home/airflow/.local/lib/python3.8/site-packages/airflow/example_dags/example_short_circuit_decorator.py took 0.046 seconds
[2023-10-14T08:40:28.294+0000] {processor.py:157} INFO - Started process (PID=298) to work on /home/airflow/.local/lib/python3.8/site-packages/airflow/example_dags/example_short_circuit_decorator.py
[2023-10-14T08:40:28.294+0000] {processor.py:829} INFO - Processing file /home/airflow/.local/lib/python3.8/site-packages/airflow/example_dags/example_short_circuit_decorator.py for tasks to queue
[2023-10-14T08:40:28.296+0000] {logging_mixin.py:151} INFO - [2023-10-14T08:40:28.296+0000] {dagbag.py:536} INFO - Filling up the DagBag from /home/airflow/.local/lib/python3.8/site-packages/airflow/example_dags/example_short_circuit_decorator.py
[2023-10-14T08:40:28.302+0000] {processor.py:839} INFO - DAG(s) dict_keys(['example_short_circuit_decorator']) retrieved from /home/airflow/.local/lib/python3.8/site-packages/airflow/example_dags/example_short_circuit_decorator.py
[2023-10-14T08:40:28.315+0000] {logging_mixin.py:151} INFO - [2023-10-14T08:40:28.315+0000] {dag.py:2941} INFO - Sync 1 DAGs
[2023-10-14T08:40:28.325+0000] {logging_mixin.py:151} INFO - [2023-10-14T08:40:28.325+0000] {dag.py:3722} INFO - Setting next_dagrun for example_short_circuit_decorator to 2023-10-13T08:40:28.325716+00:00, run_after=2023-10-14T08:40:28.325716+00:00
[2023-10-14T08:40:28.335+0000] {processor.py:179} INFO - Processing /home/airflow/.local/lib/python3.8/site-packages/airflow/example_dags/example_short_circuit_decorator.py took 0.043 seconds
[2023-10-14T08:40:58.567+0000] {processor.py:157} INFO - Started process (PID=354) to work on /home/airflow/.local/lib/python3.8/site-packages/airflow/example_dags/example_short_circuit_decorator.py
[2023-10-14T08:40:58.568+0000] {processor.py:829} INFO - Processing file /home/airflow/.local/lib/python3.8/site-packages/airflow/example_dags/example_short_circuit_decorator.py for tasks to queue
[2023-10-14T08:40:58.569+0000] {logging_mixin.py:151} INFO - [2023-10-14T08:40:58.569+0000] {dagbag.py:536} INFO - Filling up the DagBag from /home/airflow/.local/lib/python3.8/site-packages/airflow/example_dags/example_short_circuit_decorator.py
[2023-10-14T08:40:58.575+0000] {processor.py:839} INFO - DAG(s) dict_keys(['example_short_circuit_decorator']) retrieved from /home/airflow/.local/lib/python3.8/site-packages/airflow/example_dags/example_short_circuit_decorator.py
[2023-10-14T08:40:58.588+0000] {logging_mixin.py:151} INFO - [2023-10-14T08:40:58.588+0000] {dag.py:2941} INFO - Sync 1 DAGs
[2023-10-14T08:40:58.599+0000] {logging_mixin.py:151} INFO - [2023-10-14T08:40:58.599+0000] {dag.py:3722} INFO - Setting next_dagrun for example_short_circuit_decorator to 2023-10-13T08:40:58.599614+00:00, run_after=2023-10-14T08:40:58.599614+00:00
[2023-10-14T08:40:58.608+0000] {processor.py:179} INFO - Processing /home/airflow/.local/lib/python3.8/site-packages/airflow/example_dags/example_short_circuit_decorator.py took 0.043 seconds
[2023-10-14T08:41:28.793+0000] {processor.py:157} INFO - Started process (PID=410) to work on /home/airflow/.local/lib/python3.8/site-packages/airflow/example_dags/example_short_circuit_decorator.py
[2023-10-14T08:41:28.794+0000] {processor.py:829} INFO - Processing file /home/airflow/.local/lib/python3.8/site-packages/airflow/example_dags/example_short_circuit_decorator.py for tasks to queue
[2023-10-14T08:41:28.795+0000] {logging_mixin.py:151} INFO - [2023-10-14T08:41:28.795+0000] {dagbag.py:536} INFO - Filling up the DagBag from /home/airflow/.local/lib/python3.8/site-packages/airflow/example_dags/example_short_circuit_decorator.py
[2023-10-14T08:41:28.801+0000] {processor.py:839} INFO - DAG(s) dict_keys(['example_short_circuit_decorator']) retrieved from /home/airflow/.local/lib/python3.8/site-packages/airflow/example_dags/example_short_circuit_decorator.py
[2023-10-14T08:41:28.815+0000] {logging_mixin.py:151} INFO - [2023-10-14T08:41:28.815+0000] {dag.py:2941} INFO - Sync 1 DAGs
[2023-10-14T08:41:28.827+0000] {logging_mixin.py:151} INFO - [2023-10-14T08:41:28.827+0000] {dag.py:3722} INFO - Setting next_dagrun for example_short_circuit_decorator to 2023-10-13T08:41:28.826832+00:00, run_after=2023-10-14T08:41:28.826832+00:00
[2023-10-14T08:41:28.836+0000] {processor.py:179} INFO - Processing /home/airflow/.local/lib/python3.8/site-packages/airflow/example_dags/example_short_circuit_decorator.py took 0.045 seconds
[2023-10-14T08:41:58.948+0000] {processor.py:157} INFO - Started process (PID=466) to work on /home/airflow/.local/lib/python3.8/site-packages/airflow/example_dags/example_short_circuit_decorator.py
[2023-10-14T08:41:58.949+0000] {processor.py:829} INFO - Processing file /home/airflow/.local/lib/python3.8/site-packages/airflow/example_dags/example_short_circuit_decorator.py for tasks to queue
[2023-10-14T08:41:58.950+0000] {logging_mixin.py:151} INFO - [2023-10-14T08:41:58.950+0000] {dagbag.py:536} INFO - Filling up the DagBag from /home/airflow/.local/lib/python3.8/site-packages/airflow/example_dags/example_short_circuit_decorator.py
[2023-10-14T08:41:58.956+0000] {processor.py:839} INFO - DAG(s) dict_keys(['example_short_circuit_decorator']) retrieved from /home/airflow/.local/lib/python3.8/site-packages/airflow/example_dags/example_short_circuit_decorator.py
[2023-10-14T08:41:58.970+0000] {logging_mixin.py:151} INFO - [2023-10-14T08:41:58.970+0000] {dag.py:2941} INFO - Sync 1 DAGs
[2023-10-14T08:41:58.981+0000] {logging_mixin.py:151} INFO - [2023-10-14T08:41:58.981+0000] {dag.py:3722} INFO - Setting next_dagrun for example_short_circuit_decorator to 2023-10-13T08:41:58.981451+00:00, run_after=2023-10-14T08:41:58.981451+00:00
[2023-10-14T08:41:58.991+0000] {processor.py:179} INFO - Processing /home/airflow/.local/lib/python3.8/site-packages/airflow/example_dags/example_short_circuit_decorator.py took 0.045 seconds
[2023-10-14T08:42:29.253+0000] {processor.py:157} INFO - Started process (PID=522) to work on /home/airflow/.local/lib/python3.8/site-packages/airflow/example_dags/example_short_circuit_decorator.py
[2023-10-14T08:42:29.253+0000] {processor.py:829} INFO - Processing file /home/airflow/.local/lib/python3.8/site-packages/airflow/example_dags/example_short_circuit_decorator.py for tasks to queue
[2023-10-14T08:42:29.255+0000] {logging_mixin.py:151} INFO - [2023-10-14T08:42:29.255+0000] {dagbag.py:536} INFO - Filling up the DagBag from /home/airflow/.local/lib/python3.8/site-packages/airflow/example_dags/example_short_circuit_decorator.py
[2023-10-14T08:42:29.261+0000] {processor.py:839} INFO - DAG(s) dict_keys(['example_short_circuit_decorator']) retrieved from /home/airflow/.local/lib/python3.8/site-packages/airflow/example_dags/example_short_circuit_decorator.py
[2023-10-14T08:42:29.275+0000] {logging_mixin.py:151} INFO - [2023-10-14T08:42:29.275+0000] {dag.py:2941} INFO - Sync 1 DAGs
[2023-10-14T08:42:29.286+0000] {logging_mixin.py:151} INFO - [2023-10-14T08:42:29.286+0000] {dag.py:3722} INFO - Setting next_dagrun for example_short_circuit_decorator to 2023-10-13T08:42:29.286701+00:00, run_after=2023-10-14T08:42:29.286701+00:00
[2023-10-14T08:42:29.296+0000] {processor.py:179} INFO - Processing /home/airflow/.local/lib/python3.8/site-packages/airflow/example_dags/example_short_circuit_decorator.py took 0.046 seconds
[2023-10-14T08:42:59.592+0000] {processor.py:157} INFO - Started process (PID=578) to work on /home/airflow/.local/lib/python3.8/site-packages/airflow/example_dags/example_short_circuit_decorator.py
[2023-10-14T08:42:59.592+0000] {processor.py:829} INFO - Processing file /home/airflow/.local/lib/python3.8/site-packages/airflow/example_dags/example_short_circuit_decorator.py for tasks to queue
[2023-10-14T08:42:59.594+0000] {logging_mixin.py:151} INFO - [2023-10-14T08:42:59.593+0000] {dagbag.py:536} INFO - Filling up the DagBag from /home/airflow/.local/lib/python3.8/site-packages/airflow/example_dags/example_short_circuit_decorator.py
[2023-10-14T08:42:59.599+0000] {processor.py:839} INFO - DAG(s) dict_keys(['example_short_circuit_decorator']) retrieved from /home/airflow/.local/lib/python3.8/site-packages/airflow/example_dags/example_short_circuit_decorator.py
[2023-10-14T08:42:59.613+0000] {logging_mixin.py:151} INFO - [2023-10-14T08:42:59.612+0000] {dag.py:2941} INFO - Sync 1 DAGs
[2023-10-14T08:42:59.625+0000] {logging_mixin.py:151} INFO - [2023-10-14T08:42:59.624+0000] {dag.py:3722} INFO - Setting next_dagrun for example_short_circuit_decorator to 2023-10-13T08:42:59.624738+00:00, run_after=2023-10-14T08:42:59.624738+00:00
[2023-10-14T08:42:59.634+0000] {processor.py:179} INFO - Processing /home/airflow/.local/lib/python3.8/site-packages/airflow/example_dags/example_short_circuit_decorator.py took 0.045 seconds
