[2023-10-14T08:38:27.740+0000] {processor.py:157} INFO - Started process (PID=77) to work on /home/airflow/.local/lib/python3.8/site-packages/airflow/example_dags/example_complex.py
[2023-10-14T08:38:27.741+0000] {processor.py:829} INFO - Processing file /home/airflow/.local/lib/python3.8/site-packages/airflow/example_dags/example_complex.py for tasks to queue
[2023-10-14T08:38:27.742+0000] {logging_mixin.py:151} INFO - [2023-10-14T08:38:27.742+0000] {dagbag.py:536} INFO - Filling up the DagBag from /home/airflow/.local/lib/python3.8/site-packages/airflow/example_dags/example_complex.py
[2023-10-14T08:38:27.749+0000] {processor.py:839} INFO - DAG(s) dict_keys(['example_complex']) retrieved from /home/airflow/.local/lib/python3.8/site-packages/airflow/example_dags/example_complex.py
[2023-10-14T08:38:27.812+0000] {logging_mixin.py:151} INFO - [2023-10-14T08:38:27.811+0000] {manager.py:499} INFO - Created Permission View: %s
[2023-10-14T08:38:27.817+0000] {logging_mixin.py:151} INFO - [2023-10-14T08:38:27.816+0000] {manager.py:499} INFO - Created Permission View: %s
[2023-10-14T08:38:27.820+0000] {logging_mixin.py:151} INFO - [2023-10-14T08:38:27.819+0000] {manager.py:499} INFO - Created Permission View: %s
[2023-10-14T08:38:27.820+0000] {logging_mixin.py:151} INFO - [2023-10-14T08:38:27.820+0000] {dag.py:2941} INFO - Sync 1 DAGs
[2023-10-14T08:38:27.826+0000] {logging_mixin.py:151} INFO - [2023-10-14T08:38:27.825+0000] {dag.py:2963} INFO - Creating ORM DAG for example_complex
[2023-10-14T08:38:27.826+0000] {logging_mixin.py:151} INFO - [2023-10-14T08:38:27.826+0000] {dag.py:3722} INFO - Setting next_dagrun for example_complex to None, run_after=None
[2023-10-14T08:38:27.836+0000] {processor.py:179} INFO - Processing /home/airflow/.local/lib/python3.8/site-packages/airflow/example_dags/example_complex.py took 0.098 seconds
[2023-10-14T08:38:58.313+0000] {processor.py:157} INFO - Started process (PID=135) to work on /home/airflow/.local/lib/python3.8/site-packages/airflow/example_dags/example_complex.py
[2023-10-14T08:38:58.313+0000] {processor.py:829} INFO - Processing file /home/airflow/.local/lib/python3.8/site-packages/airflow/example_dags/example_complex.py for tasks to queue
[2023-10-14T08:38:58.315+0000] {logging_mixin.py:151} INFO - [2023-10-14T08:38:58.315+0000] {dagbag.py:536} INFO - Filling up the DagBag from /home/airflow/.local/lib/python3.8/site-packages/airflow/example_dags/example_complex.py
[2023-10-14T08:38:58.323+0000] {processor.py:839} INFO - DAG(s) dict_keys(['example_complex']) retrieved from /home/airflow/.local/lib/python3.8/site-packages/airflow/example_dags/example_complex.py
[2023-10-14T08:38:58.341+0000] {logging_mixin.py:151} INFO - [2023-10-14T08:38:58.341+0000] {dag.py:2941} INFO - Sync 1 DAGs
[2023-10-14T08:38:58.349+0000] {logging_mixin.py:151} INFO - [2023-10-14T08:38:58.349+0000] {dag.py:3722} INFO - Setting next_dagrun for example_complex to None, run_after=None
[2023-10-14T08:38:58.365+0000] {processor.py:179} INFO - Processing /home/airflow/.local/lib/python3.8/site-packages/airflow/example_dags/example_complex.py took 0.055 seconds
[2023-10-14T08:39:28.680+0000] {processor.py:157} INFO - Started process (PID=191) to work on /home/airflow/.local/lib/python3.8/site-packages/airflow/example_dags/example_complex.py
[2023-10-14T08:39:28.681+0000] {processor.py:829} INFO - Processing file /home/airflow/.local/lib/python3.8/site-packages/airflow/example_dags/example_complex.py for tasks to queue
[2023-10-14T08:39:28.683+0000] {logging_mixin.py:151} INFO - [2023-10-14T08:39:28.682+0000] {dagbag.py:536} INFO - Filling up the DagBag from /home/airflow/.local/lib/python3.8/site-packages/airflow/example_dags/example_complex.py
[2023-10-14T08:39:28.689+0000] {processor.py:839} INFO - DAG(s) dict_keys(['example_complex']) retrieved from /home/airflow/.local/lib/python3.8/site-packages/airflow/example_dags/example_complex.py
[2023-10-14T08:39:28.707+0000] {logging_mixin.py:151} INFO - [2023-10-14T08:39:28.707+0000] {dag.py:2941} INFO - Sync 1 DAGs
[2023-10-14T08:39:28.714+0000] {logging_mixin.py:151} INFO - [2023-10-14T08:39:28.714+0000] {dag.py:3722} INFO - Setting next_dagrun for example_complex to None, run_after=None
[2023-10-14T08:39:28.725+0000] {processor.py:179} INFO - Processing /home/airflow/.local/lib/python3.8/site-packages/airflow/example_dags/example_complex.py took 0.047 seconds
[2023-10-14T08:39:59.697+0000] {processor.py:157} INFO - Started process (PID=247) to work on /home/airflow/.local/lib/python3.8/site-packages/airflow/example_dags/example_complex.py
[2023-10-14T08:39:59.697+0000] {processor.py:829} INFO - Processing file /home/airflow/.local/lib/python3.8/site-packages/airflow/example_dags/example_complex.py for tasks to queue
[2023-10-14T08:39:59.699+0000] {logging_mixin.py:151} INFO - [2023-10-14T08:39:59.699+0000] {dagbag.py:536} INFO - Filling up the DagBag from /home/airflow/.local/lib/python3.8/site-packages/airflow/example_dags/example_complex.py
[2023-10-14T08:39:59.706+0000] {processor.py:839} INFO - DAG(s) dict_keys(['example_complex']) retrieved from /home/airflow/.local/lib/python3.8/site-packages/airflow/example_dags/example_complex.py
[2023-10-14T08:39:59.726+0000] {logging_mixin.py:151} INFO - [2023-10-14T08:39:59.725+0000] {dag.py:2941} INFO - Sync 1 DAGs
[2023-10-14T08:39:59.734+0000] {logging_mixin.py:151} INFO - [2023-10-14T08:39:59.734+0000] {dag.py:3722} INFO - Setting next_dagrun for example_complex to None, run_after=None
[2023-10-14T08:39:59.746+0000] {processor.py:179} INFO - Processing /home/airflow/.local/lib/python3.8/site-packages/airflow/example_dags/example_complex.py took 0.052 seconds
[2023-10-14T08:40:29.887+0000] {processor.py:157} INFO - Started process (PID=311) to work on /home/airflow/.local/lib/python3.8/site-packages/airflow/example_dags/example_complex.py
[2023-10-14T08:40:29.888+0000] {processor.py:829} INFO - Processing file /home/airflow/.local/lib/python3.8/site-packages/airflow/example_dags/example_complex.py for tasks to queue
[2023-10-14T08:40:29.890+0000] {logging_mixin.py:151} INFO - [2023-10-14T08:40:29.889+0000] {dagbag.py:536} INFO - Filling up the DagBag from /home/airflow/.local/lib/python3.8/site-packages/airflow/example_dags/example_complex.py
[2023-10-14T08:40:29.896+0000] {processor.py:839} INFO - DAG(s) dict_keys(['example_complex']) retrieved from /home/airflow/.local/lib/python3.8/site-packages/airflow/example_dags/example_complex.py
[2023-10-14T08:40:29.913+0000] {logging_mixin.py:151} INFO - [2023-10-14T08:40:29.913+0000] {dag.py:2941} INFO - Sync 1 DAGs
[2023-10-14T08:40:29.920+0000] {logging_mixin.py:151} INFO - [2023-10-14T08:40:29.920+0000] {dag.py:3722} INFO - Setting next_dagrun for example_complex to None, run_after=None
[2023-10-14T08:40:29.929+0000] {processor.py:179} INFO - Processing /home/airflow/.local/lib/python3.8/site-packages/airflow/example_dags/example_complex.py took 0.044 seconds
[2023-10-14T08:41:00.088+0000] {processor.py:157} INFO - Started process (PID=367) to work on /home/airflow/.local/lib/python3.8/site-packages/airflow/example_dags/example_complex.py
[2023-10-14T08:41:00.089+0000] {processor.py:829} INFO - Processing file /home/airflow/.local/lib/python3.8/site-packages/airflow/example_dags/example_complex.py for tasks to queue
[2023-10-14T08:41:00.091+0000] {logging_mixin.py:151} INFO - [2023-10-14T08:41:00.091+0000] {dagbag.py:536} INFO - Filling up the DagBag from /home/airflow/.local/lib/python3.8/site-packages/airflow/example_dags/example_complex.py
[2023-10-14T08:41:00.097+0000] {processor.py:839} INFO - DAG(s) dict_keys(['example_complex']) retrieved from /home/airflow/.local/lib/python3.8/site-packages/airflow/example_dags/example_complex.py
[2023-10-14T08:41:00.115+0000] {logging_mixin.py:151} INFO - [2023-10-14T08:41:00.114+0000] {dag.py:2941} INFO - Sync 1 DAGs
[2023-10-14T08:41:00.121+0000] {logging_mixin.py:151} INFO - [2023-10-14T08:41:00.121+0000] {dag.py:3722} INFO - Setting next_dagrun for example_complex to None, run_after=None
[2023-10-14T08:41:00.131+0000] {processor.py:179} INFO - Processing /home/airflow/.local/lib/python3.8/site-packages/airflow/example_dags/example_complex.py took 0.045 seconds
[2023-10-14T08:41:30.287+0000] {processor.py:157} INFO - Started process (PID=423) to work on /home/airflow/.local/lib/python3.8/site-packages/airflow/example_dags/example_complex.py
[2023-10-14T08:41:30.288+0000] {processor.py:829} INFO - Processing file /home/airflow/.local/lib/python3.8/site-packages/airflow/example_dags/example_complex.py for tasks to queue
[2023-10-14T08:41:30.289+0000] {logging_mixin.py:151} INFO - [2023-10-14T08:41:30.289+0000] {dagbag.py:536} INFO - Filling up the DagBag from /home/airflow/.local/lib/python3.8/site-packages/airflow/example_dags/example_complex.py
[2023-10-14T08:41:30.296+0000] {processor.py:839} INFO - DAG(s) dict_keys(['example_complex']) retrieved from /home/airflow/.local/lib/python3.8/site-packages/airflow/example_dags/example_complex.py
[2023-10-14T08:41:30.313+0000] {logging_mixin.py:151} INFO - [2023-10-14T08:41:30.313+0000] {dag.py:2941} INFO - Sync 1 DAGs
[2023-10-14T08:41:30.320+0000] {logging_mixin.py:151} INFO - [2023-10-14T08:41:30.320+0000] {dag.py:3722} INFO - Setting next_dagrun for example_complex to None, run_after=None
[2023-10-14T08:41:30.329+0000] {processor.py:179} INFO - Processing /home/airflow/.local/lib/python3.8/site-packages/airflow/example_dags/example_complex.py took 0.044 seconds
[2023-10-14T08:42:00.540+0000] {processor.py:157} INFO - Started process (PID=479) to work on /home/airflow/.local/lib/python3.8/site-packages/airflow/example_dags/example_complex.py
[2023-10-14T08:42:00.541+0000] {processor.py:829} INFO - Processing file /home/airflow/.local/lib/python3.8/site-packages/airflow/example_dags/example_complex.py for tasks to queue
[2023-10-14T08:42:00.543+0000] {logging_mixin.py:151} INFO - [2023-10-14T08:42:00.542+0000] {dagbag.py:536} INFO - Filling up the DagBag from /home/airflow/.local/lib/python3.8/site-packages/airflow/example_dags/example_complex.py
[2023-10-14T08:42:00.549+0000] {processor.py:839} INFO - DAG(s) dict_keys(['example_complex']) retrieved from /home/airflow/.local/lib/python3.8/site-packages/airflow/example_dags/example_complex.py
[2023-10-14T08:42:00.566+0000] {logging_mixin.py:151} INFO - [2023-10-14T08:42:00.566+0000] {dag.py:2941} INFO - Sync 1 DAGs
[2023-10-14T08:42:00.573+0000] {logging_mixin.py:151} INFO - [2023-10-14T08:42:00.573+0000] {dag.py:3722} INFO - Setting next_dagrun for example_complex to None, run_after=None
[2023-10-14T08:42:00.583+0000] {processor.py:179} INFO - Processing /home/airflow/.local/lib/python3.8/site-packages/airflow/example_dags/example_complex.py took 0.046 seconds
[2023-10-14T08:42:30.782+0000] {processor.py:157} INFO - Started process (PID=535) to work on /home/airflow/.local/lib/python3.8/site-packages/airflow/example_dags/example_complex.py
[2023-10-14T08:42:30.782+0000] {processor.py:829} INFO - Processing file /home/airflow/.local/lib/python3.8/site-packages/airflow/example_dags/example_complex.py for tasks to queue
[2023-10-14T08:42:30.784+0000] {logging_mixin.py:151} INFO - [2023-10-14T08:42:30.784+0000] {dagbag.py:536} INFO - Filling up the DagBag from /home/airflow/.local/lib/python3.8/site-packages/airflow/example_dags/example_complex.py
[2023-10-14T08:42:30.794+0000] {processor.py:839} INFO - DAG(s) dict_keys(['example_complex']) retrieved from /home/airflow/.local/lib/python3.8/site-packages/airflow/example_dags/example_complex.py
[2023-10-14T08:42:30.817+0000] {logging_mixin.py:151} INFO - [2023-10-14T08:42:30.817+0000] {dag.py:2941} INFO - Sync 1 DAGs
[2023-10-14T08:42:30.826+0000] {logging_mixin.py:151} INFO - [2023-10-14T08:42:30.826+0000] {dag.py:3722} INFO - Setting next_dagrun for example_complex to None, run_after=None
[2023-10-14T08:42:30.838+0000] {processor.py:179} INFO - Processing /home/airflow/.local/lib/python3.8/site-packages/airflow/example_dags/example_complex.py took 0.059 seconds
[2023-10-14T08:43:01.061+0000] {processor.py:157} INFO - Started process (PID=591) to work on /home/airflow/.local/lib/python3.8/site-packages/airflow/example_dags/example_complex.py
[2023-10-14T08:43:01.062+0000] {processor.py:829} INFO - Processing file /home/airflow/.local/lib/python3.8/site-packages/airflow/example_dags/example_complex.py for tasks to queue
[2023-10-14T08:43:01.063+0000] {logging_mixin.py:151} INFO - [2023-10-14T08:43:01.063+0000] {dagbag.py:536} INFO - Filling up the DagBag from /home/airflow/.local/lib/python3.8/site-packages/airflow/example_dags/example_complex.py
[2023-10-14T08:43:01.070+0000] {processor.py:839} INFO - DAG(s) dict_keys(['example_complex']) retrieved from /home/airflow/.local/lib/python3.8/site-packages/airflow/example_dags/example_complex.py
[2023-10-14T08:43:01.088+0000] {logging_mixin.py:151} INFO - [2023-10-14T08:43:01.088+0000] {dag.py:2941} INFO - Sync 1 DAGs
[2023-10-14T08:43:01.095+0000] {logging_mixin.py:151} INFO - [2023-10-14T08:43:01.095+0000] {dag.py:3722} INFO - Setting next_dagrun for example_complex to None, run_after=None
[2023-10-14T08:43:01.107+0000] {processor.py:179} INFO - Processing /home/airflow/.local/lib/python3.8/site-packages/airflow/example_dags/example_complex.py took 0.048 seconds
