[2023-10-14T08:38:25.925+0000] {processor.py:157} INFO - Started process (PID=54) to work on /home/airflow/.local/lib/python3.8/site-packages/airflow/example_dags/example_short_circuit_operator.py
[2023-10-14T08:38:25.926+0000] {processor.py:829} INFO - Processing file /home/airflow/.local/lib/python3.8/site-packages/airflow/example_dags/example_short_circuit_operator.py for tasks to queue
[2023-10-14T08:38:25.927+0000] {logging_mixin.py:151} INFO - [2023-10-14T08:38:25.927+0000] {dagbag.py:536} INFO - Filling up the DagBag from /home/airflow/.local/lib/python3.8/site-packages/airflow/example_dags/example_short_circuit_operator.py
[2023-10-14T08:38:25.935+0000] {processor.py:839} INFO - DAG(s) dict_keys(['example_short_circuit_operator']) retrieved from /home/airflow/.local/lib/python3.8/site-packages/airflow/example_dags/example_short_circuit_operator.py
[2023-10-14T08:38:26.035+0000] {logging_mixin.py:151} INFO - [2023-10-14T08:38:26.034+0000] {manager.py:499} INFO - Created Permission View: %s
[2023-10-14T08:38:26.041+0000] {logging_mixin.py:151} INFO - [2023-10-14T08:38:26.041+0000] {manager.py:499} INFO - Created Permission View: %s
[2023-10-14T08:38:26.045+0000] {logging_mixin.py:151} INFO - [2023-10-14T08:38:26.045+0000] {manager.py:499} INFO - Created Permission View: %s
[2023-10-14T08:38:26.045+0000] {logging_mixin.py:151} INFO - [2023-10-14T08:38:26.045+0000] {dag.py:2941} INFO - Sync 1 DAGs
[2023-10-14T08:38:26.052+0000] {logging_mixin.py:151} INFO - [2023-10-14T08:38:26.052+0000] {dag.py:2963} INFO - Creating ORM DAG for example_short_circuit_operator
[2023-10-14T08:38:26.060+0000] {logging_mixin.py:151} INFO - [2023-10-14T08:38:26.059+0000] {dag.py:3722} INFO - Setting next_dagrun for example_short_circuit_operator to 2023-10-13T08:38:26.059509+00:00, run_after=2023-10-14T08:38:26.059509+00:00
[2023-10-14T08:38:26.077+0000] {processor.py:179} INFO - Processing /home/airflow/.local/lib/python3.8/site-packages/airflow/example_dags/example_short_circuit_operator.py took 0.154 seconds
[2023-10-14T08:38:56.234+0000] {processor.py:157} INFO - Started process (PID=112) to work on /home/airflow/.local/lib/python3.8/site-packages/airflow/example_dags/example_short_circuit_operator.py
[2023-10-14T08:38:56.235+0000] {processor.py:829} INFO - Processing file /home/airflow/.local/lib/python3.8/site-packages/airflow/example_dags/example_short_circuit_operator.py for tasks to queue
[2023-10-14T08:38:56.236+0000] {logging_mixin.py:151} INFO - [2023-10-14T08:38:56.236+0000] {dagbag.py:536} INFO - Filling up the DagBag from /home/airflow/.local/lib/python3.8/site-packages/airflow/example_dags/example_short_circuit_operator.py
[2023-10-14T08:38:56.241+0000] {processor.py:839} INFO - DAG(s) dict_keys(['example_short_circuit_operator']) retrieved from /home/airflow/.local/lib/python3.8/site-packages/airflow/example_dags/example_short_circuit_operator.py
[2023-10-14T08:38:56.257+0000] {logging_mixin.py:151} INFO - [2023-10-14T08:38:56.255+0000] {dag.py:2941} INFO - Sync 1 DAGs
[2023-10-14T08:38:56.267+0000] {logging_mixin.py:151} INFO - [2023-10-14T08:38:56.267+0000] {dag.py:3722} INFO - Setting next_dagrun for example_short_circuit_operator to 2023-10-13T08:38:56.267533+00:00, run_after=2023-10-14T08:38:56.267533+00:00
[2023-10-14T08:38:56.275+0000] {processor.py:179} INFO - Processing /home/airflow/.local/lib/python3.8/site-packages/airflow/example_dags/example_short_circuit_operator.py took 0.044 seconds
[2023-10-14T08:39:26.646+0000] {processor.py:157} INFO - Started process (PID=168) to work on /home/airflow/.local/lib/python3.8/site-packages/airflow/example_dags/example_short_circuit_operator.py
[2023-10-14T08:39:26.647+0000] {processor.py:829} INFO - Processing file /home/airflow/.local/lib/python3.8/site-packages/airflow/example_dags/example_short_circuit_operator.py for tasks to queue
[2023-10-14T08:39:26.648+0000] {logging_mixin.py:151} INFO - [2023-10-14T08:39:26.648+0000] {dagbag.py:536} INFO - Filling up the DagBag from /home/airflow/.local/lib/python3.8/site-packages/airflow/example_dags/example_short_circuit_operator.py
[2023-10-14T08:39:26.653+0000] {processor.py:839} INFO - DAG(s) dict_keys(['example_short_circuit_operator']) retrieved from /home/airflow/.local/lib/python3.8/site-packages/airflow/example_dags/example_short_circuit_operator.py
[2023-10-14T08:39:26.671+0000] {logging_mixin.py:151} INFO - [2023-10-14T08:39:26.671+0000] {dag.py:2941} INFO - Sync 1 DAGs
[2023-10-14T08:39:26.686+0000] {logging_mixin.py:151} INFO - [2023-10-14T08:39:26.686+0000] {dag.py:3722} INFO - Setting next_dagrun for example_short_circuit_operator to 2023-10-13T08:39:26.686043+00:00, run_after=2023-10-14T08:39:26.686043+00:00
[2023-10-14T08:39:26.697+0000] {processor.py:179} INFO - Processing /home/airflow/.local/lib/python3.8/site-packages/airflow/example_dags/example_short_circuit_operator.py took 0.053 seconds
[2023-10-14T08:39:56.769+0000] {processor.py:157} INFO - Started process (PID=224) to work on /home/airflow/.local/lib/python3.8/site-packages/airflow/example_dags/example_short_circuit_operator.py
[2023-10-14T08:39:56.769+0000] {processor.py:829} INFO - Processing file /home/airflow/.local/lib/python3.8/site-packages/airflow/example_dags/example_short_circuit_operator.py for tasks to queue
[2023-10-14T08:39:56.771+0000] {logging_mixin.py:151} INFO - [2023-10-14T08:39:56.771+0000] {dagbag.py:536} INFO - Filling up the DagBag from /home/airflow/.local/lib/python3.8/site-packages/airflow/example_dags/example_short_circuit_operator.py
[2023-10-14T08:39:56.776+0000] {processor.py:839} INFO - DAG(s) dict_keys(['example_short_circuit_operator']) retrieved from /home/airflow/.local/lib/python3.8/site-packages/airflow/example_dags/example_short_circuit_operator.py
[2023-10-14T08:39:56.791+0000] {logging_mixin.py:151} INFO - [2023-10-14T08:39:56.790+0000] {dag.py:2941} INFO - Sync 1 DAGs
[2023-10-14T08:39:56.801+0000] {logging_mixin.py:151} INFO - [2023-10-14T08:39:56.801+0000] {dag.py:3722} INFO - Setting next_dagrun for example_short_circuit_operator to 2023-10-13T08:39:56.801471+00:00, run_after=2023-10-14T08:39:56.801471+00:00
[2023-10-14T08:39:56.809+0000] {processor.py:179} INFO - Processing /home/airflow/.local/lib/python3.8/site-packages/airflow/example_dags/example_short_circuit_operator.py took 0.043 seconds
[2023-10-14T08:40:26.930+0000] {processor.py:157} INFO - Started process (PID=288) to work on /home/airflow/.local/lib/python3.8/site-packages/airflow/example_dags/example_short_circuit_operator.py
[2023-10-14T08:40:26.930+0000] {processor.py:829} INFO - Processing file /home/airflow/.local/lib/python3.8/site-packages/airflow/example_dags/example_short_circuit_operator.py for tasks to queue
[2023-10-14T08:40:26.932+0000] {logging_mixin.py:151} INFO - [2023-10-14T08:40:26.932+0000] {dagbag.py:536} INFO - Filling up the DagBag from /home/airflow/.local/lib/python3.8/site-packages/airflow/example_dags/example_short_circuit_operator.py
[2023-10-14T08:40:26.937+0000] {processor.py:839} INFO - DAG(s) dict_keys(['example_short_circuit_operator']) retrieved from /home/airflow/.local/lib/python3.8/site-packages/airflow/example_dags/example_short_circuit_operator.py
[2023-10-14T08:40:26.952+0000] {logging_mixin.py:151} INFO - [2023-10-14T08:40:26.951+0000] {dag.py:2941} INFO - Sync 1 DAGs
[2023-10-14T08:40:26.964+0000] {logging_mixin.py:151} INFO - [2023-10-14T08:40:26.963+0000] {dag.py:3722} INFO - Setting next_dagrun for example_short_circuit_operator to 2023-10-13T08:40:26.963737+00:00, run_after=2023-10-14T08:40:26.963737+00:00
[2023-10-14T08:40:26.973+0000] {processor.py:179} INFO - Processing /home/airflow/.local/lib/python3.8/site-packages/airflow/example_dags/example_short_circuit_operator.py took 0.046 seconds
[2023-10-14T08:40:57.181+0000] {processor.py:157} INFO - Started process (PID=344) to work on /home/airflow/.local/lib/python3.8/site-packages/airflow/example_dags/example_short_circuit_operator.py
[2023-10-14T08:40:57.182+0000] {processor.py:829} INFO - Processing file /home/airflow/.local/lib/python3.8/site-packages/airflow/example_dags/example_short_circuit_operator.py for tasks to queue
[2023-10-14T08:40:57.184+0000] {logging_mixin.py:151} INFO - [2023-10-14T08:40:57.184+0000] {dagbag.py:536} INFO - Filling up the DagBag from /home/airflow/.local/lib/python3.8/site-packages/airflow/example_dags/example_short_circuit_operator.py
[2023-10-14T08:40:57.188+0000] {processor.py:839} INFO - DAG(s) dict_keys(['example_short_circuit_operator']) retrieved from /home/airflow/.local/lib/python3.8/site-packages/airflow/example_dags/example_short_circuit_operator.py
[2023-10-14T08:40:57.203+0000] {logging_mixin.py:151} INFO - [2023-10-14T08:40:57.202+0000] {dag.py:2941} INFO - Sync 1 DAGs
[2023-10-14T08:40:57.213+0000] {logging_mixin.py:151} INFO - [2023-10-14T08:40:57.213+0000] {dag.py:3722} INFO - Setting next_dagrun for example_short_circuit_operator to 2023-10-13T08:40:57.213573+00:00, run_after=2023-10-14T08:40:57.213573+00:00
[2023-10-14T08:40:57.221+0000] {processor.py:179} INFO - Processing /home/airflow/.local/lib/python3.8/site-packages/airflow/example_dags/example_short_circuit_operator.py took 0.042 seconds
[2023-10-14T08:41:27.355+0000] {processor.py:157} INFO - Started process (PID=400) to work on /home/airflow/.local/lib/python3.8/site-packages/airflow/example_dags/example_short_circuit_operator.py
[2023-10-14T08:41:27.355+0000] {processor.py:829} INFO - Processing file /home/airflow/.local/lib/python3.8/site-packages/airflow/example_dags/example_short_circuit_operator.py for tasks to queue
[2023-10-14T08:41:27.357+0000] {logging_mixin.py:151} INFO - [2023-10-14T08:41:27.357+0000] {dagbag.py:536} INFO - Filling up the DagBag from /home/airflow/.local/lib/python3.8/site-packages/airflow/example_dags/example_short_circuit_operator.py
[2023-10-14T08:41:27.362+0000] {processor.py:839} INFO - DAG(s) dict_keys(['example_short_circuit_operator']) retrieved from /home/airflow/.local/lib/python3.8/site-packages/airflow/example_dags/example_short_circuit_operator.py
[2023-10-14T08:41:27.376+0000] {logging_mixin.py:151} INFO - [2023-10-14T08:41:27.376+0000] {dag.py:2941} INFO - Sync 1 DAGs
[2023-10-14T08:41:27.386+0000] {logging_mixin.py:151} INFO - [2023-10-14T08:41:27.386+0000] {dag.py:3722} INFO - Setting next_dagrun for example_short_circuit_operator to 2023-10-13T08:41:27.386691+00:00, run_after=2023-10-14T08:41:27.386691+00:00
[2023-10-14T08:41:27.394+0000] {processor.py:179} INFO - Processing /home/airflow/.local/lib/python3.8/site-packages/airflow/example_dags/example_short_circuit_operator.py took 0.042 seconds
[2023-10-14T08:41:57.565+0000] {processor.py:157} INFO - Started process (PID=456) to work on /home/airflow/.local/lib/python3.8/site-packages/airflow/example_dags/example_short_circuit_operator.py
[2023-10-14T08:41:57.566+0000] {processor.py:829} INFO - Processing file /home/airflow/.local/lib/python3.8/site-packages/airflow/example_dags/example_short_circuit_operator.py for tasks to queue
[2023-10-14T08:41:57.568+0000] {logging_mixin.py:151} INFO - [2023-10-14T08:41:57.567+0000] {dagbag.py:536} INFO - Filling up the DagBag from /home/airflow/.local/lib/python3.8/site-packages/airflow/example_dags/example_short_circuit_operator.py
[2023-10-14T08:41:57.573+0000] {processor.py:839} INFO - DAG(s) dict_keys(['example_short_circuit_operator']) retrieved from /home/airflow/.local/lib/python3.8/site-packages/airflow/example_dags/example_short_circuit_operator.py
[2023-10-14T08:41:57.587+0000] {logging_mixin.py:151} INFO - [2023-10-14T08:41:57.587+0000] {dag.py:2941} INFO - Sync 1 DAGs
[2023-10-14T08:41:57.598+0000] {logging_mixin.py:151} INFO - [2023-10-14T08:41:57.598+0000] {dag.py:3722} INFO - Setting next_dagrun for example_short_circuit_operator to 2023-10-13T08:41:57.598412+00:00, run_after=2023-10-14T08:41:57.598412+00:00
[2023-10-14T08:41:57.606+0000] {processor.py:179} INFO - Processing /home/airflow/.local/lib/python3.8/site-packages/airflow/example_dags/example_short_circuit_operator.py took 0.043 seconds
[2023-10-14T08:42:27.832+0000] {processor.py:157} INFO - Started process (PID=512) to work on /home/airflow/.local/lib/python3.8/site-packages/airflow/example_dags/example_short_circuit_operator.py
[2023-10-14T08:42:27.833+0000] {processor.py:829} INFO - Processing file /home/airflow/.local/lib/python3.8/site-packages/airflow/example_dags/example_short_circuit_operator.py for tasks to queue
[2023-10-14T08:42:27.835+0000] {logging_mixin.py:151} INFO - [2023-10-14T08:42:27.835+0000] {dagbag.py:536} INFO - Filling up the DagBag from /home/airflow/.local/lib/python3.8/site-packages/airflow/example_dags/example_short_circuit_operator.py
[2023-10-14T08:42:27.839+0000] {processor.py:839} INFO - DAG(s) dict_keys(['example_short_circuit_operator']) retrieved from /home/airflow/.local/lib/python3.8/site-packages/airflow/example_dags/example_short_circuit_operator.py
[2023-10-14T08:42:27.854+0000] {logging_mixin.py:151} INFO - [2023-10-14T08:42:27.853+0000] {dag.py:2941} INFO - Sync 1 DAGs
[2023-10-14T08:42:27.864+0000] {logging_mixin.py:151} INFO - [2023-10-14T08:42:27.864+0000] {dag.py:3722} INFO - Setting next_dagrun for example_short_circuit_operator to 2023-10-13T08:42:27.864595+00:00, run_after=2023-10-14T08:42:27.864595+00:00
[2023-10-14T08:42:27.872+0000] {processor.py:179} INFO - Processing /home/airflow/.local/lib/python3.8/site-packages/airflow/example_dags/example_short_circuit_operator.py took 0.042 seconds
[2023-10-14T08:42:58.203+0000] {processor.py:157} INFO - Started process (PID=568) to work on /home/airflow/.local/lib/python3.8/site-packages/airflow/example_dags/example_short_circuit_operator.py
[2023-10-14T08:42:58.203+0000] {processor.py:829} INFO - Processing file /home/airflow/.local/lib/python3.8/site-packages/airflow/example_dags/example_short_circuit_operator.py for tasks to queue
[2023-10-14T08:42:58.205+0000] {logging_mixin.py:151} INFO - [2023-10-14T08:42:58.205+0000] {dagbag.py:536} INFO - Filling up the DagBag from /home/airflow/.local/lib/python3.8/site-packages/airflow/example_dags/example_short_circuit_operator.py
[2023-10-14T08:42:58.210+0000] {processor.py:839} INFO - DAG(s) dict_keys(['example_short_circuit_operator']) retrieved from /home/airflow/.local/lib/python3.8/site-packages/airflow/example_dags/example_short_circuit_operator.py
[2023-10-14T08:42:58.226+0000] {logging_mixin.py:151} INFO - [2023-10-14T08:42:58.226+0000] {dag.py:2941} INFO - Sync 1 DAGs
[2023-10-14T08:42:58.238+0000] {logging_mixin.py:151} INFO - [2023-10-14T08:42:58.238+0000] {dag.py:3722} INFO - Setting next_dagrun for example_short_circuit_operator to 2023-10-13T08:42:58.238351+00:00, run_after=2023-10-14T08:42:58.238351+00:00
[2023-10-14T08:42:58.248+0000] {processor.py:179} INFO - Processing /home/airflow/.local/lib/python3.8/site-packages/airflow/example_dags/example_short_circuit_operator.py took 0.048 seconds
