[2023-10-14T08:38:24.958+0000] {processor.py:157} INFO - Started process (PID=44) to work on /home/airflow/.local/lib/python3.8/site-packages/airflow/example_dags/example_branch_day_of_week_operator.py
[2023-10-14T08:38:24.959+0000] {processor.py:829} INFO - Processing file /home/airflow/.local/lib/python3.8/site-packages/airflow/example_dags/example_branch_day_of_week_operator.py for tasks to queue
[2023-10-14T08:38:24.962+0000] {logging_mixin.py:151} INFO - [2023-10-14T08:38:24.961+0000] {dagbag.py:536} INFO - Filling up the DagBag from /home/airflow/.local/lib/python3.8/site-packages/airflow/example_dags/example_branch_day_of_week_operator.py
[2023-10-14T08:38:24.970+0000] {processor.py:839} INFO - DAG(s) dict_keys(['example_weekday_branch_operator']) retrieved from /home/airflow/.local/lib/python3.8/site-packages/airflow/example_dags/example_branch_day_of_week_operator.py
[2023-10-14T08:38:25.048+0000] {logging_mixin.py:151} INFO - [2023-10-14T08:38:25.048+0000] {manager.py:499} INFO - Created Permission View: %s
[2023-10-14T08:38:25.054+0000] {logging_mixin.py:151} INFO - [2023-10-14T08:38:25.054+0000] {manager.py:499} INFO - Created Permission View: %s
[2023-10-14T08:38:25.058+0000] {logging_mixin.py:151} INFO - [2023-10-14T08:38:25.058+0000] {manager.py:499} INFO - Created Permission View: %s
[2023-10-14T08:38:25.059+0000] {logging_mixin.py:151} INFO - [2023-10-14T08:38:25.059+0000] {dag.py:2941} INFO - Sync 1 DAGs
[2023-10-14T08:38:25.067+0000] {logging_mixin.py:151} INFO - [2023-10-14T08:38:25.067+0000] {dag.py:2963} INFO - Creating ORM DAG for example_weekday_branch_operator
[2023-10-14T08:38:25.075+0000] {logging_mixin.py:151} INFO - [2023-10-14T08:38:25.075+0000] {dag.py:3722} INFO - Setting next_dagrun for example_weekday_branch_operator to 2023-10-13T00:00:00+00:00, run_after=2023-10-14T00:00:00+00:00
[2023-10-14T08:38:25.089+0000] {processor.py:179} INFO - Processing /home/airflow/.local/lib/python3.8/site-packages/airflow/example_dags/example_branch_day_of_week_operator.py took 0.135 seconds
[2023-10-14T08:38:55.886+0000] {processor.py:157} INFO - Started process (PID=102) to work on /home/airflow/.local/lib/python3.8/site-packages/airflow/example_dags/example_branch_day_of_week_operator.py
[2023-10-14T08:38:55.887+0000] {processor.py:829} INFO - Processing file /home/airflow/.local/lib/python3.8/site-packages/airflow/example_dags/example_branch_day_of_week_operator.py for tasks to queue
[2023-10-14T08:38:55.889+0000] {logging_mixin.py:151} INFO - [2023-10-14T08:38:55.889+0000] {dagbag.py:536} INFO - Filling up the DagBag from /home/airflow/.local/lib/python3.8/site-packages/airflow/example_dags/example_branch_day_of_week_operator.py
[2023-10-14T08:38:55.894+0000] {processor.py:839} INFO - DAG(s) dict_keys(['example_weekday_branch_operator']) retrieved from /home/airflow/.local/lib/python3.8/site-packages/airflow/example_dags/example_branch_day_of_week_operator.py
[2023-10-14T08:38:55.908+0000] {logging_mixin.py:151} INFO - [2023-10-14T08:38:55.907+0000] {dag.py:2941} INFO - Sync 1 DAGs
[2023-10-14T08:38:55.921+0000] {logging_mixin.py:151} INFO - [2023-10-14T08:38:55.921+0000] {dag.py:3722} INFO - Setting next_dagrun for example_weekday_branch_operator to 2023-10-13T00:00:00+00:00, run_after=2023-10-14T00:00:00+00:00
[2023-10-14T08:38:55.931+0000] {processor.py:179} INFO - Processing /home/airflow/.local/lib/python3.8/site-packages/airflow/example_dags/example_branch_day_of_week_operator.py took 0.048 seconds
[2023-10-14T08:39:26.298+0000] {processor.py:157} INFO - Started process (PID=158) to work on /home/airflow/.local/lib/python3.8/site-packages/airflow/example_dags/example_branch_day_of_week_operator.py
[2023-10-14T08:39:26.298+0000] {processor.py:829} INFO - Processing file /home/airflow/.local/lib/python3.8/site-packages/airflow/example_dags/example_branch_day_of_week_operator.py for tasks to queue
[2023-10-14T08:39:26.300+0000] {logging_mixin.py:151} INFO - [2023-10-14T08:39:26.300+0000] {dagbag.py:536} INFO - Filling up the DagBag from /home/airflow/.local/lib/python3.8/site-packages/airflow/example_dags/example_branch_day_of_week_operator.py
[2023-10-14T08:39:26.305+0000] {processor.py:839} INFO - DAG(s) dict_keys(['example_weekday_branch_operator']) retrieved from /home/airflow/.local/lib/python3.8/site-packages/airflow/example_dags/example_branch_day_of_week_operator.py
[2023-10-14T08:39:26.319+0000] {logging_mixin.py:151} INFO - [2023-10-14T08:39:26.319+0000] {dag.py:2941} INFO - Sync 1 DAGs
[2023-10-14T08:39:26.331+0000] {logging_mixin.py:151} INFO - [2023-10-14T08:39:26.331+0000] {dag.py:3722} INFO - Setting next_dagrun for example_weekday_branch_operator to 2023-10-13T00:00:00+00:00, run_after=2023-10-14T00:00:00+00:00
[2023-10-14T08:39:26.341+0000] {processor.py:179} INFO - Processing /home/airflow/.local/lib/python3.8/site-packages/airflow/example_dags/example_branch_day_of_week_operator.py took 0.045 seconds
[2023-10-14T08:39:56.423+0000] {processor.py:157} INFO - Started process (PID=214) to work on /home/airflow/.local/lib/python3.8/site-packages/airflow/example_dags/example_branch_day_of_week_operator.py
[2023-10-14T08:39:56.423+0000] {processor.py:829} INFO - Processing file /home/airflow/.local/lib/python3.8/site-packages/airflow/example_dags/example_branch_day_of_week_operator.py for tasks to queue
[2023-10-14T08:39:56.425+0000] {logging_mixin.py:151} INFO - [2023-10-14T08:39:56.425+0000] {dagbag.py:536} INFO - Filling up the DagBag from /home/airflow/.local/lib/python3.8/site-packages/airflow/example_dags/example_branch_day_of_week_operator.py
[2023-10-14T08:39:56.431+0000] {processor.py:839} INFO - DAG(s) dict_keys(['example_weekday_branch_operator']) retrieved from /home/airflow/.local/lib/python3.8/site-packages/airflow/example_dags/example_branch_day_of_week_operator.py
[2023-10-14T08:39:56.445+0000] {logging_mixin.py:151} INFO - [2023-10-14T08:39:56.444+0000] {dag.py:2941} INFO - Sync 1 DAGs
[2023-10-14T08:39:56.457+0000] {logging_mixin.py:151} INFO - [2023-10-14T08:39:56.457+0000] {dag.py:3722} INFO - Setting next_dagrun for example_weekday_branch_operator to 2023-10-13T00:00:00+00:00, run_after=2023-10-14T00:00:00+00:00
[2023-10-14T08:39:56.465+0000] {processor.py:179} INFO - Processing /home/airflow/.local/lib/python3.8/site-packages/airflow/example_dags/example_branch_day_of_week_operator.py took 0.045 seconds
[2023-10-14T08:40:26.623+0000] {processor.py:157} INFO - Started process (PID=279) to work on /home/airflow/.local/lib/python3.8/site-packages/airflow/example_dags/example_branch_day_of_week_operator.py
[2023-10-14T08:40:26.623+0000] {processor.py:829} INFO - Processing file /home/airflow/.local/lib/python3.8/site-packages/airflow/example_dags/example_branch_day_of_week_operator.py for tasks to queue
[2023-10-14T08:40:26.625+0000] {logging_mixin.py:151} INFO - [2023-10-14T08:40:26.625+0000] {dagbag.py:536} INFO - Filling up the DagBag from /home/airflow/.local/lib/python3.8/site-packages/airflow/example_dags/example_branch_day_of_week_operator.py
[2023-10-14T08:40:26.630+0000] {processor.py:839} INFO - DAG(s) dict_keys(['example_weekday_branch_operator']) retrieved from /home/airflow/.local/lib/python3.8/site-packages/airflow/example_dags/example_branch_day_of_week_operator.py
[2023-10-14T08:40:26.645+0000] {logging_mixin.py:151} INFO - [2023-10-14T08:40:26.644+0000] {dag.py:2941} INFO - Sync 1 DAGs
[2023-10-14T08:40:26.657+0000] {logging_mixin.py:151} INFO - [2023-10-14T08:40:26.656+0000] {dag.py:3722} INFO - Setting next_dagrun for example_weekday_branch_operator to 2023-10-13T00:00:00+00:00, run_after=2023-10-14T00:00:00+00:00
[2023-10-14T08:40:26.666+0000] {processor.py:179} INFO - Processing /home/airflow/.local/lib/python3.8/site-packages/airflow/example_dags/example_branch_day_of_week_operator.py took 0.046 seconds
[2023-10-14T08:40:56.833+0000] {processor.py:157} INFO - Started process (PID=334) to work on /home/airflow/.local/lib/python3.8/site-packages/airflow/example_dags/example_branch_day_of_week_operator.py
[2023-10-14T08:40:56.834+0000] {processor.py:829} INFO - Processing file /home/airflow/.local/lib/python3.8/site-packages/airflow/example_dags/example_branch_day_of_week_operator.py for tasks to queue
[2023-10-14T08:40:56.836+0000] {logging_mixin.py:151} INFO - [2023-10-14T08:40:56.836+0000] {dagbag.py:536} INFO - Filling up the DagBag from /home/airflow/.local/lib/python3.8/site-packages/airflow/example_dags/example_branch_day_of_week_operator.py
[2023-10-14T08:40:56.841+0000] {processor.py:839} INFO - DAG(s) dict_keys(['example_weekday_branch_operator']) retrieved from /home/airflow/.local/lib/python3.8/site-packages/airflow/example_dags/example_branch_day_of_week_operator.py
[2023-10-14T08:40:56.855+0000] {logging_mixin.py:151} INFO - [2023-10-14T08:40:56.855+0000] {dag.py:2941} INFO - Sync 1 DAGs
[2023-10-14T08:40:56.867+0000] {logging_mixin.py:151} INFO - [2023-10-14T08:40:56.867+0000] {dag.py:3722} INFO - Setting next_dagrun for example_weekday_branch_operator to 2023-10-13T00:00:00+00:00, run_after=2023-10-14T00:00:00+00:00
[2023-10-14T08:40:56.875+0000] {processor.py:179} INFO - Processing /home/airflow/.local/lib/python3.8/site-packages/airflow/example_dags/example_branch_day_of_week_operator.py took 0.044 seconds
[2023-10-14T08:41:26.967+0000] {processor.py:157} INFO - Started process (PID=390) to work on /home/airflow/.local/lib/python3.8/site-packages/airflow/example_dags/example_branch_day_of_week_operator.py
[2023-10-14T08:41:26.967+0000] {processor.py:829} INFO - Processing file /home/airflow/.local/lib/python3.8/site-packages/airflow/example_dags/example_branch_day_of_week_operator.py for tasks to queue
[2023-10-14T08:41:26.969+0000] {logging_mixin.py:151} INFO - [2023-10-14T08:41:26.969+0000] {dagbag.py:536} INFO - Filling up the DagBag from /home/airflow/.local/lib/python3.8/site-packages/airflow/example_dags/example_branch_day_of_week_operator.py
[2023-10-14T08:41:26.974+0000] {processor.py:839} INFO - DAG(s) dict_keys(['example_weekday_branch_operator']) retrieved from /home/airflow/.local/lib/python3.8/site-packages/airflow/example_dags/example_branch_day_of_week_operator.py
[2023-10-14T08:41:26.988+0000] {logging_mixin.py:151} INFO - [2023-10-14T08:41:26.987+0000] {dag.py:2941} INFO - Sync 1 DAGs
[2023-10-14T08:41:26.999+0000] {logging_mixin.py:151} INFO - [2023-10-14T08:41:26.999+0000] {dag.py:3722} INFO - Setting next_dagrun for example_weekday_branch_operator to 2023-10-13T00:00:00+00:00, run_after=2023-10-14T00:00:00+00:00
[2023-10-14T08:41:27.008+0000] {processor.py:179} INFO - Processing /home/airflow/.local/lib/python3.8/site-packages/airflow/example_dags/example_branch_day_of_week_operator.py took 0.043 seconds
[2023-10-14T08:41:57.167+0000] {processor.py:157} INFO - Started process (PID=446) to work on /home/airflow/.local/lib/python3.8/site-packages/airflow/example_dags/example_branch_day_of_week_operator.py
[2023-10-14T08:41:57.168+0000] {processor.py:829} INFO - Processing file /home/airflow/.local/lib/python3.8/site-packages/airflow/example_dags/example_branch_day_of_week_operator.py for tasks to queue
[2023-10-14T08:41:57.169+0000] {logging_mixin.py:151} INFO - [2023-10-14T08:41:57.169+0000] {dagbag.py:536} INFO - Filling up the DagBag from /home/airflow/.local/lib/python3.8/site-packages/airflow/example_dags/example_branch_day_of_week_operator.py
[2023-10-14T08:41:57.174+0000] {processor.py:839} INFO - DAG(s) dict_keys(['example_weekday_branch_operator']) retrieved from /home/airflow/.local/lib/python3.8/site-packages/airflow/example_dags/example_branch_day_of_week_operator.py
[2023-10-14T08:41:57.188+0000] {logging_mixin.py:151} INFO - [2023-10-14T08:41:57.188+0000] {dag.py:2941} INFO - Sync 1 DAGs
[2023-10-14T08:41:57.200+0000] {logging_mixin.py:151} INFO - [2023-10-14T08:41:57.200+0000] {dag.py:3722} INFO - Setting next_dagrun for example_weekday_branch_operator to 2023-10-13T00:00:00+00:00, run_after=2023-10-14T00:00:00+00:00
[2023-10-14T08:41:57.208+0000] {processor.py:179} INFO - Processing /home/airflow/.local/lib/python3.8/site-packages/airflow/example_dags/example_branch_day_of_week_operator.py took 0.044 seconds
[2023-10-14T08:42:27.481+0000] {processor.py:157} INFO - Started process (PID=502) to work on /home/airflow/.local/lib/python3.8/site-packages/airflow/example_dags/example_branch_day_of_week_operator.py
[2023-10-14T08:42:27.482+0000] {processor.py:829} INFO - Processing file /home/airflow/.local/lib/python3.8/site-packages/airflow/example_dags/example_branch_day_of_week_operator.py for tasks to queue
[2023-10-14T08:42:27.483+0000] {logging_mixin.py:151} INFO - [2023-10-14T08:42:27.483+0000] {dagbag.py:536} INFO - Filling up the DagBag from /home/airflow/.local/lib/python3.8/site-packages/airflow/example_dags/example_branch_day_of_week_operator.py
[2023-10-14T08:42:27.488+0000] {processor.py:839} INFO - DAG(s) dict_keys(['example_weekday_branch_operator']) retrieved from /home/airflow/.local/lib/python3.8/site-packages/airflow/example_dags/example_branch_day_of_week_operator.py
[2023-10-14T08:42:27.503+0000] {logging_mixin.py:151} INFO - [2023-10-14T08:42:27.503+0000] {dag.py:2941} INFO - Sync 1 DAGs
[2023-10-14T08:42:27.515+0000] {logging_mixin.py:151} INFO - [2023-10-14T08:42:27.515+0000] {dag.py:3722} INFO - Setting next_dagrun for example_weekday_branch_operator to 2023-10-13T00:00:00+00:00, run_after=2023-10-14T00:00:00+00:00
[2023-10-14T08:42:27.523+0000] {processor.py:179} INFO - Processing /home/airflow/.local/lib/python3.8/site-packages/airflow/example_dags/example_branch_day_of_week_operator.py took 0.045 seconds
[2023-10-14T08:42:57.762+0000] {processor.py:157} INFO - Started process (PID=558) to work on /home/airflow/.local/lib/python3.8/site-packages/airflow/example_dags/example_branch_day_of_week_operator.py
[2023-10-14T08:42:57.763+0000] {processor.py:829} INFO - Processing file /home/airflow/.local/lib/python3.8/site-packages/airflow/example_dags/example_branch_day_of_week_operator.py for tasks to queue
[2023-10-14T08:42:57.765+0000] {logging_mixin.py:151} INFO - [2023-10-14T08:42:57.765+0000] {dagbag.py:536} INFO - Filling up the DagBag from /home/airflow/.local/lib/python3.8/site-packages/airflow/example_dags/example_branch_day_of_week_operator.py
[2023-10-14T08:42:57.770+0000] {processor.py:839} INFO - DAG(s) dict_keys(['example_weekday_branch_operator']) retrieved from /home/airflow/.local/lib/python3.8/site-packages/airflow/example_dags/example_branch_day_of_week_operator.py
[2023-10-14T08:42:57.786+0000] {logging_mixin.py:151} INFO - [2023-10-14T08:42:57.785+0000] {dag.py:2941} INFO - Sync 1 DAGs
[2023-10-14T08:42:57.798+0000] {logging_mixin.py:151} INFO - [2023-10-14T08:42:57.798+0000] {dag.py:3722} INFO - Setting next_dagrun for example_weekday_branch_operator to 2023-10-13T00:00:00+00:00, run_after=2023-10-14T00:00:00+00:00
[2023-10-14T08:42:57.808+0000] {processor.py:179} INFO - Processing /home/airflow/.local/lib/python3.8/site-packages/airflow/example_dags/example_branch_day_of_week_operator.py took 0.048 seconds
