[2023-10-14T08:38:25.616+0000] {processor.py:157} INFO - Started process (PID=50) to work on /home/airflow/.local/lib/python3.8/site-packages/airflow/example_dags/example_time_delta_sensor_async.py
[2023-10-14T08:38:25.617+0000] {processor.py:829} INFO - Processing file /home/airflow/.local/lib/python3.8/site-packages/airflow/example_dags/example_time_delta_sensor_async.py for tasks to queue
[2023-10-14T08:38:25.619+0000] {logging_mixin.py:151} INFO - [2023-10-14T08:38:25.619+0000] {dagbag.py:536} INFO - Filling up the DagBag from /home/airflow/.local/lib/python3.8/site-packages/airflow/example_dags/example_time_delta_sensor_async.py
[2023-10-14T08:38:25.625+0000] {processor.py:839} INFO - DAG(s) dict_keys(['example_time_delta_sensor_async']) retrieved from /home/airflow/.local/lib/python3.8/site-packages/airflow/example_dags/example_time_delta_sensor_async.py
[2023-10-14T08:38:25.713+0000] {logging_mixin.py:151} INFO - [2023-10-14T08:38:25.713+0000] {manager.py:499} INFO - Created Permission View: %s
[2023-10-14T08:38:25.719+0000] {logging_mixin.py:151} INFO - [2023-10-14T08:38:25.719+0000] {manager.py:499} INFO - Created Permission View: %s
[2023-10-14T08:38:25.724+0000] {logging_mixin.py:151} INFO - [2023-10-14T08:38:25.724+0000] {manager.py:499} INFO - Created Permission View: %s
[2023-10-14T08:38:25.724+0000] {logging_mixin.py:151} INFO - [2023-10-14T08:38:25.724+0000] {dag.py:2941} INFO - Sync 1 DAGs
[2023-10-14T08:38:25.734+0000] {logging_mixin.py:151} INFO - [2023-10-14T08:38:25.734+0000] {dag.py:2963} INFO - Creating ORM DAG for example_time_delta_sensor_async
[2023-10-14T08:38:25.735+0000] {logging_mixin.py:151} INFO - [2023-10-14T08:38:25.735+0000] {dag.py:3722} INFO - Setting next_dagrun for example_time_delta_sensor_async to None, run_after=None
[2023-10-14T08:38:25.746+0000] {processor.py:179} INFO - Processing /home/airflow/.local/lib/python3.8/site-packages/airflow/example_dags/example_time_delta_sensor_async.py took 0.134 seconds
[2023-10-14T08:38:56.123+0000] {processor.py:157} INFO - Started process (PID=108) to work on /home/airflow/.local/lib/python3.8/site-packages/airflow/example_dags/example_time_delta_sensor_async.py
[2023-10-14T08:38:56.124+0000] {processor.py:829} INFO - Processing file /home/airflow/.local/lib/python3.8/site-packages/airflow/example_dags/example_time_delta_sensor_async.py for tasks to queue
[2023-10-14T08:38:56.126+0000] {logging_mixin.py:151} INFO - [2023-10-14T08:38:56.125+0000] {dagbag.py:536} INFO - Filling up the DagBag from /home/airflow/.local/lib/python3.8/site-packages/airflow/example_dags/example_time_delta_sensor_async.py
[2023-10-14T08:38:56.129+0000] {processor.py:839} INFO - DAG(s) dict_keys(['example_time_delta_sensor_async']) retrieved from /home/airflow/.local/lib/python3.8/site-packages/airflow/example_dags/example_time_delta_sensor_async.py
[2023-10-14T08:38:56.143+0000] {logging_mixin.py:151} INFO - [2023-10-14T08:38:56.143+0000] {dag.py:2941} INFO - Sync 1 DAGs
[2023-10-14T08:38:56.151+0000] {logging_mixin.py:151} INFO - [2023-10-14T08:38:56.151+0000] {dag.py:3722} INFO - Setting next_dagrun for example_time_delta_sensor_async to None, run_after=None
[2023-10-14T08:38:56.160+0000] {processor.py:179} INFO - Processing /home/airflow/.local/lib/python3.8/site-packages/airflow/example_dags/example_time_delta_sensor_async.py took 0.040 seconds
[2023-10-14T08:39:26.532+0000] {processor.py:157} INFO - Started process (PID=164) to work on /home/airflow/.local/lib/python3.8/site-packages/airflow/example_dags/example_time_delta_sensor_async.py
[2023-10-14T08:39:26.532+0000] {processor.py:829} INFO - Processing file /home/airflow/.local/lib/python3.8/site-packages/airflow/example_dags/example_time_delta_sensor_async.py for tasks to queue
[2023-10-14T08:39:26.534+0000] {logging_mixin.py:151} INFO - [2023-10-14T08:39:26.534+0000] {dagbag.py:536} INFO - Filling up the DagBag from /home/airflow/.local/lib/python3.8/site-packages/airflow/example_dags/example_time_delta_sensor_async.py
[2023-10-14T08:39:26.537+0000] {processor.py:839} INFO - DAG(s) dict_keys(['example_time_delta_sensor_async']) retrieved from /home/airflow/.local/lib/python3.8/site-packages/airflow/example_dags/example_time_delta_sensor_async.py
[2023-10-14T08:39:26.552+0000] {logging_mixin.py:151} INFO - [2023-10-14T08:39:26.551+0000] {dag.py:2941} INFO - Sync 1 DAGs
[2023-10-14T08:39:26.559+0000] {logging_mixin.py:151} INFO - [2023-10-14T08:39:26.559+0000] {dag.py:3722} INFO - Setting next_dagrun for example_time_delta_sensor_async to None, run_after=None
[2023-10-14T08:39:26.568+0000] {processor.py:179} INFO - Processing /home/airflow/.local/lib/python3.8/site-packages/airflow/example_dags/example_time_delta_sensor_async.py took 0.038 seconds
[2023-10-14T08:39:56.662+0000] {processor.py:157} INFO - Started process (PID=220) to work on /home/airflow/.local/lib/python3.8/site-packages/airflow/example_dags/example_time_delta_sensor_async.py
[2023-10-14T08:39:56.663+0000] {processor.py:829} INFO - Processing file /home/airflow/.local/lib/python3.8/site-packages/airflow/example_dags/example_time_delta_sensor_async.py for tasks to queue
[2023-10-14T08:39:56.665+0000] {logging_mixin.py:151} INFO - [2023-10-14T08:39:56.665+0000] {dagbag.py:536} INFO - Filling up the DagBag from /home/airflow/.local/lib/python3.8/site-packages/airflow/example_dags/example_time_delta_sensor_async.py
[2023-10-14T08:39:56.668+0000] {processor.py:839} INFO - DAG(s) dict_keys(['example_time_delta_sensor_async']) retrieved from /home/airflow/.local/lib/python3.8/site-packages/airflow/example_dags/example_time_delta_sensor_async.py
[2023-10-14T08:39:56.682+0000] {logging_mixin.py:151} INFO - [2023-10-14T08:39:56.682+0000] {dag.py:2941} INFO - Sync 1 DAGs
[2023-10-14T08:39:56.689+0000] {logging_mixin.py:151} INFO - [2023-10-14T08:39:56.689+0000] {dag.py:3722} INFO - Setting next_dagrun for example_time_delta_sensor_async to None, run_after=None
[2023-10-14T08:39:56.698+0000] {processor.py:179} INFO - Processing /home/airflow/.local/lib/python3.8/site-packages/airflow/example_dags/example_time_delta_sensor_async.py took 0.039 seconds
[2023-10-14T08:40:26.811+0000] {processor.py:157} INFO - Started process (PID=284) to work on /home/airflow/.local/lib/python3.8/site-packages/airflow/example_dags/example_time_delta_sensor_async.py
[2023-10-14T08:40:26.811+0000] {processor.py:829} INFO - Processing file /home/airflow/.local/lib/python3.8/site-packages/airflow/example_dags/example_time_delta_sensor_async.py for tasks to queue
[2023-10-14T08:40:26.813+0000] {logging_mixin.py:151} INFO - [2023-10-14T08:40:26.813+0000] {dagbag.py:536} INFO - Filling up the DagBag from /home/airflow/.local/lib/python3.8/site-packages/airflow/example_dags/example_time_delta_sensor_async.py
[2023-10-14T08:40:26.816+0000] {processor.py:839} INFO - DAG(s) dict_keys(['example_time_delta_sensor_async']) retrieved from /home/airflow/.local/lib/python3.8/site-packages/airflow/example_dags/example_time_delta_sensor_async.py
[2023-10-14T08:40:26.829+0000] {logging_mixin.py:151} INFO - [2023-10-14T08:40:26.828+0000] {dag.py:2941} INFO - Sync 1 DAGs
[2023-10-14T08:40:26.836+0000] {logging_mixin.py:151} INFO - [2023-10-14T08:40:26.836+0000] {dag.py:3722} INFO - Setting next_dagrun for example_time_delta_sensor_async to None, run_after=None
[2023-10-14T08:40:26.846+0000] {processor.py:179} INFO - Processing /home/airflow/.local/lib/python3.8/site-packages/airflow/example_dags/example_time_delta_sensor_async.py took 0.037 seconds
[2023-10-14T08:40:57.065+0000] {processor.py:157} INFO - Started process (PID=340) to work on /home/airflow/.local/lib/python3.8/site-packages/airflow/example_dags/example_time_delta_sensor_async.py
[2023-10-14T08:40:57.066+0000] {processor.py:829} INFO - Processing file /home/airflow/.local/lib/python3.8/site-packages/airflow/example_dags/example_time_delta_sensor_async.py for tasks to queue
[2023-10-14T08:40:57.068+0000] {logging_mixin.py:151} INFO - [2023-10-14T08:40:57.068+0000] {dagbag.py:536} INFO - Filling up the DagBag from /home/airflow/.local/lib/python3.8/site-packages/airflow/example_dags/example_time_delta_sensor_async.py
[2023-10-14T08:40:57.071+0000] {processor.py:839} INFO - DAG(s) dict_keys(['example_time_delta_sensor_async']) retrieved from /home/airflow/.local/lib/python3.8/site-packages/airflow/example_dags/example_time_delta_sensor_async.py
[2023-10-14T08:40:57.086+0000] {logging_mixin.py:151} INFO - [2023-10-14T08:40:57.085+0000] {dag.py:2941} INFO - Sync 1 DAGs
[2023-10-14T08:40:57.093+0000] {logging_mixin.py:151} INFO - [2023-10-14T08:40:57.093+0000] {dag.py:3722} INFO - Setting next_dagrun for example_time_delta_sensor_async to None, run_after=None
[2023-10-14T08:40:57.103+0000] {processor.py:179} INFO - Processing /home/airflow/.local/lib/python3.8/site-packages/airflow/example_dags/example_time_delta_sensor_async.py took 0.039 seconds
[2023-10-14T08:41:27.245+0000] {processor.py:157} INFO - Started process (PID=396) to work on /home/airflow/.local/lib/python3.8/site-packages/airflow/example_dags/example_time_delta_sensor_async.py
[2023-10-14T08:41:27.246+0000] {processor.py:829} INFO - Processing file /home/airflow/.local/lib/python3.8/site-packages/airflow/example_dags/example_time_delta_sensor_async.py for tasks to queue
[2023-10-14T08:41:27.248+0000] {logging_mixin.py:151} INFO - [2023-10-14T08:41:27.248+0000] {dagbag.py:536} INFO - Filling up the DagBag from /home/airflow/.local/lib/python3.8/site-packages/airflow/example_dags/example_time_delta_sensor_async.py
[2023-10-14T08:41:27.251+0000] {processor.py:839} INFO - DAG(s) dict_keys(['example_time_delta_sensor_async']) retrieved from /home/airflow/.local/lib/python3.8/site-packages/airflow/example_dags/example_time_delta_sensor_async.py
[2023-10-14T08:41:27.264+0000] {logging_mixin.py:151} INFO - [2023-10-14T08:41:27.264+0000] {dag.py:2941} INFO - Sync 1 DAGs
[2023-10-14T08:41:27.271+0000] {logging_mixin.py:151} INFO - [2023-10-14T08:41:27.271+0000] {dag.py:3722} INFO - Setting next_dagrun for example_time_delta_sensor_async to None, run_after=None
[2023-10-14T08:41:27.280+0000] {processor.py:179} INFO - Processing /home/airflow/.local/lib/python3.8/site-packages/airflow/example_dags/example_time_delta_sensor_async.py took 0.037 seconds
[2023-10-14T08:41:57.454+0000] {processor.py:157} INFO - Started process (PID=452) to work on /home/airflow/.local/lib/python3.8/site-packages/airflow/example_dags/example_time_delta_sensor_async.py
[2023-10-14T08:41:57.455+0000] {processor.py:829} INFO - Processing file /home/airflow/.local/lib/python3.8/site-packages/airflow/example_dags/example_time_delta_sensor_async.py for tasks to queue
[2023-10-14T08:41:57.457+0000] {logging_mixin.py:151} INFO - [2023-10-14T08:41:57.457+0000] {dagbag.py:536} INFO - Filling up the DagBag from /home/airflow/.local/lib/python3.8/site-packages/airflow/example_dags/example_time_delta_sensor_async.py
[2023-10-14T08:41:57.460+0000] {processor.py:839} INFO - DAG(s) dict_keys(['example_time_delta_sensor_async']) retrieved from /home/airflow/.local/lib/python3.8/site-packages/airflow/example_dags/example_time_delta_sensor_async.py
[2023-10-14T08:41:57.474+0000] {logging_mixin.py:151} INFO - [2023-10-14T08:41:57.474+0000] {dag.py:2941} INFO - Sync 1 DAGs
[2023-10-14T08:41:57.481+0000] {logging_mixin.py:151} INFO - [2023-10-14T08:41:57.481+0000] {dag.py:3722} INFO - Setting next_dagrun for example_time_delta_sensor_async to None, run_after=None
[2023-10-14T08:41:57.491+0000] {processor.py:179} INFO - Processing /home/airflow/.local/lib/python3.8/site-packages/airflow/example_dags/example_time_delta_sensor_async.py took 0.039 seconds
[2023-10-14T08:42:27.720+0000] {processor.py:157} INFO - Started process (PID=508) to work on /home/airflow/.local/lib/python3.8/site-packages/airflow/example_dags/example_time_delta_sensor_async.py
[2023-10-14T08:42:27.721+0000] {processor.py:829} INFO - Processing file /home/airflow/.local/lib/python3.8/site-packages/airflow/example_dags/example_time_delta_sensor_async.py for tasks to queue
[2023-10-14T08:42:27.722+0000] {logging_mixin.py:151} INFO - [2023-10-14T08:42:27.722+0000] {dagbag.py:536} INFO - Filling up the DagBag from /home/airflow/.local/lib/python3.8/site-packages/airflow/example_dags/example_time_delta_sensor_async.py
[2023-10-14T08:42:27.726+0000] {processor.py:839} INFO - DAG(s) dict_keys(['example_time_delta_sensor_async']) retrieved from /home/airflow/.local/lib/python3.8/site-packages/airflow/example_dags/example_time_delta_sensor_async.py
[2023-10-14T08:42:27.739+0000] {logging_mixin.py:151} INFO - [2023-10-14T08:42:27.739+0000] {dag.py:2941} INFO - Sync 1 DAGs
[2023-10-14T08:42:27.746+0000] {logging_mixin.py:151} INFO - [2023-10-14T08:42:27.746+0000] {dag.py:3722} INFO - Setting next_dagrun for example_time_delta_sensor_async to None, run_after=None
[2023-10-14T08:42:27.756+0000] {processor.py:179} INFO - Processing /home/airflow/.local/lib/python3.8/site-packages/airflow/example_dags/example_time_delta_sensor_async.py took 0.038 seconds
[2023-10-14T08:42:58.028+0000] {processor.py:157} INFO - Started process (PID=564) to work on /home/airflow/.local/lib/python3.8/site-packages/airflow/example_dags/example_time_delta_sensor_async.py
[2023-10-14T08:42:58.029+0000] {processor.py:829} INFO - Processing file /home/airflow/.local/lib/python3.8/site-packages/airflow/example_dags/example_time_delta_sensor_async.py for tasks to queue
[2023-10-14T08:42:58.030+0000] {logging_mixin.py:151} INFO - [2023-10-14T08:42:58.030+0000] {dagbag.py:536} INFO - Filling up the DagBag from /home/airflow/.local/lib/python3.8/site-packages/airflow/example_dags/example_time_delta_sensor_async.py
[2023-10-14T08:42:58.034+0000] {processor.py:839} INFO - DAG(s) dict_keys(['example_time_delta_sensor_async']) retrieved from /home/airflow/.local/lib/python3.8/site-packages/airflow/example_dags/example_time_delta_sensor_async.py
[2023-10-14T08:42:58.048+0000] {logging_mixin.py:151} INFO - [2023-10-14T08:42:58.047+0000] {dag.py:2941} INFO - Sync 1 DAGs
[2023-10-14T08:42:58.055+0000] {logging_mixin.py:151} INFO - [2023-10-14T08:42:58.055+0000] {dag.py:3722} INFO - Setting next_dagrun for example_time_delta_sensor_async to None, run_after=None
[2023-10-14T08:42:58.064+0000] {processor.py:179} INFO - Processing /home/airflow/.local/lib/python3.8/site-packages/airflow/example_dags/example_time_delta_sensor_async.py took 0.039 seconds
