[2023-10-14T08:38:25.621+0000] {processor.py:157} INFO - Started process (PID=51) to work on /home/airflow/.local/lib/python3.8/site-packages/airflow/example_dags/example_xcom.py
[2023-10-14T08:38:25.622+0000] {processor.py:829} INFO - Processing file /home/airflow/.local/lib/python3.8/site-packages/airflow/example_dags/example_xcom.py for tasks to queue
[2023-10-14T08:38:25.624+0000] {logging_mixin.py:151} INFO - [2023-10-14T08:38:25.624+0000] {dagbag.py:536} INFO - Filling up the DagBag from /home/airflow/.local/lib/python3.8/site-packages/airflow/example_dags/example_xcom.py
[2023-10-14T08:38:25.634+0000] {processor.py:839} INFO - DAG(s) dict_keys(['example_xcom']) retrieved from /home/airflow/.local/lib/python3.8/site-packages/airflow/example_dags/example_xcom.py
[2023-10-14T08:38:25.725+0000] {logging_mixin.py:151} INFO - [2023-10-14T08:38:25.724+0000] {manager.py:499} INFO - Created Permission View: %s
[2023-10-14T08:38:25.733+0000] {logging_mixin.py:151} INFO - [2023-10-14T08:38:25.732+0000] {manager.py:499} INFO - Created Permission View: %s
[2023-10-14T08:38:25.737+0000] {logging_mixin.py:151} INFO - [2023-10-14T08:38:25.737+0000] {manager.py:499} INFO - Created Permission View: %s
[2023-10-14T08:38:25.738+0000] {logging_mixin.py:151} INFO - [2023-10-14T08:38:25.737+0000] {dag.py:2941} INFO - Sync 1 DAGs
[2023-10-14T08:38:25.744+0000] {logging_mixin.py:151} INFO - [2023-10-14T08:38:25.744+0000] {dag.py:2963} INFO - Creating ORM DAG for example_xcom
[2023-10-14T08:38:25.751+0000] {logging_mixin.py:151} INFO - [2023-10-14T08:38:25.750+0000] {dag.py:3722} INFO - Setting next_dagrun for example_xcom to 2021-01-01T00:00:00+00:00, run_after=2021-01-01T00:00:00+00:00
[2023-10-14T08:38:25.761+0000] {processor.py:179} INFO - Processing /home/airflow/.local/lib/python3.8/site-packages/airflow/example_dags/example_xcom.py took 0.143 seconds
[2023-10-14T08:38:56.127+0000] {processor.py:157} INFO - Started process (PID=109) to work on /home/airflow/.local/lib/python3.8/site-packages/airflow/example_dags/example_xcom.py
[2023-10-14T08:38:56.128+0000] {processor.py:829} INFO - Processing file /home/airflow/.local/lib/python3.8/site-packages/airflow/example_dags/example_xcom.py for tasks to queue
[2023-10-14T08:38:56.129+0000] {logging_mixin.py:151} INFO - [2023-10-14T08:38:56.129+0000] {dagbag.py:536} INFO - Filling up the DagBag from /home/airflow/.local/lib/python3.8/site-packages/airflow/example_dags/example_xcom.py
[2023-10-14T08:38:56.134+0000] {processor.py:839} INFO - DAG(s) dict_keys(['example_xcom']) retrieved from /home/airflow/.local/lib/python3.8/site-packages/airflow/example_dags/example_xcom.py
[2023-10-14T08:38:56.148+0000] {logging_mixin.py:151} INFO - [2023-10-14T08:38:56.148+0000] {dag.py:2941} INFO - Sync 1 DAGs
[2023-10-14T08:38:56.159+0000] {logging_mixin.py:151} INFO - [2023-10-14T08:38:56.159+0000] {dag.py:3722} INFO - Setting next_dagrun for example_xcom to 2021-01-01T00:00:00+00:00, run_after=2021-01-01T00:00:00+00:00
[2023-10-14T08:38:56.167+0000] {processor.py:179} INFO - Processing /home/airflow/.local/lib/python3.8/site-packages/airflow/example_dags/example_xcom.py took 0.042 seconds
[2023-10-14T08:39:26.536+0000] {processor.py:157} INFO - Started process (PID=165) to work on /home/airflow/.local/lib/python3.8/site-packages/airflow/example_dags/example_xcom.py
[2023-10-14T08:39:26.537+0000] {processor.py:829} INFO - Processing file /home/airflow/.local/lib/python3.8/site-packages/airflow/example_dags/example_xcom.py for tasks to queue
[2023-10-14T08:39:26.538+0000] {logging_mixin.py:151} INFO - [2023-10-14T08:39:26.538+0000] {dagbag.py:536} INFO - Filling up the DagBag from /home/airflow/.local/lib/python3.8/site-packages/airflow/example_dags/example_xcom.py
[2023-10-14T08:39:26.543+0000] {processor.py:839} INFO - DAG(s) dict_keys(['example_xcom']) retrieved from /home/airflow/.local/lib/python3.8/site-packages/airflow/example_dags/example_xcom.py
[2023-10-14T08:39:26.556+0000] {logging_mixin.py:151} INFO - [2023-10-14T08:39:26.556+0000] {dag.py:2941} INFO - Sync 1 DAGs
[2023-10-14T08:39:26.567+0000] {logging_mixin.py:151} INFO - [2023-10-14T08:39:26.567+0000] {dag.py:3722} INFO - Setting next_dagrun for example_xcom to 2021-01-01T00:00:00+00:00, run_after=2021-01-01T00:00:00+00:00
[2023-10-14T08:39:26.577+0000] {processor.py:179} INFO - Processing /home/airflow/.local/lib/python3.8/site-packages/airflow/example_dags/example_xcom.py took 0.043 seconds
[2023-10-14T08:39:56.666+0000] {processor.py:157} INFO - Started process (PID=221) to work on /home/airflow/.local/lib/python3.8/site-packages/airflow/example_dags/example_xcom.py
[2023-10-14T08:39:56.667+0000] {processor.py:829} INFO - Processing file /home/airflow/.local/lib/python3.8/site-packages/airflow/example_dags/example_xcom.py for tasks to queue
[2023-10-14T08:39:56.669+0000] {logging_mixin.py:151} INFO - [2023-10-14T08:39:56.668+0000] {dagbag.py:536} INFO - Filling up the DagBag from /home/airflow/.local/lib/python3.8/site-packages/airflow/example_dags/example_xcom.py
[2023-10-14T08:39:56.673+0000] {processor.py:839} INFO - DAG(s) dict_keys(['example_xcom']) retrieved from /home/airflow/.local/lib/python3.8/site-packages/airflow/example_dags/example_xcom.py
[2023-10-14T08:39:56.686+0000] {logging_mixin.py:151} INFO - [2023-10-14T08:39:56.686+0000] {dag.py:2941} INFO - Sync 1 DAGs
[2023-10-14T08:39:56.696+0000] {logging_mixin.py:151} INFO - [2023-10-14T08:39:56.696+0000] {dag.py:3722} INFO - Setting next_dagrun for example_xcom to 2021-01-01T00:00:00+00:00, run_after=2021-01-01T00:00:00+00:00
[2023-10-14T08:39:56.705+0000] {processor.py:179} INFO - Processing /home/airflow/.local/lib/python3.8/site-packages/airflow/example_dags/example_xcom.py took 0.041 seconds
[2023-10-14T08:40:26.860+0000] {processor.py:157} INFO - Started process (PID=285) to work on /home/airflow/.local/lib/python3.8/site-packages/airflow/example_dags/example_xcom.py
[2023-10-14T08:40:26.861+0000] {processor.py:829} INFO - Processing file /home/airflow/.local/lib/python3.8/site-packages/airflow/example_dags/example_xcom.py for tasks to queue
[2023-10-14T08:40:26.863+0000] {logging_mixin.py:151} INFO - [2023-10-14T08:40:26.863+0000] {dagbag.py:536} INFO - Filling up the DagBag from /home/airflow/.local/lib/python3.8/site-packages/airflow/example_dags/example_xcom.py
[2023-10-14T08:40:26.868+0000] {processor.py:839} INFO - DAG(s) dict_keys(['example_xcom']) retrieved from /home/airflow/.local/lib/python3.8/site-packages/airflow/example_dags/example_xcom.py
[2023-10-14T08:40:26.882+0000] {logging_mixin.py:151} INFO - [2023-10-14T08:40:26.882+0000] {dag.py:2941} INFO - Sync 1 DAGs
[2023-10-14T08:40:26.893+0000] {logging_mixin.py:151} INFO - [2023-10-14T08:40:26.893+0000] {dag.py:3722} INFO - Setting next_dagrun for example_xcom to 2021-01-01T00:00:00+00:00, run_after=2021-01-01T00:00:00+00:00
[2023-10-14T08:40:26.902+0000] {processor.py:179} INFO - Processing /home/airflow/.local/lib/python3.8/site-packages/airflow/example_dags/example_xcom.py took 0.044 seconds
[2023-10-14T08:40:57.070+0000] {processor.py:157} INFO - Started process (PID=341) to work on /home/airflow/.local/lib/python3.8/site-packages/airflow/example_dags/example_xcom.py
[2023-10-14T08:40:57.070+0000] {processor.py:829} INFO - Processing file /home/airflow/.local/lib/python3.8/site-packages/airflow/example_dags/example_xcom.py for tasks to queue
[2023-10-14T08:40:57.072+0000] {logging_mixin.py:151} INFO - [2023-10-14T08:40:57.072+0000] {dagbag.py:536} INFO - Filling up the DagBag from /home/airflow/.local/lib/python3.8/site-packages/airflow/example_dags/example_xcom.py
[2023-10-14T08:40:57.076+0000] {processor.py:839} INFO - DAG(s) dict_keys(['example_xcom']) retrieved from /home/airflow/.local/lib/python3.8/site-packages/airflow/example_dags/example_xcom.py
[2023-10-14T08:40:57.090+0000] {logging_mixin.py:151} INFO - [2023-10-14T08:40:57.090+0000] {dag.py:2941} INFO - Sync 1 DAGs
[2023-10-14T08:40:57.101+0000] {logging_mixin.py:151} INFO - [2023-10-14T08:40:57.101+0000] {dag.py:3722} INFO - Setting next_dagrun for example_xcom to 2021-01-01T00:00:00+00:00, run_after=2021-01-01T00:00:00+00:00
[2023-10-14T08:40:57.110+0000] {processor.py:179} INFO - Processing /home/airflow/.local/lib/python3.8/site-packages/airflow/example_dags/example_xcom.py took 0.043 seconds
[2023-10-14T08:41:27.249+0000] {processor.py:157} INFO - Started process (PID=397) to work on /home/airflow/.local/lib/python3.8/site-packages/airflow/example_dags/example_xcom.py
[2023-10-14T08:41:27.250+0000] {processor.py:829} INFO - Processing file /home/airflow/.local/lib/python3.8/site-packages/airflow/example_dags/example_xcom.py for tasks to queue
[2023-10-14T08:41:27.251+0000] {logging_mixin.py:151} INFO - [2023-10-14T08:41:27.251+0000] {dagbag.py:536} INFO - Filling up the DagBag from /home/airflow/.local/lib/python3.8/site-packages/airflow/example_dags/example_xcom.py
[2023-10-14T08:41:27.256+0000] {processor.py:839} INFO - DAG(s) dict_keys(['example_xcom']) retrieved from /home/airflow/.local/lib/python3.8/site-packages/airflow/example_dags/example_xcom.py
[2023-10-14T08:41:27.268+0000] {logging_mixin.py:151} INFO - [2023-10-14T08:41:27.268+0000] {dag.py:2941} INFO - Sync 1 DAGs
[2023-10-14T08:41:27.279+0000] {logging_mixin.py:151} INFO - [2023-10-14T08:41:27.279+0000] {dag.py:3722} INFO - Setting next_dagrun for example_xcom to 2021-01-01T00:00:00+00:00, run_after=2021-01-01T00:00:00+00:00
[2023-10-14T08:41:27.288+0000] {processor.py:179} INFO - Processing /home/airflow/.local/lib/python3.8/site-packages/airflow/example_dags/example_xcom.py took 0.041 seconds
[2023-10-14T08:41:57.459+0000] {processor.py:157} INFO - Started process (PID=453) to work on /home/airflow/.local/lib/python3.8/site-packages/airflow/example_dags/example_xcom.py
[2023-10-14T08:41:57.460+0000] {processor.py:829} INFO - Processing file /home/airflow/.local/lib/python3.8/site-packages/airflow/example_dags/example_xcom.py for tasks to queue
[2023-10-14T08:41:57.461+0000] {logging_mixin.py:151} INFO - [2023-10-14T08:41:57.461+0000] {dagbag.py:536} INFO - Filling up the DagBag from /home/airflow/.local/lib/python3.8/site-packages/airflow/example_dags/example_xcom.py
[2023-10-14T08:41:57.466+0000] {processor.py:839} INFO - DAG(s) dict_keys(['example_xcom']) retrieved from /home/airflow/.local/lib/python3.8/site-packages/airflow/example_dags/example_xcom.py
[2023-10-14T08:41:57.479+0000] {logging_mixin.py:151} INFO - [2023-10-14T08:41:57.479+0000] {dag.py:2941} INFO - Sync 1 DAGs
[2023-10-14T08:41:57.490+0000] {logging_mixin.py:151} INFO - [2023-10-14T08:41:57.490+0000] {dag.py:3722} INFO - Setting next_dagrun for example_xcom to 2021-01-01T00:00:00+00:00, run_after=2021-01-01T00:00:00+00:00
[2023-10-14T08:41:57.499+0000] {processor.py:179} INFO - Processing /home/airflow/.local/lib/python3.8/site-packages/airflow/example_dags/example_xcom.py took 0.042 seconds
[2023-10-14T08:42:27.724+0000] {processor.py:157} INFO - Started process (PID=509) to work on /home/airflow/.local/lib/python3.8/site-packages/airflow/example_dags/example_xcom.py
[2023-10-14T08:42:27.725+0000] {processor.py:829} INFO - Processing file /home/airflow/.local/lib/python3.8/site-packages/airflow/example_dags/example_xcom.py for tasks to queue
[2023-10-14T08:42:27.726+0000] {logging_mixin.py:151} INFO - [2023-10-14T08:42:27.726+0000] {dagbag.py:536} INFO - Filling up the DagBag from /home/airflow/.local/lib/python3.8/site-packages/airflow/example_dags/example_xcom.py
[2023-10-14T08:42:27.731+0000] {processor.py:839} INFO - DAG(s) dict_keys(['example_xcom']) retrieved from /home/airflow/.local/lib/python3.8/site-packages/airflow/example_dags/example_xcom.py
[2023-10-14T08:42:27.744+0000] {logging_mixin.py:151} INFO - [2023-10-14T08:42:27.744+0000] {dag.py:2941} INFO - Sync 1 DAGs
[2023-10-14T08:42:27.755+0000] {logging_mixin.py:151} INFO - [2023-10-14T08:42:27.755+0000] {dag.py:3722} INFO - Setting next_dagrun for example_xcom to 2021-01-01T00:00:00+00:00, run_after=2021-01-01T00:00:00+00:00
[2023-10-14T08:42:27.764+0000] {processor.py:179} INFO - Processing /home/airflow/.local/lib/python3.8/site-packages/airflow/example_dags/example_xcom.py took 0.041 seconds
[2023-10-14T08:42:58.033+0000] {processor.py:157} INFO - Started process (PID=565) to work on /home/airflow/.local/lib/python3.8/site-packages/airflow/example_dags/example_xcom.py
[2023-10-14T08:42:58.033+0000] {processor.py:829} INFO - Processing file /home/airflow/.local/lib/python3.8/site-packages/airflow/example_dags/example_xcom.py for tasks to queue
[2023-10-14T08:42:58.035+0000] {logging_mixin.py:151} INFO - [2023-10-14T08:42:58.035+0000] {dagbag.py:536} INFO - Filling up the DagBag from /home/airflow/.local/lib/python3.8/site-packages/airflow/example_dags/example_xcom.py
[2023-10-14T08:42:58.040+0000] {processor.py:839} INFO - DAG(s) dict_keys(['example_xcom']) retrieved from /home/airflow/.local/lib/python3.8/site-packages/airflow/example_dags/example_xcom.py
[2023-10-14T08:42:58.053+0000] {logging_mixin.py:151} INFO - [2023-10-14T08:42:58.053+0000] {dag.py:2941} INFO - Sync 1 DAGs
[2023-10-14T08:42:58.065+0000] {logging_mixin.py:151} INFO - [2023-10-14T08:42:58.065+0000] {dag.py:3722} INFO - Setting next_dagrun for example_xcom to 2021-01-01T00:00:00+00:00, run_after=2021-01-01T00:00:00+00:00
[2023-10-14T08:42:58.078+0000] {processor.py:179} INFO - Processing /home/airflow/.local/lib/python3.8/site-packages/airflow/example_dags/example_xcom.py took 0.048 seconds
