[2023-10-14T08:38:26.808+0000] {processor.py:157} INFO - Started process (PID=63) to work on /home/airflow/.local/lib/python3.8/site-packages/airflow/example_dags/example_setup_teardown.py
[2023-10-14T08:38:26.809+0000] {processor.py:829} INFO - Processing file /home/airflow/.local/lib/python3.8/site-packages/airflow/example_dags/example_setup_teardown.py for tasks to queue
[2023-10-14T08:38:26.810+0000] {logging_mixin.py:151} INFO - [2023-10-14T08:38:26.810+0000] {dagbag.py:536} INFO - Filling up the DagBag from /home/airflow/.local/lib/python3.8/site-packages/airflow/example_dags/example_setup_teardown.py
[2023-10-14T08:38:26.817+0000] {processor.py:839} INFO - DAG(s) dict_keys(['example_setup_teardown']) retrieved from /home/airflow/.local/lib/python3.8/site-packages/airflow/example_dags/example_setup_teardown.py
[2023-10-14T08:38:26.875+0000] {logging_mixin.py:151} INFO - [2023-10-14T08:38:26.875+0000] {manager.py:499} INFO - Created Permission View: %s
[2023-10-14T08:38:26.880+0000] {logging_mixin.py:151} INFO - [2023-10-14T08:38:26.880+0000] {manager.py:499} INFO - Created Permission View: %s
[2023-10-14T08:38:26.883+0000] {logging_mixin.py:151} INFO - [2023-10-14T08:38:26.883+0000] {manager.py:499} INFO - Created Permission View: %s
[2023-10-14T08:38:26.883+0000] {logging_mixin.py:151} INFO - [2023-10-14T08:38:26.883+0000] {dag.py:2941} INFO - Sync 1 DAGs
[2023-10-14T08:38:26.889+0000] {logging_mixin.py:151} INFO - [2023-10-14T08:38:26.889+0000] {dag.py:2963} INFO - Creating ORM DAG for example_setup_teardown
[2023-10-14T08:38:26.895+0000] {logging_mixin.py:151} INFO - [2023-10-14T08:38:26.895+0000] {dag.py:3722} INFO - Setting next_dagrun for example_setup_teardown to 2023-10-13T08:38:26.895658+00:00, run_after=2023-10-14T08:38:26.895658+00:00
[2023-10-14T08:38:26.905+0000] {processor.py:179} INFO - Processing /home/airflow/.local/lib/python3.8/site-packages/airflow/example_dags/example_setup_teardown.py took 0.100 seconds
[2023-10-14T08:38:57.633+0000] {processor.py:157} INFO - Started process (PID=121) to work on /home/airflow/.local/lib/python3.8/site-packages/airflow/example_dags/example_setup_teardown.py
[2023-10-14T08:38:57.634+0000] {processor.py:829} INFO - Processing file /home/airflow/.local/lib/python3.8/site-packages/airflow/example_dags/example_setup_teardown.py for tasks to queue
[2023-10-14T08:38:57.636+0000] {logging_mixin.py:151} INFO - [2023-10-14T08:38:57.635+0000] {dagbag.py:536} INFO - Filling up the DagBag from /home/airflow/.local/lib/python3.8/site-packages/airflow/example_dags/example_setup_teardown.py
[2023-10-14T08:38:57.641+0000] {processor.py:839} INFO - DAG(s) dict_keys(['example_setup_teardown']) retrieved from /home/airflow/.local/lib/python3.8/site-packages/airflow/example_dags/example_setup_teardown.py
[2023-10-14T08:38:57.657+0000] {logging_mixin.py:151} INFO - [2023-10-14T08:38:57.657+0000] {dag.py:2941} INFO - Sync 1 DAGs
[2023-10-14T08:38:57.669+0000] {logging_mixin.py:151} INFO - [2023-10-14T08:38:57.669+0000] {dag.py:3722} INFO - Setting next_dagrun for example_setup_teardown to 2023-10-13T08:38:57.669185+00:00, run_after=2023-10-14T08:38:57.669185+00:00
[2023-10-14T08:38:57.678+0000] {processor.py:179} INFO - Processing /home/airflow/.local/lib/python3.8/site-packages/airflow/example_dags/example_setup_teardown.py took 0.047 seconds
[2023-10-14T08:39:28.079+0000] {processor.py:157} INFO - Started process (PID=177) to work on /home/airflow/.local/lib/python3.8/site-packages/airflow/example_dags/example_setup_teardown.py
[2023-10-14T08:39:28.080+0000] {processor.py:829} INFO - Processing file /home/airflow/.local/lib/python3.8/site-packages/airflow/example_dags/example_setup_teardown.py for tasks to queue
[2023-10-14T08:39:28.082+0000] {logging_mixin.py:151} INFO - [2023-10-14T08:39:28.081+0000] {dagbag.py:536} INFO - Filling up the DagBag from /home/airflow/.local/lib/python3.8/site-packages/airflow/example_dags/example_setup_teardown.py
[2023-10-14T08:39:28.087+0000] {processor.py:839} INFO - DAG(s) dict_keys(['example_setup_teardown']) retrieved from /home/airflow/.local/lib/python3.8/site-packages/airflow/example_dags/example_setup_teardown.py
[2023-10-14T08:39:28.101+0000] {logging_mixin.py:151} INFO - [2023-10-14T08:39:28.101+0000] {dag.py:2941} INFO - Sync 1 DAGs
[2023-10-14T08:39:28.113+0000] {logging_mixin.py:151} INFO - [2023-10-14T08:39:28.113+0000] {dag.py:3722} INFO - Setting next_dagrun for example_setup_teardown to 2023-10-13T08:39:28.113674+00:00, run_after=2023-10-14T08:39:28.113674+00:00
[2023-10-14T08:39:28.123+0000] {processor.py:179} INFO - Processing /home/airflow/.local/lib/python3.8/site-packages/airflow/example_dags/example_setup_teardown.py took 0.046 seconds
[2023-10-14T08:39:58.142+0000] {processor.py:157} INFO - Started process (PID=233) to work on /home/airflow/.local/lib/python3.8/site-packages/airflow/example_dags/example_setup_teardown.py
[2023-10-14T08:39:58.143+0000] {processor.py:829} INFO - Processing file /home/airflow/.local/lib/python3.8/site-packages/airflow/example_dags/example_setup_teardown.py for tasks to queue
[2023-10-14T08:39:58.144+0000] {logging_mixin.py:151} INFO - [2023-10-14T08:39:58.144+0000] {dagbag.py:536} INFO - Filling up the DagBag from /home/airflow/.local/lib/python3.8/site-packages/airflow/example_dags/example_setup_teardown.py
[2023-10-14T08:39:58.149+0000] {processor.py:839} INFO - DAG(s) dict_keys(['example_setup_teardown']) retrieved from /home/airflow/.local/lib/python3.8/site-packages/airflow/example_dags/example_setup_teardown.py
[2023-10-14T08:39:58.163+0000] {logging_mixin.py:151} INFO - [2023-10-14T08:39:58.163+0000] {dag.py:2941} INFO - Sync 1 DAGs
[2023-10-14T08:39:58.175+0000] {logging_mixin.py:151} INFO - [2023-10-14T08:39:58.175+0000] {dag.py:3722} INFO - Setting next_dagrun for example_setup_teardown to 2023-10-13T08:39:58.175069+00:00, run_after=2023-10-14T08:39:58.175069+00:00
[2023-10-14T08:39:58.184+0000] {processor.py:179} INFO - Processing /home/airflow/.local/lib/python3.8/site-packages/airflow/example_dags/example_setup_teardown.py took 0.044 seconds
[2023-10-14T08:40:28.290+0000] {processor.py:157} INFO - Started process (PID=297) to work on /home/airflow/.local/lib/python3.8/site-packages/airflow/example_dags/example_setup_teardown.py
[2023-10-14T08:40:28.291+0000] {processor.py:829} INFO - Processing file /home/airflow/.local/lib/python3.8/site-packages/airflow/example_dags/example_setup_teardown.py for tasks to queue
[2023-10-14T08:40:28.292+0000] {logging_mixin.py:151} INFO - [2023-10-14T08:40:28.292+0000] {dagbag.py:536} INFO - Filling up the DagBag from /home/airflow/.local/lib/python3.8/site-packages/airflow/example_dags/example_setup_teardown.py
[2023-10-14T08:40:28.297+0000] {processor.py:839} INFO - DAG(s) dict_keys(['example_setup_teardown']) retrieved from /home/airflow/.local/lib/python3.8/site-packages/airflow/example_dags/example_setup_teardown.py
[2023-10-14T08:40:28.310+0000] {logging_mixin.py:151} INFO - [2023-10-14T08:40:28.310+0000] {dag.py:2941} INFO - Sync 1 DAGs
[2023-10-14T08:40:28.321+0000] {logging_mixin.py:151} INFO - [2023-10-14T08:40:28.321+0000] {dag.py:3722} INFO - Setting next_dagrun for example_setup_teardown to 2023-10-13T08:40:28.321624+00:00, run_after=2023-10-14T08:40:28.321624+00:00
[2023-10-14T08:40:28.330+0000] {processor.py:179} INFO - Processing /home/airflow/.local/lib/python3.8/site-packages/airflow/example_dags/example_setup_teardown.py took 0.042 seconds
[2023-10-14T08:40:58.563+0000] {processor.py:157} INFO - Started process (PID=353) to work on /home/airflow/.local/lib/python3.8/site-packages/airflow/example_dags/example_setup_teardown.py
[2023-10-14T08:40:58.564+0000] {processor.py:829} INFO - Processing file /home/airflow/.local/lib/python3.8/site-packages/airflow/example_dags/example_setup_teardown.py for tasks to queue
[2023-10-14T08:40:58.566+0000] {logging_mixin.py:151} INFO - [2023-10-14T08:40:58.566+0000] {dagbag.py:536} INFO - Filling up the DagBag from /home/airflow/.local/lib/python3.8/site-packages/airflow/example_dags/example_setup_teardown.py
[2023-10-14T08:40:58.571+0000] {processor.py:839} INFO - DAG(s) dict_keys(['example_setup_teardown']) retrieved from /home/airflow/.local/lib/python3.8/site-packages/airflow/example_dags/example_setup_teardown.py
[2023-10-14T08:40:58.584+0000] {logging_mixin.py:151} INFO - [2023-10-14T08:40:58.584+0000] {dag.py:2941} INFO - Sync 1 DAGs
[2023-10-14T08:40:58.596+0000] {logging_mixin.py:151} INFO - [2023-10-14T08:40:58.596+0000] {dag.py:3722} INFO - Setting next_dagrun for example_setup_teardown to 2023-10-13T08:40:58.595874+00:00, run_after=2023-10-14T08:40:58.595874+00:00
[2023-10-14T08:40:58.605+0000] {processor.py:179} INFO - Processing /home/airflow/.local/lib/python3.8/site-packages/airflow/example_dags/example_setup_teardown.py took 0.044 seconds
[2023-10-14T08:41:28.734+0000] {processor.py:157} INFO - Started process (PID=409) to work on /home/airflow/.local/lib/python3.8/site-packages/airflow/example_dags/example_setup_teardown.py
[2023-10-14T08:41:28.735+0000] {processor.py:829} INFO - Processing file /home/airflow/.local/lib/python3.8/site-packages/airflow/example_dags/example_setup_teardown.py for tasks to queue
[2023-10-14T08:41:28.736+0000] {logging_mixin.py:151} INFO - [2023-10-14T08:41:28.736+0000] {dagbag.py:536} INFO - Filling up the DagBag from /home/airflow/.local/lib/python3.8/site-packages/airflow/example_dags/example_setup_teardown.py
[2023-10-14T08:41:28.741+0000] {processor.py:839} INFO - DAG(s) dict_keys(['example_setup_teardown']) retrieved from /home/airflow/.local/lib/python3.8/site-packages/airflow/example_dags/example_setup_teardown.py
[2023-10-14T08:41:28.755+0000] {logging_mixin.py:151} INFO - [2023-10-14T08:41:28.754+0000] {dag.py:2941} INFO - Sync 1 DAGs
[2023-10-14T08:41:28.766+0000] {logging_mixin.py:151} INFO - [2023-10-14T08:41:28.766+0000] {dag.py:3722} INFO - Setting next_dagrun for example_setup_teardown to 2023-10-13T08:41:28.766453+00:00, run_after=2023-10-14T08:41:28.766453+00:00
[2023-10-14T08:41:28.777+0000] {processor.py:179} INFO - Processing /home/airflow/.local/lib/python3.8/site-packages/airflow/example_dags/example_setup_teardown.py took 0.045 seconds
[2023-10-14T08:41:58.943+0000] {processor.py:157} INFO - Started process (PID=465) to work on /home/airflow/.local/lib/python3.8/site-packages/airflow/example_dags/example_setup_teardown.py
[2023-10-14T08:41:58.944+0000] {processor.py:829} INFO - Processing file /home/airflow/.local/lib/python3.8/site-packages/airflow/example_dags/example_setup_teardown.py for tasks to queue
[2023-10-14T08:41:58.946+0000] {logging_mixin.py:151} INFO - [2023-10-14T08:41:58.946+0000] {dagbag.py:536} INFO - Filling up the DagBag from /home/airflow/.local/lib/python3.8/site-packages/airflow/example_dags/example_setup_teardown.py
[2023-10-14T08:41:58.951+0000] {processor.py:839} INFO - DAG(s) dict_keys(['example_setup_teardown']) retrieved from /home/airflow/.local/lib/python3.8/site-packages/airflow/example_dags/example_setup_teardown.py
[2023-10-14T08:41:58.964+0000] {logging_mixin.py:151} INFO - [2023-10-14T08:41:58.964+0000] {dag.py:2941} INFO - Sync 1 DAGs
[2023-10-14T08:41:58.977+0000] {logging_mixin.py:151} INFO - [2023-10-14T08:41:58.977+0000] {dag.py:3722} INFO - Setting next_dagrun for example_setup_teardown to 2023-10-13T08:41:58.977182+00:00, run_after=2023-10-14T08:41:58.977182+00:00
[2023-10-14T08:41:58.986+0000] {processor.py:179} INFO - Processing /home/airflow/.local/lib/python3.8/site-packages/airflow/example_dags/example_setup_teardown.py took 0.045 seconds
[2023-10-14T08:42:29.248+0000] {processor.py:157} INFO - Started process (PID=521) to work on /home/airflow/.local/lib/python3.8/site-packages/airflow/example_dags/example_setup_teardown.py
[2023-10-14T08:42:29.249+0000] {processor.py:829} INFO - Processing file /home/airflow/.local/lib/python3.8/site-packages/airflow/example_dags/example_setup_teardown.py for tasks to queue
[2023-10-14T08:42:29.250+0000] {logging_mixin.py:151} INFO - [2023-10-14T08:42:29.250+0000] {dagbag.py:536} INFO - Filling up the DagBag from /home/airflow/.local/lib/python3.8/site-packages/airflow/example_dags/example_setup_teardown.py
[2023-10-14T08:42:29.255+0000] {processor.py:839} INFO - DAG(s) dict_keys(['example_setup_teardown']) retrieved from /home/airflow/.local/lib/python3.8/site-packages/airflow/example_dags/example_setup_teardown.py
[2023-10-14T08:42:29.269+0000] {logging_mixin.py:151} INFO - [2023-10-14T08:42:29.269+0000] {dag.py:2941} INFO - Sync 1 DAGs
[2023-10-14T08:42:29.281+0000] {logging_mixin.py:151} INFO - [2023-10-14T08:42:29.280+0000] {dag.py:3722} INFO - Setting next_dagrun for example_setup_teardown to 2023-10-13T08:42:29.280826+00:00, run_after=2023-10-14T08:42:29.280826+00:00
[2023-10-14T08:42:29.291+0000] {processor.py:179} INFO - Processing /home/airflow/.local/lib/python3.8/site-packages/airflow/example_dags/example_setup_teardown.py took 0.045 seconds
[2023-10-14T08:42:59.587+0000] {processor.py:157} INFO - Started process (PID=577) to work on /home/airflow/.local/lib/python3.8/site-packages/airflow/example_dags/example_setup_teardown.py
[2023-10-14T08:42:59.588+0000] {processor.py:829} INFO - Processing file /home/airflow/.local/lib/python3.8/site-packages/airflow/example_dags/example_setup_teardown.py for tasks to queue
[2023-10-14T08:42:59.590+0000] {logging_mixin.py:151} INFO - [2023-10-14T08:42:59.590+0000] {dagbag.py:536} INFO - Filling up the DagBag from /home/airflow/.local/lib/python3.8/site-packages/airflow/example_dags/example_setup_teardown.py
[2023-10-14T08:42:59.594+0000] {processor.py:839} INFO - DAG(s) dict_keys(['example_setup_teardown']) retrieved from /home/airflow/.local/lib/python3.8/site-packages/airflow/example_dags/example_setup_teardown.py
[2023-10-14T08:42:59.608+0000] {logging_mixin.py:151} INFO - [2023-10-14T08:42:59.608+0000] {dag.py:2941} INFO - Sync 1 DAGs
[2023-10-14T08:42:59.620+0000] {logging_mixin.py:151} INFO - [2023-10-14T08:42:59.620+0000] {dag.py:3722} INFO - Setting next_dagrun for example_setup_teardown to 2023-10-13T08:42:59.620098+00:00, run_after=2023-10-14T08:42:59.620098+00:00
[2023-10-14T08:42:59.630+0000] {processor.py:179} INFO - Processing /home/airflow/.local/lib/python3.8/site-packages/airflow/example_dags/example_setup_teardown.py took 0.044 seconds
