[2023-10-14T08:38:27.452+0000] {processor.py:157} INFO - Started process (PID=72) to work on /home/airflow/.local/lib/python3.8/site-packages/airflow/example_dags/example_dynamic_task_mapping_with_no_taskflow_operators.py
[2023-10-14T08:38:27.453+0000] {processor.py:829} INFO - Processing file /home/airflow/.local/lib/python3.8/site-packages/airflow/example_dags/example_dynamic_task_mapping_with_no_taskflow_operators.py for tasks to queue
[2023-10-14T08:38:27.455+0000] {logging_mixin.py:151} INFO - [2023-10-14T08:38:27.455+0000] {dagbag.py:536} INFO - Filling up the DagBag from /home/airflow/.local/lib/python3.8/site-packages/airflow/example_dags/example_dynamic_task_mapping_with_no_taskflow_operators.py
[2023-10-14T08:38:27.460+0000] {processor.py:839} INFO - DAG(s) dict_keys(['example_dynamic_task_mapping_with_no_taskflow_operators']) retrieved from /home/airflow/.local/lib/python3.8/site-packages/airflow/example_dags/example_dynamic_task_mapping_with_no_taskflow_operators.py
[2023-10-14T08:38:27.516+0000] {logging_mixin.py:151} INFO - [2023-10-14T08:38:27.516+0000] {manager.py:499} INFO - Created Permission View: %s
[2023-10-14T08:38:27.522+0000] {logging_mixin.py:151} INFO - [2023-10-14T08:38:27.522+0000] {manager.py:499} INFO - Created Permission View: %s
[2023-10-14T08:38:27.526+0000] {logging_mixin.py:151} INFO - [2023-10-14T08:38:27.526+0000] {manager.py:499} INFO - Created Permission View: %s
[2023-10-14T08:38:27.526+0000] {logging_mixin.py:151} INFO - [2023-10-14T08:38:27.526+0000] {dag.py:2941} INFO - Sync 1 DAGs
[2023-10-14T08:38:27.532+0000] {logging_mixin.py:151} INFO - [2023-10-14T08:38:27.531+0000] {dag.py:2963} INFO - Creating ORM DAG for example_dynamic_task_mapping_with_no_taskflow_operators
[2023-10-14T08:38:27.537+0000] {logging_mixin.py:151} INFO - [2023-10-14T08:38:27.537+0000] {dag.py:3722} INFO - Setting next_dagrun for example_dynamic_task_mapping_with_no_taskflow_operators to 2023-10-13T08:38:27.537170+00:00, run_after=2023-10-14T08:38:27.537170+00:00
[2023-10-14T08:38:27.545+0000] {processor.py:179} INFO - Processing /home/airflow/.local/lib/python3.8/site-packages/airflow/example_dags/example_dynamic_task_mapping_with_no_taskflow_operators.py took 0.095 seconds
[2023-10-14T08:38:58.073+0000] {processor.py:157} INFO - Started process (PID=130) to work on /home/airflow/.local/lib/python3.8/site-packages/airflow/example_dags/example_dynamic_task_mapping_with_no_taskflow_operators.py
[2023-10-14T08:38:58.074+0000] {processor.py:829} INFO - Processing file /home/airflow/.local/lib/python3.8/site-packages/airflow/example_dags/example_dynamic_task_mapping_with_no_taskflow_operators.py for tasks to queue
[2023-10-14T08:38:58.076+0000] {logging_mixin.py:151} INFO - [2023-10-14T08:38:58.076+0000] {dagbag.py:536} INFO - Filling up the DagBag from /home/airflow/.local/lib/python3.8/site-packages/airflow/example_dags/example_dynamic_task_mapping_with_no_taskflow_operators.py
[2023-10-14T08:38:58.084+0000] {processor.py:839} INFO - DAG(s) dict_keys(['example_dynamic_task_mapping_with_no_taskflow_operators']) retrieved from /home/airflow/.local/lib/python3.8/site-packages/airflow/example_dags/example_dynamic_task_mapping_with_no_taskflow_operators.py
[2023-10-14T08:38:58.101+0000] {logging_mixin.py:151} INFO - [2023-10-14T08:38:58.101+0000] {dag.py:2941} INFO - Sync 1 DAGs
[2023-10-14T08:38:58.116+0000] {logging_mixin.py:151} INFO - [2023-10-14T08:38:58.115+0000] {dag.py:3722} INFO - Setting next_dagrun for example_dynamic_task_mapping_with_no_taskflow_operators to 2023-10-13T08:38:58.115713+00:00, run_after=2023-10-14T08:38:58.115713+00:00
[2023-10-14T08:38:58.128+0000] {processor.py:179} INFO - Processing /home/airflow/.local/lib/python3.8/site-packages/airflow/example_dags/example_dynamic_task_mapping_with_no_taskflow_operators.py took 0.058 seconds
[2023-10-14T08:39:28.476+0000] {processor.py:157} INFO - Started process (PID=186) to work on /home/airflow/.local/lib/python3.8/site-packages/airflow/example_dags/example_dynamic_task_mapping_with_no_taskflow_operators.py
[2023-10-14T08:39:28.477+0000] {processor.py:829} INFO - Processing file /home/airflow/.local/lib/python3.8/site-packages/airflow/example_dags/example_dynamic_task_mapping_with_no_taskflow_operators.py for tasks to queue
[2023-10-14T08:39:28.478+0000] {logging_mixin.py:151} INFO - [2023-10-14T08:39:28.478+0000] {dagbag.py:536} INFO - Filling up the DagBag from /home/airflow/.local/lib/python3.8/site-packages/airflow/example_dags/example_dynamic_task_mapping_with_no_taskflow_operators.py
[2023-10-14T08:39:28.483+0000] {processor.py:839} INFO - DAG(s) dict_keys(['example_dynamic_task_mapping_with_no_taskflow_operators']) retrieved from /home/airflow/.local/lib/python3.8/site-packages/airflow/example_dags/example_dynamic_task_mapping_with_no_taskflow_operators.py
[2023-10-14T08:39:28.500+0000] {logging_mixin.py:151} INFO - [2023-10-14T08:39:28.500+0000] {dag.py:2941} INFO - Sync 1 DAGs
[2023-10-14T08:39:28.513+0000] {logging_mixin.py:151} INFO - [2023-10-14T08:39:28.513+0000] {dag.py:3722} INFO - Setting next_dagrun for example_dynamic_task_mapping_with_no_taskflow_operators to 2023-10-13T08:39:28.512974+00:00, run_after=2023-10-14T08:39:28.512974+00:00
[2023-10-14T08:39:28.524+0000] {processor.py:179} INFO - Processing /home/airflow/.local/lib/python3.8/site-packages/airflow/example_dags/example_dynamic_task_mapping_with_no_taskflow_operators.py took 0.051 seconds
[2023-10-14T08:39:59.501+0000] {processor.py:157} INFO - Started process (PID=242) to work on /home/airflow/.local/lib/python3.8/site-packages/airflow/example_dags/example_dynamic_task_mapping_with_no_taskflow_operators.py
[2023-10-14T08:39:59.502+0000] {processor.py:829} INFO - Processing file /home/airflow/.local/lib/python3.8/site-packages/airflow/example_dags/example_dynamic_task_mapping_with_no_taskflow_operators.py for tasks to queue
[2023-10-14T08:39:59.504+0000] {logging_mixin.py:151} INFO - [2023-10-14T08:39:59.504+0000] {dagbag.py:536} INFO - Filling up the DagBag from /home/airflow/.local/lib/python3.8/site-packages/airflow/example_dags/example_dynamic_task_mapping_with_no_taskflow_operators.py
[2023-10-14T08:39:59.509+0000] {processor.py:839} INFO - DAG(s) dict_keys(['example_dynamic_task_mapping_with_no_taskflow_operators']) retrieved from /home/airflow/.local/lib/python3.8/site-packages/airflow/example_dags/example_dynamic_task_mapping_with_no_taskflow_operators.py
[2023-10-14T08:39:59.526+0000] {logging_mixin.py:151} INFO - [2023-10-14T08:39:59.525+0000] {dag.py:2941} INFO - Sync 1 DAGs
[2023-10-14T08:39:59.539+0000] {logging_mixin.py:151} INFO - [2023-10-14T08:39:59.538+0000] {dag.py:3722} INFO - Setting next_dagrun for example_dynamic_task_mapping_with_no_taskflow_operators to 2023-10-13T08:39:59.538087+00:00, run_after=2023-10-14T08:39:59.538087+00:00
[2023-10-14T08:39:59.549+0000] {processor.py:179} INFO - Processing /home/airflow/.local/lib/python3.8/site-packages/airflow/example_dags/example_dynamic_task_mapping_with_no_taskflow_operators.py took 0.051 seconds
[2023-10-14T08:40:29.643+0000] {processor.py:157} INFO - Started process (PID=306) to work on /home/airflow/.local/lib/python3.8/site-packages/airflow/example_dags/example_dynamic_task_mapping_with_no_taskflow_operators.py
[2023-10-14T08:40:29.644+0000] {processor.py:829} INFO - Processing file /home/airflow/.local/lib/python3.8/site-packages/airflow/example_dags/example_dynamic_task_mapping_with_no_taskflow_operators.py for tasks to queue
[2023-10-14T08:40:29.645+0000] {logging_mixin.py:151} INFO - [2023-10-14T08:40:29.645+0000] {dagbag.py:536} INFO - Filling up the DagBag from /home/airflow/.local/lib/python3.8/site-packages/airflow/example_dags/example_dynamic_task_mapping_with_no_taskflow_operators.py
[2023-10-14T08:40:29.650+0000] {processor.py:839} INFO - DAG(s) dict_keys(['example_dynamic_task_mapping_with_no_taskflow_operators']) retrieved from /home/airflow/.local/lib/python3.8/site-packages/airflow/example_dags/example_dynamic_task_mapping_with_no_taskflow_operators.py
[2023-10-14T08:40:29.662+0000] {logging_mixin.py:151} INFO - [2023-10-14T08:40:29.662+0000] {dag.py:2941} INFO - Sync 1 DAGs
[2023-10-14T08:40:29.675+0000] {logging_mixin.py:151} INFO - [2023-10-14T08:40:29.675+0000] {dag.py:3722} INFO - Setting next_dagrun for example_dynamic_task_mapping_with_no_taskflow_operators to 2023-10-13T08:40:29.675078+00:00, run_after=2023-10-14T08:40:29.675078+00:00
[2023-10-14T08:40:29.687+0000] {processor.py:179} INFO - Processing /home/airflow/.local/lib/python3.8/site-packages/airflow/example_dags/example_dynamic_task_mapping_with_no_taskflow_operators.py took 0.046 seconds
[2023-10-14T08:40:59.804+0000] {processor.py:157} INFO - Started process (PID=361) to work on /home/airflow/.local/lib/python3.8/site-packages/airflow/example_dags/example_dynamic_task_mapping_with_no_taskflow_operators.py
[2023-10-14T08:40:59.805+0000] {processor.py:829} INFO - Processing file /home/airflow/.local/lib/python3.8/site-packages/airflow/example_dags/example_dynamic_task_mapping_with_no_taskflow_operators.py for tasks to queue
[2023-10-14T08:40:59.806+0000] {logging_mixin.py:151} INFO - [2023-10-14T08:40:59.806+0000] {dagbag.py:536} INFO - Filling up the DagBag from /home/airflow/.local/lib/python3.8/site-packages/airflow/example_dags/example_dynamic_task_mapping_with_no_taskflow_operators.py
[2023-10-14T08:40:59.812+0000] {processor.py:839} INFO - DAG(s) dict_keys(['example_dynamic_task_mapping_with_no_taskflow_operators']) retrieved from /home/airflow/.local/lib/python3.8/site-packages/airflow/example_dags/example_dynamic_task_mapping_with_no_taskflow_operators.py
[2023-10-14T08:40:59.827+0000] {logging_mixin.py:151} INFO - [2023-10-14T08:40:59.827+0000] {dag.py:2941} INFO - Sync 1 DAGs
[2023-10-14T08:40:59.839+0000] {logging_mixin.py:151} INFO - [2023-10-14T08:40:59.839+0000] {dag.py:3722} INFO - Setting next_dagrun for example_dynamic_task_mapping_with_no_taskflow_operators to 2023-10-13T08:40:59.839035+00:00, run_after=2023-10-14T08:40:59.839035+00:00
[2023-10-14T08:40:59.849+0000] {processor.py:179} INFO - Processing /home/airflow/.local/lib/python3.8/site-packages/airflow/example_dags/example_dynamic_task_mapping_with_no_taskflow_operators.py took 0.048 seconds
[2023-10-14T08:41:30.058+0000] {processor.py:157} INFO - Started process (PID=418) to work on /home/airflow/.local/lib/python3.8/site-packages/airflow/example_dags/example_dynamic_task_mapping_with_no_taskflow_operators.py
[2023-10-14T08:41:30.059+0000] {processor.py:829} INFO - Processing file /home/airflow/.local/lib/python3.8/site-packages/airflow/example_dags/example_dynamic_task_mapping_with_no_taskflow_operators.py for tasks to queue
[2023-10-14T08:41:30.060+0000] {logging_mixin.py:151} INFO - [2023-10-14T08:41:30.060+0000] {dagbag.py:536} INFO - Filling up the DagBag from /home/airflow/.local/lib/python3.8/site-packages/airflow/example_dags/example_dynamic_task_mapping_with_no_taskflow_operators.py
[2023-10-14T08:41:30.065+0000] {processor.py:839} INFO - DAG(s) dict_keys(['example_dynamic_task_mapping_with_no_taskflow_operators']) retrieved from /home/airflow/.local/lib/python3.8/site-packages/airflow/example_dags/example_dynamic_task_mapping_with_no_taskflow_operators.py
[2023-10-14T08:41:30.080+0000] {logging_mixin.py:151} INFO - [2023-10-14T08:41:30.080+0000] {dag.py:2941} INFO - Sync 1 DAGs
[2023-10-14T08:41:30.093+0000] {logging_mixin.py:151} INFO - [2023-10-14T08:41:30.093+0000] {dag.py:3722} INFO - Setting next_dagrun for example_dynamic_task_mapping_with_no_taskflow_operators to 2023-10-13T08:41:30.093057+00:00, run_after=2023-10-14T08:41:30.093057+00:00
[2023-10-14T08:41:30.103+0000] {processor.py:179} INFO - Processing /home/airflow/.local/lib/python3.8/site-packages/airflow/example_dags/example_dynamic_task_mapping_with_no_taskflow_operators.py took 0.047 seconds
[2023-10-14T08:42:00.216+0000] {processor.py:157} INFO - Started process (PID=473) to work on /home/airflow/.local/lib/python3.8/site-packages/airflow/example_dags/example_dynamic_task_mapping_with_no_taskflow_operators.py
[2023-10-14T08:42:00.217+0000] {processor.py:829} INFO - Processing file /home/airflow/.local/lib/python3.8/site-packages/airflow/example_dags/example_dynamic_task_mapping_with_no_taskflow_operators.py for tasks to queue
[2023-10-14T08:42:00.220+0000] {logging_mixin.py:151} INFO - [2023-10-14T08:42:00.220+0000] {dagbag.py:536} INFO - Filling up the DagBag from /home/airflow/.local/lib/python3.8/site-packages/airflow/example_dags/example_dynamic_task_mapping_with_no_taskflow_operators.py
[2023-10-14T08:42:00.227+0000] {processor.py:839} INFO - DAG(s) dict_keys(['example_dynamic_task_mapping_with_no_taskflow_operators']) retrieved from /home/airflow/.local/lib/python3.8/site-packages/airflow/example_dags/example_dynamic_task_mapping_with_no_taskflow_operators.py
[2023-10-14T08:42:00.244+0000] {logging_mixin.py:151} INFO - [2023-10-14T08:42:00.244+0000] {dag.py:2941} INFO - Sync 1 DAGs
[2023-10-14T08:42:00.256+0000] {logging_mixin.py:151} INFO - [2023-10-14T08:42:00.256+0000] {dag.py:3722} INFO - Setting next_dagrun for example_dynamic_task_mapping_with_no_taskflow_operators to 2023-10-13T08:42:00.256067+00:00, run_after=2023-10-14T08:42:00.256067+00:00
[2023-10-14T08:42:00.266+0000] {processor.py:179} INFO - Processing /home/airflow/.local/lib/python3.8/site-packages/airflow/example_dags/example_dynamic_task_mapping_with_no_taskflow_operators.py took 0.053 seconds
[2023-10-14T08:42:30.512+0000] {processor.py:157} INFO - Started process (PID=529) to work on /home/airflow/.local/lib/python3.8/site-packages/airflow/example_dags/example_dynamic_task_mapping_with_no_taskflow_operators.py
[2023-10-14T08:42:30.513+0000] {processor.py:829} INFO - Processing file /home/airflow/.local/lib/python3.8/site-packages/airflow/example_dags/example_dynamic_task_mapping_with_no_taskflow_operators.py for tasks to queue
[2023-10-14T08:42:30.515+0000] {logging_mixin.py:151} INFO - [2023-10-14T08:42:30.515+0000] {dagbag.py:536} INFO - Filling up the DagBag from /home/airflow/.local/lib/python3.8/site-packages/airflow/example_dags/example_dynamic_task_mapping_with_no_taskflow_operators.py
[2023-10-14T08:42:30.520+0000] {processor.py:839} INFO - DAG(s) dict_keys(['example_dynamic_task_mapping_with_no_taskflow_operators']) retrieved from /home/airflow/.local/lib/python3.8/site-packages/airflow/example_dags/example_dynamic_task_mapping_with_no_taskflow_operators.py
[2023-10-14T08:42:30.535+0000] {logging_mixin.py:151} INFO - [2023-10-14T08:42:30.535+0000] {dag.py:2941} INFO - Sync 1 DAGs
[2023-10-14T08:42:30.546+0000] {logging_mixin.py:151} INFO - [2023-10-14T08:42:30.546+0000] {dag.py:3722} INFO - Setting next_dagrun for example_dynamic_task_mapping_with_no_taskflow_operators to 2023-10-13T08:42:30.546474+00:00, run_after=2023-10-14T08:42:30.546474+00:00
[2023-10-14T08:42:30.556+0000] {processor.py:179} INFO - Processing /home/airflow/.local/lib/python3.8/site-packages/airflow/example_dags/example_dynamic_task_mapping_with_no_taskflow_operators.py took 0.046 seconds
[2023-10-14T08:43:00.843+0000] {processor.py:157} INFO - Started process (PID=585) to work on /home/airflow/.local/lib/python3.8/site-packages/airflow/example_dags/example_dynamic_task_mapping_with_no_taskflow_operators.py
[2023-10-14T08:43:00.844+0000] {processor.py:829} INFO - Processing file /home/airflow/.local/lib/python3.8/site-packages/airflow/example_dags/example_dynamic_task_mapping_with_no_taskflow_operators.py for tasks to queue
[2023-10-14T08:43:00.846+0000] {logging_mixin.py:151} INFO - [2023-10-14T08:43:00.846+0000] {dagbag.py:536} INFO - Filling up the DagBag from /home/airflow/.local/lib/python3.8/site-packages/airflow/example_dags/example_dynamic_task_mapping_with_no_taskflow_operators.py
[2023-10-14T08:43:00.852+0000] {processor.py:839} INFO - DAG(s) dict_keys(['example_dynamic_task_mapping_with_no_taskflow_operators']) retrieved from /home/airflow/.local/lib/python3.8/site-packages/airflow/example_dags/example_dynamic_task_mapping_with_no_taskflow_operators.py
[2023-10-14T08:43:00.868+0000] {logging_mixin.py:151} INFO - [2023-10-14T08:43:00.868+0000] {dag.py:2941} INFO - Sync 1 DAGs
[2023-10-14T08:43:00.881+0000] {logging_mixin.py:151} INFO - [2023-10-14T08:43:00.881+0000] {dag.py:3722} INFO - Setting next_dagrun for example_dynamic_task_mapping_with_no_taskflow_operators to 2023-10-13T08:43:00.881282+00:00, run_after=2023-10-14T08:43:00.881282+00:00
[2023-10-14T08:43:00.892+0000] {processor.py:179} INFO - Processing /home/airflow/.local/lib/python3.8/site-packages/airflow/example_dags/example_dynamic_task_mapping_with_no_taskflow_operators.py took 0.051 seconds
