[2023-10-14T08:38:25.247+0000] {processor.py:157} INFO - Started process (PID=47) to work on /home/airflow/.local/lib/python3.8/site-packages/airflow/example_dags/example_nested_branch_dag.py
[2023-10-14T08:38:25.247+0000] {processor.py:829} INFO - Processing file /home/airflow/.local/lib/python3.8/site-packages/airflow/example_dags/example_nested_branch_dag.py for tasks to queue
[2023-10-14T08:38:25.249+0000] {logging_mixin.py:151} INFO - [2023-10-14T08:38:25.249+0000] {dagbag.py:536} INFO - Filling up the DagBag from /home/airflow/.local/lib/python3.8/site-packages/airflow/example_dags/example_nested_branch_dag.py
[2023-10-14T08:38:25.260+0000] {processor.py:839} INFO - DAG(s) dict_keys(['example_nested_branch_dag']) retrieved from /home/airflow/.local/lib/python3.8/site-packages/airflow/example_dags/example_nested_branch_dag.py
[2023-10-14T08:38:25.362+0000] {logging_mixin.py:151} INFO - [2023-10-14T08:38:25.362+0000] {manager.py:499} INFO - Created Permission View: %s
[2023-10-14T08:38:25.370+0000] {logging_mixin.py:151} INFO - [2023-10-14T08:38:25.369+0000] {manager.py:499} INFO - Created Permission View: %s
[2023-10-14T08:38:25.374+0000] {logging_mixin.py:151} INFO - [2023-10-14T08:38:25.374+0000] {manager.py:499} INFO - Created Permission View: %s
[2023-10-14T08:38:25.375+0000] {logging_mixin.py:151} INFO - [2023-10-14T08:38:25.375+0000] {dag.py:2941} INFO - Sync 1 DAGs
[2023-10-14T08:38:25.383+0000] {logging_mixin.py:151} INFO - [2023-10-14T08:38:25.383+0000] {dag.py:2963} INFO - Creating ORM DAG for example_nested_branch_dag
[2023-10-14T08:38:25.392+0000] {logging_mixin.py:151} INFO - [2023-10-14T08:38:25.392+0000] {dag.py:3722} INFO - Setting next_dagrun for example_nested_branch_dag to 2023-10-13T00:00:00+00:00, run_after=2023-10-14T00:00:00+00:00
[2023-10-14T08:38:25.440+0000] {processor.py:179} INFO - Processing /home/airflow/.local/lib/python3.8/site-packages/airflow/example_dags/example_nested_branch_dag.py took 0.198 seconds
[2023-10-14T08:38:56.003+0000] {processor.py:157} INFO - Started process (PID=105) to work on /home/airflow/.local/lib/python3.8/site-packages/airflow/example_dags/example_nested_branch_dag.py
[2023-10-14T08:38:56.004+0000] {processor.py:829} INFO - Processing file /home/airflow/.local/lib/python3.8/site-packages/airflow/example_dags/example_nested_branch_dag.py for tasks to queue
[2023-10-14T08:38:56.006+0000] {logging_mixin.py:151} INFO - [2023-10-14T08:38:56.005+0000] {dagbag.py:536} INFO - Filling up the DagBag from /home/airflow/.local/lib/python3.8/site-packages/airflow/example_dags/example_nested_branch_dag.py
[2023-10-14T08:38:56.012+0000] {processor.py:839} INFO - DAG(s) dict_keys(['example_nested_branch_dag']) retrieved from /home/airflow/.local/lib/python3.8/site-packages/airflow/example_dags/example_nested_branch_dag.py
[2023-10-14T08:38:56.028+0000] {logging_mixin.py:151} INFO - [2023-10-14T08:38:56.027+0000] {dag.py:2941} INFO - Sync 1 DAGs
[2023-10-14T08:38:56.040+0000] {logging_mixin.py:151} INFO - [2023-10-14T08:38:56.040+0000] {dag.py:3722} INFO - Setting next_dagrun for example_nested_branch_dag to 2023-10-13T00:00:00+00:00, run_after=2023-10-14T00:00:00+00:00
[2023-10-14T08:38:56.049+0000] {processor.py:179} INFO - Processing /home/airflow/.local/lib/python3.8/site-packages/airflow/example_dags/example_nested_branch_dag.py took 0.048 seconds
[2023-10-14T08:39:26.411+0000] {processor.py:157} INFO - Started process (PID=161) to work on /home/airflow/.local/lib/python3.8/site-packages/airflow/example_dags/example_nested_branch_dag.py
[2023-10-14T08:39:26.412+0000] {processor.py:829} INFO - Processing file /home/airflow/.local/lib/python3.8/site-packages/airflow/example_dags/example_nested_branch_dag.py for tasks to queue
[2023-10-14T08:39:26.413+0000] {logging_mixin.py:151} INFO - [2023-10-14T08:39:26.413+0000] {dagbag.py:536} INFO - Filling up the DagBag from /home/airflow/.local/lib/python3.8/site-packages/airflow/example_dags/example_nested_branch_dag.py
[2023-10-14T08:39:26.420+0000] {processor.py:839} INFO - DAG(s) dict_keys(['example_nested_branch_dag']) retrieved from /home/airflow/.local/lib/python3.8/site-packages/airflow/example_dags/example_nested_branch_dag.py
[2023-10-14T08:39:26.433+0000] {logging_mixin.py:151} INFO - [2023-10-14T08:39:26.433+0000] {dag.py:2941} INFO - Sync 1 DAGs
[2023-10-14T08:39:26.445+0000] {logging_mixin.py:151} INFO - [2023-10-14T08:39:26.445+0000] {dag.py:3722} INFO - Setting next_dagrun for example_nested_branch_dag to 2023-10-13T00:00:00+00:00, run_after=2023-10-14T00:00:00+00:00
[2023-10-14T08:39:26.455+0000] {processor.py:179} INFO - Processing /home/airflow/.local/lib/python3.8/site-packages/airflow/example_dags/example_nested_branch_dag.py took 0.046 seconds
[2023-10-14T08:39:56.543+0000] {processor.py:157} INFO - Started process (PID=217) to work on /home/airflow/.local/lib/python3.8/site-packages/airflow/example_dags/example_nested_branch_dag.py
[2023-10-14T08:39:56.543+0000] {processor.py:829} INFO - Processing file /home/airflow/.local/lib/python3.8/site-packages/airflow/example_dags/example_nested_branch_dag.py for tasks to queue
[2023-10-14T08:39:56.545+0000] {logging_mixin.py:151} INFO - [2023-10-14T08:39:56.545+0000] {dagbag.py:536} INFO - Filling up the DagBag from /home/airflow/.local/lib/python3.8/site-packages/airflow/example_dags/example_nested_branch_dag.py
[2023-10-14T08:39:56.551+0000] {processor.py:839} INFO - DAG(s) dict_keys(['example_nested_branch_dag']) retrieved from /home/airflow/.local/lib/python3.8/site-packages/airflow/example_dags/example_nested_branch_dag.py
[2023-10-14T08:39:56.566+0000] {logging_mixin.py:151} INFO - [2023-10-14T08:39:56.565+0000] {dag.py:2941} INFO - Sync 1 DAGs
[2023-10-14T08:39:56.577+0000] {logging_mixin.py:151} INFO - [2023-10-14T08:39:56.577+0000] {dag.py:3722} INFO - Setting next_dagrun for example_nested_branch_dag to 2023-10-13T00:00:00+00:00, run_after=2023-10-14T00:00:00+00:00
[2023-10-14T08:39:56.587+0000] {processor.py:179} INFO - Processing /home/airflow/.local/lib/python3.8/site-packages/airflow/example_dags/example_nested_branch_dag.py took 0.046 seconds
[2023-10-14T08:40:26.683+0000] {processor.py:157} INFO - Started process (PID=281) to work on /home/airflow/.local/lib/python3.8/site-packages/airflow/example_dags/example_nested_branch_dag.py
[2023-10-14T08:40:26.683+0000] {processor.py:829} INFO - Processing file /home/airflow/.local/lib/python3.8/site-packages/airflow/example_dags/example_nested_branch_dag.py for tasks to queue
[2023-10-14T08:40:26.685+0000] {logging_mixin.py:151} INFO - [2023-10-14T08:40:26.685+0000] {dagbag.py:536} INFO - Filling up the DagBag from /home/airflow/.local/lib/python3.8/site-packages/airflow/example_dags/example_nested_branch_dag.py
[2023-10-14T08:40:26.691+0000] {processor.py:839} INFO - DAG(s) dict_keys(['example_nested_branch_dag']) retrieved from /home/airflow/.local/lib/python3.8/site-packages/airflow/example_dags/example_nested_branch_dag.py
[2023-10-14T08:40:26.706+0000] {logging_mixin.py:151} INFO - [2023-10-14T08:40:26.706+0000] {dag.py:2941} INFO - Sync 1 DAGs
[2023-10-14T08:40:26.719+0000] {logging_mixin.py:151} INFO - [2023-10-14T08:40:26.719+0000] {dag.py:3722} INFO - Setting next_dagrun for example_nested_branch_dag to 2023-10-13T00:00:00+00:00, run_after=2023-10-14T00:00:00+00:00
[2023-10-14T08:40:26.728+0000] {processor.py:179} INFO - Processing /home/airflow/.local/lib/python3.8/site-packages/airflow/example_dags/example_nested_branch_dag.py took 0.048 seconds
[2023-10-14T08:40:56.947+0000] {processor.py:157} INFO - Started process (PID=337) to work on /home/airflow/.local/lib/python3.8/site-packages/airflow/example_dags/example_nested_branch_dag.py
[2023-10-14T08:40:56.948+0000] {processor.py:829} INFO - Processing file /home/airflow/.local/lib/python3.8/site-packages/airflow/example_dags/example_nested_branch_dag.py for tasks to queue
[2023-10-14T08:40:56.950+0000] {logging_mixin.py:151} INFO - [2023-10-14T08:40:56.950+0000] {dagbag.py:536} INFO - Filling up the DagBag from /home/airflow/.local/lib/python3.8/site-packages/airflow/example_dags/example_nested_branch_dag.py
[2023-10-14T08:40:56.956+0000] {processor.py:839} INFO - DAG(s) dict_keys(['example_nested_branch_dag']) retrieved from /home/airflow/.local/lib/python3.8/site-packages/airflow/example_dags/example_nested_branch_dag.py
[2023-10-14T08:40:56.970+0000] {logging_mixin.py:151} INFO - [2023-10-14T08:40:56.970+0000] {dag.py:2941} INFO - Sync 1 DAGs
[2023-10-14T08:40:56.983+0000] {logging_mixin.py:151} INFO - [2023-10-14T08:40:56.983+0000] {dag.py:3722} INFO - Setting next_dagrun for example_nested_branch_dag to 2023-10-13T00:00:00+00:00, run_after=2023-10-14T00:00:00+00:00
[2023-10-14T08:40:56.992+0000] {processor.py:179} INFO - Processing /home/airflow/.local/lib/python3.8/site-packages/airflow/example_dags/example_nested_branch_dag.py took 0.047 seconds
[2023-10-14T08:41:27.080+0000] {processor.py:157} INFO - Started process (PID=393) to work on /home/airflow/.local/lib/python3.8/site-packages/airflow/example_dags/example_nested_branch_dag.py
[2023-10-14T08:41:27.081+0000] {processor.py:829} INFO - Processing file /home/airflow/.local/lib/python3.8/site-packages/airflow/example_dags/example_nested_branch_dag.py for tasks to queue
[2023-10-14T08:41:27.082+0000] {logging_mixin.py:151} INFO - [2023-10-14T08:41:27.082+0000] {dagbag.py:536} INFO - Filling up the DagBag from /home/airflow/.local/lib/python3.8/site-packages/airflow/example_dags/example_nested_branch_dag.py
[2023-10-14T08:41:27.088+0000] {processor.py:839} INFO - DAG(s) dict_keys(['example_nested_branch_dag']) retrieved from /home/airflow/.local/lib/python3.8/site-packages/airflow/example_dags/example_nested_branch_dag.py
[2023-10-14T08:41:27.100+0000] {logging_mixin.py:151} INFO - [2023-10-14T08:41:27.100+0000] {dag.py:2941} INFO - Sync 1 DAGs
[2023-10-14T08:41:27.111+0000] {logging_mixin.py:151} INFO - [2023-10-14T08:41:27.111+0000] {dag.py:3722} INFO - Setting next_dagrun for example_nested_branch_dag to 2023-10-13T00:00:00+00:00, run_after=2023-10-14T00:00:00+00:00
[2023-10-14T08:41:27.120+0000] {processor.py:179} INFO - Processing /home/airflow/.local/lib/python3.8/site-packages/airflow/example_dags/example_nested_branch_dag.py took 0.042 seconds
[2023-10-14T08:41:57.283+0000] {processor.py:157} INFO - Started process (PID=449) to work on /home/airflow/.local/lib/python3.8/site-packages/airflow/example_dags/example_nested_branch_dag.py
[2023-10-14T08:41:57.284+0000] {processor.py:829} INFO - Processing file /home/airflow/.local/lib/python3.8/site-packages/airflow/example_dags/example_nested_branch_dag.py for tasks to queue
[2023-10-14T08:41:57.285+0000] {logging_mixin.py:151} INFO - [2023-10-14T08:41:57.285+0000] {dagbag.py:536} INFO - Filling up the DagBag from /home/airflow/.local/lib/python3.8/site-packages/airflow/example_dags/example_nested_branch_dag.py
[2023-10-14T08:41:57.291+0000] {processor.py:839} INFO - DAG(s) dict_keys(['example_nested_branch_dag']) retrieved from /home/airflow/.local/lib/python3.8/site-packages/airflow/example_dags/example_nested_branch_dag.py
[2023-10-14T08:41:57.304+0000] {logging_mixin.py:151} INFO - [2023-10-14T08:41:57.304+0000] {dag.py:2941} INFO - Sync 1 DAGs
[2023-10-14T08:41:57.315+0000] {logging_mixin.py:151} INFO - [2023-10-14T08:41:57.315+0000] {dag.py:3722} INFO - Setting next_dagrun for example_nested_branch_dag to 2023-10-13T00:00:00+00:00, run_after=2023-10-14T00:00:00+00:00
[2023-10-14T08:41:57.324+0000] {processor.py:179} INFO - Processing /home/airflow/.local/lib/python3.8/site-packages/airflow/example_dags/example_nested_branch_dag.py took 0.043 seconds
[2023-10-14T08:42:27.602+0000] {processor.py:157} INFO - Started process (PID=505) to work on /home/airflow/.local/lib/python3.8/site-packages/airflow/example_dags/example_nested_branch_dag.py
[2023-10-14T08:42:27.603+0000] {processor.py:829} INFO - Processing file /home/airflow/.local/lib/python3.8/site-packages/airflow/example_dags/example_nested_branch_dag.py for tasks to queue
[2023-10-14T08:42:27.605+0000] {logging_mixin.py:151} INFO - [2023-10-14T08:42:27.605+0000] {dagbag.py:536} INFO - Filling up the DagBag from /home/airflow/.local/lib/python3.8/site-packages/airflow/example_dags/example_nested_branch_dag.py
[2023-10-14T08:42:27.611+0000] {processor.py:839} INFO - DAG(s) dict_keys(['example_nested_branch_dag']) retrieved from /home/airflow/.local/lib/python3.8/site-packages/airflow/example_dags/example_nested_branch_dag.py
[2023-10-14T08:42:27.626+0000] {logging_mixin.py:151} INFO - [2023-10-14T08:42:27.625+0000] {dag.py:2941} INFO - Sync 1 DAGs
[2023-10-14T08:42:27.638+0000] {logging_mixin.py:151} INFO - [2023-10-14T08:42:27.638+0000] {dag.py:3722} INFO - Setting next_dagrun for example_nested_branch_dag to 2023-10-13T00:00:00+00:00, run_after=2023-10-14T00:00:00+00:00
[2023-10-14T08:42:27.647+0000] {processor.py:179} INFO - Processing /home/airflow/.local/lib/python3.8/site-packages/airflow/example_dags/example_nested_branch_dag.py took 0.048 seconds
[2023-10-14T08:42:57.828+0000] {processor.py:157} INFO - Started process (PID=561) to work on /home/airflow/.local/lib/python3.8/site-packages/airflow/example_dags/example_nested_branch_dag.py
[2023-10-14T08:42:57.829+0000] {processor.py:829} INFO - Processing file /home/airflow/.local/lib/python3.8/site-packages/airflow/example_dags/example_nested_branch_dag.py for tasks to queue
[2023-10-14T08:42:57.831+0000] {logging_mixin.py:151} INFO - [2023-10-14T08:42:57.830+0000] {dagbag.py:536} INFO - Filling up the DagBag from /home/airflow/.local/lib/python3.8/site-packages/airflow/example_dags/example_nested_branch_dag.py
[2023-10-14T08:42:57.837+0000] {processor.py:839} INFO - DAG(s) dict_keys(['example_nested_branch_dag']) retrieved from /home/airflow/.local/lib/python3.8/site-packages/airflow/example_dags/example_nested_branch_dag.py
[2023-10-14T08:42:57.851+0000] {logging_mixin.py:151} INFO - [2023-10-14T08:42:57.851+0000] {dag.py:2941} INFO - Sync 1 DAGs
[2023-10-14T08:42:57.862+0000] {logging_mixin.py:151} INFO - [2023-10-14T08:42:57.862+0000] {dag.py:3722} INFO - Setting next_dagrun for example_nested_branch_dag to 2023-10-13T00:00:00+00:00, run_after=2023-10-14T00:00:00+00:00
[2023-10-14T08:42:57.873+0000] {processor.py:179} INFO - Processing /home/airflow/.local/lib/python3.8/site-packages/airflow/example_dags/example_nested_branch_dag.py took 0.046 seconds
