[2023-10-14T08:38:24.407+0000] {processor.py:157} INFO - Started process (PID=39) to work on /home/airflow/.local/lib/python3.8/site-packages/airflow/example_dags/example_setup_teardown_taskflow.py
[2023-10-14T08:38:24.408+0000] {processor.py:829} INFO - Processing file /home/airflow/.local/lib/python3.8/site-packages/airflow/example_dags/example_setup_teardown_taskflow.py for tasks to queue
[2023-10-14T08:38:24.409+0000] {logging_mixin.py:151} INFO - [2023-10-14T08:38:24.409+0000] {dagbag.py:536} INFO - Filling up the DagBag from /home/airflow/.local/lib/python3.8/site-packages/airflow/example_dags/example_setup_teardown_taskflow.py
[2023-10-14T08:38:24.416+0000] {processor.py:839} INFO - DAG(s) dict_keys(['example_setup_teardown_taskflow']) retrieved from /home/airflow/.local/lib/python3.8/site-packages/airflow/example_dags/example_setup_teardown_taskflow.py
[2023-10-14T08:38:24.514+0000] {logging_mixin.py:151} INFO - [2023-10-14T08:38:24.514+0000] {manager.py:499} INFO - Created Permission View: %s
[2023-10-14T08:38:24.519+0000] {logging_mixin.py:151} INFO - [2023-10-14T08:38:24.519+0000] {manager.py:499} INFO - Created Permission View: %s
[2023-10-14T08:38:24.522+0000] {logging_mixin.py:151} INFO - [2023-10-14T08:38:24.522+0000] {manager.py:499} INFO - Created Permission View: %s
[2023-10-14T08:38:24.523+0000] {logging_mixin.py:151} INFO - [2023-10-14T08:38:24.523+0000] {dag.py:2941} INFO - Sync 1 DAGs
[2023-10-14T08:38:24.528+0000] {logging_mixin.py:151} INFO - [2023-10-14T08:38:24.528+0000] {dag.py:2963} INFO - Creating ORM DAG for example_setup_teardown_taskflow
[2023-10-14T08:38:24.533+0000] {logging_mixin.py:151} INFO - [2023-10-14T08:38:24.533+0000] {dag.py:3722} INFO - Setting next_dagrun for example_setup_teardown_taskflow to 2023-10-13T08:38:24.533386+00:00, run_after=2023-10-14T08:38:24.533386+00:00
[2023-10-14T08:38:24.543+0000] {processor.py:179} INFO - Processing /home/airflow/.local/lib/python3.8/site-packages/airflow/example_dags/example_setup_teardown_taskflow.py took 0.139 seconds
[2023-10-14T08:38:54.616+0000] {processor.py:157} INFO - Started process (PID=97) to work on /home/airflow/.local/lib/python3.8/site-packages/airflow/example_dags/example_setup_teardown_taskflow.py
[2023-10-14T08:38:54.618+0000] {processor.py:829} INFO - Processing file /home/airflow/.local/lib/python3.8/site-packages/airflow/example_dags/example_setup_teardown_taskflow.py for tasks to queue
[2023-10-14T08:38:54.620+0000] {logging_mixin.py:151} INFO - [2023-10-14T08:38:54.620+0000] {dagbag.py:536} INFO - Filling up the DagBag from /home/airflow/.local/lib/python3.8/site-packages/airflow/example_dags/example_setup_teardown_taskflow.py
[2023-10-14T08:38:54.640+0000] {processor.py:839} INFO - DAG(s) dict_keys(['example_setup_teardown_taskflow']) retrieved from /home/airflow/.local/lib/python3.8/site-packages/airflow/example_dags/example_setup_teardown_taskflow.py
[2023-10-14T08:38:54.662+0000] {logging_mixin.py:151} INFO - [2023-10-14T08:38:54.661+0000] {dag.py:2941} INFO - Sync 1 DAGs
[2023-10-14T08:38:54.679+0000] {logging_mixin.py:151} INFO - [2023-10-14T08:38:54.679+0000] {dag.py:3722} INFO - Setting next_dagrun for example_setup_teardown_taskflow to 2023-10-13T08:38:54.679484+00:00, run_after=2023-10-14T08:38:54.679484+00:00
[2023-10-14T08:38:54.691+0000] {processor.py:179} INFO - Processing /home/airflow/.local/lib/python3.8/site-packages/airflow/example_dags/example_setup_teardown_taskflow.py took 0.083 seconds
[2023-10-14T08:39:25.059+0000] {processor.py:157} INFO - Started process (PID=153) to work on /home/airflow/.local/lib/python3.8/site-packages/airflow/example_dags/example_setup_teardown_taskflow.py
[2023-10-14T08:39:25.061+0000] {processor.py:829} INFO - Processing file /home/airflow/.local/lib/python3.8/site-packages/airflow/example_dags/example_setup_teardown_taskflow.py for tasks to queue
[2023-10-14T08:39:25.064+0000] {logging_mixin.py:151} INFO - [2023-10-14T08:39:25.063+0000] {dagbag.py:536} INFO - Filling up the DagBag from /home/airflow/.local/lib/python3.8/site-packages/airflow/example_dags/example_setup_teardown_taskflow.py
[2023-10-14T08:39:25.073+0000] {processor.py:839} INFO - DAG(s) dict_keys(['example_setup_teardown_taskflow']) retrieved from /home/airflow/.local/lib/python3.8/site-packages/airflow/example_dags/example_setup_teardown_taskflow.py
[2023-10-14T08:39:25.090+0000] {logging_mixin.py:151} INFO - [2023-10-14T08:39:25.090+0000] {dag.py:2941} INFO - Sync 1 DAGs
[2023-10-14T08:39:25.103+0000] {logging_mixin.py:151} INFO - [2023-10-14T08:39:25.102+0000] {dag.py:3722} INFO - Setting next_dagrun for example_setup_teardown_taskflow to 2023-10-13T08:39:25.102760+00:00, run_after=2023-10-14T08:39:25.102760+00:00
[2023-10-14T08:39:25.113+0000] {processor.py:179} INFO - Processing /home/airflow/.local/lib/python3.8/site-packages/airflow/example_dags/example_setup_teardown_taskflow.py took 0.057 seconds
[2023-10-14T08:39:55.217+0000] {processor.py:157} INFO - Started process (PID=209) to work on /home/airflow/.local/lib/python3.8/site-packages/airflow/example_dags/example_setup_teardown_taskflow.py
[2023-10-14T08:39:55.218+0000] {processor.py:829} INFO - Processing file /home/airflow/.local/lib/python3.8/site-packages/airflow/example_dags/example_setup_teardown_taskflow.py for tasks to queue
[2023-10-14T08:39:55.220+0000] {logging_mixin.py:151} INFO - [2023-10-14T08:39:55.220+0000] {dagbag.py:536} INFO - Filling up the DagBag from /home/airflow/.local/lib/python3.8/site-packages/airflow/example_dags/example_setup_teardown_taskflow.py
[2023-10-14T08:39:55.227+0000] {processor.py:839} INFO - DAG(s) dict_keys(['example_setup_teardown_taskflow']) retrieved from /home/airflow/.local/lib/python3.8/site-packages/airflow/example_dags/example_setup_teardown_taskflow.py
[2023-10-14T08:39:55.242+0000] {logging_mixin.py:151} INFO - [2023-10-14T08:39:55.242+0000] {dag.py:2941} INFO - Sync 1 DAGs
[2023-10-14T08:39:55.254+0000] {logging_mixin.py:151} INFO - [2023-10-14T08:39:55.254+0000] {dag.py:3722} INFO - Setting next_dagrun for example_setup_teardown_taskflow to 2023-10-13T08:39:55.254626+00:00, run_after=2023-10-14T08:39:55.254626+00:00
[2023-10-14T08:39:55.263+0000] {processor.py:179} INFO - Processing /home/airflow/.local/lib/python3.8/site-packages/airflow/example_dags/example_setup_teardown_taskflow.py took 0.049 seconds
[2023-10-14T08:40:26.263+0000] {processor.py:157} INFO - Started process (PID=273) to work on /home/airflow/.local/lib/python3.8/site-packages/airflow/example_dags/example_setup_teardown_taskflow.py
[2023-10-14T08:40:26.264+0000] {processor.py:829} INFO - Processing file /home/airflow/.local/lib/python3.8/site-packages/airflow/example_dags/example_setup_teardown_taskflow.py for tasks to queue
[2023-10-14T08:40:26.266+0000] {logging_mixin.py:151} INFO - [2023-10-14T08:40:26.266+0000] {dagbag.py:536} INFO - Filling up the DagBag from /home/airflow/.local/lib/python3.8/site-packages/airflow/example_dags/example_setup_teardown_taskflow.py
[2023-10-14T08:40:26.276+0000] {processor.py:839} INFO - DAG(s) dict_keys(['example_setup_teardown_taskflow']) retrieved from /home/airflow/.local/lib/python3.8/site-packages/airflow/example_dags/example_setup_teardown_taskflow.py
[2023-10-14T08:40:26.294+0000] {logging_mixin.py:151} INFO - [2023-10-14T08:40:26.293+0000] {dag.py:2941} INFO - Sync 1 DAGs
[2023-10-14T08:40:26.312+0000] {logging_mixin.py:151} INFO - [2023-10-14T08:40:26.311+0000] {dag.py:3722} INFO - Setting next_dagrun for example_setup_teardown_taskflow to 2023-10-13T08:40:26.311263+00:00, run_after=2023-10-14T08:40:26.311263+00:00
[2023-10-14T08:40:26.323+0000] {processor.py:179} INFO - Processing /home/airflow/.local/lib/python3.8/site-packages/airflow/example_dags/example_setup_teardown_taskflow.py took 0.064 seconds
[2023-10-14T08:40:56.603+0000] {processor.py:157} INFO - Started process (PID=329) to work on /home/airflow/.local/lib/python3.8/site-packages/airflow/example_dags/example_setup_teardown_taskflow.py
[2023-10-14T08:40:56.604+0000] {processor.py:829} INFO - Processing file /home/airflow/.local/lib/python3.8/site-packages/airflow/example_dags/example_setup_teardown_taskflow.py for tasks to queue
[2023-10-14T08:40:56.606+0000] {logging_mixin.py:151} INFO - [2023-10-14T08:40:56.606+0000] {dagbag.py:536} INFO - Filling up the DagBag from /home/airflow/.local/lib/python3.8/site-packages/airflow/example_dags/example_setup_teardown_taskflow.py
[2023-10-14T08:40:56.613+0000] {processor.py:839} INFO - DAG(s) dict_keys(['example_setup_teardown_taskflow']) retrieved from /home/airflow/.local/lib/python3.8/site-packages/airflow/example_dags/example_setup_teardown_taskflow.py
[2023-10-14T08:40:56.629+0000] {logging_mixin.py:151} INFO - [2023-10-14T08:40:56.628+0000] {dag.py:2941} INFO - Sync 1 DAGs
[2023-10-14T08:40:56.641+0000] {logging_mixin.py:151} INFO - [2023-10-14T08:40:56.641+0000] {dag.py:3722} INFO - Setting next_dagrun for example_setup_teardown_taskflow to 2023-10-13T08:40:56.640845+00:00, run_after=2023-10-14T08:40:56.640845+00:00
[2023-10-14T08:40:56.650+0000] {processor.py:179} INFO - Processing /home/airflow/.local/lib/python3.8/site-packages/airflow/example_dags/example_setup_teardown_taskflow.py took 0.050 seconds
[2023-10-14T08:41:26.740+0000] {processor.py:157} INFO - Started process (PID=385) to work on /home/airflow/.local/lib/python3.8/site-packages/airflow/example_dags/example_setup_teardown_taskflow.py
[2023-10-14T08:41:26.741+0000] {processor.py:829} INFO - Processing file /home/airflow/.local/lib/python3.8/site-packages/airflow/example_dags/example_setup_teardown_taskflow.py for tasks to queue
[2023-10-14T08:41:26.743+0000] {logging_mixin.py:151} INFO - [2023-10-14T08:41:26.743+0000] {dagbag.py:536} INFO - Filling up the DagBag from /home/airflow/.local/lib/python3.8/site-packages/airflow/example_dags/example_setup_teardown_taskflow.py
[2023-10-14T08:41:26.750+0000] {processor.py:839} INFO - DAG(s) dict_keys(['example_setup_teardown_taskflow']) retrieved from /home/airflow/.local/lib/python3.8/site-packages/airflow/example_dags/example_setup_teardown_taskflow.py
[2023-10-14T08:41:26.767+0000] {logging_mixin.py:151} INFO - [2023-10-14T08:41:26.767+0000] {dag.py:2941} INFO - Sync 1 DAGs
[2023-10-14T08:41:26.779+0000] {logging_mixin.py:151} INFO - [2023-10-14T08:41:26.779+0000] {dag.py:3722} INFO - Setting next_dagrun for example_setup_teardown_taskflow to 2023-10-13T08:41:26.779511+00:00, run_after=2023-10-14T08:41:26.779511+00:00
[2023-10-14T08:41:26.789+0000] {processor.py:179} INFO - Processing /home/airflow/.local/lib/python3.8/site-packages/airflow/example_dags/example_setup_teardown_taskflow.py took 0.052 seconds
[2023-10-14T08:41:56.985+0000] {processor.py:157} INFO - Started process (PID=441) to work on /home/airflow/.local/lib/python3.8/site-packages/airflow/example_dags/example_setup_teardown_taskflow.py
[2023-10-14T08:41:56.986+0000] {processor.py:829} INFO - Processing file /home/airflow/.local/lib/python3.8/site-packages/airflow/example_dags/example_setup_teardown_taskflow.py for tasks to queue
[2023-10-14T08:41:56.988+0000] {logging_mixin.py:151} INFO - [2023-10-14T08:41:56.988+0000] {dagbag.py:536} INFO - Filling up the DagBag from /home/airflow/.local/lib/python3.8/site-packages/airflow/example_dags/example_setup_teardown_taskflow.py
[2023-10-14T08:41:56.996+0000] {processor.py:839} INFO - DAG(s) dict_keys(['example_setup_teardown_taskflow']) retrieved from /home/airflow/.local/lib/python3.8/site-packages/airflow/example_dags/example_setup_teardown_taskflow.py
[2023-10-14T08:41:57.012+0000] {logging_mixin.py:151} INFO - [2023-10-14T08:41:57.012+0000] {dag.py:2941} INFO - Sync 1 DAGs
[2023-10-14T08:41:57.024+0000] {logging_mixin.py:151} INFO - [2023-10-14T08:41:57.024+0000] {dag.py:3722} INFO - Setting next_dagrun for example_setup_teardown_taskflow to 2023-10-13T08:41:57.024089+00:00, run_after=2023-10-14T08:41:57.024089+00:00
[2023-10-14T08:41:57.042+0000] {processor.py:179} INFO - Processing /home/airflow/.local/lib/python3.8/site-packages/airflow/example_dags/example_setup_teardown_taskflow.py took 0.060 seconds
[2023-10-14T08:42:27.240+0000] {processor.py:157} INFO - Started process (PID=497) to work on /home/airflow/.local/lib/python3.8/site-packages/airflow/example_dags/example_setup_teardown_taskflow.py
[2023-10-14T08:42:27.241+0000] {processor.py:829} INFO - Processing file /home/airflow/.local/lib/python3.8/site-packages/airflow/example_dags/example_setup_teardown_taskflow.py for tasks to queue
[2023-10-14T08:42:27.244+0000] {logging_mixin.py:151} INFO - [2023-10-14T08:42:27.244+0000] {dagbag.py:536} INFO - Filling up the DagBag from /home/airflow/.local/lib/python3.8/site-packages/airflow/example_dags/example_setup_teardown_taskflow.py
[2023-10-14T08:42:27.254+0000] {processor.py:839} INFO - DAG(s) dict_keys(['example_setup_teardown_taskflow']) retrieved from /home/airflow/.local/lib/python3.8/site-packages/airflow/example_dags/example_setup_teardown_taskflow.py
[2023-10-14T08:42:27.274+0000] {logging_mixin.py:151} INFO - [2023-10-14T08:42:27.273+0000] {dag.py:2941} INFO - Sync 1 DAGs
[2023-10-14T08:42:27.287+0000] {logging_mixin.py:151} INFO - [2023-10-14T08:42:27.287+0000] {dag.py:3722} INFO - Setting next_dagrun for example_setup_teardown_taskflow to 2023-10-13T08:42:27.287519+00:00, run_after=2023-10-14T08:42:27.287519+00:00
[2023-10-14T08:42:27.297+0000] {processor.py:179} INFO - Processing /home/airflow/.local/lib/python3.8/site-packages/airflow/example_dags/example_setup_teardown_taskflow.py took 0.062 seconds
[2023-10-14T08:42:57.519+0000] {processor.py:157} INFO - Started process (PID=553) to work on /home/airflow/.local/lib/python3.8/site-packages/airflow/example_dags/example_setup_teardown_taskflow.py
[2023-10-14T08:42:57.520+0000] {processor.py:829} INFO - Processing file /home/airflow/.local/lib/python3.8/site-packages/airflow/example_dags/example_setup_teardown_taskflow.py for tasks to queue
[2023-10-14T08:42:57.522+0000] {logging_mixin.py:151} INFO - [2023-10-14T08:42:57.522+0000] {dagbag.py:536} INFO - Filling up the DagBag from /home/airflow/.local/lib/python3.8/site-packages/airflow/example_dags/example_setup_teardown_taskflow.py
[2023-10-14T08:42:57.531+0000] {processor.py:839} INFO - DAG(s) dict_keys(['example_setup_teardown_taskflow']) retrieved from /home/airflow/.local/lib/python3.8/site-packages/airflow/example_dags/example_setup_teardown_taskflow.py
[2023-10-14T08:42:57.549+0000] {logging_mixin.py:151} INFO - [2023-10-14T08:42:57.548+0000] {dag.py:2941} INFO - Sync 1 DAGs
[2023-10-14T08:42:57.561+0000] {logging_mixin.py:151} INFO - [2023-10-14T08:42:57.561+0000] {dag.py:3722} INFO - Setting next_dagrun for example_setup_teardown_taskflow to 2023-10-13T08:42:57.561137+00:00, run_after=2023-10-14T08:42:57.561137+00:00
[2023-10-14T08:42:57.572+0000] {processor.py:179} INFO - Processing /home/airflow/.local/lib/python3.8/site-packages/airflow/example_dags/example_setup_teardown_taskflow.py took 0.056 seconds
