[2023-10-14T08:38:24.827+0000] {processor.py:157} INFO - Started process (PID=43) to work on /home/airflow/.local/lib/python3.8/site-packages/airflow/example_dags/example_bash_operator.py
[2023-10-14T08:38:24.828+0000] {processor.py:829} INFO - Processing file /home/airflow/.local/lib/python3.8/site-packages/airflow/example_dags/example_bash_operator.py for tasks to queue
[2023-10-14T08:38:24.830+0000] {logging_mixin.py:151} INFO - [2023-10-14T08:38:24.830+0000] {dagbag.py:536} INFO - Filling up the DagBag from /home/airflow/.local/lib/python3.8/site-packages/airflow/example_dags/example_bash_operator.py
[2023-10-14T08:38:24.839+0000] {processor.py:839} INFO - DAG(s) dict_keys(['example_bash_operator']) retrieved from /home/airflow/.local/lib/python3.8/site-packages/airflow/example_dags/example_bash_operator.py
[2023-10-14T08:38:24.906+0000] {logging_mixin.py:151} INFO - [2023-10-14T08:38:24.906+0000] {manager.py:499} INFO - Created Permission View: %s
[2023-10-14T08:38:24.911+0000] {logging_mixin.py:151} INFO - [2023-10-14T08:38:24.911+0000] {manager.py:499} INFO - Created Permission View: %s
[2023-10-14T08:38:24.915+0000] {logging_mixin.py:151} INFO - [2023-10-14T08:38:24.915+0000] {manager.py:499} INFO - Created Permission View: %s
[2023-10-14T08:38:24.915+0000] {logging_mixin.py:151} INFO - [2023-10-14T08:38:24.915+0000] {dag.py:2941} INFO - Sync 1 DAGs
[2023-10-14T08:38:24.921+0000] {logging_mixin.py:151} INFO - [2023-10-14T08:38:24.921+0000] {dag.py:2963} INFO - Creating ORM DAG for example_bash_operator
[2023-10-14T08:38:24.928+0000] {logging_mixin.py:151} INFO - [2023-10-14T08:38:24.928+0000] {dag.py:3722} INFO - Setting next_dagrun for example_bash_operator to 2023-10-13T00:00:00+00:00, run_after=2023-10-14T00:00:00+00:00
[2023-10-14T08:38:24.939+0000] {processor.py:179} INFO - Processing /home/airflow/.local/lib/python3.8/site-packages/airflow/example_dags/example_bash_operator.py took 0.115 seconds
[2023-10-14T08:38:55.825+0000] {processor.py:157} INFO - Started process (PID=101) to work on /home/airflow/.local/lib/python3.8/site-packages/airflow/example_dags/example_bash_operator.py
[2023-10-14T08:38:55.826+0000] {processor.py:829} INFO - Processing file /home/airflow/.local/lib/python3.8/site-packages/airflow/example_dags/example_bash_operator.py for tasks to queue
[2023-10-14T08:38:55.827+0000] {logging_mixin.py:151} INFO - [2023-10-14T08:38:55.827+0000] {dagbag.py:536} INFO - Filling up the DagBag from /home/airflow/.local/lib/python3.8/site-packages/airflow/example_dags/example_bash_operator.py
[2023-10-14T08:38:55.835+0000] {processor.py:839} INFO - DAG(s) dict_keys(['example_bash_operator']) retrieved from /home/airflow/.local/lib/python3.8/site-packages/airflow/example_dags/example_bash_operator.py
[2023-10-14T08:38:55.852+0000] {logging_mixin.py:151} INFO - [2023-10-14T08:38:55.852+0000] {dag.py:2941} INFO - Sync 1 DAGs
[2023-10-14T08:38:55.863+0000] {logging_mixin.py:151} INFO - [2023-10-14T08:38:55.863+0000] {dag.py:3722} INFO - Setting next_dagrun for example_bash_operator to 2023-10-13T00:00:00+00:00, run_after=2023-10-14T00:00:00+00:00
[2023-10-14T08:38:55.871+0000] {processor.py:179} INFO - Processing /home/airflow/.local/lib/python3.8/site-packages/airflow/example_dags/example_bash_operator.py took 0.048 seconds
[2023-10-14T08:39:26.237+0000] {processor.py:157} INFO - Started process (PID=157) to work on /home/airflow/.local/lib/python3.8/site-packages/airflow/example_dags/example_bash_operator.py
[2023-10-14T08:39:26.237+0000] {processor.py:829} INFO - Processing file /home/airflow/.local/lib/python3.8/site-packages/airflow/example_dags/example_bash_operator.py for tasks to queue
[2023-10-14T08:39:26.239+0000] {logging_mixin.py:151} INFO - [2023-10-14T08:39:26.239+0000] {dagbag.py:536} INFO - Filling up the DagBag from /home/airflow/.local/lib/python3.8/site-packages/airflow/example_dags/example_bash_operator.py
[2023-10-14T08:39:26.246+0000] {processor.py:839} INFO - DAG(s) dict_keys(['example_bash_operator']) retrieved from /home/airflow/.local/lib/python3.8/site-packages/airflow/example_dags/example_bash_operator.py
[2023-10-14T08:39:26.262+0000] {logging_mixin.py:151} INFO - [2023-10-14T08:39:26.262+0000] {dag.py:2941} INFO - Sync 1 DAGs
[2023-10-14T08:39:26.274+0000] {logging_mixin.py:151} INFO - [2023-10-14T08:39:26.273+0000] {dag.py:3722} INFO - Setting next_dagrun for example_bash_operator to 2023-10-13T00:00:00+00:00, run_after=2023-10-14T00:00:00+00:00
[2023-10-14T08:39:26.282+0000] {processor.py:179} INFO - Processing /home/airflow/.local/lib/python3.8/site-packages/airflow/example_dags/example_bash_operator.py took 0.048 seconds
[2023-10-14T08:39:56.363+0000] {processor.py:157} INFO - Started process (PID=213) to work on /home/airflow/.local/lib/python3.8/site-packages/airflow/example_dags/example_bash_operator.py
[2023-10-14T08:39:56.364+0000] {processor.py:829} INFO - Processing file /home/airflow/.local/lib/python3.8/site-packages/airflow/example_dags/example_bash_operator.py for tasks to queue
[2023-10-14T08:39:56.365+0000] {logging_mixin.py:151} INFO - [2023-10-14T08:39:56.365+0000] {dagbag.py:536} INFO - Filling up the DagBag from /home/airflow/.local/lib/python3.8/site-packages/airflow/example_dags/example_bash_operator.py
[2023-10-14T08:39:56.372+0000] {processor.py:839} INFO - DAG(s) dict_keys(['example_bash_operator']) retrieved from /home/airflow/.local/lib/python3.8/site-packages/airflow/example_dags/example_bash_operator.py
[2023-10-14T08:39:56.389+0000] {logging_mixin.py:151} INFO - [2023-10-14T08:39:56.388+0000] {dag.py:2941} INFO - Sync 1 DAGs
[2023-10-14T08:39:56.400+0000] {logging_mixin.py:151} INFO - [2023-10-14T08:39:56.400+0000] {dag.py:3722} INFO - Setting next_dagrun for example_bash_operator to 2023-10-13T00:00:00+00:00, run_after=2023-10-14T00:00:00+00:00
[2023-10-14T08:39:56.408+0000] {processor.py:179} INFO - Processing /home/airflow/.local/lib/python3.8/site-packages/airflow/example_dags/example_bash_operator.py took 0.047 seconds
[2023-10-14T08:40:26.487+0000] {processor.py:157} INFO - Started process (PID=277) to work on /home/airflow/.local/lib/python3.8/site-packages/airflow/example_dags/example_bash_operator.py
[2023-10-14T08:40:26.488+0000] {processor.py:829} INFO - Processing file /home/airflow/.local/lib/python3.8/site-packages/airflow/example_dags/example_bash_operator.py for tasks to queue
[2023-10-14T08:40:26.489+0000] {logging_mixin.py:151} INFO - [2023-10-14T08:40:26.489+0000] {dagbag.py:536} INFO - Filling up the DagBag from /home/airflow/.local/lib/python3.8/site-packages/airflow/example_dags/example_bash_operator.py
[2023-10-14T08:40:26.497+0000] {processor.py:839} INFO - DAG(s) dict_keys(['example_bash_operator']) retrieved from /home/airflow/.local/lib/python3.8/site-packages/airflow/example_dags/example_bash_operator.py
[2023-10-14T08:40:26.516+0000] {logging_mixin.py:151} INFO - [2023-10-14T08:40:26.516+0000] {dag.py:2941} INFO - Sync 1 DAGs
[2023-10-14T08:40:26.529+0000] {logging_mixin.py:151} INFO - [2023-10-14T08:40:26.529+0000] {dag.py:3722} INFO - Setting next_dagrun for example_bash_operator to 2023-10-13T00:00:00+00:00, run_after=2023-10-14T00:00:00+00:00
[2023-10-14T08:40:26.540+0000] {processor.py:179} INFO - Processing /home/airflow/.local/lib/python3.8/site-packages/airflow/example_dags/example_bash_operator.py took 0.055 seconds
[2023-10-14T08:40:56.774+0000] {processor.py:157} INFO - Started process (PID=333) to work on /home/airflow/.local/lib/python3.8/site-packages/airflow/example_dags/example_bash_operator.py
[2023-10-14T08:40:56.775+0000] {processor.py:829} INFO - Processing file /home/airflow/.local/lib/python3.8/site-packages/airflow/example_dags/example_bash_operator.py for tasks to queue
[2023-10-14T08:40:56.776+0000] {logging_mixin.py:151} INFO - [2023-10-14T08:40:56.776+0000] {dagbag.py:536} INFO - Filling up the DagBag from /home/airflow/.local/lib/python3.8/site-packages/airflow/example_dags/example_bash_operator.py
[2023-10-14T08:40:56.784+0000] {processor.py:839} INFO - DAG(s) dict_keys(['example_bash_operator']) retrieved from /home/airflow/.local/lib/python3.8/site-packages/airflow/example_dags/example_bash_operator.py
[2023-10-14T08:40:56.800+0000] {logging_mixin.py:151} INFO - [2023-10-14T08:40:56.799+0000] {dag.py:2941} INFO - Sync 1 DAGs
[2023-10-14T08:40:56.811+0000] {logging_mixin.py:151} INFO - [2023-10-14T08:40:56.811+0000] {dag.py:3722} INFO - Setting next_dagrun for example_bash_operator to 2023-10-13T00:00:00+00:00, run_after=2023-10-14T00:00:00+00:00
[2023-10-14T08:40:56.819+0000] {processor.py:179} INFO - Processing /home/airflow/.local/lib/python3.8/site-packages/airflow/example_dags/example_bash_operator.py took 0.047 seconds
[2023-10-14T08:41:26.912+0000] {processor.py:157} INFO - Started process (PID=389) to work on /home/airflow/.local/lib/python3.8/site-packages/airflow/example_dags/example_bash_operator.py
[2023-10-14T08:41:26.913+0000] {processor.py:829} INFO - Processing file /home/airflow/.local/lib/python3.8/site-packages/airflow/example_dags/example_bash_operator.py for tasks to queue
[2023-10-14T08:41:26.914+0000] {logging_mixin.py:151} INFO - [2023-10-14T08:41:26.914+0000] {dagbag.py:536} INFO - Filling up the DagBag from /home/airflow/.local/lib/python3.8/site-packages/airflow/example_dags/example_bash_operator.py
[2023-10-14T08:41:26.921+0000] {processor.py:839} INFO - DAG(s) dict_keys(['example_bash_operator']) retrieved from /home/airflow/.local/lib/python3.8/site-packages/airflow/example_dags/example_bash_operator.py
[2023-10-14T08:41:26.936+0000] {logging_mixin.py:151} INFO - [2023-10-14T08:41:26.936+0000] {dag.py:2941} INFO - Sync 1 DAGs
[2023-10-14T08:41:26.947+0000] {logging_mixin.py:151} INFO - [2023-10-14T08:41:26.947+0000] {dag.py:3722} INFO - Setting next_dagrun for example_bash_operator to 2023-10-13T00:00:00+00:00, run_after=2023-10-14T00:00:00+00:00
[2023-10-14T08:41:26.956+0000] {processor.py:179} INFO - Processing /home/airflow/.local/lib/python3.8/site-packages/airflow/example_dags/example_bash_operator.py took 0.046 seconds
[2023-10-14T08:41:57.163+0000] {processor.py:157} INFO - Started process (PID=445) to work on /home/airflow/.local/lib/python3.8/site-packages/airflow/example_dags/example_bash_operator.py
[2023-10-14T08:41:57.164+0000] {processor.py:829} INFO - Processing file /home/airflow/.local/lib/python3.8/site-packages/airflow/example_dags/example_bash_operator.py for tasks to queue
[2023-10-14T08:41:57.166+0000] {logging_mixin.py:151} INFO - [2023-10-14T08:41:57.166+0000] {dagbag.py:536} INFO - Filling up the DagBag from /home/airflow/.local/lib/python3.8/site-packages/airflow/example_dags/example_bash_operator.py
[2023-10-14T08:41:57.174+0000] {processor.py:839} INFO - DAG(s) dict_keys(['example_bash_operator']) retrieved from /home/airflow/.local/lib/python3.8/site-packages/airflow/example_dags/example_bash_operator.py
[2023-10-14T08:41:57.190+0000] {logging_mixin.py:151} INFO - [2023-10-14T08:41:57.190+0000] {dag.py:2941} INFO - Sync 1 DAGs
[2023-10-14T08:41:57.201+0000] {logging_mixin.py:151} INFO - [2023-10-14T08:41:57.201+0000] {dag.py:3722} INFO - Setting next_dagrun for example_bash_operator to 2023-10-13T00:00:00+00:00, run_after=2023-10-14T00:00:00+00:00
[2023-10-14T08:41:57.210+0000] {processor.py:179} INFO - Processing /home/airflow/.local/lib/python3.8/site-packages/airflow/example_dags/example_bash_operator.py took 0.049 seconds
[2023-10-14T08:42:27.420+0000] {processor.py:157} INFO - Started process (PID=501) to work on /home/airflow/.local/lib/python3.8/site-packages/airflow/example_dags/example_bash_operator.py
[2023-10-14T08:42:27.421+0000] {processor.py:829} INFO - Processing file /home/airflow/.local/lib/python3.8/site-packages/airflow/example_dags/example_bash_operator.py for tasks to queue
[2023-10-14T08:42:27.423+0000] {logging_mixin.py:151} INFO - [2023-10-14T08:42:27.422+0000] {dagbag.py:536} INFO - Filling up the DagBag from /home/airflow/.local/lib/python3.8/site-packages/airflow/example_dags/example_bash_operator.py
[2023-10-14T08:42:27.430+0000] {processor.py:839} INFO - DAG(s) dict_keys(['example_bash_operator']) retrieved from /home/airflow/.local/lib/python3.8/site-packages/airflow/example_dags/example_bash_operator.py
[2023-10-14T08:42:27.446+0000] {logging_mixin.py:151} INFO - [2023-10-14T08:42:27.446+0000] {dag.py:2941} INFO - Sync 1 DAGs
[2023-10-14T08:42:27.457+0000] {logging_mixin.py:151} INFO - [2023-10-14T08:42:27.457+0000] {dag.py:3722} INFO - Setting next_dagrun for example_bash_operator to 2023-10-13T00:00:00+00:00, run_after=2023-10-14T00:00:00+00:00
[2023-10-14T08:42:27.466+0000] {processor.py:179} INFO - Processing /home/airflow/.local/lib/python3.8/site-packages/airflow/example_dags/example_bash_operator.py took 0.048 seconds
[2023-10-14T08:42:57.698+0000] {processor.py:157} INFO - Started process (PID=557) to work on /home/airflow/.local/lib/python3.8/site-packages/airflow/example_dags/example_bash_operator.py
[2023-10-14T08:42:57.698+0000] {processor.py:829} INFO - Processing file /home/airflow/.local/lib/python3.8/site-packages/airflow/example_dags/example_bash_operator.py for tasks to queue
[2023-10-14T08:42:57.700+0000] {logging_mixin.py:151} INFO - [2023-10-14T08:42:57.700+0000] {dagbag.py:536} INFO - Filling up the DagBag from /home/airflow/.local/lib/python3.8/site-packages/airflow/example_dags/example_bash_operator.py
[2023-10-14T08:42:57.707+0000] {processor.py:839} INFO - DAG(s) dict_keys(['example_bash_operator']) retrieved from /home/airflow/.local/lib/python3.8/site-packages/airflow/example_dags/example_bash_operator.py
[2023-10-14T08:42:57.724+0000] {logging_mixin.py:151} INFO - [2023-10-14T08:42:57.724+0000] {dag.py:2941} INFO - Sync 1 DAGs
[2023-10-14T08:42:57.738+0000] {logging_mixin.py:151} INFO - [2023-10-14T08:42:57.737+0000] {dag.py:3722} INFO - Setting next_dagrun for example_bash_operator to 2023-10-13T00:00:00+00:00, run_after=2023-10-14T00:00:00+00:00
[2023-10-14T08:42:57.747+0000] {processor.py:179} INFO - Processing /home/airflow/.local/lib/python3.8/site-packages/airflow/example_dags/example_bash_operator.py took 0.051 seconds
