[2023-10-14T08:38:27.031+0000] {processor.py:157} INFO - Started process (PID=67) to work on /home/airflow/.local/lib/python3.8/site-packages/airflow/example_dags/tutorial_dag.py
[2023-10-14T08:38:27.032+0000] {processor.py:829} INFO - Processing file /home/airflow/.local/lib/python3.8/site-packages/airflow/example_dags/tutorial_dag.py for tasks to queue
[2023-10-14T08:38:27.033+0000] {logging_mixin.py:151} INFO - [2023-10-14T08:38:27.033+0000] {dagbag.py:536} INFO - Filling up the DagBag from /home/airflow/.local/lib/python3.8/site-packages/airflow/example_dags/tutorial_dag.py
[2023-10-14T08:38:27.038+0000] {processor.py:839} INFO - DAG(s) dict_keys(['tutorial_dag']) retrieved from /home/airflow/.local/lib/python3.8/site-packages/airflow/example_dags/tutorial_dag.py
[2023-10-14T08:38:27.091+0000] {logging_mixin.py:151} INFO - [2023-10-14T08:38:27.090+0000] {manager.py:499} INFO - Created Permission View: %s
[2023-10-14T08:38:27.095+0000] {logging_mixin.py:151} INFO - [2023-10-14T08:38:27.095+0000] {manager.py:499} INFO - Created Permission View: %s
[2023-10-14T08:38:27.098+0000] {logging_mixin.py:151} INFO - [2023-10-14T08:38:27.098+0000] {manager.py:499} INFO - Created Permission View: %s
[2023-10-14T08:38:27.098+0000] {logging_mixin.py:151} INFO - [2023-10-14T08:38:27.098+0000] {dag.py:2941} INFO - Sync 1 DAGs
[2023-10-14T08:38:27.105+0000] {logging_mixin.py:151} INFO - [2023-10-14T08:38:27.104+0000] {dag.py:2963} INFO - Creating ORM DAG for tutorial_dag
[2023-10-14T08:38:27.105+0000] {logging_mixin.py:151} INFO - [2023-10-14T08:38:27.105+0000] {dag.py:3722} INFO - Setting next_dagrun for tutorial_dag to None, run_after=None
[2023-10-14T08:38:27.114+0000] {processor.py:179} INFO - Processing /home/airflow/.local/lib/python3.8/site-packages/airflow/example_dags/tutorial_dag.py took 0.085 seconds
[2023-10-14T08:38:57.754+0000] {processor.py:157} INFO - Started process (PID=125) to work on /home/airflow/.local/lib/python3.8/site-packages/airflow/example_dags/tutorial_dag.py
[2023-10-14T08:38:57.755+0000] {processor.py:829} INFO - Processing file /home/airflow/.local/lib/python3.8/site-packages/airflow/example_dags/tutorial_dag.py for tasks to queue
[2023-10-14T08:38:57.757+0000] {logging_mixin.py:151} INFO - [2023-10-14T08:38:57.756+0000] {dagbag.py:536} INFO - Filling up the DagBag from /home/airflow/.local/lib/python3.8/site-packages/airflow/example_dags/tutorial_dag.py
[2023-10-14T08:38:57.761+0000] {processor.py:839} INFO - DAG(s) dict_keys(['tutorial_dag']) retrieved from /home/airflow/.local/lib/python3.8/site-packages/airflow/example_dags/tutorial_dag.py
[2023-10-14T08:38:57.780+0000] {logging_mixin.py:151} INFO - [2023-10-14T08:38:57.779+0000] {dag.py:2941} INFO - Sync 1 DAGs
[2023-10-14T08:38:57.790+0000] {logging_mixin.py:151} INFO - [2023-10-14T08:38:57.790+0000] {dag.py:3722} INFO - Setting next_dagrun for tutorial_dag to None, run_after=None
[2023-10-14T08:38:57.807+0000] {processor.py:179} INFO - Processing /home/airflow/.local/lib/python3.8/site-packages/airflow/example_dags/tutorial_dag.py took 0.055 seconds
[2023-10-14T08:39:28.202+0000] {processor.py:157} INFO - Started process (PID=181) to work on /home/airflow/.local/lib/python3.8/site-packages/airflow/example_dags/tutorial_dag.py
[2023-10-14T08:39:28.203+0000] {processor.py:829} INFO - Processing file /home/airflow/.local/lib/python3.8/site-packages/airflow/example_dags/tutorial_dag.py for tasks to queue
[2023-10-14T08:39:28.204+0000] {logging_mixin.py:151} INFO - [2023-10-14T08:39:28.204+0000] {dagbag.py:536} INFO - Filling up the DagBag from /home/airflow/.local/lib/python3.8/site-packages/airflow/example_dags/tutorial_dag.py
[2023-10-14T08:39:28.209+0000] {processor.py:839} INFO - DAG(s) dict_keys(['tutorial_dag']) retrieved from /home/airflow/.local/lib/python3.8/site-packages/airflow/example_dags/tutorial_dag.py
[2023-10-14T08:39:28.223+0000] {logging_mixin.py:151} INFO - [2023-10-14T08:39:28.222+0000] {dag.py:2941} INFO - Sync 1 DAGs
[2023-10-14T08:39:28.229+0000] {logging_mixin.py:151} INFO - [2023-10-14T08:39:28.229+0000] {dag.py:3722} INFO - Setting next_dagrun for tutorial_dag to None, run_after=None
[2023-10-14T08:39:28.240+0000] {processor.py:179} INFO - Processing /home/airflow/.local/lib/python3.8/site-packages/airflow/example_dags/tutorial_dag.py took 0.039 seconds
[2023-10-14T08:39:58.261+0000] {processor.py:157} INFO - Started process (PID=236) to work on /home/airflow/.local/lib/python3.8/site-packages/airflow/example_dags/tutorial_dag.py
[2023-10-14T08:39:58.262+0000] {processor.py:829} INFO - Processing file /home/airflow/.local/lib/python3.8/site-packages/airflow/example_dags/tutorial_dag.py for tasks to queue
[2023-10-14T08:39:58.263+0000] {logging_mixin.py:151} INFO - [2023-10-14T08:39:58.263+0000] {dagbag.py:536} INFO - Filling up the DagBag from /home/airflow/.local/lib/python3.8/site-packages/airflow/example_dags/tutorial_dag.py
[2023-10-14T08:39:58.267+0000] {processor.py:839} INFO - DAG(s) dict_keys(['tutorial_dag']) retrieved from /home/airflow/.local/lib/python3.8/site-packages/airflow/example_dags/tutorial_dag.py
[2023-10-14T08:39:58.281+0000] {logging_mixin.py:151} INFO - [2023-10-14T08:39:58.281+0000] {dag.py:2941} INFO - Sync 1 DAGs
[2023-10-14T08:39:58.288+0000] {logging_mixin.py:151} INFO - [2023-10-14T08:39:58.288+0000] {dag.py:3722} INFO - Setting next_dagrun for tutorial_dag to None, run_after=None
[2023-10-14T08:39:58.296+0000] {processor.py:179} INFO - Processing /home/airflow/.local/lib/python3.8/site-packages/airflow/example_dags/tutorial_dag.py took 0.038 seconds
[2023-10-14T08:40:28.405+0000] {processor.py:157} INFO - Started process (PID=301) to work on /home/airflow/.local/lib/python3.8/site-packages/airflow/example_dags/tutorial_dag.py
[2023-10-14T08:40:28.405+0000] {processor.py:829} INFO - Processing file /home/airflow/.local/lib/python3.8/site-packages/airflow/example_dags/tutorial_dag.py for tasks to queue
[2023-10-14T08:40:28.407+0000] {logging_mixin.py:151} INFO - [2023-10-14T08:40:28.407+0000] {dagbag.py:536} INFO - Filling up the DagBag from /home/airflow/.local/lib/python3.8/site-packages/airflow/example_dags/tutorial_dag.py
[2023-10-14T08:40:28.411+0000] {processor.py:839} INFO - DAG(s) dict_keys(['tutorial_dag']) retrieved from /home/airflow/.local/lib/python3.8/site-packages/airflow/example_dags/tutorial_dag.py
[2023-10-14T08:40:28.425+0000] {logging_mixin.py:151} INFO - [2023-10-14T08:40:28.424+0000] {dag.py:2941} INFO - Sync 1 DAGs
[2023-10-14T08:40:28.431+0000] {logging_mixin.py:151} INFO - [2023-10-14T08:40:28.431+0000] {dag.py:3722} INFO - Setting next_dagrun for tutorial_dag to None, run_after=None
[2023-10-14T08:40:28.440+0000] {processor.py:179} INFO - Processing /home/airflow/.local/lib/python3.8/site-packages/airflow/example_dags/tutorial_dag.py took 0.038 seconds
[2023-10-14T08:40:58.678+0000] {processor.py:157} INFO - Started process (PID=357) to work on /home/airflow/.local/lib/python3.8/site-packages/airflow/example_dags/tutorial_dag.py
[2023-10-14T08:40:58.678+0000] {processor.py:829} INFO - Processing file /home/airflow/.local/lib/python3.8/site-packages/airflow/example_dags/tutorial_dag.py for tasks to queue
[2023-10-14T08:40:58.680+0000] {logging_mixin.py:151} INFO - [2023-10-14T08:40:58.680+0000] {dagbag.py:536} INFO - Filling up the DagBag from /home/airflow/.local/lib/python3.8/site-packages/airflow/example_dags/tutorial_dag.py
[2023-10-14T08:40:58.683+0000] {processor.py:839} INFO - DAG(s) dict_keys(['tutorial_dag']) retrieved from /home/airflow/.local/lib/python3.8/site-packages/airflow/example_dags/tutorial_dag.py
[2023-10-14T08:40:58.697+0000] {logging_mixin.py:151} INFO - [2023-10-14T08:40:58.696+0000] {dag.py:2941} INFO - Sync 1 DAGs
[2023-10-14T08:40:58.704+0000] {logging_mixin.py:151} INFO - [2023-10-14T08:40:58.704+0000] {dag.py:3722} INFO - Setting next_dagrun for tutorial_dag to None, run_after=None
[2023-10-14T08:40:58.713+0000] {processor.py:179} INFO - Processing /home/airflow/.local/lib/python3.8/site-packages/airflow/example_dags/tutorial_dag.py took 0.038 seconds
[2023-10-14T08:41:28.856+0000] {processor.py:157} INFO - Started process (PID=413) to work on /home/airflow/.local/lib/python3.8/site-packages/airflow/example_dags/tutorial_dag.py
[2023-10-14T08:41:28.857+0000] {processor.py:829} INFO - Processing file /home/airflow/.local/lib/python3.8/site-packages/airflow/example_dags/tutorial_dag.py for tasks to queue
[2023-10-14T08:41:28.859+0000] {logging_mixin.py:151} INFO - [2023-10-14T08:41:28.858+0000] {dagbag.py:536} INFO - Filling up the DagBag from /home/airflow/.local/lib/python3.8/site-packages/airflow/example_dags/tutorial_dag.py
[2023-10-14T08:41:28.862+0000] {processor.py:839} INFO - DAG(s) dict_keys(['tutorial_dag']) retrieved from /home/airflow/.local/lib/python3.8/site-packages/airflow/example_dags/tutorial_dag.py
[2023-10-14T08:41:28.876+0000] {logging_mixin.py:151} INFO - [2023-10-14T08:41:28.875+0000] {dag.py:2941} INFO - Sync 1 DAGs
[2023-10-14T08:41:28.882+0000] {logging_mixin.py:151} INFO - [2023-10-14T08:41:28.882+0000] {dag.py:3722} INFO - Setting next_dagrun for tutorial_dag to None, run_after=None
[2023-10-14T08:41:28.892+0000] {processor.py:179} INFO - Processing /home/airflow/.local/lib/python3.8/site-packages/airflow/example_dags/tutorial_dag.py took 0.037 seconds
[2023-10-14T08:41:59.061+0000] {processor.py:157} INFO - Started process (PID=469) to work on /home/airflow/.local/lib/python3.8/site-packages/airflow/example_dags/tutorial_dag.py
[2023-10-14T08:41:59.062+0000] {processor.py:829} INFO - Processing file /home/airflow/.local/lib/python3.8/site-packages/airflow/example_dags/tutorial_dag.py for tasks to queue
[2023-10-14T08:41:59.064+0000] {logging_mixin.py:151} INFO - [2023-10-14T08:41:59.063+0000] {dagbag.py:536} INFO - Filling up the DagBag from /home/airflow/.local/lib/python3.8/site-packages/airflow/example_dags/tutorial_dag.py
[2023-10-14T08:41:59.067+0000] {processor.py:839} INFO - DAG(s) dict_keys(['tutorial_dag']) retrieved from /home/airflow/.local/lib/python3.8/site-packages/airflow/example_dags/tutorial_dag.py
[2023-10-14T08:41:59.081+0000] {logging_mixin.py:151} INFO - [2023-10-14T08:41:59.081+0000] {dag.py:2941} INFO - Sync 1 DAGs
[2023-10-14T08:41:59.088+0000] {logging_mixin.py:151} INFO - [2023-10-14T08:41:59.087+0000] {dag.py:3722} INFO - Setting next_dagrun for tutorial_dag to None, run_after=None
[2023-10-14T08:41:59.097+0000] {processor.py:179} INFO - Processing /home/airflow/.local/lib/python3.8/site-packages/airflow/example_dags/tutorial_dag.py took 0.038 seconds
[2023-10-14T08:42:29.370+0000] {processor.py:157} INFO - Started process (PID=525) to work on /home/airflow/.local/lib/python3.8/site-packages/airflow/example_dags/tutorial_dag.py
[2023-10-14T08:42:29.371+0000] {processor.py:829} INFO - Processing file /home/airflow/.local/lib/python3.8/site-packages/airflow/example_dags/tutorial_dag.py for tasks to queue
[2023-10-14T08:42:29.372+0000] {logging_mixin.py:151} INFO - [2023-10-14T08:42:29.372+0000] {dagbag.py:536} INFO - Filling up the DagBag from /home/airflow/.local/lib/python3.8/site-packages/airflow/example_dags/tutorial_dag.py
[2023-10-14T08:42:29.376+0000] {processor.py:839} INFO - DAG(s) dict_keys(['tutorial_dag']) retrieved from /home/airflow/.local/lib/python3.8/site-packages/airflow/example_dags/tutorial_dag.py
[2023-10-14T08:42:29.390+0000] {logging_mixin.py:151} INFO - [2023-10-14T08:42:29.389+0000] {dag.py:2941} INFO - Sync 1 DAGs
[2023-10-14T08:42:29.396+0000] {logging_mixin.py:151} INFO - [2023-10-14T08:42:29.396+0000] {dag.py:3722} INFO - Setting next_dagrun for tutorial_dag to None, run_after=None
[2023-10-14T08:42:29.405+0000] {processor.py:179} INFO - Processing /home/airflow/.local/lib/python3.8/site-packages/airflow/example_dags/tutorial_dag.py took 0.038 seconds
[2023-10-14T08:42:59.705+0000] {processor.py:157} INFO - Started process (PID=581) to work on /home/airflow/.local/lib/python3.8/site-packages/airflow/example_dags/tutorial_dag.py
[2023-10-14T08:42:59.705+0000] {processor.py:829} INFO - Processing file /home/airflow/.local/lib/python3.8/site-packages/airflow/example_dags/tutorial_dag.py for tasks to queue
[2023-10-14T08:42:59.707+0000] {logging_mixin.py:151} INFO - [2023-10-14T08:42:59.707+0000] {dagbag.py:536} INFO - Filling up the DagBag from /home/airflow/.local/lib/python3.8/site-packages/airflow/example_dags/tutorial_dag.py
[2023-10-14T08:42:59.711+0000] {processor.py:839} INFO - DAG(s) dict_keys(['tutorial_dag']) retrieved from /home/airflow/.local/lib/python3.8/site-packages/airflow/example_dags/tutorial_dag.py
[2023-10-14T08:42:59.725+0000] {logging_mixin.py:151} INFO - [2023-10-14T08:42:59.724+0000] {dag.py:2941} INFO - Sync 1 DAGs
[2023-10-14T08:42:59.731+0000] {logging_mixin.py:151} INFO - [2023-10-14T08:42:59.731+0000] {dag.py:3722} INFO - Setting next_dagrun for tutorial_dag to None, run_after=None
[2023-10-14T08:42:59.740+0000] {processor.py:179} INFO - Processing /home/airflow/.local/lib/python3.8/site-packages/airflow/example_dags/tutorial_dag.py took 0.037 seconds
