[2023-10-14T08:38:26.920+0000] {processor.py:157} INFO - Started process (PID=65) to work on /home/airflow/.local/lib/python3.8/site-packages/airflow/example_dags/tutorial.py
[2023-10-14T08:38:26.921+0000] {processor.py:829} INFO - Processing file /home/airflow/.local/lib/python3.8/site-packages/airflow/example_dags/tutorial.py for tasks to queue
[2023-10-14T08:38:26.922+0000] {logging_mixin.py:151} INFO - [2023-10-14T08:38:26.922+0000] {dagbag.py:536} INFO - Filling up the DagBag from /home/airflow/.local/lib/python3.8/site-packages/airflow/example_dags/tutorial.py
[2023-10-14T08:38:26.928+0000] {processor.py:839} INFO - DAG(s) dict_keys(['tutorial']) retrieved from /home/airflow/.local/lib/python3.8/site-packages/airflow/example_dags/tutorial.py
[2023-10-14T08:38:26.985+0000] {logging_mixin.py:151} INFO - [2023-10-14T08:38:26.985+0000] {manager.py:499} INFO - Created Permission View: %s
[2023-10-14T08:38:26.990+0000] {logging_mixin.py:151} INFO - [2023-10-14T08:38:26.990+0000] {manager.py:499} INFO - Created Permission View: %s
[2023-10-14T08:38:26.993+0000] {logging_mixin.py:151} INFO - [2023-10-14T08:38:26.993+0000] {manager.py:499} INFO - Created Permission View: %s
[2023-10-14T08:38:26.993+0000] {logging_mixin.py:151} INFO - [2023-10-14T08:38:26.993+0000] {dag.py:2941} INFO - Sync 1 DAGs
[2023-10-14T08:38:26.999+0000] {logging_mixin.py:151} INFO - [2023-10-14T08:38:26.998+0000] {dag.py:2963} INFO - Creating ORM DAG for tutorial
[2023-10-14T08:38:27.004+0000] {logging_mixin.py:151} INFO - [2023-10-14T08:38:27.004+0000] {dag.py:3722} INFO - Setting next_dagrun for tutorial to 2023-10-13T08:38:27.003977+00:00, run_after=2023-10-14T08:38:27.003977+00:00
[2023-10-14T08:38:27.012+0000] {processor.py:179} INFO - Processing /home/airflow/.local/lib/python3.8/site-packages/airflow/example_dags/tutorial.py took 0.095 seconds
[2023-10-14T08:38:57.695+0000] {processor.py:157} INFO - Started process (PID=123) to work on /home/airflow/.local/lib/python3.8/site-packages/airflow/example_dags/tutorial.py
[2023-10-14T08:38:57.695+0000] {processor.py:829} INFO - Processing file /home/airflow/.local/lib/python3.8/site-packages/airflow/example_dags/tutorial.py for tasks to queue
[2023-10-14T08:38:57.697+0000] {logging_mixin.py:151} INFO - [2023-10-14T08:38:57.697+0000] {dagbag.py:536} INFO - Filling up the DagBag from /home/airflow/.local/lib/python3.8/site-packages/airflow/example_dags/tutorial.py
[2023-10-14T08:38:57.701+0000] {processor.py:839} INFO - DAG(s) dict_keys(['tutorial']) retrieved from /home/airflow/.local/lib/python3.8/site-packages/airflow/example_dags/tutorial.py
[2023-10-14T08:38:57.715+0000] {logging_mixin.py:151} INFO - [2023-10-14T08:38:57.715+0000] {dag.py:2941} INFO - Sync 1 DAGs
[2023-10-14T08:38:57.726+0000] {logging_mixin.py:151} INFO - [2023-10-14T08:38:57.726+0000] {dag.py:3722} INFO - Setting next_dagrun for tutorial to 2023-10-13T08:38:57.726254+00:00, run_after=2023-10-14T08:38:57.726254+00:00
[2023-10-14T08:38:57.734+0000] {processor.py:179} INFO - Processing /home/airflow/.local/lib/python3.8/site-packages/airflow/example_dags/tutorial.py took 0.042 seconds
[2023-10-14T08:39:28.139+0000] {processor.py:157} INFO - Started process (PID=179) to work on /home/airflow/.local/lib/python3.8/site-packages/airflow/example_dags/tutorial.py
[2023-10-14T08:39:28.140+0000] {processor.py:829} INFO - Processing file /home/airflow/.local/lib/python3.8/site-packages/airflow/example_dags/tutorial.py for tasks to queue
[2023-10-14T08:39:28.142+0000] {logging_mixin.py:151} INFO - [2023-10-14T08:39:28.141+0000] {dagbag.py:536} INFO - Filling up the DagBag from /home/airflow/.local/lib/python3.8/site-packages/airflow/example_dags/tutorial.py
[2023-10-14T08:39:28.146+0000] {processor.py:839} INFO - DAG(s) dict_keys(['tutorial']) retrieved from /home/airflow/.local/lib/python3.8/site-packages/airflow/example_dags/tutorial.py
[2023-10-14T08:39:28.160+0000] {logging_mixin.py:151} INFO - [2023-10-14T08:39:28.160+0000] {dag.py:2941} INFO - Sync 1 DAGs
[2023-10-14T08:39:28.173+0000] {logging_mixin.py:151} INFO - [2023-10-14T08:39:28.173+0000] {dag.py:3722} INFO - Setting next_dagrun for tutorial to 2023-10-13T08:39:28.172961+00:00, run_after=2023-10-14T08:39:28.172961+00:00
[2023-10-14T08:39:28.182+0000] {processor.py:179} INFO - Processing /home/airflow/.local/lib/python3.8/site-packages/airflow/example_dags/tutorial.py took 0.045 seconds
[2023-10-14T08:39:58.204+0000] {processor.py:157} INFO - Started process (PID=235) to work on /home/airflow/.local/lib/python3.8/site-packages/airflow/example_dags/tutorial.py
[2023-10-14T08:39:58.205+0000] {processor.py:829} INFO - Processing file /home/airflow/.local/lib/python3.8/site-packages/airflow/example_dags/tutorial.py for tasks to queue
[2023-10-14T08:39:58.207+0000] {logging_mixin.py:151} INFO - [2023-10-14T08:39:58.207+0000] {dagbag.py:536} INFO - Filling up the DagBag from /home/airflow/.local/lib/python3.8/site-packages/airflow/example_dags/tutorial.py
[2023-10-14T08:39:58.211+0000] {processor.py:839} INFO - DAG(s) dict_keys(['tutorial']) retrieved from /home/airflow/.local/lib/python3.8/site-packages/airflow/example_dags/tutorial.py
[2023-10-14T08:39:58.223+0000] {logging_mixin.py:151} INFO - [2023-10-14T08:39:58.223+0000] {dag.py:2941} INFO - Sync 1 DAGs
[2023-10-14T08:39:58.235+0000] {logging_mixin.py:151} INFO - [2023-10-14T08:39:58.234+0000] {dag.py:3722} INFO - Setting next_dagrun for tutorial to 2023-10-13T08:39:58.234831+00:00, run_after=2023-10-14T08:39:58.234831+00:00
[2023-10-14T08:39:58.244+0000] {processor.py:179} INFO - Processing /home/airflow/.local/lib/python3.8/site-packages/airflow/example_dags/tutorial.py took 0.042 seconds
[2023-10-14T08:40:28.346+0000] {processor.py:157} INFO - Started process (PID=299) to work on /home/airflow/.local/lib/python3.8/site-packages/airflow/example_dags/tutorial.py
[2023-10-14T08:40:28.347+0000] {processor.py:829} INFO - Processing file /home/airflow/.local/lib/python3.8/site-packages/airflow/example_dags/tutorial.py for tasks to queue
[2023-10-14T08:40:28.348+0000] {logging_mixin.py:151} INFO - [2023-10-14T08:40:28.348+0000] {dagbag.py:536} INFO - Filling up the DagBag from /home/airflow/.local/lib/python3.8/site-packages/airflow/example_dags/tutorial.py
[2023-10-14T08:40:28.353+0000] {processor.py:839} INFO - DAG(s) dict_keys(['tutorial']) retrieved from /home/airflow/.local/lib/python3.8/site-packages/airflow/example_dags/tutorial.py
[2023-10-14T08:40:28.366+0000] {logging_mixin.py:151} INFO - [2023-10-14T08:40:28.366+0000] {dag.py:2941} INFO - Sync 1 DAGs
[2023-10-14T08:40:28.377+0000] {logging_mixin.py:151} INFO - [2023-10-14T08:40:28.377+0000] {dag.py:3722} INFO - Setting next_dagrun for tutorial to 2023-10-13T08:40:28.376932+00:00, run_after=2023-10-14T08:40:28.376932+00:00
[2023-10-14T08:40:28.385+0000] {processor.py:179} INFO - Processing /home/airflow/.local/lib/python3.8/site-packages/airflow/example_dags/tutorial.py took 0.042 seconds
[2023-10-14T08:40:58.621+0000] {processor.py:157} INFO - Started process (PID=355) to work on /home/airflow/.local/lib/python3.8/site-packages/airflow/example_dags/tutorial.py
[2023-10-14T08:40:58.621+0000] {processor.py:829} INFO - Processing file /home/airflow/.local/lib/python3.8/site-packages/airflow/example_dags/tutorial.py for tasks to queue
[2023-10-14T08:40:58.623+0000] {logging_mixin.py:151} INFO - [2023-10-14T08:40:58.623+0000] {dagbag.py:536} INFO - Filling up the DagBag from /home/airflow/.local/lib/python3.8/site-packages/airflow/example_dags/tutorial.py
[2023-10-14T08:40:58.627+0000] {processor.py:839} INFO - DAG(s) dict_keys(['tutorial']) retrieved from /home/airflow/.local/lib/python3.8/site-packages/airflow/example_dags/tutorial.py
[2023-10-14T08:40:58.640+0000] {logging_mixin.py:151} INFO - [2023-10-14T08:40:58.640+0000] {dag.py:2941} INFO - Sync 1 DAGs
[2023-10-14T08:40:58.651+0000] {logging_mixin.py:151} INFO - [2023-10-14T08:40:58.651+0000] {dag.py:3722} INFO - Setting next_dagrun for tutorial to 2023-10-13T08:40:58.651149+00:00, run_after=2023-10-14T08:40:58.651149+00:00
[2023-10-14T08:40:58.659+0000] {processor.py:179} INFO - Processing /home/airflow/.local/lib/python3.8/site-packages/airflow/example_dags/tutorial.py took 0.040 seconds
[2023-10-14T08:41:28.797+0000] {processor.py:157} INFO - Started process (PID=411) to work on /home/airflow/.local/lib/python3.8/site-packages/airflow/example_dags/tutorial.py
[2023-10-14T08:41:28.797+0000] {processor.py:829} INFO - Processing file /home/airflow/.local/lib/python3.8/site-packages/airflow/example_dags/tutorial.py for tasks to queue
[2023-10-14T08:41:28.799+0000] {logging_mixin.py:151} INFO - [2023-10-14T08:41:28.799+0000] {dagbag.py:536} INFO - Filling up the DagBag from /home/airflow/.local/lib/python3.8/site-packages/airflow/example_dags/tutorial.py
[2023-10-14T08:41:28.803+0000] {processor.py:839} INFO - DAG(s) dict_keys(['tutorial']) retrieved from /home/airflow/.local/lib/python3.8/site-packages/airflow/example_dags/tutorial.py
[2023-10-14T08:41:28.815+0000] {logging_mixin.py:151} INFO - [2023-10-14T08:41:28.815+0000] {dag.py:2941} INFO - Sync 1 DAGs
[2023-10-14T08:41:28.827+0000] {logging_mixin.py:151} INFO - [2023-10-14T08:41:28.827+0000] {dag.py:3722} INFO - Setting next_dagrun for tutorial to 2023-10-13T08:41:28.827114+00:00, run_after=2023-10-14T08:41:28.827114+00:00
[2023-10-14T08:41:28.836+0000] {processor.py:179} INFO - Processing /home/airflow/.local/lib/python3.8/site-packages/airflow/example_dags/tutorial.py took 0.041 seconds
[2023-10-14T08:41:59.001+0000] {processor.py:157} INFO - Started process (PID=467) to work on /home/airflow/.local/lib/python3.8/site-packages/airflow/example_dags/tutorial.py
[2023-10-14T08:41:59.002+0000] {processor.py:829} INFO - Processing file /home/airflow/.local/lib/python3.8/site-packages/airflow/example_dags/tutorial.py for tasks to queue
[2023-10-14T08:41:59.004+0000] {logging_mixin.py:151} INFO - [2023-10-14T08:41:59.003+0000] {dagbag.py:536} INFO - Filling up the DagBag from /home/airflow/.local/lib/python3.8/site-packages/airflow/example_dags/tutorial.py
[2023-10-14T08:41:59.008+0000] {processor.py:839} INFO - DAG(s) dict_keys(['tutorial']) retrieved from /home/airflow/.local/lib/python3.8/site-packages/airflow/example_dags/tutorial.py
[2023-10-14T08:41:59.021+0000] {logging_mixin.py:151} INFO - [2023-10-14T08:41:59.021+0000] {dag.py:2941} INFO - Sync 1 DAGs
[2023-10-14T08:41:59.032+0000] {logging_mixin.py:151} INFO - [2023-10-14T08:41:59.032+0000] {dag.py:3722} INFO - Setting next_dagrun for tutorial to 2023-10-13T08:41:59.032679+00:00, run_after=2023-10-14T08:41:59.032679+00:00
[2023-10-14T08:41:59.041+0000] {processor.py:179} INFO - Processing /home/airflow/.local/lib/python3.8/site-packages/airflow/example_dags/tutorial.py took 0.042 seconds
[2023-10-14T08:42:29.306+0000] {processor.py:157} INFO - Started process (PID=523) to work on /home/airflow/.local/lib/python3.8/site-packages/airflow/example_dags/tutorial.py
[2023-10-14T08:42:29.307+0000] {processor.py:829} INFO - Processing file /home/airflow/.local/lib/python3.8/site-packages/airflow/example_dags/tutorial.py for tasks to queue
[2023-10-14T08:42:29.309+0000] {logging_mixin.py:151} INFO - [2023-10-14T08:42:29.308+0000] {dagbag.py:536} INFO - Filling up the DagBag from /home/airflow/.local/lib/python3.8/site-packages/airflow/example_dags/tutorial.py
[2023-10-14T08:42:29.313+0000] {processor.py:839} INFO - DAG(s) dict_keys(['tutorial']) retrieved from /home/airflow/.local/lib/python3.8/site-packages/airflow/example_dags/tutorial.py
[2023-10-14T08:42:29.328+0000] {logging_mixin.py:151} INFO - [2023-10-14T08:42:29.327+0000] {dag.py:2941} INFO - Sync 1 DAGs
[2023-10-14T08:42:29.340+0000] {logging_mixin.py:151} INFO - [2023-10-14T08:42:29.340+0000] {dag.py:3722} INFO - Setting next_dagrun for tutorial to 2023-10-13T08:42:29.340272+00:00, run_after=2023-10-14T08:42:29.340272+00:00
[2023-10-14T08:42:29.349+0000] {processor.py:179} INFO - Processing /home/airflow/.local/lib/python3.8/site-packages/airflow/example_dags/tutorial.py took 0.045 seconds
[2023-10-14T08:42:59.645+0000] {processor.py:157} INFO - Started process (PID=579) to work on /home/airflow/.local/lib/python3.8/site-packages/airflow/example_dags/tutorial.py
[2023-10-14T08:42:59.646+0000] {processor.py:829} INFO - Processing file /home/airflow/.local/lib/python3.8/site-packages/airflow/example_dags/tutorial.py for tasks to queue
[2023-10-14T08:42:59.648+0000] {logging_mixin.py:151} INFO - [2023-10-14T08:42:59.648+0000] {dagbag.py:536} INFO - Filling up the DagBag from /home/airflow/.local/lib/python3.8/site-packages/airflow/example_dags/tutorial.py
[2023-10-14T08:42:59.652+0000] {processor.py:839} INFO - DAG(s) dict_keys(['tutorial']) retrieved from /home/airflow/.local/lib/python3.8/site-packages/airflow/example_dags/tutorial.py
[2023-10-14T08:42:59.665+0000] {logging_mixin.py:151} INFO - [2023-10-14T08:42:59.665+0000] {dag.py:2941} INFO - Sync 1 DAGs
[2023-10-14T08:42:59.676+0000] {logging_mixin.py:151} INFO - [2023-10-14T08:42:59.676+0000] {dag.py:3722} INFO - Setting next_dagrun for tutorial to 2023-10-13T08:42:59.676514+00:00, run_after=2023-10-14T08:42:59.676514+00:00
[2023-10-14T08:42:59.685+0000] {processor.py:179} INFO - Processing /home/airflow/.local/lib/python3.8/site-packages/airflow/example_dags/tutorial.py took 0.042 seconds
