[2023-10-14T11:00:02.967+0000] {taskinstance.py:1083} INFO - Dependencies all met for <TaskInstance: bigquery_data_load.gcs_to_big_query scheduled__2023-10-14T10:00:00+00:00 [queued]>
[2023-10-14T11:00:02.972+0000] {taskinstance.py:1083} INFO - Dependencies all met for <TaskInstance: bigquery_data_load.gcs_to_big_query scheduled__2023-10-14T10:00:00+00:00 [queued]>
[2023-10-14T11:00:02.973+0000] {taskinstance.py:1279} INFO - 
--------------------------------------------------------------------------------
[2023-10-14T11:00:02.973+0000] {taskinstance.py:1280} INFO - Starting attempt 1 of 1
[2023-10-14T11:00:02.973+0000] {taskinstance.py:1281} INFO - 
--------------------------------------------------------------------------------
[2023-10-14T11:00:02.979+0000] {taskinstance.py:1300} INFO - Executing <Task(GCSToBigQueryOperator): gcs_to_big_query> on 2023-10-14 10:00:00+00:00
[2023-10-14T11:00:02.984+0000] {standard_task_runner.py:55} INFO - Started process 4589 to run task
[2023-10-14T11:00:02.986+0000] {standard_task_runner.py:82} INFO - Running: ['***', 'tasks', 'run', 'bigquery_data_load', 'gcs_to_big_query', 'scheduled__2023-10-14T10:00:00+00:00', '--job-id', '9', '--raw', '--subdir', 'DAGS_FOLDER/bigquery_data_load.py', '--cfg-path', '/tmp/tmpnvmjubth']
[2023-10-14T11:00:02.987+0000] {standard_task_runner.py:83} INFO - Job 9: Subtask gcs_to_big_query
[2023-10-14T11:00:03.022+0000] {task_command.py:388} INFO - Running <TaskInstance: bigquery_data_load.gcs_to_big_query scheduled__2023-10-14T10:00:00+00:00 [running]> on host 74a08ee5719b
[2023-10-14T11:00:03.059+0000] {taskinstance.py:1509} INFO - Exporting the following env vars:
AIRFLOW_CTX_DAG_OWNER=Niko
AIRFLOW_CTX_DAG_ID=bigquery_data_load
AIRFLOW_CTX_TASK_ID=gcs_to_big_query
AIRFLOW_CTX_EXECUTION_DATE=2023-10-14T10:00:00+00:00
AIRFLOW_CTX_TRY_NUMBER=1
AIRFLOW_CTX_DAG_RUN_ID=scheduled__2023-10-14T10:00:00+00:00
[2023-10-14T11:00:03.060+0000] {base.py:73} INFO - Using connection ID 'google_cloud_default' for task execution.
[2023-10-14T11:00:03.061+0000] {gcs_to_bigquery.py:377} INFO - Using existing BigQuery table for storing data...
[2023-10-14T11:00:03.061+0000] {credentials_provider.py:323} INFO - Getting connection using `google.auth.default()` since no key file is defined for hook.
[2023-10-14T11:00:03.063+0000] {bigquery.py:2260} INFO - Project is not included in destination_project_dataset_table: vehicle_analytics.history; using project "***-tutorial-niko"
[2023-10-14T11:00:03.063+0000] {gcs_to_bigquery.py:381} INFO - Executing: {'load': {'autodetect': True, 'createDisposition': 'CREATE_IF_NEEDED', 'destinationTable': {'projectId': '***-tutorial-niko', 'datasetId': 'vehicle_analytics', 'tableId': 'history'}, 'sourceFormat': 'CSV', 'sourceUris': ['gs://n1-logistics-landing-bucket/*'], 'writeDisposition': 'WRITE_TRUNCATE', 'ignoreUnknownValues': False, 'skipLeadingRows': 1, 'fieldDelimiter': ',', 'quote': None, 'allowQuotedNewlines': False, 'encoding': 'UTF-8'}}
[2023-10-14T11:00:03.063+0000] {bigquery.py:1542} INFO - Inserting job ***_bigquery_data_load_gcs_to_big_query_2023_10_14T10_00_00_00_00_a669df72b16a1fb6762ee695ecbcd027
[2023-10-14T11:00:15.960+0000] {taskinstance.py:1323} INFO - Marking task as SUCCESS. dag_id=bigquery_data_load, task_id=gcs_to_big_query, execution_date=20231014T100000, start_date=20231014T110002, end_date=20231014T110015
[2023-10-14T11:00:16.014+0000] {local_task_job.py:208} INFO - Task exited with return code 0
[2023-10-14T11:00:16.031+0000] {taskinstance.py:2578} INFO - 0 downstream tasks scheduled from follow-on schedule check
