[2023-10-14T11:12:51.035+0000] {taskinstance.py:1083} INFO - Dependencies all met for <TaskInstance: bigquery_data_load.gcs_to_big_query manual__2023-10-14T11:12:47.891709+00:00 [queued]>
[2023-10-14T11:12:51.040+0000] {taskinstance.py:1083} INFO - Dependencies all met for <TaskInstance: bigquery_data_load.gcs_to_big_query manual__2023-10-14T11:12:47.891709+00:00 [queued]>
[2023-10-14T11:12:51.041+0000] {taskinstance.py:1279} INFO - 
--------------------------------------------------------------------------------
[2023-10-14T11:12:51.041+0000] {taskinstance.py:1280} INFO - Starting attempt 1 of 1
[2023-10-14T11:12:51.041+0000] {taskinstance.py:1281} INFO - 
--------------------------------------------------------------------------------
[2023-10-14T11:12:51.048+0000] {taskinstance.py:1300} INFO - Executing <Task(GCSToBigQueryOperator): gcs_to_big_query> on 2023-10-14 11:12:47.891709+00:00
[2023-10-14T11:12:51.052+0000] {standard_task_runner.py:55} INFO - Started process 507 to run task
[2023-10-14T11:12:51.054+0000] {standard_task_runner.py:82} INFO - Running: ['***', 'tasks', 'run', 'bigquery_data_load', 'gcs_to_big_query', 'manual__2023-10-14T11:12:47.891709+00:00', '--job-id', '14', '--raw', '--subdir', 'DAGS_FOLDER/bigquery_data_load.py', '--cfg-path', '/tmp/tmpd3ey5pe4']
[2023-10-14T11:12:51.056+0000] {standard_task_runner.py:83} INFO - Job 14: Subtask gcs_to_big_query
[2023-10-14T11:12:51.090+0000] {task_command.py:388} INFO - Running <TaskInstance: bigquery_data_load.gcs_to_big_query manual__2023-10-14T11:12:47.891709+00:00 [running]> on host 4c2fe63b7c62
[2023-10-14T11:12:51.127+0000] {taskinstance.py:1509} INFO - Exporting the following env vars:
AIRFLOW_CTX_DAG_OWNER=Niko
AIRFLOW_CTX_DAG_ID=bigquery_data_load
AIRFLOW_CTX_TASK_ID=gcs_to_big_query
AIRFLOW_CTX_EXECUTION_DATE=2023-10-14T11:12:47.891709+00:00
AIRFLOW_CTX_TRY_NUMBER=1
AIRFLOW_CTX_DAG_RUN_ID=manual__2023-10-14T11:12:47.891709+00:00
[2023-10-14T11:12:51.128+0000] {base.py:73} INFO - Using connection ID 'google_cloud_default' for task execution.
[2023-10-14T11:12:51.128+0000] {gcs_to_bigquery.py:377} INFO - Using existing BigQuery table for storing data...
[2023-10-14T11:12:51.129+0000] {credentials_provider.py:323} INFO - Getting connection using `google.auth.default()` since no key file is defined for hook.
[2023-10-14T11:12:51.130+0000] {bigquery.py:2260} INFO - Project is not included in destination_project_dataset_table: vehicle_analytics.history; using project "***-400718"
[2023-10-14T11:12:51.130+0000] {gcs_to_bigquery.py:381} INFO - Executing: {'load': {'autodetect': True, 'createDisposition': 'CREATE_IF_NEEDED', 'destinationTable': {'projectId': '***-400718', 'datasetId': 'vehicle_analytics', 'tableId': 'history'}, 'sourceFormat': 'CSV', 'sourceUris': ['gs://n1-logistics-landing-bucket/*'], 'writeDisposition': 'WRITE_TRUNCATE', 'ignoreUnknownValues': False, 'skipLeadingRows': 1, 'fieldDelimiter': ',', 'quote': None, 'allowQuotedNewlines': False, 'encoding': 'UTF-8'}}
[2023-10-14T11:12:51.131+0000] {bigquery.py:1542} INFO - Inserting job ***_bigquery_data_load_gcs_to_big_query_2023_10_14T11_12_47_891709_00_00_b743458d3edcabd0c4b65272d7288370
[2023-10-14T11:12:53.682+0000] {taskinstance.py:1323} INFO - Marking task as SUCCESS. dag_id=bigquery_data_load, task_id=gcs_to_big_query, execution_date=20231014T111247, start_date=20231014T111251, end_date=20231014T111253
[2023-10-14T11:12:53.732+0000] {local_task_job.py:208} INFO - Task exited with return code 0
[2023-10-14T11:12:53.748+0000] {taskinstance.py:2578} INFO - 0 downstream tasks scheduled from follow-on schedule check
