[2023-10-14T13:17:37.349+0000] {taskinstance.py:1083} INFO - Dependencies all met for <TaskInstance: bigquery_data_load.list_files manual__2023-10-14T13:17:35.740250+00:00 [queued]>
[2023-10-14T13:17:37.355+0000] {taskinstance.py:1083} INFO - Dependencies all met for <TaskInstance: bigquery_data_load.list_files manual__2023-10-14T13:17:35.740250+00:00 [queued]>
[2023-10-14T13:17:37.356+0000] {taskinstance.py:1279} INFO - 
--------------------------------------------------------------------------------
[2023-10-14T13:17:37.356+0000] {taskinstance.py:1280} INFO - Starting attempt 1 of 1
[2023-10-14T13:17:37.356+0000] {taskinstance.py:1281} INFO - 
--------------------------------------------------------------------------------
[2023-10-14T13:17:37.363+0000] {taskinstance.py:1300} INFO - Executing <Task(PythonOperator): list_files> on 2023-10-14 13:17:35.740250+00:00
[2023-10-14T13:17:37.367+0000] {standard_task_runner.py:55} INFO - Started process 4865 to run task
[2023-10-14T13:17:37.370+0000] {standard_task_runner.py:82} INFO - Running: ['***', 'tasks', 'run', 'bigquery_data_load', 'list_files', 'manual__2023-10-14T13:17:35.740250+00:00', '--job-id', '53', '--raw', '--subdir', 'DAGS_FOLDER/bigquery_data_load.py', '--cfg-path', '/tmp/tmpoqe4a27l']
[2023-10-14T13:17:37.372+0000] {standard_task_runner.py:83} INFO - Job 53: Subtask list_files
[2023-10-14T13:17:37.411+0000] {task_command.py:388} INFO - Running <TaskInstance: bigquery_data_load.list_files manual__2023-10-14T13:17:35.740250+00:00 [running]> on host 4c2fe63b7c62
[2023-10-14T13:17:37.449+0000] {taskinstance.py:1509} INFO - Exporting the following env vars:
AIRFLOW_CTX_DAG_OWNER=Niko
AIRFLOW_CTX_DAG_ID=bigquery_data_load
AIRFLOW_CTX_TASK_ID=list_files
AIRFLOW_CTX_EXECUTION_DATE=2023-10-14T13:17:35.740250+00:00
AIRFLOW_CTX_TRY_NUMBER=1
AIRFLOW_CTX_DAG_RUN_ID=manual__2023-10-14T13:17:35.740250+00:00
[2023-10-14T13:17:37.451+0000] {base.py:73} INFO - Using connection ID 'google_cloud_default' for task execution.
[2023-10-14T13:17:37.451+0000] {credentials_provider.py:323} INFO - Getting connection using `google.auth.default()` since no key file is defined for hook.
[2023-10-14T13:17:37.723+0000] {python.py:177} INFO - Done. Returned value was: []
[2023-10-14T13:17:37.738+0000] {taskinstance.py:1323} INFO - Marking task as SUCCESS. dag_id=bigquery_data_load, task_id=list_files, execution_date=20231014T131735, start_date=20231014T131737, end_date=20231014T131737
[2023-10-14T13:17:37.789+0000] {local_task_job.py:208} INFO - Task exited with return code 0
[2023-10-14T13:17:37.808+0000] {taskinstance.py:2578} INFO - 1 downstream tasks scheduled from follow-on schedule check
