[2023-10-02T19:55:49.925+0000] {taskinstance.py:1083} INFO - Dependencies all met for <TaskInstance: bigquery_data_load.create_airflow_dataset manual__2023-10-02T19:55:48.415823+00:00 [queued]>
[2023-10-02T19:55:49.932+0000] {taskinstance.py:1083} INFO - Dependencies all met for <TaskInstance: bigquery_data_load.create_airflow_dataset manual__2023-10-02T19:55:48.415823+00:00 [queued]>
[2023-10-02T19:55:49.932+0000] {taskinstance.py:1279} INFO - 
--------------------------------------------------------------------------------
[2023-10-02T19:55:49.933+0000] {taskinstance.py:1280} INFO - Starting attempt 1 of 1
[2023-10-02T19:55:49.934+0000] {taskinstance.py:1281} INFO - 
--------------------------------------------------------------------------------
[2023-10-02T19:55:49.945+0000] {taskinstance.py:1300} INFO - Executing <Task(BigQueryCreateEmptyDatasetOperator): create_airflow_dataset> on 2023-10-02 19:55:48.415823+00:00
[2023-10-02T19:55:49.951+0000] {standard_task_runner.py:55} INFO - Started process 210 to run task
[2023-10-02T19:55:49.954+0000] {standard_task_runner.py:82} INFO - Running: ['***', 'tasks', 'run', 'bigquery_data_load', 'create_***_dataset', 'manual__2023-10-02T19:55:48.415823+00:00', '--job-id', '3', '--raw', '--subdir', 'DAGS_FOLDER/bigquery_data_load.py', '--cfg-path', '/tmp/tmp5sdk41lp']
[2023-10-02T19:55:49.956+0000] {standard_task_runner.py:83} INFO - Job 3: Subtask create_***_dataset
[2023-10-02T19:55:50.004+0000] {task_command.py:388} INFO - Running <TaskInstance: bigquery_data_load.create_airflow_dataset manual__2023-10-02T19:55:48.415823+00:00 [running]> on host 7db7086715ee
[2023-10-02T19:55:50.051+0000] {taskinstance.py:1509} INFO - Exporting the following env vars:
AIRFLOW_CTX_DAG_OWNER=Niko
AIRFLOW_CTX_DAG_ID=bigquery_data_load
AIRFLOW_CTX_TASK_ID=create_***_dataset
AIRFLOW_CTX_EXECUTION_DATE=2023-10-02T19:55:48.415823+00:00
AIRFLOW_CTX_TRY_NUMBER=1
AIRFLOW_CTX_DAG_RUN_ID=manual__2023-10-02T19:55:48.415823+00:00
[2023-10-02T19:55:50.052+0000] {base.py:73} INFO - Using connection ID 'google_cloud_default' for task execution.
[2023-10-02T19:55:50.052+0000] {credentials_provider.py:323} INFO - Getting connection using `google.auth.default()` since no key file is defined for hook.
[2023-10-02T19:55:50.059+0000] {bigquery.py:451} INFO - datasetId was not specified in `dataset_reference`. Will use default value vehicles.
[2023-10-02T19:55:50.060+0000] {bigquery.py:451} INFO - projectId was not specified in `dataset_reference`. Will use default value ***-tutorial-niko.
[2023-10-02T19:55:50.060+0000] {bigquery.py:461} INFO - Creating dataset: vehicles in project: ***-tutorial-niko 
[2023-10-02T19:55:50.629+0000] {bigquery.py:1836} INFO - Dataset vehicles already exists.
[2023-10-02T19:55:50.649+0000] {taskinstance.py:1323} INFO - Marking task as SUCCESS. dag_id=bigquery_data_load, task_id=create_***_dataset, execution_date=20231002T195548, start_date=20231002T195549, end_date=20231002T195550
[2023-10-02T19:55:50.695+0000] {local_task_job.py:208} INFO - Task exited with return code 0
[2023-10-02T19:55:50.709+0000] {taskinstance.py:2578} INFO - 1 downstream tasks scheduled from follow-on schedule check
