[2023-10-02T18:25:45.734+0000] {taskinstance.py:1083} INFO - Dependencies all met for <TaskInstance: create_simple_table.create_dataset manual__2023-10-02T18:25:44.110214+00:00 [queued]>
[2023-10-02T18:25:45.740+0000] {taskinstance.py:1083} INFO - Dependencies all met for <TaskInstance: create_simple_table.create_dataset manual__2023-10-02T18:25:44.110214+00:00 [queued]>
[2023-10-02T18:25:45.741+0000] {taskinstance.py:1279} INFO - 
--------------------------------------------------------------------------------
[2023-10-02T18:25:45.741+0000] {taskinstance.py:1280} INFO - Starting attempt 1 of 1
[2023-10-02T18:25:45.741+0000] {taskinstance.py:1281} INFO - 
--------------------------------------------------------------------------------
[2023-10-02T18:25:45.749+0000] {taskinstance.py:1300} INFO - Executing <Task(BigQueryCreateEmptyDatasetOperator): create_dataset> on 2023-10-02 18:25:44.110214+00:00
[2023-10-02T18:25:45.754+0000] {standard_task_runner.py:55} INFO - Started process 203 to run task
[2023-10-02T18:25:45.757+0000] {standard_task_runner.py:82} INFO - Running: ['***', 'tasks', 'run', 'create_simple_table', 'create_dataset', 'manual__2023-10-02T18:25:44.110214+00:00', '--job-id', '2', '--raw', '--subdir', 'DAGS_FOLDER/create_bq_table.py', '--cfg-path', '/tmp/tmp56sc2job']
[2023-10-02T18:25:45.759+0000] {standard_task_runner.py:83} INFO - Job 2: Subtask create_dataset
[2023-10-02T18:25:45.810+0000] {task_command.py:388} INFO - Running <TaskInstance: create_simple_table.create_dataset manual__2023-10-02T18:25:44.110214+00:00 [running]> on host b162f8c06f9d
[2023-10-02T18:25:45.863+0000] {taskinstance.py:1509} INFO - Exporting the following env vars:
AIRFLOW_CTX_DAG_EMAIL=
AIRFLOW_CTX_DAG_OWNER=Airflow
AIRFLOW_CTX_DAG_ID=create_simple_table
AIRFLOW_CTX_TASK_ID=create_dataset
AIRFLOW_CTX_EXECUTION_DATE=2023-10-02T18:25:44.110214+00:00
AIRFLOW_CTX_TRY_NUMBER=1
AIRFLOW_CTX_DAG_RUN_ID=manual__2023-10-02T18:25:44.110214+00:00
[2023-10-02T18:25:45.865+0000] {base.py:73} INFO - Using connection ID 'google_cloud_default' for task execution.
[2023-10-02T18:25:45.865+0000] {credentials_provider.py:323} INFO - Getting connection using `google.auth.default()` since no key file is defined for hook.
[2023-10-02T18:25:45.870+0000] {bigquery.py:451} INFO - datasetId was not specified in `dataset_reference`. Will use default value test_dataset.
[2023-10-02T18:25:45.870+0000] {bigquery.py:451} INFO - projectId was not specified in `dataset_reference`. Will use default value ***-tutorial-niko.
[2023-10-02T18:25:45.870+0000] {bigquery.py:461} INFO - Creating dataset: test_dataset in project: ***-tutorial-niko 
[2023-10-02T18:25:47.313+0000] {bigquery.py:465} INFO - Dataset created successfully.
[2023-10-02T18:25:47.340+0000] {taskinstance.py:1323} INFO - Marking task as SUCCESS. dag_id=create_simple_table, task_id=create_dataset, execution_date=20231002T182544, start_date=20231002T182545, end_date=20231002T182547
[2023-10-02T18:25:47.376+0000] {local_task_job.py:208} INFO - Task exited with return code 0
[2023-10-02T18:25:47.390+0000] {taskinstance.py:2578} INFO - 1 downstream tasks scheduled from follow-on schedule check
