[2023-10-13T14:06:20.234+0000] {taskinstance.py:1083} INFO - Dependencies all met for <TaskInstance: bigquery_data_load.create_airflow_dataset manual__2023-10-13T14:06:18.621004+00:00 [queued]>
[2023-10-13T14:06:20.240+0000] {taskinstance.py:1083} INFO - Dependencies all met for <TaskInstance: bigquery_data_load.create_airflow_dataset manual__2023-10-13T14:06:18.621004+00:00 [queued]>
[2023-10-13T14:06:20.241+0000] {taskinstance.py:1279} INFO - 
--------------------------------------------------------------------------------
[2023-10-13T14:06:20.241+0000] {taskinstance.py:1280} INFO - Starting attempt 1 of 1
[2023-10-13T14:06:20.241+0000] {taskinstance.py:1281} INFO - 
--------------------------------------------------------------------------------
[2023-10-13T14:06:20.249+0000] {taskinstance.py:1300} INFO - Executing <Task(BigQueryCreateEmptyDatasetOperator): create_airflow_dataset> on 2023-10-13 14:06:18.621004+00:00
[2023-10-13T14:06:20.254+0000] {standard_task_runner.py:55} INFO - Started process 414 to run task
[2023-10-13T14:06:20.256+0000] {standard_task_runner.py:82} INFO - Running: ['***', 'tasks', 'run', 'bigquery_data_load', 'create_***_dataset', 'manual__2023-10-13T14:06:18.621004+00:00', '--job-id', '2', '--raw', '--subdir', 'DAGS_FOLDER/bigquery_data_load.py', '--cfg-path', '/tmp/tmpp39t6sq6']
[2023-10-13T14:06:20.258+0000] {standard_task_runner.py:83} INFO - Job 2: Subtask create_***_dataset
[2023-10-13T14:06:20.302+0000] {task_command.py:388} INFO - Running <TaskInstance: bigquery_data_load.create_airflow_dataset manual__2023-10-13T14:06:18.621004+00:00 [running]> on host 9c3cf5b7a5af
[2023-10-13T14:06:20.348+0000] {taskinstance.py:1509} INFO - Exporting the following env vars:
AIRFLOW_CTX_DAG_OWNER=Niko
AIRFLOW_CTX_DAG_ID=bigquery_data_load
AIRFLOW_CTX_TASK_ID=create_***_dataset
AIRFLOW_CTX_EXECUTION_DATE=2023-10-13T14:06:18.621004+00:00
AIRFLOW_CTX_TRY_NUMBER=1
AIRFLOW_CTX_DAG_RUN_ID=manual__2023-10-13T14:06:18.621004+00:00
[2023-10-13T14:06:20.349+0000] {base.py:73} INFO - Using connection ID 'google_cloud_default' for task execution.
[2023-10-13T14:06:20.350+0000] {credentials_provider.py:323} INFO - Getting connection using `google.auth.default()` since no key file is defined for hook.
[2023-10-13T14:06:20.356+0000] {bigquery.py:451} INFO - datasetId was not specified in `dataset_reference`. Will use default value vehicles.
[2023-10-13T14:06:20.356+0000] {bigquery.py:451} INFO - projectId was not specified in `dataset_reference`. Will use default value ***-tutorial-niko.
[2023-10-13T14:06:20.356+0000] {bigquery.py:461} INFO - Creating dataset: vehicles in project: ***-tutorial-niko 
[2023-10-13T14:06:21.020+0000] {bigquery.py:1836} INFO - Dataset vehicles already exists.
[2023-10-13T14:06:21.042+0000] {taskinstance.py:1323} INFO - Marking task as SUCCESS. dag_id=bigquery_data_load, task_id=create_***_dataset, execution_date=20231013T140618, start_date=20231013T140620, end_date=20231013T140621
[2023-10-13T14:06:21.072+0000] {local_task_job.py:208} INFO - Task exited with return code 0
[2023-10-13T14:06:21.093+0000] {taskinstance.py:2578} INFO - 1 downstream tasks scheduled from follow-on schedule check
