[2023-10-14T11:36:16.664+0000] {taskinstance.py:1083} INFO - Dependencies all met for <TaskInstance: bigquery_data_load.create_table manual__2023-10-14T11:36:08.429972+00:00 [queued]>
[2023-10-14T11:36:16.669+0000] {taskinstance.py:1083} INFO - Dependencies all met for <TaskInstance: bigquery_data_load.create_table manual__2023-10-14T11:36:08.429972+00:00 [queued]>
[2023-10-14T11:36:16.669+0000] {taskinstance.py:1279} INFO - 
--------------------------------------------------------------------------------
[2023-10-14T11:36:16.669+0000] {taskinstance.py:1280} INFO - Starting attempt 1 of 1
[2023-10-14T11:36:16.670+0000] {taskinstance.py:1281} INFO - 
--------------------------------------------------------------------------------
[2023-10-14T11:36:16.676+0000] {taskinstance.py:1300} INFO - Executing <Task(BigQueryExecuteQueryOperator): create_table> on 2023-10-14 11:36:08.429972+00:00
[2023-10-14T11:36:16.680+0000] {standard_task_runner.py:55} INFO - Started process 1327 to run task
[2023-10-14T11:36:16.682+0000] {standard_task_runner.py:82} INFO - Running: ['***', 'tasks', 'run', 'bigquery_data_load', 'create_table', 'manual__2023-10-14T11:36:08.429972+00:00', '--job-id', '23', '--raw', '--subdir', 'DAGS_FOLDER/bigquery_data_load.py', '--cfg-path', '/tmp/tmp9gr3a0zu']
[2023-10-14T11:36:16.684+0000] {standard_task_runner.py:83} INFO - Job 23: Subtask create_table
[2023-10-14T11:36:16.717+0000] {task_command.py:388} INFO - Running <TaskInstance: bigquery_data_load.create_table manual__2023-10-14T11:36:08.429972+00:00 [running]> on host 4c2fe63b7c62
[2023-10-14T11:36:16.752+0000] {taskinstance.py:1509} INFO - Exporting the following env vars:
AIRFLOW_CTX_DAG_OWNER=Niko
AIRFLOW_CTX_DAG_ID=bigquery_data_load
AIRFLOW_CTX_TASK_ID=create_table
AIRFLOW_CTX_EXECUTION_DATE=2023-10-14T11:36:08.429972+00:00
AIRFLOW_CTX_TRY_NUMBER=1
AIRFLOW_CTX_DAG_RUN_ID=manual__2023-10-14T11:36:08.429972+00:00
[2023-10-14T11:36:16.753+0000] {bigquery.py:1077} INFO - Executing: '
        SELECT * except (rank)
        FROM (
            SELECT
                *,
                ROW_NUMBER() OVER (
                    PARTITION BY vehicle_id ORDER BY DATE_TIME(date, TIME(hour, minute, 0)) DESC
                ) as rank
            FROM `***-400718.vehicle_analytics.history`) as latest
        WHERE rank = 1;
        
[2023-10-14T11:36:16.754+0000] {base.py:73} INFO - Using connection ID 'google_cloud_default' for task execution.
[2023-10-14T11:36:16.755+0000] {logging_mixin.py:137} WARNING - /home/***/.local/lib/python3.7/site-packages/***/providers/google/cloud/hooks/bigquery.py:2051 DeprecationWarning: This method is deprecated. Please use `BigQueryHook.insert_job` method.
[2023-10-14T11:36:16.755+0000] {credentials_provider.py:323} INFO - Getting connection using `google.auth.default()` since no key file is defined for hook.
[2023-10-14T11:36:16.757+0000] {bigquery.py:1542} INFO - Inserting job ***_1697283376757297_f78a43013bfcf27d2418a6cd943a4f1f
[2023-10-14T11:36:17.343+0000] {taskinstance.py:1768} ERROR - Task failed with exception
Traceback (most recent call last):
  File "/home/airflow/.local/lib/python3.7/site-packages/airflow/providers/google/cloud/operators/bigquery.py", line 1103, in execute
    encryption_configuration=self.encryption_configuration,
  File "/home/airflow/.local/lib/python3.7/site-packages/airflow/providers/google/cloud/hooks/bigquery.py", line 2185, in run_query
    job = self.insert_job(configuration=configuration, project_id=self.project_id)
  File "/home/airflow/.local/lib/python3.7/site-packages/airflow/providers/google/common/hooks/base_google.py", line 462, in inner_wrapper
    return func(self, *args, **kwargs)
  File "/home/airflow/.local/lib/python3.7/site-packages/airflow/providers/google/cloud/hooks/bigquery.py", line 1548, in insert_job
    job.result(timeout=timeout, retry=retry)
  File "/home/airflow/.local/lib/python3.7/site-packages/google/cloud/bigquery/job/query.py", line 1499, in result
    do_get_result()
  File "/home/airflow/.local/lib/python3.7/site-packages/google/cloud/bigquery/job/query.py", line 1489, in do_get_result
    super(QueryJob, self).result(retry=retry, timeout=timeout)
  File "/home/airflow/.local/lib/python3.7/site-packages/google/cloud/bigquery/job/base.py", line 728, in result
    return super(_AsyncJob, self).result(timeout=timeout, **kwargs)
  File "/home/airflow/.local/lib/python3.7/site-packages/google/api_core/future/polling.py", line 137, in result
    raise self._exception
google.api_core.exceptions.BadRequest: 400 Syntax error: Unclosed string literal at [1:1]

Location: europe-central2
Job ID: airflow_1697283376757297_f78a43013bfcf27d2418a6cd943a4f1f

[2023-10-14T11:36:17.357+0000] {taskinstance.py:1323} INFO - Marking task as FAILED. dag_id=bigquery_data_load, task_id=create_table, execution_date=20231014T113608, start_date=20231014T113616, end_date=20231014T113617
[2023-10-14T11:36:17.368+0000] {standard_task_runner.py:105} ERROR - Failed to execute job 23 for task create_table (400 Syntax error: Unclosed string literal at [1:1]

Location: europe-central2
Job ID: airflow_1697283376757297_f78a43013bfcf27d2418a6cd943a4f1f
; 1327)
[2023-10-14T11:36:17.385+0000] {local_task_job.py:208} INFO - Task exited with return code 1
[2023-10-14T11:36:17.398+0000] {taskinstance.py:2578} INFO - 0 downstream tasks scheduled from follow-on schedule check
